  1        1   (0)      1 :  0.0000 0.0000 0.0102 0.1585 0.0000 0.0000 0.0000 0.0917 0.0000 0.0000 0.0134 0.0000 0.7262 
  2        2   (0)      1 :  0.0000 0.0000 0.1753 0.2195 0.0000 0.0000 0.0046 0.1520 0.0000 0.0000 0.0207 0.0000 0.4277 
  3        3   (0)      1 :  0.0000 0.0000 0.0660 0.3006 0.0000 0.0000 0.0213 0.0958 0.0000 0.0000 0.0305 0.0000 0.4859 
  4        4   (0)      1 :  0.0000 0.0000 0.0876 0.3102 0.0000 0.0000 0.0000 0.1771 0.0000 0.0000 0.0278 0.0000 0.3972 
  5        5   (0)      1 :  0.0000 0.0000 0.0340 0.3303 0.0000 0.0000 0.0333 0.1560 0.0000 0.0000 0.0333 0.0000 0.4130 
  6        6   (0)      1 :  0.0000 0.0000 0.0432 0.3673 0.0000 0.0000 0.0000 0.2614 0.0000 0.0000 0.0333 0.0000 0.2948 
  7        7   (0)      1 :  0.0000 0.0000 0.0004 0.0000 0.0000 0.0000 0.0000 0.0000 0.0000 0.0000 0.0000 0.0000 0.9995 
  8        8   (0)      1 :  0.0000 0.0000 0.0445 0.3907 0.0000 0.0000 0.0086 0.1538 0.0000 0.0000 0.0333 0.0000 0.3689 
  9        9   (0)      1 :  0.0000 0.0000 0.1215 0.0000 0.0000 0.0000 0.0000 0.8717 0.0000 0.0000 0.0000 0.0000 0.0067 
 10       10   (0)      1 :  0.0000 0.0000 0.6333 0.0000 0.0000 0.0000 0.0000 0.1000 0.0000 0.0000 0.0000 0.0000 0.2666 
 11       11   (0)      1 :  0.0000 0.0000 0.0025 0.3601 0.0000 0.0000 0.0000 0.1583 0.0000 0.0000 0.0262 0.0000 0.4528 
 12       12   (0)      1 :  0.0000 0.0000 0.6414 0.0264 0.0000 0.0000 0.0097 0.0823 0.0000 0.0000 0.0000 0.0000 0.2402 
 13       13   (0)      1 :  0.0000 0.0000 0.0221 0.1492 0.0000 0.0000 0.0000 0.7630 0.0000 0.0000 0.0143 0.0000 0.0513 
 14       14   (0)      1 :  0.0000 0.0000 0.6333 0.0000 0.0000 0.0000 0.0000 0.1000 0.0000 0.0000 0.0000 0.0000 0.2666 
 15       15   (0)      1 :  0.0000 0.0000 0.0523 0.2652 0.0000 0.0000 0.0000 0.4015 0.0000 0.0000 0.0206 0.0000 0.2604 
 16       16   (0)      1 :  0.0000 0.0000 0.0103 0.0002 0.0000 0.0000 0.0000 0.0000 0.0000 0.0000 0.0000 0.0000 0.9894 
 17       17   (0)      1 :  0.0000 0.0000 0.0362 0.3333 0.0000 0.0000 0.0333 0.1026 0.0000 0.0000 0.0333 0.0000 0.4611 
 18       18   (0)      1 :  0.0000 0.0000 0.0024 0.0056 0.0000 0.0000 0.0009 0.9904 0.0000 0.0000 0.0000 0.0000 0.0006 
 19       19   (0)      1 :  0.0000 0.0000 0.0511 0.3311 0.0000 0.0000 0.0333 0.1673 0.0000 0.0000 0.0333 0.0000 0.3837 
 20       20   (0)      1 :  0.0000 0.0000 0.0539 0.0000 0.0000 0.0000 0.0079 0.1673 0.0000 0.0000 0.0000 0.0000 0.7709 
 21       21   (0)      1 :  0.0000 0.0000 0.0056 0.0167 0.0000 0.0000 0.0065 0.0849 0.0000 0.0000 0.0000 0.0000 0.8863 
 22       22   (0)      1 :  0.0000 0.0000 0.0480 0.0000 0.0000 0.0000 0.0084 0.0000 0.0000 0.0000 0.0000 0.0000 0.9435 
 23       23   (0)      1 :  0.0000 0.0000 0.1060 0.0000 0.0000 0.0000 0.0000 0.0048 0.0000 0.0000 0.0000 0.0000 0.8891 
 24       24   (0)      1 :  0.0000 0.0000 0.0000 0.0000 0.0000 0.0000 0.0000 0.9999 0.0000 0.0000 0.0000 0.0000 0.0000 
 25       25   (0)      1 :  0.0000 0.0000 0.0166 0.0543 0.0000 0.0000 0.0003 0.1442 0.0000 0.0000 0.0041 0.0000 0.7804 
 26       26   (0)      1 :  0.0000 0.0000 0.0000 0.0000 0.0000 0.0000 0.0000 0.0721 0.0000 0.0000 0.0000 0.0000 0.9278 
 27       27   (0)      1 :  0.0000 0.0000 0.1966 0.3631 0.0000 0.0000 0.0000 0.2178 0.0000 0.0000 0.0305 0.0000 0.1919 
 28       28   (0)      1 :  0.0000 0.0000 0.0869 0.3196 0.0000 0.0000 0.0333 0.0307 0.0000 0.0000 0.0307 0.0000 0.4988 
 29       29   (0)      1 :  0.0000 0.0000 0.0086 0.3089 0.0000 0.0000 0.0000 0.2543 0.0000 0.0000 0.0226 0.0000 0.4056 
 30       30   (0)      1 :  0.0000 0.0000 0.0351 0.0000 0.0000 0.0000 0.0072 0.0228 0.0000 0.0000 0.0000 0.0000 0.9347 
 31       31   (0)      1 :  0.0000 0.0000 0.0125 0.3812 0.0000 0.0000 0.0000 0.2328 0.0000 0.0000 0.0319 0.0000 0.3415 
 32       32   (0)      1 :  0.0000 0.0000 0.0000 0.0000 0.0000 0.0000 0.0000 0.0000 0.0000 0.0000 0.0000 0.0000 0.9999 
 33       33   (0)      1 :  0.0000 0.0000 0.0776 0.0194 0.0000 0.0000 0.0000 0.0428 0.0000 0.0000 0.0000 0.0000 0.8601 
 34       34   (0)      1 :  0.0000 0.0000 0.0864 0.3068 0.0000 0.0000 0.0333 0.1304 0.0000 0.0000 0.0306 0.0000 0.4124 
 35       35   (0)      1 :  0.0000 0.0000 0.0000 0.0000 0.0000 0.0000 0.0000 0.9999 0.0000 0.0000 0.0000 0.0000 0.0000 
 36       36   (0)      1 :  0.0011 0.3288 0.0333 0.0143 0.0000 0.0000 0.0274 0.0000 0.5949 0.0000 0.0000 0.0000 0.0000 
 37       37   (0)      1 :  0.0000 0.0008 0.0000 0.0554 0.0000 0.0000 0.0172 0.0000 0.9265 0.0000 0.0000 0.0000 0.0000 
 38       38   (0)      1 :  0.0353 0.0000 0.0000 0.0667 0.0000 0.0000 0.0165 0.0000 0.8814 0.0000 0.0000 0.0000 0.0000 
 39       39   (0)      1 :  0.0031 0.8408 0.0000 0.0318 0.0000 0.0000 0.0276 0.0000 0.0966 0.0000 0.0000 0.0000 0.0000 
 40       40   (0)      1 :  0.0970 0.5037 0.0000 0.0208 0.0000 0.0000 0.0930 0.0000 0.2834 0.0000 0.0021 0.0000 0.0000 
 41       41   (0)      1 :  0.2300 0.0470 0.0000 0.0051 0.0000 0.0000 0.4219 0.0000 0.2811 0.0000 0.0148 0.0000 0.0000 
 42       42   (0)      1 :  0.0256 0.5603 0.0010 0.1000 0.0000 0.0000 0.1567 0.0000 0.1563 0.0000 0.0000 0.0000 0.0000 
 43       43   (0)      1 :  0.0040 0.5754 0.0021 0.0424 0.0000 0.0000 0.3538 0.0000 0.0223 0.0000 0.0000 0.0000 0.0000 
 44       44   (0)      1 :  0.4519 0.2356 0.0000 0.0167 0.0000 0.0000 0.2911 0.0000 0.0046 0.0000 0.0000 0.0000 0.0000 
 45       45   (0)      1 :  0.0790 0.6462 0.0013 0.0692 0.0000 0.0000 0.1274 0.0000 0.0737 0.0000 0.0031 0.0000 0.0000 
 46       46   (0)      1 :  0.9268 0.0000 0.0000 0.0000 0.0000 0.0000 0.0432 0.0000 0.0300 0.0000 0.0000 0.0000 0.0000 
 47       47   (0)      1 :  0.0030 0.0000 0.0127 0.0285 0.0000 0.0000 0.0242 0.0000 0.9314 0.0000 0.0000 0.0000 0.0000 
 48       48   (0)      1 :  0.4606 0.0000 0.0000 0.0000 0.0000 0.0000 0.3666 0.0000 0.1727 0.0000 0.0000 0.0000 0.0000 
 49       49   (0)      1 :  0.7172 0.1924 0.0000 0.0000 0.0000 0.0000 0.0830 0.0000 0.0074 0.0000 0.0000 0.0000 0.0000 
 50       50   (0)      1 :  0.5339 0.0000 0.0000 0.0317 0.0000 0.0000 0.0837 0.0000 0.3325 0.0000 0.0182 0.0000 0.0000 
 51       51   (0)      1 :  0.5452 0.1232 0.0000 0.0337 0.0000 0.0000 0.1745 0.0000 0.0900 0.0000 0.0333 0.0000 0.0000 
 52       52   (0)      1 :  0.2951 0.0000 0.0000 0.0330 0.0000 0.0000 0.0667 0.0000 0.6051 0.0000 0.0000 0.0000 0.0000 
 53       53   (0)      1 :  0.0006 0.9361 0.0000 0.0481 0.0000 0.0000 0.0151 0.0000 0.0000 0.0000 0.0000 0.0000 0.0000 
 54       54   (0)      1 :  0.0162 0.6968 0.0000 0.1303 0.0000 0.0000 0.1413 0.0000 0.0153 0.0000 0.0000 0.0000 0.0000 
 55       55   (0)      1 :  0.5686 0.1769 0.0000 0.0333 0.0000 0.0000 0.1877 0.0000 0.0000 0.0000 0.0333 0.0000 0.0000 
 56       56   (0)      1 :  0.0000 0.0004 0.0333 0.0000 0.0000 0.0000 0.0000 0.0000 0.9662 0.0000 0.0000 0.0000 0.0000 
 57       57   (0)      1 :  0.0117 0.7667 0.0000 0.1333 0.0000 0.0000 0.0882 0.0000 0.0000 0.0000 0.0000 0.0000 0.0000 
 58       58   (0)      1 :  0.2203 0.4272 0.0000 0.0528 0.0000 0.0000 0.2797 0.0000 0.0151 0.0000 0.0049 0.0000 0.0000 
 59       59   (0)      1 :  0.4126 0.3730 0.0000 0.0000 0.0000 0.0000 0.1764 0.0000 0.0046 0.0000 0.0333 0.0000 0.0000 
 60       60   (0)      1 :  0.0292 0.7588 0.0024 0.0103 0.0000 0.0000 0.1915 0.0000 0.0022 0.0000 0.0056 0.0000 0.0000 
 61       61   (0)      1 :  0.0690 0.7261 0.0000 0.0000 0.0000 0.0000 0.1912 0.0000 0.0000 0.0000 0.0136 0.0000 0.0000 
 62       62   (0)      1 :  0.0000 0.0000 0.0333 0.0004 0.0000 0.0000 0.0000 0.0000 0.9661 0.0000 0.0000 0.0000 0.0000 
 63       63   (0)      1 :  0.6786 0.0805 0.0059 0.0000 0.0000 0.0000 0.1526 0.0000 0.0490 0.0000 0.0333 0.0000 0.0000 
 64       64   (0)      1 :  0.0008 0.9515 0.0000 0.0171 0.0000 0.0000 0.0047 0.0000 0.0258 0.0000 0.0000 0.0000 0.0000 
 65       65   (0)      1 :  0.0333 0.4712 0.0040 0.1351 0.0000 0.0000 0.1000 0.0000 0.2564 0.0000 0.0000 0.0000 0.0000 
 66       66   (0)      1 :  0.0417 0.8475 0.0000 0.0108 0.0000 0.0000 0.1000 0.0000 0.0000 0.0000 0.0000 0.0000 0.0000 
 67       67   (0)      1 :  0.0957 0.6531 0.0031 0.0042 0.0000 0.0000 0.1834 0.0000 0.0453 0.0000 0.0151 0.0000 0.0000 
 68       68   (0)      1 :  0.4776 0.0000 0.0000 0.0000 0.0000 0.0000 0.3867 0.0000 0.1356 0.0000 0.0000 0.0000 0.0000 
 69       69   (0)      1 :  0.0209 0.2371 0.0000 0.0882 0.0000 0.0000 0.3797 0.0000 0.2564 0.0000 0.0176 0.0000 0.0000 
 70       70   (0)      1 :  0.8460 0.0244 0.0000 0.0000 0.0000 0.0000 0.0868 0.0000 0.0427 0.0000 0.0000 0.0000 0.0000 
 71       71   (0)      1 :  0.4021 0.1334 0.0000 0.0000 0.0000 0.0000 0.3608 0.0000 0.1035 0.0000 0.0000 0.0000 0.0000 
 72       72   (0)      1 :  0.0309 0.9149 0.0000 0.0000 0.0000 0.0000 0.0540 0.0000 0.0000 0.0000 0.0000 0.0000 0.0000 
 73       73   (0)      1 :  0.0120 0.8280 0.0000 0.0069 0.0000 0.0000 0.1300 0.0000 0.0079 0.0000 0.0151 0.0000 0.0000 
 74       74   (0)      1 :  0.0530 0.4075 0.0000 0.0633 0.0000 0.0000 0.3798 0.0000 0.0869 0.0000 0.0094 0.0000 0.0000 
 75       75   (0)      1 :  0.0271 0.3473 0.0000 0.0906 0.0000 0.0000 0.3924 0.0000 0.1426 0.0000 0.0000 0.0000 0.0000 
 76       76   (0)      1 :  0.4591 0.0000 0.0000 0.0000 0.0000 0.0000 0.3666 0.0000 0.1742 0.0000 0.0000 0.0000 0.0000 
 77       77   (0)      1 :  0.2641 0.0000 0.0000 0.0667 0.0000 0.0000 0.0110 0.0000 0.6581 0.0000 0.0000 0.0000 0.0000 
 78       78   (0)      1 :  0.0000 0.0000 0.0769 0.0333 0.0000 0.0000 0.0000 0.0000 0.0000 0.6400 0.2498 0.0000 0.0000 
 79       79   (0)      1 :  0.0000 0.0000 0.0000 0.0333 0.0000 0.0000 0.0000 0.0000 0.0000 0.8999 0.0667 0.0000 0.0000 
 80       80   (0)      1 :  0.0000 0.0000 0.0333 0.0667 0.0333 0.0000 0.0000 0.0000 0.0000 0.2679 0.5986 0.0000 0.0000 
 81       81   (0)      1 :  0.0000 0.0000 0.0333 0.0333 0.0000 0.0000 0.0000 0.0000 0.0000 0.4531 0.4801 0.0000 0.0000 
 82       82   (0)      1 :  0.0000 0.0000 0.0003 0.0667 0.0000 0.0000 0.0000 0.0000 0.0000 0.5749 0.3580 0.0000 0.0000 
 83       83   (0)      1 :  0.0000 0.0000 0.0358 0.0549 0.0000 0.0000 0.0000 0.0000 0.0000 0.7209 0.1882 0.0000 0.0000 
 84       84   (0)      1 :  0.0000 0.0000 0.1000 0.0333 0.0000 0.0000 0.0000 0.0000 0.0000 0.2092 0.6574 0.0000 0.0000 
 85       85   (0)      1 :  0.0000 0.0000 0.0000 0.0000 0.0000 0.0000 0.0000 0.0000 0.0000 0.8136 0.1863 0.0000 0.0000 
 86       86   (0)      1 :  0.0000 0.0000 0.0000 0.1000 0.0333 0.0000 0.0000 0.0000 0.0000 0.1754 0.6913 0.0000 0.0000 
 87       87   (0)      1 :  0.0000 0.0000 0.1333 0.0333 0.0000 0.0000 0.0000 0.0000 0.0000 0.3603 0.4730 0.0000 0.0000 
 88       88   (0)      1 :  0.0000 0.0000 0.1663 0.0000 0.0000 0.0000 0.0000 0.0000 0.0000 0.2053 0.6284 0.0000 0.0000 
 89       89   (0)      1 :  0.0000 0.0000 0.0333 0.0197 0.0000 0.0000 0.0000 0.0000 0.0000 0.9465 0.0004 0.0000 0.0000 
 90       90   (0)      1 :  0.0000 0.0000 0.1667 0.0000 0.0000 0.0000 0.0000 0.0000 0.0000 0.3693 0.4639 0.0000 0.0000 
 91       91   (0)      1 :  0.0000 0.0000 0.0007 0.1000 0.0333 0.0000 0.0000 0.0000 0.0000 0.0931 0.7727 0.0000 0.0000 
 92       92   (0)      1 :  0.0000 0.0000 0.0333 0.1000 0.0333 0.0000 0.0000 0.0000 0.0000 0.2502 0.5830 0.0000 0.0000 
 93       93   (0)      1 :  0.0000 0.0000 0.0000 0.1333 0.0333 0.0000 0.0000 0.0000 0.0000 0.1831 0.6501 0.0000 0.0000 
 94       94   (0)      1 :  0.0000 0.0000 0.0000 0.0008 0.0000 0.0000 0.0000 0.0000 0.0000 0.9644 0.0348 0.0000 0.0000 
 95       95   (0)      1 :  0.0000 0.0000 0.1000 0.0000 0.0000 0.0000 0.0000 0.0000 0.0000 0.5498 0.3501 0.0000 0.0000 
 96       96   (0)      1 :  0.0000 0.0000 0.0000 0.0333 0.6574 0.3092 0.0000 0.0000 0.0000 0.0000 0.0000 0.0000 0.0000 
 97       97   (0)      1 :  0.0000 0.0000 0.0000 0.0667 0.7332 0.2000 0.0000 0.0000 0.0000 0.0000 0.0000 0.0000 0.0000 
 98       98   (0)      1 :  0.0000 0.0000 0.0000 0.0000 0.7898 0.2101 0.0000 0.0000 0.0000 0.0000 0.0000 0.0000 0.0000 
 99       99   (0)      1 :  0.0000 0.0000 0.0000 0.0667 0.7063 0.2269 0.0000 0.0000 0.0000 0.0000 0.0000 0.0000 0.0000 
100      100   (0)      1 :  0.0000 0.0000 0.0000 0.0333 0.8410 0.1256 0.0000 0.0000 0.0000 0.0000 0.0000 0.0000 0.0000 
101      101   (0)      1 :  0.0000 0.0000 0.0000 0.0512 0.5331 0.4155 0.0000 0.0000 0.0000 0.0000 0.0000 0.0000 0.0000 
102      102   (0)      1 :  0.0000 0.0000 0.0000 0.0667 0.0957 0.8375 0.0000 0.0000 0.0000 0.0000 0.0000 0.0000 0.0000 
103      103   (0)      1 :  0.0000 0.0000 0.0000 0.0000 0.8435 0.1564 0.0000 0.0000 0.0000 0.0000 0.0000 0.0000 0.0000 
104      104   (0)      1 :  0.0000 0.0000 0.0000 0.0667 0.3667 0.5665 0.0000 0.0000 0.0000 0.0000 0.0000 0.0000 0.0000 
105      105   (0)      1 :  0.0000 0.0000 0.0000 0.0000 0.1000 0.8999 0.0000 0.0000 0.0000 0.0000 0.0000 0.0000 0.0000 
106      106   (0)      1 :  0.0000 0.0000 0.0000 0.0667 0.6388 0.2944 0.0000 0.0000 0.0000 0.0000 0.0000 0.0000 0.0000 
107      107   (0)      1 :  0.0000 0.0000 0.0000 0.0000 0.0000 0.9999 0.0000 0.0000 0.0000 0.0000 0.0000 0.0000 0.0000 
108      108   (0)      1 :  0.0000 0.0000 0.0000 0.0667 0.1380 0.7952 0.0000 0.0000 0.0000 0.0000 0.0000 0.0000 0.0000 
109      109   (0)      1 :  0.0000 0.0000 0.0000 0.0333 0.7737 0.1928 0.0000 0.0000 0.0000 0.0000 0.0000 0.0000 0.0000 
110      110   (0)      1 :  0.0000 0.0000 0.0000 0.0333 0.9136 0.0530 0.0000 0.0000 0.0000 0.0000 0.0000 0.0000 0.0000 
111      111   (0)      1 :  0.0000 0.0000 0.0000 0.0076 0.9004 0.0919 0.0000 0.0000 0.0000 0.0000 0.0000 0.0000 0.0000 
112      112   (0)      1 :  0.0000 0.0000 0.0000 0.0895 0.7391 0.1713 0.0000 0.0000 0.0000 0.0000 0.0000 0.0000 0.0000 
113      113   (0)      1 :  0.0000 0.0000 0.0000 0.0000 0.0632 0.9367 0.0000 0.0000 0.0000 0.0000 0.0000 0.0000 0.0000 
114      114   (0)      1 :  0.0000 0.0000 0.0667 0.0667 0.0000 0.0000 0.0333 0.0000 0.0000 0.0000 0.0000 0.8332 0.0000 
115      115   (0)      1 :  0.0000 0.0000 0.1160 0.0667 0.0000 0.0000 0.0489 0.0000 0.0000 0.0000 0.0000 0.7682 0.0000 
116      116   (0)      1 :  0.0000 0.0000 0.0000 0.0000 0.0000 0.0000 0.0000 0.0000 0.0000 0.0000 0.0000 0.9999 0.0000 
117      117   (0)      1 :  0.0000 0.0000 0.0333 0.0333 0.0000 0.0000 0.0000 0.0000 0.0000 0.0000 0.0000 0.9332 0.0000 
118      118   (0)      1 :  0.0000 0.0000 0.0894 0.0000 0.0000 0.0000 0.0563 0.0000 0.0000 0.0000 0.0000 0.8542 0.0000 
119      119   (0)      1 :  0.0000 0.0000 0.0667 0.0333 0.0000 0.0000 0.0333 0.0000 0.0000 0.0000 0.0000 0.8666 0.0000 
120      120   (0)      1 :  0.0000 0.0000 0.0000 0.0667 0.0000 0.0000 0.0000 0.0000 0.0000 0.0000 0.0000 0.9332 0.0000 
121      121   (0)      1 :  0.0000 0.0000 0.0667 0.0000 0.0000 0.0000 0.0333 0.0000 0.0000 0.0000 0.0000 0.8999 0.0000 
