1        1   (0)      1  : 0.0000 0.0000 0.8410 0.0000 0.0000 0.0000 0.1456 0.0000 0.0000 0.0000 0.0000 0.0130 0.0002 0.0000
2        2   (0)      1  : 0.0000 0.0000 0.4772 0.0000 0.0000 0.0000 0.2452 0.0000 0.0000 0.0000 0.0000 0.2640 0.0135 0.0000
3        3   (0)      1  : 0.0000 0.0000 0.8032 0.0000 0.0000 0.0000 0.1566 0.0000 0.0000 0.0000 0.0000 0.0374 0.0026 0.0000
4        4   (0)      1  : 0.0000 0.0000 0.5929 0.0000 0.0000 0.0000 0.3402 0.0000 0.0000 0.0000 0.0000 0.0634 0.0034 0.0000
5        5   (0)      1  : 0.0000 0.0000 0.7483 0.0000 0.0000 0.0000 0.2516 0.0000 0.0000 0.0000 0.0000 0.0000 0.0000 0.0000
6        6   (0)      1  : 0.0000 0.0000 0.5276 0.0000 0.0000 0.0000 0.4644 0.0000 0.0000 0.0000 0.0000 0.0079 0.0000 0.0000
7        7   (0)      1  : 0.0000 0.0000 0.9999 0.0000 0.0000 0.0000 0.0000 0.0000 0.0000 0.0000 0.0000 0.0000 0.0000 0.0000
8        8   (0)      1  : 0.0000 0.0000 0.6717 0.0000 0.0000 0.0000 0.2638 0.0000 0.0000 0.0000 0.0000 0.0614 0.0030 0.0000
9        9   (0)      1  : 0.0000 0.0000 0.0000 0.0000 0.0000 0.0000 0.8668 0.0000 0.0000 0.0000 0.0000 0.1240 0.0092 0.0000
10       10   (0)      1  : 0.0000 0.0000 0.1033 0.0000 0.0000 0.0000 0.1072 0.0000 0.0000 0.0000 0.0000 0.7367 0.0526 0.0000
11       11   (0)      1  : 0.0000 0.0000 0.7765 0.0000 0.0000 0.0000 0.2234 0.0000 0.0000 0.0000 0.0000 0.0000 0.0000 0.0000
12       12   (0)      1  : 0.0000 0.0000 0.1053 0.0000 0.0000 0.0000 0.1053 0.0000 0.0000 0.0000 0.0000 0.7367 0.0526 0.0000
13       13   (0)      1  : 0.0000 0.0000 0.0564 0.0000 0.0000 0.0000 0.9374 0.0000 0.0000 0.0000 0.0000 0.0060 0.0000 0.0000
14       14   (0)      1  : 0.0000 0.0000 0.1053 0.0000 0.0000 0.0000 0.1053 0.0000 0.0000 0.0000 0.0000 0.7367 0.0526 0.0000
15       15   (0)      1  : 0.0000 0.0000 0.4505 0.0000 0.0000 0.0000 0.4828 0.0000 0.0000 0.0000 0.0000 0.0624 0.0042 0.0000
16       16   (0)      1  : 0.0000 0.0000 0.9727 0.0000 0.0000 0.0000 0.0000 0.0000 0.0000 0.0000 0.0000 0.0272 0.0000 0.0000
17       17   (0)      1  : 0.0000 0.0000 0.8239 0.0000 0.0000 0.0000 0.1760 0.0000 0.0000 0.0000 0.0000 0.0000 0.0000 0.0000
18       18   (0)      1  : 0.0000 0.0000 0.0000 0.0000 0.0000 0.0000 0.9999 0.0000 0.0000 0.0000 0.0000 0.0000 0.0000 0.0000
19       19   (0)      1  : 0.0000 0.0000 0.6949 0.0000 0.0000 0.0000 0.2874 0.0000 0.0000 0.0000 0.0000 0.0168 0.0008 0.0000
20       20   (0)      1  : 0.0000 0.0000 0.7874 0.0000 0.0000 0.0000 0.1623 0.0000 0.0000 0.0000 0.0000 0.0464 0.0039 0.0000
21       21   (0)      1  : 0.0000 0.0000 0.9264 0.0000 0.0000 0.0000 0.0735 0.0000 0.0000 0.0000 0.0000 0.0000 0.0000 0.0000
22       22   (0)      1  : 0.0000 0.0000 0.9496 0.0000 0.0000 0.0000 0.0000 0.0000 0.0000 0.0000 0.0000 0.0466 0.0037 0.0000
23       23   (0)      1  : 0.0000 0.0000 0.8482 0.0000 0.0000 0.0000 0.0146 0.0000 0.0000 0.0000 0.0000 0.1278 0.0092 0.0000
24       24   (0)      1  : 0.0000 0.0000 0.0000 0.0000 0.0000 0.0000 0.9999 0.0000 0.0000 0.0000 0.0000 0.0000 0.0000 0.0000
25       25   (0)      1  : 0.0000 0.0000 0.8391 0.0000 0.0000 0.0000 0.1442 0.0000 0.0000 0.0000 0.0000 0.0157 0.0008 0.0000
26       26   (0)      1  : 0.0000 0.0000 0.9407 0.0000 0.0000 0.0000 0.0591 0.0000 0.0000 0.0000 0.0000 0.0000 0.0000 0.0000
27       27   (0)      1  : 0.0000 0.0000 0.3675 0.0000 0.0000 0.0000 0.4186 0.0000 0.0000 0.0000 0.0000 0.2000 0.0138 0.0000
28       28   (0)      1  : 0.0000 0.0000 0.8871 0.0000 0.0000 0.0000 0.0468 0.0000 0.0000 0.0000 0.0000 0.0617 0.0042 0.0000
29       29   (0)      1  : 0.0000 0.0000 0.6198 0.0000 0.0000 0.0000 0.3775 0.0000 0.0000 0.0000 0.0000 0.0027 0.0000 0.0000
30       30   (0)      1  : 0.0000 0.0000 0.9368 0.0000 0.0000 0.0000 0.0282 0.0000 0.0000 0.0000 0.0000 0.0327 0.0023 0.0000
31       31   (0)      1  : 0.0000 0.0000 0.5940 0.0000 0.0000 0.0000 0.3984 0.0000 0.0000 0.0000 0.0000 0.0075 0.0000 0.0000
32       32   (0)      1  : 0.0000 0.0000 0.9999 0.0000 0.0000 0.0000 0.0000 0.0000 0.0000 0.0000 0.0000 0.0000 0.0000 0.0000
33       33   (0)      1  : 0.0000 0.0000 0.8442 0.0000 0.0000 0.0000 0.0698 0.0000 0.0000 0.0000 0.0000 0.0801 0.0058 0.0000
34       34   (0)      1  : 0.0000 0.0000 0.7332 0.0000 0.0000 0.0000 0.1929 0.0000 0.0000 0.0000 0.0000 0.0693 0.0046 0.0000
35       35   (0)      1  : 0.0000 0.0000 0.0000 0.0000 0.0000 0.0000 0.9999 0.0000 0.0000 0.0000 0.0000 0.0000 0.0000 0.0000
36       36   (0)      1  : 0.0000 0.3622 0.0000 0.0000 0.5510 0.0000 0.0000 0.0027 0.0000 0.0000 0.0338 0.0000 0.0501 0.0000
37       37   (0)      1  : 0.0000 0.0000 0.0000 0.0000 0.9870 0.0000 0.0000 0.0009 0.0000 0.0000 0.0120 0.0000 0.0000 0.0000
38       38   (0)      1  : 0.0000 0.0000 0.0000 0.0000 0.9253 0.0000 0.0000 0.0522 0.0000 0.0000 0.0223 0.0000 0.0000 0.0000
39       39   (0)      1  : 0.0000 0.8256 0.0000 0.0000 0.0887 0.0000 0.0000 0.0353 0.0000 0.0000 0.0253 0.0000 0.0000 0.0250
40       40   (0)      1  : 0.0000 0.5218 0.0000 0.0000 0.2506 0.0000 0.0000 0.0883 0.0000 0.0000 0.0435 0.0193 0.0742 0.0024
41       41   (0)      1  : 0.0000 0.0059 0.0000 0.0000 0.1282 0.0000 0.0000 0.3239 0.0000 0.0000 0.5419 0.0000 0.0000 0.0000
42       42   (0)      1  : 0.0000 0.3540 0.0000 0.0000 0.1023 0.0000 0.0000 0.0040 0.0000 0.0000 0.4301 0.0000 0.0042 0.1053
43       43   (0)      1  : 0.0000 0.1895 0.0000 0.0000 0.0074 0.0000 0.0000 0.0000 0.0000 0.0000 0.8030 0.0000 0.0000 0.0000
44       44   (0)      1  : 0.0000 0.0708 0.0000 0.0000 0.0035 0.0000 0.0000 0.2547 0.0000 0.0000 0.4794 0.0000 0.1492 0.0422
45       45   (0)      1  : 0.0000 0.6595 0.0000 0.0000 0.0426 0.0000 0.0000 0.0852 0.0000 0.0000 0.1271 0.0258 0.0217 0.0379
46       46   (0)      1  : 0.0000 0.0132 0.0000 0.0000 0.1032 0.0000 0.0000 0.3994 0.0000 0.0000 0.1033 0.0141 0.3544 0.0122
47       47   (0)      1  : 0.0000 0.0000 0.0000 0.0000 0.9221 0.0000 0.0000 0.0000 0.0000 0.0000 0.0511 0.0000 0.0266 0.0000
48       48   (0)      1  : 0.0000 0.0000 0.0000 0.0000 0.1590 0.0000 0.0000 0.7752 0.0000 0.0000 0.0657 0.0000 0.0000 0.0000
49       49   (0)      1  : 0.0000 0.1900 0.0000 0.0000 0.0000 0.0000 0.0000 0.1925 0.0000 0.0000 0.1438 0.0000 0.4713 0.0023
50       50   (0)      1  : 0.0000 0.0000 0.0000 0.0000 0.3780 0.0000 0.0000 0.3100 0.0000 0.0000 0.1144 0.0000 0.1975 0.0000
51       51   (0)      1  : 0.0000 0.1387 0.0000 0.0000 0.1070 0.0000 0.0000 0.3405 0.0000 0.0000 0.0109 0.0862 0.3166 0.0000
52       52   (0)      1  : 0.0000 0.0000 0.0000 0.0000 0.7232 0.0000 0.0000 0.0661 0.0000 0.0000 0.1053 0.0000 0.0526 0.0526
53       53   (0)      1  : 0.0000 0.9383 0.0000 0.0000 0.0004 0.0000 0.0000 0.0000 0.0000 0.0000 0.0354 0.0017 0.0000 0.0240
54       54   (0)      1  : 0.0000 0.5421 0.0000 0.0000 0.0069 0.0000 0.0000 0.0285 0.0000 0.0000 0.3341 0.0074 0.0132 0.0677
55       55   (0)      1  : 0.0000 0.2323 0.0000 0.0000 0.0204 0.0000 0.0000 0.3031 0.0000 0.0000 0.0000 0.1053 0.3388 0.0000
56       56   (0)      1  : 0.0000 0.0000 0.0000 0.0000 0.8760 0.0000 0.0000 0.0018 0.0000 0.0000 0.0695 0.0000 0.0526 0.0000
57       57   (0)      1  : 0.0000 0.6596 0.0000 0.0000 0.0000 0.0000 0.0000 0.0248 0.0000 0.0000 0.2263 0.0000 0.0000 0.0892
58       58   (0)      1  : 0.0000 0.4107 0.0000 0.0000 0.0279 0.0000 0.0000 0.3561 0.0000 0.0000 0.1874 0.0146 0.0023 0.0009
59       59   (0)      1  : 0.0000 0.2863 0.0000 0.0000 0.0070 0.0000 0.0000 0.1689 0.0000 0.0000 0.1096 0.1053 0.3069 0.0160
60       60   (0)      1  : 0.0000 0.5516 0.0000 0.0000 0.0000 0.0000 0.0000 0.0375 0.0000 0.0000 0.3549 0.0179 0.0380 0.0000
61       61   (0)      1  : 0.0000 0.6833 0.0000 0.0000 0.0000 0.0000 0.0000 0.0406 0.0000 0.0000 0.0311 0.0977 0.1472 0.0000
62       62   (0)      1  : 0.0000 0.0000 0.0000 0.0000 0.9068 0.0000 0.0000 0.0016 0.0000 0.0000 0.0389 0.0000 0.0526 0.0000
63       63   (0)      1  : 0.0000 0.0971 0.0000 0.0000 0.0866 0.0000 0.0000 0.3791 0.0000 0.0000 0.0411 0.0162 0.3797 0.0000
64       64   (0)      1  : 0.0000 0.9453 0.0000 0.0000 0.0191 0.0000 0.0000 0.0000 0.0000 0.0000 0.0185 0.0000 0.0027 0.0144
65       65   (0)      1  : 0.0000 0.4097 0.0000 0.0000 0.2702 0.0000 0.0000 0.0526 0.0000 0.0000 0.1735 0.0000 0.0063 0.0876
66       66   (0)      1  : 0.0000 0.6435 0.0000 0.0000 0.0020 0.0000 0.0000 0.0217 0.0000 0.0000 0.2039 0.0074 0.0588 0.0626
67       67   (0)      1  : 0.0000 0.4357 0.0000 0.0000 0.0498 0.0000 0.0000 0.0389 0.0000 0.0000 0.2845 0.0614 0.1134 0.0162
68       68   (0)      1  : 0.0000 0.0000 0.0000 0.0000 0.1320 0.0000 0.0000 0.7894 0.0000 0.0000 0.0785 0.0000 0.0000 0.0000
69       69   (0)      1  : 0.0000 0.0225 0.0000 0.0000 0.0805 0.0000 0.0000 0.0201 0.0000 0.0000 0.8768 0.0000 0.0000 0.0000
70       70   (0)      1  : 0.0000 0.0547 0.0000 0.0000 0.0470 0.0000 0.0000 0.3799 0.0000 0.0000 0.1081 0.0000 0.4102 0.0000
71       71   (0)      1  : 0.0000 0.1437 0.0000 0.0000 0.1071 0.0000 0.0000 0.7113 0.0000 0.0000 0.0372 0.0000 0.0006 0.0000
72       72   (0)      1  : 0.0000 0.9591 0.0000 0.0000 0.0000 0.0000 0.0000 0.0108 0.0000 0.0000 0.0000 0.0000 0.0300 0.0000
73       73   (0)      1  : 0.0000 0.8305 0.0000 0.0000 0.0224 0.0000 0.0000 0.0000 0.0000 0.0000 0.0366 0.0815 0.0289 0.0000
74       74   (0)      1  : 0.0000 0.0316 0.0000 0.0000 0.0243 0.0000 0.0000 0.0005 0.0000 0.0000 0.9436 0.0000 0.0000 0.0000
75       75   (0)      1  : 0.0000 0.0317 0.0000 0.0000 0.0263 0.0000 0.0000 0.0117 0.0000 0.0000 0.9303 0.0000 0.0000 0.0000
76       76   (0)      1  : 0.0000 0.0000 0.0000 0.0000 0.1597 0.0000 0.0000 0.7871 0.0000 0.0000 0.0526 0.0000 0.0005 0.0000
77       77   (0)      1  : 0.0000 0.0000 0.0000 0.0000 0.7184 0.0000 0.0000 0.1383 0.0000 0.0000 0.0549 0.0000 0.0837 0.0046
78       78   (0)      1  : 0.1880 0.0000 0.0000 0.0000 0.0000 0.0000 0.0000 0.0000 0.0000 0.4493 0.0000 0.0000 0.0000 0.3626
79       79   (0)      1  : 0.1157 0.0000 0.0000 0.0000 0.0000 0.0000 0.0000 0.0000 0.0000 0.4106 0.0000 0.0000 0.0000 0.4736
80       80   (0)      1  : 0.8943 0.0000 0.0000 0.0000 0.0000 0.0000 0.0000 0.0000 0.0000 0.0526 0.0000 0.0000 0.0526 0.0004
81       81   (0)      1  : 0.3684 0.0000 0.0000 0.0000 0.0000 0.0000 0.0000 0.0000 0.0000 0.5789 0.0000 0.0000 0.0000 0.0526
82       82   (0)      1  : 0.1658 0.0000 0.0000 0.0000 0.0000 0.0000 0.0000 0.0000 0.0000 0.7092 0.0000 0.0000 0.0526 0.0723
83       83   (0)      1  : 0.1233 0.0000 0.0000 0.0000 0.0000 0.0000 0.0000 0.0000 0.0000 0.5545 0.0000 0.0000 0.0526 0.2694
84       84   (0)      1  : 0.5619 0.0000 0.0000 0.0000 0.0000 0.0000 0.0000 0.0000 0.0000 0.1580 0.0000 0.0000 0.0526 0.2273
85       85   (0)      1  : 0.1053 0.0000 0.0000 0.0000 0.0000 0.0000 0.0000 0.0000 0.0000 0.8420 0.0000 0.0000 0.0000 0.0526
86       86   (0)      1  : 0.7866 0.0000 0.0000 0.0000 0.0000 0.0000 0.0000 0.0000 0.0000 0.1607 0.0000 0.0000 0.0000 0.0526
87       87   (0)      1  : 0.2686 0.0000 0.0000 0.0000 0.0000 0.0000 0.0000 0.0000 0.0000 0.4816 0.0000 0.0000 0.0000 0.2498
88       88   (0)      1  : 0.4133 0.0000 0.0000 0.0000 0.0000 0.0000 0.0000 0.0000 0.0000 0.1795 0.0000 0.0000 0.0777 0.3294
89       89   (0)      1  : 0.0526 0.0000 0.0000 0.0000 0.0000 0.0000 0.0000 0.0000 0.0000 0.5263 0.0000 0.0000 0.0000 0.4210
90       90   (0)      1  : 0.3468 0.0000 0.0000 0.0000 0.0000 0.0000 0.0000 0.0000 0.0000 0.3042 0.0000 0.0000 0.0000 0.3489
91       91   (0)      1  : 0.9455 0.0000 0.0000 0.0000 0.0000 0.0000 0.0000 0.0000 0.0000 0.0007 0.0000 0.0000 0.0526 0.0011
92       92   (0)      1  : 0.8946 0.0000 0.0000 0.0000 0.0000 0.0000 0.0000 0.0000 0.0000 0.0526 0.0000 0.0000 0.0000 0.0526
93       93   (0)      1  : 0.9988 0.0000 0.0000 0.0000 0.0000 0.0000 0.0000 0.0000 0.0000 0.0010 0.0000 0.0000 0.0000 0.0000
94       94   (0)      1  : 0.0526 0.0000 0.0000 0.0000 0.0000 0.0000 0.0000 0.0000 0.0000 0.6315 0.0000 0.0000 0.0000 0.3158
95       95   (0)      1  : 0.3541 0.0000 0.0000 0.0000 0.0000 0.0000 0.0000 0.0000 0.0000 0.3826 0.0000 0.0000 0.0000 0.2631
96       96   (0)      1  : 0.0000 0.0000 0.0000 0.5140 0.0000 0.0000 0.0000 0.0000 0.2225 0.0000 0.0000 0.0000 0.0529 0.2105
97       97   (0)      1  : 0.0000 0.0000 0.0000 0.7223 0.0000 0.0000 0.0000 0.0000 0.0332 0.0000 0.0000 0.0000 0.0865 0.1579
98       98   (0)      1  : 0.0000 0.0000 0.0000 0.8405 0.0000 0.0000 0.0000 0.0000 0.0541 0.0000 0.0000 0.0000 0.0526 0.0526
99       99   (0)      1  : 0.0000 0.0000 0.0000 0.8116 0.0000 0.0000 0.0000 0.0000 0.1227 0.0000 0.0000 0.0000 0.0197 0.0459
100      100   (0)      1  : 0.0000 0.0000 0.0000 0.6957 0.0000 0.0000 0.0000 0.0000 0.0526 0.0000 0.0000 0.0000 0.1053 0.1463
101      101   (0)      1  : 0.0000 0.0000 0.0000 0.4746 0.0000 0.0000 0.0000 0.0000 0.2933 0.0000 0.0000 0.0133 0.1227 0.0960
102      102   (0)      1  : 0.0000 0.0000 0.0000 0.1467 0.0000 0.0000 0.0000 0.0000 0.7479 0.0000 0.0000 0.0526 0.0526 0.0000
103      103   (0)      1  : 0.0000 0.0000 0.0000 0.9274 0.0000 0.0000 0.0000 0.0000 0.0199 0.0000 0.0000 0.0000 0.0000 0.0526
104      104   (0)      1  : 0.0000 0.0000 0.0000 0.2501 0.0000 0.0000 0.0000 0.0000 0.4867 0.0000 0.0000 0.0000 0.1053 0.1579
105      105   (0)      1  : 0.0000 0.0000 0.0000 0.0526 0.0000 0.0000 0.0000 0.0000 0.8946 0.0000 0.0000 0.0526 0.0000 0.0000
106      106   (0)      1  : 0.0000 0.0000 0.0000 0.5023 0.0000 0.0000 0.0000 0.0000 0.3397 0.0000 0.0000 0.0000 0.0526 0.1053
107      107   (0)      1  : 0.0000 0.0000 0.0000 0.0526 0.0000 0.0000 0.0000 0.0000 0.8946 0.0000 0.0000 0.0526 0.0000 0.0000
108      108   (0)      1  : 0.0000 0.0000 0.0000 0.1757 0.0000 0.0000 0.0000 0.0000 0.7112 0.0000 0.0000 0.0400 0.0731 0.0000
109      109   (0)      1  : 0.0000 0.0000 0.0000 0.7999 0.0000 0.0000 0.0000 0.0000 0.0421 0.0000 0.0000 0.0000 0.0526 0.1053
110      110   (0)      1  : 0.0000 0.0000 0.0000 0.8420 0.0000 0.0000 0.0000 0.0000 0.0526 0.0000 0.0000 0.0000 0.0000 0.1053
111      111   (0)      1  : 0.0000 0.0000 0.0000 0.8953 0.0000 0.0000 0.0000 0.0000 0.0000 0.0000 0.0000 0.0000 0.0526 0.0519
112      112   (0)      1  : 0.0000 0.0000 0.0000 0.5443 0.0000 0.0000 0.0000 0.0000 0.1393 0.0000 0.0000 0.0000 0.1326 0.1837
113      113   (0)      1  : 0.0000 0.0000 0.0000 0.0526 0.0000 0.0000 0.0000 0.0000 0.8946 0.0000 0.0000 0.0526 0.0000 0.0000
114      114   (0)      1  : 0.0000 0.0000 0.0000 0.0000 0.0000 0.7367 0.0000 0.0000 0.0000 0.0526 0.0000 0.1053 0.0526 0.0526
115      115   (0)      1  : 0.0001 0.0000 0.0000 0.0000 0.0000 0.8282 0.0000 0.0000 0.0000 0.0526 0.0000 0.0147 0.1043 0.0000
116      116   (0)      1  : 0.0000 0.0000 0.0000 0.0000 0.0000 0.7745 0.0000 0.0526 0.0526 0.0000 0.0000 0.0690 0.0000 0.0512
117      117   (0)      1  : 0.0000 0.0000 0.0000 0.0000 0.0000 0.7894 0.0000 0.0526 0.0000 0.0000 0.0000 0.1053 0.0000 0.0526
118      118   (0)      1  : 0.0000 0.0000 0.0000 0.0000 0.0000 0.8081 0.0000 0.0000 0.0000 0.0526 0.0000 0.0526 0.0865 0.0000
119      119   (0)      1  : 0.0000 0.0000 0.0000 0.0000 0.0000 0.7367 0.0000 0.0000 0.0526 0.0526 0.0000 0.0000 0.1579 0.0000
120      120   (0)      1  : 0.0000 0.0000 0.0000 0.0000 0.0000 0.7894 0.0000 0.0526 0.0526 0.0000 0.0000 0.0526 0.0526 0.0000
121      121   (0)      1  : 0.0000 0.0000 0.0000 0.0000 0.0000 0.7367 0.0000 0.0526 0.0526 0.0526 0.0000 0.0000 0.1053 0.0000
