  1        1   (0)      1 :  0.0000 0.0162 0.1914 0.0000 0.0000 0.7910 0.0000 0.0014 0.0000 0.0000 
  2        2   (0)      1 :  0.0000 0.0523 0.3619 0.0000 0.0000 0.5842 0.0000 0.0015 0.0000 0.0000 
  3        3   (0)      1 :  0.0000 0.0331 0.2428 0.0000 0.0000 0.7241 0.0000 0.0000 0.0000 0.0000 
  4        4   (0)      1 :  0.0000 0.0469 0.3915 0.0000 0.0000 0.5615 0.0000 0.0000 0.0000 0.0000 
  5        5   (0)      1 :  0.0000 0.0333 0.3237 0.0000 0.0000 0.6428 0.0000 0.0000 0.0000 0.0000 
  6        6   (0)      1 :  0.0000 0.0430 0.4686 0.0000 0.0000 0.4874 0.0000 0.0010 0.0000 0.0000 
  7        7   (0)      1 :  0.0000 0.0000 0.0333 0.0000 0.0000 0.9666 0.0000 0.0000 0.0000 0.0000 
  8        8   (0)      1 :  0.0000 0.0481 0.3339 0.0000 0.0000 0.6180 0.0000 0.0000 0.0000 0.0000 
  9        9   (0)      1 :  0.0000 0.0200 0.9017 0.0000 0.0000 0.0450 0.0000 0.0333 0.0000 0.0000 
 10       10   (0)      1 :  0.0000 0.1000 0.4000 0.0000 0.0000 0.5000 0.0000 0.0000 0.0000 0.0000 
 11       11   (0)      1 :  0.0000 0.0282 0.2983 0.0000 0.0000 0.6734 0.0000 0.0000 0.0000 0.0000 
 12       12   (0)      1 :  0.0000 0.1066 0.4018 0.0000 0.0000 0.4915 0.0000 0.0000 0.0000 0.0000 
 13       13   (0)      1 :  0.0000 0.0175 0.8825 0.0000 0.0000 0.0796 0.0000 0.0204 0.0000 0.0000 
 14       14   (0)      1 :  0.0000 0.1000 0.4000 0.0000 0.0000 0.5000 0.0000 0.0000 0.0000 0.0000 
 15       15   (0)      1 :  0.0000 0.0287 0.5142 0.0000 0.0000 0.4462 0.0000 0.0109 0.0000 0.0000 
 16       16   (0)      1 :  0.0000 0.0000 0.0331 0.0000 0.0000 0.9668 0.0000 0.0000 0.0000 0.0000 
 17       17   (0)      1 :  0.0000 0.0347 0.2352 0.0000 0.0000 0.7301 0.0000 0.0000 0.0000 0.0000 
 18       18   (0)      1 :  0.0000 0.0000 0.9320 0.0000 0.0000 0.0346 0.0000 0.0333 0.0000 0.0000 
 19       19   (0)      1 :  0.0000 0.0382 0.3545 0.0000 0.0000 0.6072 0.0000 0.0000 0.0000 0.0000 
 20       20   (0)      1 :  0.0000 0.0053 0.1942 0.0000 0.0000 0.7942 0.0000 0.0062 0.0000 0.0000 
 21       21   (0)      1 :  0.0000 0.0051 0.1074 0.0000 0.0000 0.8834 0.0000 0.0040 0.0000 0.0000 
 22       22   (0)      1 :  0.0000 0.0085 0.0300 0.0000 0.0000 0.9615 0.0000 0.0000 0.0000 0.0000 
 23       23   (0)      1 :  0.0000 0.0170 0.0815 0.0000 0.0000 0.9014 0.0000 0.0000 0.0000 0.0000 
 24       24   (0)      1 :  0.0000 0.0000 0.9329 0.0000 0.0000 0.0337 0.0000 0.0333 0.0000 0.0000 
 25       25   (0)      1 :  0.0000 0.0075 0.1835 0.0000 0.0000 0.8036 0.0000 0.0052 0.0000 0.0000 
 26       26   (0)      1 :  0.0000 0.0000 0.1023 0.0000 0.0000 0.8927 0.0000 0.0049 0.0000 0.0000 
 27       27   (0)      1 :  0.0000 0.0842 0.5231 0.0000 0.0000 0.3926 0.0000 0.0000 0.0000 0.0000 
 28       28   (0)      1 :  0.0000 0.0418 0.1434 0.0000 0.0000 0.8148 0.0000 0.0000 0.0000 0.0000 
 29       29   (0)      1 :  0.0000 0.0266 0.3716 0.0000 0.0000 0.5984 0.0000 0.0034 0.0000 0.0000 
 30       30   (0)      1 :  0.0000 0.0031 0.1012 0.0000 0.0000 0.8957 0.0000 0.0000 0.0000 0.0000 
 31       31   (0)      1 :  0.0000 0.0294 0.4216 0.0000 0.0000 0.5489 0.0000 0.0000 0.0000 0.0000 
 32       32   (0)      1 :  0.0000 0.0000 0.0324 0.0000 0.0000 0.9675 0.0000 0.0000 0.0000 0.0000 
 33       33   (0)      1 :  0.0000 0.0118 0.1050 0.0000 0.0000 0.8830 0.0000 0.0000 0.0000 0.0000 
 34       34   (0)      1 :  0.0000 0.0435 0.2955 0.0000 0.0000 0.6593 0.0000 0.0016 0.0000 0.0000 
 35       35   (0)      1 :  0.0000 0.0000 0.9332 0.0000 0.0000 0.0333 0.0000 0.0333 0.0000 0.0000 
 36       36   (0)      1 :  0.0000 0.0333 0.0000 0.0236 0.0000 0.0000 0.0000 0.0052 0.3646 0.5732 
 37       37   (0)      1 :  0.0000 0.0000 0.0000 0.0090 0.0000 0.0000 0.0000 0.0054 0.0000 0.9856 
 38       38   (0)      1 :  0.0000 0.0000 0.0000 0.0204 0.0000 0.0000 0.0000 0.0059 0.0000 0.9736 
 39       39   (0)      1 :  0.0000 0.0000 0.0000 0.0088 0.0000 0.0000 0.0000 0.0178 0.8643 0.1090 
 40       40   (0)      1 :  0.0000 0.0153 0.0000 0.0785 0.0000 0.0000 0.0000 0.0227 0.5537 0.3298 
 41       41   (0)      1 :  0.0000 0.0328 0.0000 0.3510 0.0000 0.0000 0.0000 0.1212 0.0905 0.4045 
 42       42   (0)      1 :  0.0000 0.0667 0.0000 0.0388 0.0000 0.0000 0.0000 0.0516 0.6287 0.2141 
 43       43   (0)      1 :  0.0000 0.0683 0.0000 0.0526 0.0000 0.0000 0.0000 0.1067 0.7263 0.0460 
 44       44   (0)      1 :  0.0000 0.0635 0.0000 0.4434 0.0000 0.0000 0.0000 0.1421 0.2899 0.0611 
 45       45   (0)      1 :  0.0000 0.0285 0.0000 0.0902 0.0000 0.0000 0.0000 0.0224 0.7467 0.1122 
 46       46   (0)      1 :  0.0000 0.0126 0.0000 0.8256 0.0000 0.0000 0.0000 0.0162 0.0043 0.1412 
 47       47   (0)      1 :  0.0000 0.0119 0.0000 0.0291 0.0000 0.0000 0.0000 0.0137 0.0013 0.9439 
 48       48   (0)      1 :  0.0000 0.0000 0.0000 0.6304 0.0000 0.0000 0.0000 0.1000 0.0000 0.2695 
 49       49   (0)      1 :  0.0000 0.0667 0.0000 0.5959 0.0000 0.0000 0.0000 0.0333 0.2628 0.0413 
 50       50   (0)      1 :  0.0000 0.0082 0.0000 0.4905 0.0000 0.0000 0.0000 0.0101 0.0000 0.4911 
 51       51   (0)      1 :  0.0000 0.0490 0.0000 0.5978 0.0000 0.0000 0.0000 0.0147 0.1775 0.1611 
 52       52   (0)      1 :  0.0000 0.0000 0.0000 0.1990 0.0000 0.0000 0.0000 0.0333 0.0000 0.7676 
 53       53   (0)      1 :  0.0000 0.0099 0.0000 0.0000 0.0000 0.0000 0.0000 0.0000 0.9900 0.0000 
 54       54   (0)      1 :  0.0000 0.0423 0.0000 0.0220 0.0000 0.0000 0.0000 0.0497 0.8491 0.0368 
 55       55   (0)      1 :  0.0000 0.0661 0.0000 0.6136 0.0000 0.0000 0.0000 0.0046 0.2692 0.0465 
 56       56   (0)      1 :  0.0000 0.0333 0.0000 0.0383 0.0000 0.0000 0.0000 0.0000 0.0000 0.9282 
 57       57   (0)      1 :  0.0000 0.0455 0.0000 0.0227 0.0000 0.0000 0.0000 0.0167 0.9150 0.0000 
 58       58   (0)      1 :  0.0000 0.0315 0.0000 0.3448 0.0000 0.0000 0.0000 0.0578 0.5231 0.0429 
 59       59   (0)      1 :  0.0000 0.0667 0.0000 0.4129 0.0000 0.0000 0.0000 0.0448 0.4456 0.0300 
 60       60   (0)      1 :  0.0000 0.0469 0.0000 0.0368 0.0000 0.0000 0.0000 0.0797 0.8323 0.0043 
 61       61   (0)      1 :  0.0000 0.0459 0.0000 0.0753 0.0000 0.0000 0.0000 0.0332 0.8455 0.0000 
 62       62   (0)      1 :  0.0000 0.0333 0.0000 0.0333 0.0000 0.0000 0.0000 0.0000 0.0000 0.9332 
 63       63   (0)      1 :  0.0000 0.0442 0.0000 0.7718 0.0000 0.0000 0.0000 0.0011 0.1012 0.0817 
 64       64   (0)      1 :  0.0000 0.0032 0.0000 0.0076 0.0000 0.0000 0.0000 0.0000 0.9667 0.0225 
 65       65   (0)      1 :  0.0000 0.0516 0.0000 0.0365 0.0000 0.0000 0.0000 0.0083 0.5858 0.3178 
 66       66   (0)      1 :  0.0000 0.0260 0.0000 0.0208 0.0000 0.0000 0.0000 0.0632 0.8900 0.0000 
 67       67   (0)      1 :  0.0000 0.0512 0.0000 0.0827 0.0000 0.0000 0.0000 0.0737 0.7296 0.0627 
 68       68   (0)      1 :  0.0000 0.0000 0.0000 0.6652 0.0000 0.0000 0.0000 0.1057 0.0000 0.2290 
 69       69   (0)      1 :  0.0000 0.0779 0.0000 0.0488 0.0000 0.0000 0.0000 0.1324 0.3307 0.4101 
 70       70   (0)      1 :  0.0000 0.0360 0.0000 0.8101 0.0000 0.0000 0.0000 0.0131 0.0347 0.1061 
 71       71   (0)      1 :  0.0000 0.0141 0.0000 0.5839 0.0000 0.0000 0.0000 0.0869 0.1502 0.1649 
 72       72   (0)      1 :  0.0000 0.0153 0.0000 0.0253 0.0000 0.0000 0.0000 0.0098 0.9495 0.0000 
 73       73   (0)      1 :  0.0000 0.0395 0.0000 0.0000 0.0000 0.0000 0.0000 0.0204 0.9376 0.0023 
 74       74   (0)      1 :  0.0000 0.0719 0.0000 0.1050 0.0000 0.0000 0.0000 0.1413 0.5208 0.1608 
 75       75   (0)      1 :  0.0000 0.0667 0.0000 0.0670 0.0000 0.0000 0.0000 0.1280 0.4461 0.2923 
 76       76   (0)      1 :  0.0000 0.0000 0.0000 0.6088 0.0000 0.0000 0.0000 0.1004 0.0000 0.2908 
 77       77   (0)      1 :  0.0000 0.0055 0.0000 0.2553 0.0000 0.0000 0.0000 0.0026 0.0000 0.7365 
 78       78   (0)      1 :  0.0000 0.0128 0.0000 0.0000 0.0000 0.0000 0.9871 0.0000 0.0000 0.0000 
 79       79   (0)      1 :  0.0000 0.2810 0.0000 0.0000 0.0000 0.0000 0.7189 0.0000 0.0000 0.0000 
 80       80   (0)      1 :  0.0000 0.6173 0.0000 0.0000 0.0000 0.0000 0.3827 0.0000 0.0000 0.0000 
 81       81   (0)      1 :  0.0000 0.3000 0.0000 0.0000 0.0000 0.0000 0.6999 0.0000 0.0000 0.0000 
 82       82   (0)      1 :  0.0000 0.1271 0.0000 0.0000 0.0000 0.0000 0.8395 0.0333 0.0000 0.0000 
 83       83   (0)      1 :  0.0000 0.1627 0.0000 0.0000 0.0000 0.0000 0.8039 0.0333 0.0000 0.0000 
 84       84   (0)      1 :  0.0000 0.3541 0.0000 0.0000 0.0000 0.0000 0.6458 0.0000 0.0000 0.0000 
 85       85   (0)      1 :  0.0000 0.1000 0.0000 0.0000 0.0000 0.0000 0.8999 0.0000 0.0000 0.0000 
 86       86   (0)      1 :  0.0000 0.5999 0.0000 0.0000 0.0000 0.0000 0.4000 0.0000 0.0000 0.0000 
 87       87   (0)      1 :  0.0000 0.0953 0.0000 0.0000 0.0000 0.0000 0.8713 0.0333 0.0000 0.0000 
 88       88   (0)      1 :  0.0000 0.2330 0.0000 0.0000 0.0000 0.0000 0.7336 0.0333 0.0000 0.0000 
 89       89   (0)      1 :  0.0000 0.2333 0.0000 0.0000 0.0000 0.0000 0.7333 0.0333 0.0000 0.0000 
 90       90   (0)      1 :  0.0000 0.0356 0.0000 0.0000 0.0000 0.0000 0.9643 0.0000 0.0000 0.0000 
 91       91   (0)      1 :  0.0000 0.5751 0.0000 0.0000 0.0000 0.0000 0.4249 0.0000 0.0000 0.0000 
 92       92   (0)      1 :  0.0000 0.5666 0.0000 0.0000 0.0000 0.0000 0.4333 0.0000 0.0000 0.0000 
 93       93   (0)      1 :  0.0000 0.5656 0.0000 0.0000 0.0000 0.0000 0.4343 0.0000 0.0000 0.0000 
 94       94   (0)      1 :  0.0000 0.2072 0.0000 0.0000 0.0000 0.0000 0.7927 0.0000 0.0000 0.0000 
 95       95   (0)      1 :  0.0000 0.0675 0.0000 0.0000 0.0000 0.0000 0.9325 0.0000 0.0000 0.0000 
 96       96   (0)      1 :  0.7367 0.0000 0.0000 0.0000 0.0000 0.0000 0.0000 0.2633 0.0000 0.0000 
 97       97   (0)      1 :  0.8774 0.0000 0.0000 0.0000 0.0000 0.0000 0.0000 0.1226 0.0000 0.0000 
 98       98   (0)      1 :  0.9318 0.0000 0.0000 0.0000 0.0000 0.0000 0.0000 0.0681 0.0000 0.0000 
 99       99   (0)      1 :  0.7779 0.0000 0.0052 0.0000 0.0000 0.0000 0.0000 0.2168 0.0000 0.0000 
100      100   (0)      1 :  0.9546 0.0000 0.0000 0.0000 0.0000 0.0000 0.0000 0.0453 0.0000 0.0000 
101      101   (0)      1 :  0.7953 0.0000 0.0105 0.0000 0.0000 0.0000 0.0000 0.1941 0.0000 0.0000 
102      102   (0)      1 :  0.4487 0.0000 0.0333 0.0000 0.0000 0.0000 0.0000 0.5179 0.0000 0.0000 
103      103   (0)      1 :  0.8822 0.0000 0.0000 0.0000 0.0000 0.0000 0.0000 0.1177 0.0000 0.0000 
104      104   (0)      1 :  0.6839 0.0000 0.0166 0.0000 0.0000 0.0000 0.0000 0.2994 0.0000 0.0000 
105      105   (0)      1 :  0.3666 0.0000 0.0333 0.0000 0.0000 0.0000 0.0000 0.5999 0.0000 0.0000 
106      106   (0)      1 :  0.8916 0.0000 0.0000 0.0000 0.0000 0.0000 0.0000 0.1083 0.0000 0.0000 
107      107   (0)      1 :  0.3666 0.0000 0.0333 0.0000 0.0000 0.0000 0.0000 0.5999 0.0000 0.0000 
108      108   (0)      1 :  0.4885 0.0000 0.0333 0.0000 0.0000 0.0000 0.0000 0.4781 0.0000 0.0000 
109      109   (0)      1 :  0.8362 0.0000 0.0049 0.0000 0.0000 0.0000 0.0000 0.1588 0.0000 0.0000 
110      110   (0)      1 :  0.9332 0.0000 0.0000 0.0000 0.0000 0.0000 0.0000 0.0667 0.0000 0.0000 
111      111   (0)      1 :  0.9305 0.0000 0.0000 0.0000 0.0000 0.0000 0.0000 0.0694 0.0000 0.0000 
112      112   (0)      1 :  0.9174 0.0000 0.0000 0.0000 0.0000 0.0000 0.0000 0.0825 0.0000 0.0000 
113      113   (0)      1 :  0.3521 0.0000 0.0333 0.0000 0.0000 0.0000 0.0000 0.6145 0.0000 0.0000 
114      114   (0)      1 :  0.0000 0.0000 0.0000 0.0333 0.9332 0.0000 0.0000 0.0333 0.0000 0.0000 
115      115   (0)      1 :  0.0000 0.0636 0.0000 0.0000 0.9030 0.0000 0.0000 0.0333 0.0000 0.0000 
116      116   (0)      1 :  0.0000 0.0333 0.0000 0.0000 0.9666 0.0000 0.0000 0.0000 0.0000 0.0000 
117      117   (0)      1 :  0.0000 0.0333 0.0000 0.0000 0.9666 0.0000 0.0000 0.0000 0.0000 0.0000 
118      118   (0)      1 :  0.0000 0.0000 0.0000 0.0333 0.9347 0.0000 0.0000 0.0319 0.0000 0.0000 
119      119   (0)      1 :  0.0000 0.0333 0.0000 0.0333 0.8999 0.0000 0.0000 0.0333 0.0000 0.0000 
120      120   (0)      1 :  0.0000 0.0333 0.0000 0.0000 0.9666 0.0000 0.0000 0.0000 0.0000 0.0000 
121      121   (0)      1 :  0.0000 0.0333 0.0000 0.0239 0.9427 0.0000 0.0000 0.0000 0.0000 0.0000 
