1        1   (0)      1  : 0.0000 0.0000 0.9999 0.0000 0.0000 0.0000 0.0000 0.0000
2        2   (0)      1  : 0.0000 0.0000 0.9999 0.0000 0.0000 0.0000 0.0000 0.0000
3        3   (0)      1  : 0.0000 0.0000 0.9999 0.0000 0.0000 0.0000 0.0000 0.0000
4        4   (0)      1  : 0.0000 0.0000 0.9999 0.0000 0.0000 0.0000 0.0000 0.0000
5        5   (0)      1  : 0.0000 0.0000 0.9999 0.0000 0.0000 0.0000 0.0000 0.0000
6        6   (0)      1  : 0.0000 0.0000 0.9999 0.0000 0.0000 0.0000 0.0000 0.0000
7        7   (0)      1  : 0.0000 0.0000 0.9999 0.0000 0.0000 0.0000 0.0000 0.0000
8        8   (0)      1  : 0.0000 0.0000 0.9999 0.0000 0.0000 0.0000 0.0000 0.0000
9        9   (0)      1  : 0.0000 0.0000 0.9999 0.0000 0.0000 0.0000 0.0000 0.0000
10       10   (0)      1  : 0.0000 0.0000 0.9999 0.0000 0.0000 0.0000 0.0000 0.0000
11       11   (0)      1  : 0.0000 0.0000 0.9999 0.0000 0.0000 0.0000 0.0000 0.0000
12       12   (0)      1  : 0.0000 0.0000 0.9999 0.0000 0.0000 0.0000 0.0000 0.0000
13       13   (0)      1  : 0.0000 0.0000 0.9999 0.0000 0.0000 0.0000 0.0000 0.0000
14       14   (0)      1  : 0.0000 0.0000 0.9999 0.0000 0.0000 0.0000 0.0000 0.0000
15       15   (0)      1  : 0.0000 0.0000 0.9999 0.0000 0.0000 0.0000 0.0000 0.0000
16       16   (0)      1  : 0.0000 0.0000 0.9999 0.0000 0.0000 0.0000 0.0000 0.0000
17       17   (0)      1  : 0.0000 0.0000 0.9999 0.0000 0.0000 0.0000 0.0000 0.0000
18       18   (0)      1  : 0.0000 0.0000 0.9999 0.0000 0.0000 0.0000 0.0000 0.0000
19       19   (0)      1  : 0.0000 0.0000 0.9999 0.0000 0.0000 0.0000 0.0000 0.0000
20       20   (0)      1  : 0.0000 0.0000 0.9999 0.0000 0.0000 0.0000 0.0000 0.0000
21       21   (0)      1  : 0.0000 0.0000 0.9999 0.0000 0.0000 0.0000 0.0000 0.0000
22       22   (0)      1  : 0.0000 0.0000 0.9999 0.0000 0.0000 0.0000 0.0000 0.0000
23       23   (0)      1  : 0.0000 0.0000 0.9999 0.0000 0.0000 0.0000 0.0000 0.0000
24       24   (0)      1  : 0.0000 0.0000 0.9999 0.0000 0.0000 0.0000 0.0000 0.0000
25       25   (0)      1  : 0.0000 0.0000 0.9999 0.0000 0.0000 0.0000 0.0000 0.0000
26       26   (0)      1  : 0.0000 0.0000 0.9999 0.0000 0.0000 0.0000 0.0000 0.0000
27       27   (0)      1  : 0.0000 0.0000 0.9999 0.0000 0.0000 0.0000 0.0000 0.0000
28       28   (0)      1  : 0.0000 0.0000 0.9999 0.0000 0.0000 0.0000 0.0000 0.0000
29       29   (0)      1  : 0.0000 0.0000 0.9999 0.0000 0.0000 0.0000 0.0000 0.0000
30       30   (0)      1  : 0.0000 0.0000 0.9999 0.0000 0.0000 0.0000 0.0000 0.0000
31       31   (0)      1  : 0.0000 0.0000 0.9999 0.0000 0.0000 0.0000 0.0000 0.0000
32       32   (0)      1  : 0.0000 0.0000 0.9999 0.0000 0.0000 0.0000 0.0000 0.0000
33       33   (0)      1  : 0.0000 0.0000 0.9999 0.0000 0.0000 0.0000 0.0000 0.0000
34       34   (0)      1  : 0.0000 0.0000 0.9999 0.0000 0.0000 0.0000 0.0000 0.0000
35       35   (0)      1  : 0.0000 0.0000 0.9999 0.0000 0.0000 0.0000 0.0000 0.0000
36       36   (0)      1  : 0.0000 0.3843 0.0000 0.0000 0.0185 0.0000 0.0000 0.5971
37       37   (0)      1  : 0.0000 0.0000 0.0000 0.0000 0.0013 0.0000 0.0000 0.9986
38       38   (0)      1  : 0.0000 0.0000 0.0000 0.0000 0.0000 0.0000 0.0000 0.9999
39       39   (0)      1  : 0.0000 0.8710 0.0000 0.0000 0.0000 0.0000 0.0000 0.1289
40       40   (0)      1  : 0.0000 0.5549 0.0000 0.0000 0.1214 0.0000 0.0000 0.3237
41       41   (0)      1  : 0.0000 0.1848 0.0000 0.0000 0.5106 0.0000 0.0000 0.3046
42       42   (0)      1  : 0.0000 0.7329 0.0000 0.0000 0.0000 0.0000 0.0000 0.2671
43       43   (0)      1  : 0.0000 0.9856 0.0000 0.0000 0.0000 0.0000 0.0000 0.0144
44       44   (0)      1  : 0.0000 0.3690 0.0000 0.0000 0.6310 0.0000 0.0000 0.0000
45       45   (0)      1  : 0.0000 0.7842 0.0000 0.0000 0.0934 0.0000 0.0000 0.1223
46       46   (0)      1  : 0.0000 0.0000 0.0000 0.0000 0.9203 0.0000 0.0000 0.0797
47       47   (0)      1  : 0.0000 0.0000 0.0000 0.0000 0.0013 0.0000 0.0000 0.9986
48       48   (0)      1  : 0.0000 0.0000 0.0000 0.0000 0.9999 0.0000 0.0000 0.0000
49       49   (0)      1  : 0.0000 0.3595 0.0000 0.0000 0.6404 0.0000 0.0000 0.0000
50       50   (0)      1  : 0.0000 0.0000 0.0000 0.0000 0.5249 0.0000 0.0000 0.4751
51       51   (0)      1  : 0.0000 0.1748 0.0000 0.0000 0.7452 0.0000 0.0000 0.0800
52       52   (0)      1  : 0.0000 0.0000 0.0000 0.0000 0.0000 0.0000 0.0000 0.9999
53       53   (0)      1  : 0.0000 0.9999 0.0000 0.0000 0.0000 0.0000 0.0000 0.0000
54       54   (0)      1  : 0.0000 0.9999 0.0000 0.0000 0.0000 0.0000 0.0000 0.0000
55       55   (0)      1  : 0.0000 0.2462 0.0000 0.0000 0.7537 0.0000 0.0000 0.0000
56       56   (0)      1  : 0.0000 0.0000 0.0000 0.0000 0.0000 0.0000 0.0000 0.9999
57       57   (0)      1  : 0.0000 0.9999 0.0000 0.0000 0.0000 0.0000 0.0000 0.0000
58       58   (0)      1  : 0.0000 0.5711 0.0000 0.0000 0.4289 0.0000 0.0000 0.0000
59       59   (0)      1  : 0.0000 0.5037 0.0000 0.0000 0.4963 0.0000 0.0000 0.0000
60       60   (0)      1  : 0.0000 0.9999 0.0000 0.0000 0.0000 0.0000 0.0000 0.0000
61       61   (0)      1  : 0.0000 0.8464 0.0000 0.0000 0.1535 0.0000 0.0000 0.0000
62       62   (0)      1  : 0.0000 0.0000 0.0000 0.0000 0.0002 0.0000 0.0000 0.9998
63       63   (0)      1  : 0.0000 0.0665 0.0000 0.0000 0.9334 0.0000 0.0000 0.0000
64       64   (0)      1  : 0.0000 0.9929 0.0000 0.0000 0.0000 0.0000 0.0000 0.0070
65       65   (0)      1  : 0.0000 0.6245 0.0000 0.0000 0.0000 0.0000 0.0000 0.3755
66       66   (0)      1  : 0.0000 0.9999 0.0000 0.0000 0.0000 0.0000 0.0000 0.0000
67       67   (0)      1  : 0.0000 0.8505 0.0000 0.0000 0.1152 0.0000 0.0000 0.0343
68       68   (0)      1  : 0.0000 0.0000 0.0000 0.0000 0.9999 0.0000 0.0000 0.0000
69       69   (0)      1  : 0.0000 0.5724 0.0000 0.0000 0.0318 0.0000 0.0000 0.3957
70       70   (0)      1  : 0.0000 0.0000 0.0000 0.0000 0.9999 0.0000 0.0000 0.0000
71       71   (0)      1  : 0.0000 0.0852 0.0000 0.0000 0.9147 0.0000 0.0000 0.0000
72       72   (0)      1  : 0.0000 0.9999 0.0000 0.0000 0.0000 0.0000 0.0000 0.0000
73       73   (0)      1  : 0.0000 0.9999 0.0000 0.0000 0.0000 0.0000 0.0000 0.0000
74       74   (0)      1  : 0.0000 0.7423 0.0000 0.0000 0.1295 0.0000 0.0000 0.1281
75       75   (0)      1  : 0.0000 0.6476 0.0000 0.0000 0.0351 0.0000 0.0000 0.3173
76       76   (0)      1  : 0.0000 0.0000 0.0000 0.0000 0.9529 0.0000 0.0000 0.0471
77       77   (0)      1  : 0.0000 0.0000 0.0000 0.0000 0.2648 0.0000 0.0000 0.7351
78       78   (0)      1  : 0.0090 0.0000 0.0000 0.0000 0.0000 0.0000 0.9909 0.0000
79       79   (0)      1  : 0.4751 0.0000 0.0000 0.0000 0.0000 0.0000 0.5249 0.0000
80       80   (0)      1  : 0.9999 0.0000 0.0000 0.0000 0.0000 0.0000 0.0000 0.0000
81       81   (0)      1  : 0.3333 0.0000 0.0000 0.0000 0.0000 0.0000 0.6666 0.0000
82       82   (0)      1  : 0.3333 0.0000 0.0000 0.0000 0.0000 0.0000 0.6666 0.0000
83       83   (0)      1  : 0.4573 0.0000 0.0000 0.0000 0.0000 0.0000 0.5426 0.0000
84       84   (0)      1  : 0.6666 0.0000 0.0000 0.0000 0.0000 0.0000 0.3333 0.0000
85       85   (0)      1  : 0.3333 0.0000 0.0000 0.0000 0.0000 0.0000 0.6666 0.0000
86       86   (0)      1  : 0.9999 0.0000 0.0000 0.0000 0.0000 0.0000 0.0000 0.0000
87       87   (0)      1  : 0.3333 0.0000 0.0000 0.0000 0.0000 0.0000 0.6666 0.0000
88       88   (0)      1  : 0.6666 0.0000 0.0000 0.0000 0.0000 0.0000 0.3333 0.0000
89       89   (0)      1  : 0.3333 0.0000 0.0000 0.0000 0.0000 0.0000 0.6666 0.0000
90       90   (0)      1  : 0.3333 0.0000 0.0000 0.0000 0.0000 0.0000 0.6666 0.0000
91       91   (0)      1  : 0.9999 0.0000 0.0000 0.0000 0.0000 0.0000 0.0000 0.0000
92       92   (0)      1  : 0.9999 0.0000 0.0000 0.0000 0.0000 0.0000 0.0000 0.0000
93       93   (0)      1  : 0.9999 0.0000 0.0000 0.0000 0.0000 0.0000 0.0000 0.0000
94       94   (0)      1  : 0.6666 0.0000 0.0000 0.0000 0.0000 0.0000 0.3333 0.0000
95       95   (0)      1  : 0.6666 0.0000 0.0000 0.0000 0.0000 0.0000 0.3333 0.0000
96       96   (0)      1  : 0.0000 0.0000 0.0000 0.9999 0.0000 0.0000 0.0000 0.0000
97       97   (0)      1  : 0.0000 0.0000 0.0000 0.9999 0.0000 0.0000 0.0000 0.0000
98       98   (0)      1  : 0.0000 0.0000 0.0000 0.9999 0.0000 0.0000 0.0000 0.0000
99       99   (0)      1  : 0.0000 0.0000 0.0000 0.9999 0.0000 0.0000 0.0000 0.0000
100      100   (0)      1  : 0.0000 0.0000 0.0000 0.9999 0.0000 0.0000 0.0000 0.0000
101      101   (0)      1  : 0.0000 0.0000 0.0000 0.9999 0.0000 0.0000 0.0000 0.0000
102      102   (0)      1  : 0.0000 0.0000 0.0000 0.9999 0.0000 0.0000 0.0000 0.0000
103      103   (0)      1  : 0.0000 0.0000 0.0000 0.9999 0.0000 0.0000 0.0000 0.0000
104      104   (0)      1  : 0.0000 0.0000 0.0000 0.9999 0.0000 0.0000 0.0000 0.0000
105      105   (0)      1  : 0.0000 0.0000 0.0000 0.9999 0.0000 0.0000 0.0000 0.0000
106      106   (0)      1  : 0.0000 0.0000 0.0000 0.9999 0.0000 0.0000 0.0000 0.0000
107      107   (0)      1  : 0.0000 0.0000 0.0000 0.9999 0.0000 0.0000 0.0000 0.0000
108      108   (0)      1  : 0.0000 0.0000 0.0000 0.9999 0.0000 0.0000 0.0000 0.0000
109      109   (0)      1  : 0.0000 0.0000 0.0000 0.9999 0.0000 0.0000 0.0000 0.0000
110      110   (0)      1  : 0.0000 0.0000 0.0000 0.9999 0.0000 0.0000 0.0000 0.0000
111      111   (0)      1  : 0.0000 0.0000 0.0000 0.9999 0.0000 0.0000 0.0000 0.0000
112      112   (0)      1  : 0.0000 0.0000 0.0000 0.9999 0.0000 0.0000 0.0000 0.0000
113      113   (0)      1  : 0.0000 0.0000 0.0000 0.9999 0.0000 0.0000 0.0000 0.0000
114      114   (0)      1  : 0.0000 0.0000 0.0000 0.0000 0.0000 0.9999 0.0000 0.0000
115      115   (0)      1  : 0.0000 0.0000 0.0000 0.0000 0.0000 0.9999 0.0000 0.0000
116      116   (0)      1  : 0.0000 0.0000 0.0000 0.0000 0.0000 0.9999 0.0000 0.0000
117      117   (0)      1  : 0.0000 0.0000 0.0000 0.0000 0.0000 0.9999 0.0000 0.0000
118      118   (0)      1  : 0.0000 0.0000 0.0000 0.0000 0.0000 0.9999 0.0000 0.0000
119      119   (0)      1  : 0.0000 0.0000 0.0000 0.0000 0.0000 0.9999 0.0000 0.0000
120      120   (0)      1  : 0.0000 0.0000 0.0000 0.0000 0.0000 0.9999 0.0000 0.0000
121      121   (0)      1  : 0.0000 0.0000 0.0000 0.0000 0.0000 0.9999 0.0000 0.0000
