  1        1   (0)      1 :  0.0000 0.0000 0.0000 0.7477 0.0000 0.0000 0.0000 0.0000 0.0000 0.0171 0.2351 0.0000 
  2        2   (0)      1 :  0.0000 0.0000 0.0000 0.4799 0.0000 0.0000 0.0000 0.0067 0.0067 0.1406 0.3661 0.0000 
  3        3   (0)      1 :  0.0000 0.0000 0.0000 0.5587 0.0000 0.0000 0.0000 0.0026 0.0023 0.0173 0.4190 0.0000 
  4        4   (0)      1 :  0.0000 0.0000 0.0000 0.4553 0.0000 0.0000 0.0000 0.0015 0.0014 0.0271 0.5146 0.0000 
  5        5   (0)      1 :  0.0000 0.0000 0.0000 0.4764 0.0000 0.0000 0.0000 0.0000 0.0000 0.0120 0.5115 0.0000 
  6        6   (0)      1 :  0.0000 0.0000 0.0000 0.3497 0.0000 0.0000 0.0000 0.0000 0.0000 0.0186 0.6316 0.0000 
  7        7   (0)      1 :  0.0000 0.0000 0.0000 0.9997 0.0000 0.0000 0.0000 0.0000 0.0000 0.0002 0.0000 0.0000 
  8        8   (0)      1 :  0.0000 0.0000 0.0000 0.4405 0.0000 0.0000 0.0000 0.0000 0.0000 0.0362 0.5232 0.0000 
  9        9   (0)      1 :  0.0000 0.0000 0.0000 0.0401 0.0000 0.0000 0.0000 0.0069 0.0071 0.3900 0.5558 0.0000 
 10       10   (0)      1 :  0.0000 0.0000 0.0000 0.4202 0.0000 0.0000 0.0000 0.0333 0.0333 0.4004 0.1126 0.0000 
 11       11   (0)      1 :  0.0000 0.0000 0.0000 0.5237 0.0000 0.0000 0.0000 0.0000 0.0000 0.0152 0.4610 0.0000 
 12       12   (0)      1 :  0.0000 0.0000 0.0000 0.3970 0.0000 0.0000 0.0000 0.0333 0.0333 0.4000 0.1363 0.0000 
 13       13   (0)      1 :  0.0000 0.0000 0.0000 0.0655 0.0000 0.0000 0.0000 0.0000 0.0000 0.2196 0.7148 0.0000 
 14       14   (0)      1 :  0.0000 0.0000 0.0000 0.4170 0.0000 0.0000 0.0000 0.0333 0.0333 0.4010 0.1152 0.0000 
 15       15   (0)      1 :  0.0000 0.0000 0.0000 0.3259 0.0000 0.0000 0.0000 0.0024 0.0023 0.1487 0.5207 0.0000 
 16       16   (0)      1 :  0.0000 0.0000 0.0000 0.9889 0.0000 0.0000 0.0000 0.0000 0.0000 0.0110 0.0000 0.0000 
 17       17   (0)      1 :  0.0000 0.0000 0.0000 0.5374 0.0000 0.0000 0.0000 0.0000 0.0000 0.0059 0.4566 0.0000 
 18       18   (0)      1 :  0.0000 0.0000 0.0000 0.0345 0.0000 0.0000 0.0000 0.0000 0.0000 0.3643 0.6011 0.0000 
 19       19   (0)      1 :  0.0000 0.0000 0.0000 0.4507 0.0000 0.0000 0.0000 0.0000 0.0000 0.0135 0.5357 0.0000 
 20       20   (0)      1 :  0.0000 0.0000 0.0000 0.8016 0.0000 0.0000 0.0000 0.0033 0.0033 0.0909 0.1009 0.0000 
 21       21   (0)      1 :  0.0000 0.0000 0.0000 0.8959 0.0000 0.0000 0.0000 0.0000 0.0000 0.0262 0.0778 0.0000 
 22       22   (0)      1 :  0.0000 0.0000 0.0000 0.9701 0.0000 0.0000 0.0000 0.0020 0.0021 0.0219 0.0039 0.0000 
 23       23   (0)      1 :  0.0000 0.0000 0.0000 0.9155 0.0000 0.0000 0.0000 0.0049 0.0050 0.0591 0.0153 0.0000 
 24       24   (0)      1 :  0.0000 0.0000 0.0000 0.0340 0.0000 0.0000 0.0000 0.0000 0.0000 0.3668 0.5991 0.0000 
 25       25   (0)      1 :  0.0000 0.0000 0.0000 0.7959 0.0000 0.0000 0.0000 0.0006 0.0007 0.0593 0.1434 0.0000 
 26       26   (0)      1 :  0.0000 0.0000 0.0000 0.9216 0.0000 0.0000 0.0000 0.0000 0.0000 0.0270 0.0514 0.0000 
 27       27   (0)      1 :  0.0000 0.0000 0.0000 0.2733 0.0000 0.0000 0.0000 0.0029 0.0025 0.0758 0.6454 0.0000 
 28       28   (0)      1 :  0.0000 0.0000 0.0000 0.5956 0.0000 0.0000 0.0000 0.0026 0.0025 0.0261 0.3732 0.0000 
 29       29   (0)      1 :  0.0000 0.0000 0.0000 0.4764 0.0000 0.0000 0.0000 0.0000 0.0000 0.0482 0.4754 0.0000 
 30       30   (0)      1 :  0.0000 0.0000 0.0000 0.9412 0.0000 0.0000 0.0000 0.0017 0.0024 0.0390 0.0157 0.0000 
 31       31   (0)      1 :  0.0000 0.0000 0.0000 0.4105 0.0000 0.0000 0.0000 0.0010 0.0009 0.0269 0.5605 0.0000 
 32       32   (0)      1 :  0.0000 0.0000 0.0000 0.9980 0.0000 0.0000 0.0000 0.0000 0.0000 0.0019 0.0000 0.0000 
 33       33   (0)      1 :  0.0000 0.0000 0.0000 0.9048 0.0000 0.0000 0.0000 0.0043 0.0043 0.0478 0.0387 0.0000 
 34       34   (0)      1 :  0.0000 0.0000 0.0000 0.4899 0.0000 0.0000 0.0000 0.0024 0.0022 0.0502 0.4552 0.0000 
 35       35   (0)      1 :  0.0000 0.0000 0.0000 0.0333 0.0000 0.0000 0.0000 0.0000 0.0000 0.3674 0.5992 0.0000 
 36       36   (0)      1 :  0.5339 0.0000 0.0000 0.0000 0.0000 0.0236 0.0000 0.0516 0.0000 0.0251 0.0000 0.3657 
 37       37   (0)      1 :  0.9812 0.0000 0.0000 0.0000 0.0000 0.0000 0.0000 0.0187 0.0000 0.0000 0.0000 0.0000 
 38       38   (0)      1 :  0.9743 0.0000 0.0000 0.0000 0.0000 0.0117 0.0000 0.0139 0.0000 0.0000 0.0000 0.0000 
 39       39   (0)      1 :  0.0847 0.0000 0.0000 0.0000 0.0000 0.0049 0.0000 0.0846 0.0000 0.0134 0.0000 0.8124 
 40       40   (0)      1 :  0.2999 0.0000 0.0000 0.0000 0.0000 0.0979 0.0000 0.1032 0.0000 0.0129 0.0000 0.4860 
 41       41   (0)      1 :  0.2447 0.0000 0.0000 0.0000 0.0000 0.1956 0.0000 0.4343 0.0000 0.0770 0.0000 0.0482 
 42       42   (0)      1 :  0.1373 0.0000 0.0000 0.0000 0.0000 0.0031 0.0000 0.3003 0.0000 0.0733 0.0000 0.4859 
 43       43   (0)      1 :  0.0029 0.0000 0.0000 0.0000 0.0000 0.0019 0.0000 0.4259 0.0000 0.0366 0.0000 0.5327 
 44       44   (0)      1 :  0.0289 0.0000 0.0000 0.0000 0.0000 0.3668 0.0000 0.2799 0.0000 0.0772 0.0000 0.2472 
 45       45   (0)      1 :  0.0497 0.0000 0.0000 0.0000 0.0000 0.0883 0.0000 0.1631 0.0000 0.0225 0.0000 0.6762 
 46       46   (0)      1 :  0.1274 0.0000 0.0000 0.0000 0.0000 0.7669 0.0000 0.0723 0.0000 0.0333 0.0000 0.0000 
 47       47   (0)      1 :  0.8964 0.0000 0.0000 0.0000 0.0000 0.0121 0.0000 0.0796 0.0000 0.0118 0.0000 0.0000 
 48       48   (0)      1 :  0.1726 0.0000 0.0000 0.0000 0.0000 0.4598 0.0000 0.2341 0.0000 0.1333 0.0000 0.0000 
 49       49   (0)      1 :  0.0428 0.0000 0.0000 0.0000 0.0000 0.6884 0.0000 0.0333 0.0000 0.0532 0.0000 0.1821 
 50       50   (0)      1 :  0.4509 0.0000 0.0000 0.0000 0.0000 0.4478 0.0000 0.0994 0.0000 0.0019 0.0000 0.0000 
 51       51   (0)      1 :  0.0616 0.0000 0.0000 0.0000 0.0000 0.7339 0.0000 0.1282 0.0000 0.0000 0.0000 0.0762 
 52       52   (0)      1 :  0.8318 0.0000 0.0000 0.0000 0.0000 0.0631 0.0000 0.0405 0.0000 0.0645 0.0000 0.0000 
 53       53   (0)      1 :  0.0000 0.0000 0.0000 0.0000 0.0000 0.0000 0.0000 0.0675 0.0000 0.0000 0.0000 0.9323 
 54       54   (0)      1 :  0.0010 0.0000 0.0000 0.0000 0.0000 0.0200 0.0000 0.2313 0.0000 0.0315 0.0000 0.7162 
 55       55   (0)      1 :  0.0001 0.0000 0.0000 0.0000 0.0000 0.7242 0.0000 0.1580 0.0000 0.0000 0.0000 0.1176 
 56       56   (0)      1 :  0.8987 0.0000 0.0000 0.0000 0.0000 0.0333 0.0000 0.0333 0.0000 0.0345 0.0000 0.0000 
 57       57   (0)      1 :  0.0000 0.0000 0.0000 0.0000 0.0000 0.0000 0.0000 0.2153 0.0000 0.0487 0.0000 0.7359 
 58       58   (0)      1 :  0.0084 0.0000 0.0000 0.0000 0.0000 0.2219 0.0000 0.2550 0.0000 0.0368 0.0000 0.4778 
 59       59   (0)      1 :  0.0113 0.0000 0.0000 0.0000 0.0000 0.4898 0.0000 0.1987 0.0000 0.0082 0.0000 0.2920 
 60       60   (0)      1 :  0.0000 0.0000 0.0000 0.0000 0.0000 0.0414 0.0000 0.1928 0.0000 0.0174 0.0000 0.7483 
 61       61   (0)      1 :  0.0004 0.0000 0.0000 0.0000 0.0000 0.1519 0.0000 0.2012 0.0000 0.0049 0.0000 0.6415 
 62       62   (0)      1 :  0.9117 0.0000 0.0000 0.0000 0.0000 0.0333 0.0000 0.0336 0.0000 0.0213 0.0000 0.0000 
 63       63   (0)      1 :  0.0576 0.0000 0.0000 0.0000 0.0000 0.7794 0.0000 0.0894 0.0000 0.0266 0.0000 0.0469 
 64       64   (0)      1 :  0.0125 0.0000 0.0000 0.0000 0.0000 0.0008 0.0000 0.0510 0.0000 0.0055 0.0000 0.9301 
 65       65   (0)      1 :  0.2411 0.0000 0.0000 0.0000 0.0000 0.0000 0.0000 0.2483 0.0000 0.0262 0.0000 0.4843 
 66       66   (0)      1 :  0.0000 0.0000 0.0000 0.0000 0.0000 0.0551 0.0000 0.1286 0.0000 0.0154 0.0000 0.8008 
 67       67   (0)      1 :  0.0205 0.0000 0.0000 0.0000 0.0000 0.1601 0.0000 0.2401 0.0000 0.0053 0.0000 0.5739 
 68       68   (0)      1 :  0.1345 0.0000 0.0000 0.0000 0.0000 0.4828 0.0000 0.2476 0.0000 0.1333 0.0000 0.0018 
 69       69   (0)      1 :  0.2404 0.0000 0.0000 0.0000 0.0000 0.0309 0.0000 0.4779 0.0000 0.0377 0.0000 0.2131 
 70       70   (0)      1 :  0.0698 0.0000 0.0000 0.0000 0.0000 0.7980 0.0000 0.0475 0.0000 0.0551 0.0000 0.0295 
 71       71   (0)      1 :  0.1044 0.0000 0.0000 0.0000 0.0000 0.4345 0.0000 0.2287 0.0000 0.1158 0.0000 0.1164 
 72       72   (0)      1 :  0.0000 0.0000 0.0000 0.0000 0.0000 0.0545 0.0000 0.0664 0.0000 0.0000 0.0000 0.8790 
 73       73   (0)      1 :  0.0003 0.0000 0.0000 0.0000 0.0000 0.0429 0.0000 0.2018 0.0000 0.0000 0.0000 0.7550 
 74       74   (0)      1 :  0.0504 0.0000 0.0000 0.0000 0.0000 0.0598 0.0000 0.5090 0.0000 0.0421 0.0000 0.3386 
 75       75   (0)      1 :  0.1381 0.0000 0.0000 0.0000 0.0000 0.0483 0.0000 0.4456 0.0000 0.0450 0.0000 0.3230 
 76       76   (0)      1 :  0.1959 0.0000 0.0000 0.0000 0.0000 0.4374 0.0000 0.2333 0.0000 0.1333 0.0000 0.0000 
 77       77   (0)      1 :  0.7471 0.0000 0.0000 0.0000 0.0000 0.2093 0.0000 0.0267 0.0000 0.0168 0.0000 0.0000 
 78       78   (0)      1 :  0.0000 0.0000 0.0000 0.0000 0.0000 0.0000 0.9343 0.0000 0.0338 0.0318 0.0000 0.0000 
 79       79   (0)      1 :  0.0000 0.0000 0.0000 0.0000 0.0000 0.0000 0.6583 0.0000 0.3083 0.0333 0.0000 0.0000 
 80       80   (0)      1 :  0.0000 0.0000 0.0000 0.0000 0.0000 0.0000 0.1675 0.0333 0.7658 0.0000 0.0333 0.0000 
 81       81   (0)      1 :  0.0000 0.0333 0.0000 0.0000 0.0000 0.0000 0.6999 0.0000 0.2333 0.0000 0.0333 0.0000 
 82       82   (0)      1 :  0.0000 0.0334 0.0000 0.0000 0.0000 0.0000 0.6852 0.0000 0.2146 0.0333 0.0333 0.0000 
 83       83   (0)      1 :  0.0000 0.0000 0.0000 0.0000 0.0000 0.0000 0.6899 0.0000 0.2766 0.0333 0.0000 0.0000 
 84       84   (0)      1 :  0.0000 0.0000 0.0000 0.0000 0.0000 0.0000 0.4008 0.0000 0.5991 0.0000 0.0000 0.0000 
 85       85   (0)      1 :  0.0000 0.0000 0.0000 0.0000 0.0000 0.0000 0.8666 0.0000 0.0667 0.0667 0.0000 0.0000 
 86       86   (0)      1 :  0.0000 0.0000 0.0000 0.0000 0.0000 0.0000 0.2000 0.0333 0.7333 0.0333 0.0000 0.0000 
 87       87   (0)      1 :  0.0000 0.0000 0.0000 0.0000 0.0000 0.0000 0.7024 0.0000 0.2646 0.0329 0.0000 0.0000 
 88       88   (0)      1 :  0.0000 0.0000 0.0000 0.0000 0.0000 0.0000 0.6207 0.0000 0.3792 0.0000 0.0000 0.0000 
 89       89   (0)      1 :  0.0000 0.0333 0.0000 0.0000 0.0000 0.0000 0.7339 0.0000 0.2000 0.0327 0.0000 0.0000 
 90       90   (0)      1 :  0.0000 0.0000 0.0000 0.0000 0.0000 0.0000 0.8568 0.0000 0.1098 0.0333 0.0000 0.0000 
 91       91   (0)      1 :  0.0000 0.0000 0.0000 0.0000 0.0000 0.0000 0.2238 0.0333 0.7100 0.0000 0.0328 0.0000 
 92       92   (0)      1 :  0.0000 0.0000 0.0000 0.0000 0.0000 0.0000 0.1667 0.0333 0.7666 0.0000 0.0333 0.0000 
 93       93   (0)      1 :  0.0000 0.0000 0.0000 0.0000 0.0000 0.0000 0.1960 0.0333 0.7373 0.0000 0.0333 0.0000 
 94       94   (0)      1 :  0.0000 0.0000 0.0000 0.0000 0.0000 0.0000 0.7661 0.0000 0.2010 0.0328 0.0000 0.0000 
 95       95   (0)      1 :  0.0000 0.0000 0.0000 0.0000 0.0000 0.0000 0.7534 0.0000 0.2465 0.0000 0.0000 0.0000 
 96       96   (0)      1 :  0.0000 0.2544 0.6122 0.0000 0.0000 0.0000 0.0000 0.0333 0.0667 0.0333 0.0000 0.0000 
 97       97   (0)      1 :  0.0000 0.1608 0.7656 0.0000 0.0000 0.0000 0.0000 0.0000 0.0402 0.0333 0.0000 0.0000 
 98       98   (0)      1 :  0.0000 0.0333 0.9666 0.0000 0.0000 0.0000 0.0000 0.0000 0.0000 0.0000 0.0000 0.0000 
 99       99   (0)      1 :  0.0000 0.3030 0.6302 0.0000 0.0000 0.0000 0.0000 0.0333 0.0000 0.0333 0.0000 0.0000 
100      100   (0)      1 :  0.0000 0.0243 0.9262 0.0000 0.0000 0.0000 0.0000 0.0000 0.0263 0.0231 0.0000 0.0000 
101      101   (0)      1 :  0.0000 0.2304 0.7448 0.0000 0.0000 0.0000 0.0000 0.0000 0.0247 0.0000 0.0000 0.0000 
102      102   (0)      1 :  0.0000 0.6823 0.3176 0.0000 0.0000 0.0000 0.0000 0.0000 0.0000 0.0000 0.0000 0.0000 
103      103   (0)      1 :  0.0000 0.0771 0.9228 0.0000 0.0000 0.0000 0.0000 0.0000 0.0000 0.0000 0.0000 0.0000 
104      104   (0)      1 :  0.0000 0.3495 0.5374 0.0000 0.0000 0.0000 0.0000 0.0248 0.0667 0.0217 0.0000 0.0000 
105      105   (0)      1 :  0.0000 0.7990 0.2009 0.0000 0.0000 0.0000 0.0000 0.0000 0.0000 0.0000 0.0000 0.0000 
106      106   (0)      1 :  0.0000 0.1280 0.8053 0.0000 0.0000 0.0000 0.0000 0.0000 0.0667 0.0000 0.0000 0.0000 
107      107   (0)      1 :  0.0000 0.7987 0.2012 0.0000 0.0000 0.0000 0.0000 0.0000 0.0000 0.0000 0.0000 0.0000 
108      108   (0)      1 :  0.0000 0.6055 0.3842 0.0000 0.0000 0.0000 0.0000 0.0000 0.0000 0.0101 0.0000 0.0000 
109      109   (0)      1 :  0.0000 0.1435 0.8231 0.0000 0.0000 0.0000 0.0000 0.0333 0.0000 0.0000 0.0000 0.0000 
110      110   (0)      1 :  0.0000 0.0667 0.8470 0.0000 0.0000 0.0000 0.0000 0.0333 0.0196 0.0333 0.0000 0.0000 
111      111   (0)      1 :  0.0000 0.0100 0.9566 0.0000 0.0000 0.0000 0.0000 0.0333 0.0000 0.0000 0.0000 0.0000 
112      112   (0)      1 :  0.0000 0.1010 0.7656 0.0000 0.0000 0.0000 0.0000 0.0333 0.0667 0.0333 0.0000 0.0000 
113      113   (0)      1 :  0.0000 0.8045 0.1954 0.0000 0.0000 0.0000 0.0000 0.0000 0.0000 0.0000 0.0000 0.0000 
114      114   (0)      1 :  0.0000 0.0333 0.0000 0.0000 0.9339 0.0000 0.0000 0.0000 0.0327 0.0000 0.0000 0.0000 
115      115   (0)      1 :  0.0000 0.1000 0.0000 0.0000 0.8500 0.0000 0.0000 0.0333 0.0085 0.0080 0.0000 0.0000 
116      116   (0)      1 :  0.0000 0.0145 0.0000 0.0000 0.8868 0.0000 0.0000 0.0000 0.0652 0.0333 0.0000 0.0000 
117      117   (0)      1 :  0.0000 0.0000 0.0000 0.0000 0.9203 0.0000 0.0000 0.0000 0.0462 0.0333 0.0000 0.0000 
118      118   (0)      1 :  0.0000 0.0002 0.0000 0.0000 0.9330 0.0000 0.0000 0.0333 0.0333 0.0000 0.0000 0.0000 
119      119   (0)      1 :  0.0000 0.0985 0.0000 0.0000 0.9014 0.0000 0.0000 0.0000 0.0000 0.0000 0.0000 0.0000 
120      120   (0)      1 :  0.0000 0.1000 0.0000 0.0000 0.8999 0.0000 0.0000 0.0000 0.0000 0.0000 0.0000 0.0000 
121      121   (0)      1 :  0.0000 0.0333 0.0000 0.0000 0.8999 0.0000 0.0000 0.0333 0.0000 0.0333 0.0000 0.0000 
