1        1   (0)      1  : 0.0000 0.0000 0.8492 0.0000 0.0000 0.0000 0.0000 0.1508
2        2   (0)      1  : 0.0000 0.0000 0.6987 0.0000 0.0000 0.0000 0.0000 0.3013
3        3   (0)      1  : 0.0000 0.0000 0.7933 0.0000 0.0000 0.0000 0.0000 0.2066
4        4   (0)      1  : 0.0000 0.0000 0.6585 0.0000 0.0000 0.0000 0.0000 0.3415
5        5   (0)      1  : 0.0000 0.0000 0.7190 0.0000 0.0000 0.0000 0.0000 0.2809
6        6   (0)      1  : 0.0000 0.0000 0.5981 0.0000 0.0000 0.0000 0.0000 0.4018
7        7   (0)      1  : 0.0000 0.0000 0.9999 0.0000 0.0000 0.0000 0.0000 0.0000
8        8   (0)      1  : 0.0000 0.0000 0.7354 0.0000 0.0000 0.0000 0.0000 0.2645
9        9   (0)      1  : 0.0000 0.0000 0.1667 0.0000 0.0000 0.0000 0.0000 0.8333
10       10   (0)      1  : 0.0000 0.0000 0.6666 0.0000 0.0000 0.0000 0.0000 0.3333
11       11   (0)      1  : 0.0000 0.0000 0.7590 0.0000 0.0000 0.0000 0.0000 0.2409
12       12   (0)      1  : 0.0000 0.0000 0.6666 0.0000 0.0000 0.0000 0.0000 0.3333
13       13   (0)      1  : 0.0000 0.0000 0.1667 0.0000 0.0000 0.0000 0.0000 0.8333
14       14   (0)      1  : 0.0000 0.0000 0.6666 0.0000 0.0000 0.0000 0.0000 0.3333
15       15   (0)      1  : 0.0000 0.0000 0.5467 0.0000 0.0000 0.0000 0.0000 0.4532
16       16   (0)      1  : 0.0000 0.0000 0.9999 0.0000 0.0000 0.0000 0.0000 0.0000
17       17   (0)      1  : 0.0000 0.0000 0.8202 0.0000 0.0000 0.0000 0.0000 0.1798
18       18   (0)      1  : 0.0000 0.0000 0.1667 0.0000 0.0000 0.0000 0.0000 0.8333
19       19   (0)      1  : 0.0000 0.0000 0.6893 0.0000 0.0000 0.0000 0.0000 0.3107
20       20   (0)      1  : 0.0000 0.0000 0.8455 0.0000 0.0000 0.0000 0.0000 0.1544
21       21   (0)      1  : 0.0000 0.0000 0.9161 0.0000 0.0000 0.0000 0.0000 0.0839
22       22   (0)      1  : 0.0000 0.0000 0.9999 0.0000 0.0000 0.0000 0.0000 0.0000
23       23   (0)      1  : 0.0000 0.0000 0.9564 0.0000 0.0000 0.0000 0.0000 0.0435
24       24   (0)      1  : 0.0000 0.0000 0.1667 0.0000 0.0000 0.0000 0.0000 0.8333
25       25   (0)      1  : 0.0000 0.0000 0.8564 0.0000 0.0000 0.0000 0.0000 0.1435
26       26   (0)      1  : 0.0000 0.0000 0.9190 0.0000 0.0000 0.0000 0.0000 0.0809
27       27   (0)      1  : 0.0000 0.0000 0.5303 0.0000 0.0000 0.0000 0.0000 0.4696
28       28   (0)      1  : 0.0000 0.0000 0.9070 0.0000 0.0000 0.0000 0.0000 0.0929
29       29   (0)      1  : 0.0000 0.0000 0.6948 0.0000 0.0000 0.0000 0.0000 0.3051
30       30   (0)      1  : 0.0000 0.0000 0.9544 0.0000 0.0000 0.0000 0.0000 0.0455
31       31   (0)      1  : 0.0000 0.0000 0.6311 0.0000 0.0000 0.0000 0.0000 0.3689
32       32   (0)      1  : 0.0000 0.0000 0.9999 0.0000 0.0000 0.0000 0.0000 0.0000
33       33   (0)      1  : 0.0000 0.0000 0.9457 0.0000 0.0000 0.0000 0.0000 0.0542
34       34   (0)      1  : 0.0000 0.0000 0.7567 0.0000 0.0000 0.0000 0.0000 0.2433
35       35   (0)      1  : 0.0000 0.0000 0.1667 0.0000 0.0000 0.0000 0.0000 0.8333
36       36   (0)      1  : 0.0000 0.3904 0.0000 0.0000 0.6096 0.0000 0.0000 0.0000
37       37   (0)      1  : 0.0000 0.0000 0.0000 0.0000 0.9999 0.0000 0.0000 0.0000
38       38   (0)      1  : 0.0000 0.0000 0.0000 0.0000 0.9999 0.0000 0.0000 0.0000
39       39   (0)      1  : 0.0000 0.9974 0.0000 0.0000 0.0026 0.0000 0.0000 0.0000
40       40   (0)      1  : 0.0000 0.6200 0.0000 0.0000 0.3799 0.0000 0.0000 0.0000
41       41   (0)      1  : 0.0000 0.1831 0.0000 0.0000 0.8169 0.0000 0.0000 0.0000
42       42   (0)      1  : 0.0000 0.7272 0.0000 0.0000 0.2728 0.0000 0.0000 0.0000
43       43   (0)      1  : 0.0000 0.9559 0.0000 0.0000 0.0440 0.0000 0.0000 0.0000
44       44   (0)      1  : 0.0000 0.5503 0.0000 0.0000 0.4497 0.0000 0.0000 0.0000
45       45   (0)      1  : 0.0000 0.8062 0.0000 0.0000 0.1937 0.0000 0.0000 0.0000
46       46   (0)      1  : 0.0000 0.0000 0.0000 0.0000 0.9999 0.0000 0.0000 0.0000
47       47   (0)      1  : 0.0000 0.0000 0.0000 0.0000 0.9999 0.0000 0.0000 0.0000
48       48   (0)      1  : 0.0000 0.0000 0.0000 0.0000 0.9999 0.0000 0.0000 0.0000
49       49   (0)      1  : 0.0000 0.6368 0.0000 0.0000 0.3631 0.0000 0.0000 0.0000
50       50   (0)      1  : 0.0000 0.0000 0.0000 0.0000 0.9999 0.0000 0.0000 0.0000
51       51   (0)      1  : 0.0000 0.3666 0.0000 0.0000 0.6333 0.0000 0.0000 0.0000
52       52   (0)      1  : 0.0000 0.0000 0.0000 0.0000 0.9999 0.0000 0.0000 0.0000
53       53   (0)      1  : 0.0000 0.9999 0.0000 0.0000 0.0000 0.0000 0.0000 0.0000
54       54   (0)      1  : 0.0000 0.9999 0.0000 0.0000 0.0000 0.0000 0.0000 0.0000
55       55   (0)      1  : 0.0000 0.5352 0.0000 0.0000 0.4647 0.0000 0.0000 0.0000
56       56   (0)      1  : 0.0000 0.0000 0.0000 0.0000 0.9999 0.0000 0.0000 0.0000
57       57   (0)      1  : 0.0000 0.9999 0.0000 0.0000 0.0000 0.0000 0.0000 0.0000
58       58   (0)      1  : 0.0000 0.6944 0.0000 0.0000 0.3055 0.0000 0.0000 0.0000
59       59   (0)      1  : 0.0000 0.6838 0.0000 0.0000 0.3162 0.0000 0.0000 0.0000
60       60   (0)      1  : 0.0000 0.9999 0.0000 0.0000 0.0000 0.0000 0.0000 0.0000
61       61   (0)      1  : 0.0000 0.9999 0.0000 0.0000 0.0000 0.0000 0.0000 0.0000
62       62   (0)      1  : 0.0000 0.0000 0.0000 0.0000 0.9999 0.0000 0.0000 0.0000
63       63   (0)      1  : 0.0000 0.3448 0.0000 0.0000 0.6552 0.0000 0.0000 0.0000
64       64   (0)      1  : 0.0000 0.9999 0.0000 0.0000 0.0000 0.0000 0.0000 0.0000
65       65   (0)      1  : 0.0000 0.7217 0.0000 0.0000 0.2782 0.0000 0.0000 0.0000
66       66   (0)      1  : 0.0000 0.9999 0.0000 0.0000 0.0000 0.0000 0.0000 0.0000
67       67   (0)      1  : 0.0000 0.8857 0.0000 0.0000 0.1142 0.0000 0.0000 0.0000
68       68   (0)      1  : 0.0000 0.0000 0.0000 0.0000 0.9999 0.0000 0.0000 0.0000
69       69   (0)      1  : 0.0000 0.5842 0.0000 0.0000 0.4158 0.0000 0.0000 0.0000
70       70   (0)      1  : 0.0000 0.1107 0.0000 0.0000 0.8892 0.0000 0.0000 0.0000
71       71   (0)      1  : 0.0000 0.3089 0.0000 0.0000 0.6911 0.0000 0.0000 0.0000
72       72   (0)      1  : 0.0000 0.9999 0.0000 0.0000 0.0000 0.0000 0.0000 0.0000
73       73   (0)      1  : 0.0000 0.9999 0.0000 0.0000 0.0000 0.0000 0.0000 0.0000
74       74   (0)      1  : 0.0000 0.7160 0.0000 0.0000 0.2839 0.0000 0.0000 0.0000
75       75   (0)      1  : 0.0000 0.6100 0.0000 0.0000 0.3899 0.0000 0.0000 0.0000
76       76   (0)      1  : 0.0000 0.0000 0.0000 0.0000 0.9999 0.0000 0.0000 0.0000
77       77   (0)      1  : 0.0000 0.0000 0.0000 0.0000 0.9999 0.0000 0.0000 0.0000
78       78   (0)      1  : 0.9999 0.0000 0.0000 0.0000 0.0000 0.0000 0.0000 0.0000
79       79   (0)      1  : 0.9999 0.0000 0.0000 0.0000 0.0000 0.0000 0.0000 0.0000
80       80   (0)      1  : 0.9999 0.0000 0.0000 0.0000 0.0000 0.0000 0.0000 0.0000
81       81   (0)      1  : 0.9999 0.0000 0.0000 0.0000 0.0000 0.0000 0.0000 0.0000
82       82   (0)      1  : 0.9999 0.0000 0.0000 0.0000 0.0000 0.0000 0.0000 0.0000
83       83   (0)      1  : 0.9999 0.0000 0.0000 0.0000 0.0000 0.0000 0.0000 0.0000
84       84   (0)      1  : 0.9999 0.0000 0.0000 0.0000 0.0000 0.0000 0.0000 0.0000
85       85   (0)      1  : 0.9999 0.0000 0.0000 0.0000 0.0000 0.0000 0.0000 0.0000
86       86   (0)      1  : 0.9999 0.0000 0.0000 0.0000 0.0000 0.0000 0.0000 0.0000
87       87   (0)      1  : 0.9999 0.0000 0.0000 0.0000 0.0000 0.0000 0.0000 0.0000
88       88   (0)      1  : 0.9999 0.0000 0.0000 0.0000 0.0000 0.0000 0.0000 0.0000
89       89   (0)      1  : 0.9999 0.0000 0.0000 0.0000 0.0000 0.0000 0.0000 0.0000
90       90   (0)      1  : 0.9999 0.0000 0.0000 0.0000 0.0000 0.0000 0.0000 0.0000
91       91   (0)      1  : 0.9999 0.0000 0.0000 0.0000 0.0000 0.0000 0.0000 0.0000
92       92   (0)      1  : 0.9999 0.0000 0.0000 0.0000 0.0000 0.0000 0.0000 0.0000
93       93   (0)      1  : 0.9999 0.0000 0.0000 0.0000 0.0000 0.0000 0.0000 0.0000
94       94   (0)      1  : 0.9999 0.0000 0.0000 0.0000 0.0000 0.0000 0.0000 0.0000
95       95   (0)      1  : 0.9999 0.0000 0.0000 0.0000 0.0000 0.0000 0.0000 0.0000
96       96   (0)      1  : 0.0000 0.0000 0.0000 0.6326 0.0000 0.0000 0.3673 0.0000
97       97   (0)      1  : 0.0000 0.0000 0.0000 0.8333 0.0000 0.0000 0.1667 0.0000
98       98   (0)      1  : 0.0000 0.0000 0.0000 0.8333 0.0000 0.0000 0.1667 0.0000
99       99   (0)      1  : 0.0000 0.0000 0.0000 0.9534 0.0000 0.0000 0.0465 0.0000
100      100   (0)      1  : 0.0000 0.0000 0.0000 0.8333 0.0000 0.0000 0.1667 0.0000
101      101   (0)      1  : 0.0000 0.0000 0.0000 0.5792 0.0000 0.0000 0.4207 0.0000
102      102   (0)      1  : 0.0000 0.0000 0.0000 0.1729 0.0000 0.0000 0.8271 0.0000
103      103   (0)      1  : 0.0000 0.0000 0.0000 0.7959 0.0000 0.0000 0.2040 0.0000
104      104   (0)      1  : 0.0000 0.0000 0.0000 0.3289 0.0000 0.0000 0.6710 0.0000
105      105   (0)      1  : 0.0000 0.0000 0.0000 0.1716 0.0000 0.0000 0.8284 0.0000
106      106   (0)      1  : 0.0000 0.0000 0.0000 0.6160 0.0000 0.0000 0.3840 0.0000
107      107   (0)      1  : 0.0000 0.0000 0.0000 0.0000 0.0000 0.0000 0.9999 0.0000
108      108   (0)      1  : 0.0000 0.0000 0.0000 0.2228 0.0000 0.0000 0.7772 0.0000
109      109   (0)      1  : 0.0000 0.0000 0.0000 0.8730 0.0000 0.0000 0.1269 0.0000
110      110   (0)      1  : 0.0000 0.0000 0.0000 0.9999 0.0000 0.0000 0.0000 0.0000
111      111   (0)      1  : 0.0000 0.0000 0.0000 0.9311 0.0000 0.0000 0.0688 0.0000
112      112   (0)      1  : 0.0000 0.0000 0.0000 0.8440 0.0000 0.0000 0.1559 0.0000
113      113   (0)      1  : 0.0000 0.0000 0.0000 0.1002 0.0000 0.0000 0.8997 0.0000
114      114   (0)      1  : 0.0000 0.0000 0.0000 0.0000 0.0000 0.8333 0.0000 0.1667
115      115   (0)      1  : 0.0000 0.0000 0.0000 0.0000 0.0000 0.8333 0.0000 0.1667
116      116   (0)      1  : 0.0000 0.0000 0.0000 0.0000 0.0000 0.9999 0.0000 0.0000
117      117   (0)      1  : 0.0000 0.0000 0.0000 0.0000 0.0000 0.9999 0.0000 0.0000
118      118   (0)      1  : 0.0000 0.0000 0.0000 0.0000 0.0000 0.9999 0.0000 0.0000
119      119   (0)      1  : 0.0000 0.0000 0.0000 0.0000 0.0000 0.9999 0.0000 0.0000
120      120   (0)      1  : 0.0000 0.0000 0.0000 0.0000 0.0000 0.9999 0.0000 0.0000
121      121   (0)      1  : 0.0000 0.0000 0.0000 0.0000 0.0000 0.9999 0.0000 0.0000
