  1        1   (0)      1 :  0.0000 0.0000 1.0000 0.0000 
  2        2   (0)      1 :  0.0000 0.0000 1.0000 0.0000 
  3        3   (0)      1 :  0.0000 0.0000 1.0000 0.0000 
  4        4   (0)      1 :  0.0000 0.0000 1.0000 0.0000 
  5        5   (0)      1 :  0.0000 0.0000 1.0000 0.0000 
  6        6   (0)      1 :  0.0000 0.0000 1.0000 0.0000 
  7        7   (0)      1 :  0.0000 0.0000 1.0000 0.0000 
  8        8   (0)      1 :  0.0000 0.0000 1.0000 0.0000 
  9        9   (0)      1 :  0.0000 0.0000 1.0000 0.0000 
 10       10   (0)      1 :  0.0000 0.0000 1.0000 0.0000 
 11       11   (0)      1 :  0.0000 0.0000 1.0000 0.0000 
 12       12   (0)      1 :  0.0000 0.0000 1.0000 0.0000 
 13       13   (0)      1 :  0.0000 0.0000 1.0000 0.0000 
 14       14   (0)      1 :  0.0000 0.0000 1.0000 0.0000 
 15       15   (0)      1 :  0.0000 0.0000 1.0000 0.0000 
 16       16   (0)      1 :  0.0000 0.0000 1.0000 0.0000 
 17       17   (0)      1 :  0.0000 0.0000 1.0000 0.0000 
 18       18   (0)      1 :  0.0000 0.0000 1.0000 0.0000 
 19       19   (0)      1 :  0.0000 0.0000 1.0000 0.0000 
 20       20   (0)      1 :  0.0000 0.0000 1.0000 0.0000 
 21       21   (0)      1 :  0.0000 0.0000 1.0000 0.0000 
 22       22   (0)      1 :  0.0000 0.0000 1.0000 0.0000 
 23       23   (0)      1 :  0.0000 0.0000 1.0000 0.0000 
 24       24   (0)      1 :  0.0000 0.0000 1.0000 0.0000 
 25       25   (0)      1 :  0.0000 0.0000 1.0000 0.0000 
 26       26   (0)      1 :  0.0000 0.0000 1.0000 0.0000 
 27       27   (0)      1 :  0.0000 0.0000 1.0000 0.0000 
 28       28   (0)      1 :  0.0000 0.0000 1.0000 0.0000 
 29       29   (0)      1 :  0.0000 0.0000 1.0000 0.0000 
 30       30   (0)      1 :  0.0000 0.0000 1.0000 0.0000 
 31       31   (0)      1 :  0.0000 0.0000 1.0000 0.0000 
 32       32   (0)      1 :  0.0000 0.0000 1.0000 0.0000 
 33       33   (0)      1 :  0.0000 0.0000 1.0000 0.0000 
 34       34   (0)      1 :  0.0000 0.0000 1.0000 0.0000 
 35       35   (0)      1 :  0.0000 0.0000 1.0000 0.0000 
 36       36   (0)      1 :  0.0203 0.0405 0.0000 0.9392 
 37       37   (0)      1 :  0.0333 0.0667 0.0000 0.9000 
 38       38   (0)      1 :  0.0333 0.0667 0.0000 0.9000 
 39       39   (0)      1 :  0.0003 0.0003 0.0000 0.9993 
 40       40   (0)      1 :  0.0127 0.0255 0.0000 0.9618 
 41       41   (0)      1 :  0.0276 0.0555 0.0000 0.9169 
 42       42   (0)      1 :  0.0090 0.0181 0.0000 0.9728 
 43       43   (0)      1 :  0.0015 0.0032 0.0000 0.9954 
 44       44   (0)      1 :  0.0189 0.0318 0.0000 0.9493 
 45       45   (0)      1 :  0.0062 0.0127 0.0000 0.9810 
 46       46   (0)      1 :  0.0333 0.0667 0.0000 0.9000 
 47       47   (0)      1 :  0.0333 0.0667 0.0000 0.9000 
 48       48   (0)      1 :  0.0333 0.0667 0.0000 0.9000 
 49       49   (0)      1 :  0.0110 0.0217 0.0000 0.9673 
 50       50   (0)      1 :  0.0333 0.0667 0.0000 0.9000 
 51       51   (0)      1 :  0.0211 0.0422 0.0000 0.9367 
 52       52   (0)      1 :  0.0333 0.0667 0.0000 0.9000 
 53       53   (0)      1 :  0.0000 0.0000 0.0000 1.0000 
 54       54   (0)      1 :  0.0000 0.0000 0.0000 1.0000 
 55       55   (0)      1 :  0.0155 0.0304 0.0000 0.9541 
 56       56   (0)      1 :  0.0333 0.0667 0.0000 0.9000 
 57       57   (0)      1 :  0.0000 0.0000 0.0000 1.0000 
 58       58   (0)      1 :  0.0102 0.0203 0.0000 0.9695 
 59       59   (0)      1 :  0.0108 0.0211 0.0000 0.9681 
 60       60   (0)      1 :  0.0000 0.0000 0.0000 1.0000 
 61       61   (0)      1 :  0.0000 0.0000 0.0000 1.0000 
 62       62   (0)      1 :  0.0333 0.0667 0.0000 0.9000 
 63       63   (0)      1 :  0.0217 0.0431 0.0000 0.9352 
 64       64   (0)      1 :  0.0000 0.0000 0.0000 1.0000 
 65       65   (0)      1 :  0.0093 0.0185 0.0000 0.9722 
 66       66   (0)      1 :  0.0000 0.0000 0.0000 1.0000 
 67       67   (0)      1 :  0.0038 0.0074 0.0000 0.9888 
 68       68   (0)      1 :  0.0333 0.0667 0.0000 0.9000 
 69       69   (0)      1 :  0.0133 0.0309 0.0000 0.9558 
 70       70   (0)      1 :  0.0292 0.0578 0.0000 0.9130 
 71       71   (0)      1 :  0.0231 0.0459 0.0000 0.9310 
 72       72   (0)      1 :  0.0000 0.0000 0.0000 1.0000 
 73       73   (0)      1 :  0.0000 0.0000 0.0000 1.0000 
 74       74   (0)      1 :  0.0093 0.0189 0.0000 0.9718 
 75       75   (0)      1 :  0.0129 0.0263 0.0000 0.9607 
 76       76   (0)      1 :  0.0333 0.0667 0.0000 0.9000 
 77       77   (0)      1 :  0.0333 0.0667 0.0000 0.9000 
 78       78   (0)      1 :  0.0028 0.9333 0.0638 0.0000 
 79       79   (0)      1 :  0.0024 0.9333 0.0643 0.0000 
 80       80   (0)      1 :  0.0027 0.9333 0.0640 0.0000 
 81       81   (0)      1 :  0.0018 0.9333 0.0649 0.0000 
 82       82   (0)      1 :  0.0020 0.9333 0.0647 0.0000 
 83       83   (0)      1 :  0.0027 0.9333 0.0640 0.0000 
 84       84   (0)      1 :  0.0017 0.9333 0.0650 0.0000 
 85       85   (0)      1 :  0.0027 0.9333 0.0640 0.0000 
 86       86   (0)      1 :  0.0026 0.9333 0.0641 0.0000 
 87       87   (0)      1 :  0.0024 0.9333 0.0643 0.0000 
 88       88   (0)      1 :  0.0025 0.9333 0.0642 0.0000 
 89       89   (0)      1 :  0.0024 0.9333 0.0643 0.0000 
 90       90   (0)      1 :  0.0021 0.9333 0.0646 0.0000 
 91       91   (0)      1 :  0.0026 0.9333 0.0641 0.0000 
 92       92   (0)      1 :  0.0015 0.9333 0.0652 0.0000 
 93       93   (0)      1 :  0.0022 0.9333 0.0645 0.0000 
 94       94   (0)      1 :  0.0022 0.9333 0.0645 0.0000 
 95       95   (0)      1 :  0.0018 0.9333 0.0648 0.0000 
 96       96   (0)      1 :  0.9333 0.0000 0.0667 0.0000 
 97       97   (0)      1 :  0.9333 0.0000 0.0667 0.0000 
 98       98   (0)      1 :  0.9333 0.0000 0.0667 0.0000 
 99       99   (0)      1 :  0.9333 0.0000 0.0667 0.0000 
100      100   (0)      1 :  0.9333 0.0000 0.0667 0.0000 
101      101   (0)      1 :  0.9333 0.0000 0.0667 0.0000 
102      102   (0)      1 :  0.9333 0.0000 0.0667 0.0000 
103      103   (0)      1 :  0.9333 0.0000 0.0667 0.0000 
104      104   (0)      1 :  0.9333 0.0000 0.0667 0.0000 
105      105   (0)      1 :  0.9333 0.0000 0.0667 0.0000 
106      106   (0)      1 :  0.9333 0.0000 0.0667 0.0000 
107      107   (0)      1 :  0.9333 0.0000 0.0667 0.0000 
108      108   (0)      1 :  0.9333 0.0000 0.0667 0.0000 
109      109   (0)      1 :  0.9333 0.0000 0.0667 0.0000 
110      110   (0)      1 :  0.9333 0.0000 0.0667 0.0000 
111      111   (0)      1 :  0.9333 0.0000 0.0667 0.0000 
112      112   (0)      1 :  0.9333 0.0000 0.0667 0.0000 
113      113   (0)      1 :  0.9333 0.0000 0.0667 0.0000 
114      114   (0)      1 :  0.0333 0.5514 0.4152 0.0000 
115      115   (0)      1 :  0.0334 0.5438 0.4228 0.0000 
116      116   (0)      1 :  0.0333 0.5524 0.4142 0.0000 
117      117   (0)      1 :  0.0333 0.5519 0.4147 0.0000 
118      118   (0)      1 :  0.0333 0.5546 0.4121 0.0000 
119      119   (0)      1 :  0.0333 0.5452 0.4214 0.0000 
120      120   (0)      1 :  0.0333 0.5399 0.4267 0.0000 
121      121   (0)      1 :  0.0333 0.5480 0.4186 0.0000 
