1        1   (0)      1  : 0.0000 0.0000 0.7990 0.0000 0.0000 0.0000 0.2010
2        2   (0)      1  : 0.0000 0.0000 0.6133 0.0000 0.0000 0.0000 0.3867
3        3   (0)      1  : 0.0000 0.0000 0.6966 0.0000 0.0000 0.0000 0.3033
4        4   (0)      1  : 0.0000 0.0000 0.5663 0.0000 0.0000 0.0000 0.4337
5        5   (0)      1  : 0.0000 0.0000 0.6396 0.0000 0.0000 0.0000 0.3603
6        6   (0)      1  : 0.0000 0.0000 0.4758 0.0000 0.0000 0.0000 0.5241
7        7   (0)      1  : 0.0000 0.0000 0.9999 0.0000 0.0000 0.0000 0.0000
8        8   (0)      1  : 0.0000 0.0000 0.6405 0.0000 0.0000 0.0000 0.3595
9        9   (0)      1  : 0.0000 0.0000 0.0000 0.0000 0.0000 0.0000 0.9999
10       10   (0)      1  : 0.0000 0.0000 0.5555 0.0000 0.0000 0.0000 0.4444
11       11   (0)      1  : 0.0000 0.0000 0.6549 0.0000 0.0000 0.0000 0.3450
12       12   (0)      1  : 0.0000 0.0000 0.5555 0.0000 0.0000 0.0000 0.4444
13       13   (0)      1  : 0.0000 0.0000 0.0000 0.0000 0.0000 0.0000 0.9999
14       14   (0)      1  : 0.0000 0.0000 0.5555 0.0000 0.0000 0.0000 0.4444
15       15   (0)      1  : 0.0000 0.0000 0.4296 0.0000 0.0000 0.0000 0.5703
16       16   (0)      1  : 0.0000 0.0000 0.9999 0.0000 0.0000 0.0000 0.0000
17       17   (0)      1  : 0.0000 0.0000 0.7589 0.0000 0.0000 0.0000 0.2411
18       18   (0)      1  : 0.0000 0.0000 0.0000 0.0000 0.0000 0.0000 0.9999
19       19   (0)      1  : 0.0000 0.0000 0.5906 0.0000 0.0000 0.0000 0.4094
20       20   (0)      1  : 0.0000 0.0000 0.8056 0.0000 0.0000 0.0000 0.1944
21       21   (0)      1  : 0.0000 0.0000 0.8927 0.0000 0.0000 0.0000 0.1072
22       22   (0)      1  : 0.0000 0.0000 0.9958 0.0000 0.0000 0.0000 0.0041
23       23   (0)      1  : 0.0000 0.0000 0.9396 0.0000 0.0000 0.0000 0.0604
24       24   (0)      1  : 0.0000 0.0000 0.0000 0.0000 0.0000 0.0000 0.9999
25       25   (0)      1  : 0.0000 0.0000 0.8186 0.0000 0.0000 0.0000 0.1813
26       26   (0)      1  : 0.0000 0.0000 0.9116 0.0000 0.0000 0.0000 0.0884
27       27   (0)      1  : 0.0000 0.0000 0.4124 0.0000 0.0000 0.0000 0.5876
28       28   (0)      1  : 0.0000 0.0000 0.8619 0.0000 0.0000 0.0000 0.1380
29       29   (0)      1  : 0.0000 0.0000 0.6151 0.0000 0.0000 0.0000 0.3848
30       30   (0)      1  : 0.0000 0.0000 0.9391 0.0000 0.0000 0.0000 0.0609
31       31   (0)      1  : 0.0000 0.0000 0.5280 0.0000 0.0000 0.0000 0.4719
32       32   (0)      1  : 0.0000 0.0000 0.9999 0.0000 0.0000 0.0000 0.0000
33       33   (0)      1  : 0.0000 0.0000 0.9256 0.0000 0.0000 0.0000 0.0743
34       34   (0)      1  : 0.0000 0.0000 0.6624 0.0000 0.0000 0.0000 0.3376
35       35   (0)      1  : 0.0000 0.0000 0.0000 0.0000 0.0000 0.0000 0.9999
36       36   (0)      1  : 0.0000 0.3943 0.0000 0.0000 0.6056 0.0000 0.0000
37       37   (0)      1  : 0.0000 0.0092 0.0000 0.0000 0.9908 0.0000 0.0000
38       38   (0)      1  : 0.0000 0.0000 0.0000 0.0000 0.9999 0.0000 0.0000
39       39   (0)      1  : 0.0000 0.9974 0.0000 0.0000 0.0025 0.0000 0.0000
40       40   (0)      1  : 0.0000 0.6152 0.0000 0.0000 0.3848 0.0000 0.0000
41       41   (0)      1  : 0.0000 0.1698 0.0000 0.0000 0.8302 0.0000 0.0000
42       42   (0)      1  : 0.0000 0.7288 0.0000 0.0000 0.2711 0.0000 0.0000
43       43   (0)      1  : 0.0000 0.9457 0.0000 0.0000 0.0542 0.0000 0.0000
44       44   (0)      1  : 0.0000 0.5511 0.0000 0.0000 0.4488 0.0000 0.0000
45       45   (0)      1  : 0.0000 0.8057 0.0000 0.0000 0.1943 0.0000 0.0000
46       46   (0)      1  : 0.0000 0.0000 0.0000 0.0000 0.9999 0.0000 0.0000
47       47   (0)      1  : 0.0000 0.0000 0.0000 0.0000 0.9999 0.0000 0.0000
48       48   (0)      1  : 0.0000 0.0000 0.0000 0.0000 0.9999 0.0000 0.0000
49       49   (0)      1  : 0.0000 0.6501 0.0000 0.0000 0.3498 0.0000 0.0000
50       50   (0)      1  : 0.0000 0.0000 0.0000 0.0000 0.9999 0.0000 0.0000
51       51   (0)      1  : 0.0000 0.3675 0.0000 0.0000 0.6325 0.0000 0.0000
52       52   (0)      1  : 0.0000 0.0000 0.0000 0.0000 0.9999 0.0000 0.0000
53       53   (0)      1  : 0.0000 0.9999 0.0000 0.0000 0.0000 0.0000 0.0000
54       54   (0)      1  : 0.0000 0.9999 0.0000 0.0000 0.0000 0.0000 0.0000
55       55   (0)      1  : 0.0000 0.5440 0.0000 0.0000 0.4559 0.0000 0.0000
56       56   (0)      1  : 0.0000 0.0000 0.0000 0.0000 0.9999 0.0000 0.0000
57       57   (0)      1  : 0.0000 0.9999 0.0000 0.0000 0.0000 0.0000 0.0000
58       58   (0)      1  : 0.0000 0.6943 0.0000 0.0000 0.3057 0.0000 0.0000
59       59   (0)      1  : 0.0000 0.6845 0.0000 0.0000 0.3155 0.0000 0.0000
60       60   (0)      1  : 0.0000 0.9999 0.0000 0.0000 0.0000 0.0000 0.0000
61       61   (0)      1  : 0.0000 0.9985 0.0000 0.0000 0.0015 0.0000 0.0000
62       62   (0)      1  : 0.0000 0.0000 0.0000 0.0000 0.9999 0.0000 0.0000
63       63   (0)      1  : 0.0000 0.3485 0.0000 0.0000 0.6515 0.0000 0.0000
64       64   (0)      1  : 0.0000 0.9977 0.0000 0.0000 0.0023 0.0000 0.0000
65       65   (0)      1  : 0.0000 0.7210 0.0000 0.0000 0.2790 0.0000 0.0000
66       66   (0)      1  : 0.0000 0.9921 0.0000 0.0000 0.0079 0.0000 0.0000
67       67   (0)      1  : 0.0000 0.8871 0.0000 0.0000 0.1129 0.0000 0.0000
68       68   (0)      1  : 0.0000 0.0000 0.0000 0.0000 0.9999 0.0000 0.0000
69       69   (0)      1  : 0.0000 0.5436 0.0000 0.0000 0.4564 0.0000 0.0000
70       70   (0)      1  : 0.0000 0.1190 0.0000 0.0000 0.8809 0.0000 0.0000
71       71   (0)      1  : 0.0000 0.3113 0.0000 0.0000 0.6886 0.0000 0.0000
72       72   (0)      1  : 0.0000 0.9999 0.0000 0.0000 0.0000 0.0000 0.0000
73       73   (0)      1  : 0.0000 0.9999 0.0000 0.0000 0.0000 0.0000 0.0000
74       74   (0)      1  : 0.0000 0.7103 0.0000 0.0000 0.2897 0.0000 0.0000
75       75   (0)      1  : 0.0000 0.6042 0.0000 0.0000 0.3957 0.0000 0.0000
76       76   (0)      1  : 0.0000 0.0000 0.0000 0.0000 0.9999 0.0000 0.0000
77       77   (0)      1  : 0.0000 0.0000 0.0000 0.0000 0.9999 0.0000 0.0000
78       78   (0)      1  : 0.9999 0.0000 0.0000 0.0000 0.0000 0.0000 0.0000
79       79   (0)      1  : 0.9999 0.0000 0.0000 0.0000 0.0000 0.0000 0.0000
80       80   (0)      1  : 0.9999 0.0000 0.0000 0.0000 0.0000 0.0000 0.0000
81       81   (0)      1  : 0.9999 0.0000 0.0000 0.0000 0.0000 0.0000 0.0000
82       82   (0)      1  : 0.9999 0.0000 0.0000 0.0000 0.0000 0.0000 0.0000
83       83   (0)      1  : 0.9999 0.0000 0.0000 0.0000 0.0000 0.0000 0.0000
84       84   (0)      1  : 0.9999 0.0000 0.0000 0.0000 0.0000 0.0000 0.0000
85       85   (0)      1  : 0.9999 0.0000 0.0000 0.0000 0.0000 0.0000 0.0000
86       86   (0)      1  : 0.9999 0.0000 0.0000 0.0000 0.0000 0.0000 0.0000
87       87   (0)      1  : 0.9999 0.0000 0.0000 0.0000 0.0000 0.0000 0.0000
88       88   (0)      1  : 0.9999 0.0000 0.0000 0.0000 0.0000 0.0000 0.0000
89       89   (0)      1  : 0.9999 0.0000 0.0000 0.0000 0.0000 0.0000 0.0000
90       90   (0)      1  : 0.9999 0.0000 0.0000 0.0000 0.0000 0.0000 0.0000
91       91   (0)      1  : 0.9999 0.0000 0.0000 0.0000 0.0000 0.0000 0.0000
92       92   (0)      1  : 0.9999 0.0000 0.0000 0.0000 0.0000 0.0000 0.0000
93       93   (0)      1  : 0.9999 0.0000 0.0000 0.0000 0.0000 0.0000 0.0000
94       94   (0)      1  : 0.9999 0.0000 0.0000 0.0000 0.0000 0.0000 0.0000
95       95   (0)      1  : 0.9999 0.0000 0.0000 0.0000 0.0000 0.0000 0.0000
96       96   (0)      1  : 0.0000 0.0000 0.0000 0.9999 0.0000 0.0000 0.0000
97       97   (0)      1  : 0.0000 0.0000 0.0000 0.9999 0.0000 0.0000 0.0000
98       98   (0)      1  : 0.0000 0.0000 0.0000 0.9999 0.0000 0.0000 0.0000
99       99   (0)      1  : 0.0000 0.0000 0.0000 0.9999 0.0000 0.0000 0.0000
100      100   (0)      1  : 0.0000 0.0000 0.0000 0.9999 0.0000 0.0000 0.0000
101      101   (0)      1  : 0.0000 0.0000 0.0000 0.9999 0.0000 0.0000 0.0000
102      102   (0)      1  : 0.0000 0.0000 0.0000 0.9999 0.0000 0.0000 0.0000
103      103   (0)      1  : 0.0000 0.0000 0.0000 0.9999 0.0000 0.0000 0.0000
104      104   (0)      1  : 0.0000 0.0000 0.0000 0.9999 0.0000 0.0000 0.0000
105      105   (0)      1  : 0.0000 0.0000 0.0000 0.9999 0.0000 0.0000 0.0000
106      106   (0)      1  : 0.0000 0.0000 0.0000 0.9999 0.0000 0.0000 0.0000
107      107   (0)      1  : 0.0000 0.0000 0.0000 0.9999 0.0000 0.0000 0.0000
108      108   (0)      1  : 0.0000 0.0000 0.0000 0.9999 0.0000 0.0000 0.0000
109      109   (0)      1  : 0.0000 0.0000 0.0000 0.9999 0.0000 0.0000 0.0000
110      110   (0)      1  : 0.0000 0.0000 0.0000 0.9999 0.0000 0.0000 0.0000
111      111   (0)      1  : 0.0000 0.0000 0.0000 0.9999 0.0000 0.0000 0.0000
112      112   (0)      1  : 0.0000 0.0000 0.0000 0.9999 0.0000 0.0000 0.0000
113      113   (0)      1  : 0.0000 0.0000 0.0000 0.9999 0.0000 0.0000 0.0000
114      114   (0)      1  : 0.0000 0.0000 0.0000 0.0000 0.0000 0.9999 0.0000
115      115   (0)      1  : 0.0000 0.0000 0.0000 0.0000 0.0000 0.9999 0.0000
116      116   (0)      1  : 0.0000 0.0000 0.0000 0.0000 0.0000 0.9999 0.0000
117      117   (0)      1  : 0.0000 0.0000 0.0000 0.0000 0.0000 0.9999 0.0000
118      118   (0)      1  : 0.0000 0.0000 0.0000 0.0000 0.0000 0.9999 0.0000
119      119   (0)      1  : 0.0000 0.0000 0.0000 0.0000 0.0000 0.9999 0.0000
120      120   (0)      1  : 0.0000 0.0000 0.0000 0.0000 0.0000 0.9999 0.0000
121      121   (0)      1  : 0.0000 0.0000 0.0000 0.0000 0.0000 0.9999 0.0000
