1        1   (0)      1  : 0.0000 0.0000 0.9999 0.0000 0.0000 0.0000 0.0000
2        2   (0)      1  : 0.0000 0.0000 0.9999 0.0000 0.0000 0.0000 0.0000
3        3   (0)      1  : 0.0000 0.0000 0.9999 0.0000 0.0000 0.0000 0.0000
4        4   (0)      1  : 0.0000 0.0000 0.9999 0.0000 0.0000 0.0000 0.0000
5        5   (0)      1  : 0.0000 0.0000 0.9999 0.0000 0.0000 0.0000 0.0000
6        6   (0)      1  : 0.0000 0.0000 0.9999 0.0000 0.0000 0.0000 0.0000
7        7   (0)      1  : 0.0000 0.0000 0.9999 0.0000 0.0000 0.0000 0.0000
8        8   (0)      1  : 0.0000 0.0000 0.9999 0.0000 0.0000 0.0000 0.0000
9        9   (0)      1  : 0.0000 0.0000 0.9999 0.0000 0.0000 0.0000 0.0000
10       10   (0)      1  : 0.0000 0.0000 0.9999 0.0000 0.0000 0.0000 0.0000
11       11   (0)      1  : 0.0000 0.0000 0.9999 0.0000 0.0000 0.0000 0.0000
12       12   (0)      1  : 0.0000 0.0000 0.9999 0.0000 0.0000 0.0000 0.0000
13       13   (0)      1  : 0.0000 0.0000 0.9999 0.0000 0.0000 0.0000 0.0000
14       14   (0)      1  : 0.0000 0.0000 0.9999 0.0000 0.0000 0.0000 0.0000
15       15   (0)      1  : 0.0000 0.0000 0.9999 0.0000 0.0000 0.0000 0.0000
16       16   (0)      1  : 0.0000 0.0000 0.9999 0.0000 0.0000 0.0000 0.0000
17       17   (0)      1  : 0.0000 0.0000 0.9999 0.0000 0.0000 0.0000 0.0000
18       18   (0)      1  : 0.0000 0.0000 0.9999 0.0000 0.0000 0.0000 0.0000
19       19   (0)      1  : 0.0000 0.0000 0.9999 0.0000 0.0000 0.0000 0.0000
20       20   (0)      1  : 0.0000 0.0000 0.9999 0.0000 0.0000 0.0000 0.0000
21       21   (0)      1  : 0.0000 0.0000 0.9999 0.0000 0.0000 0.0000 0.0000
22       22   (0)      1  : 0.0000 0.0000 0.9999 0.0000 0.0000 0.0000 0.0000
23       23   (0)      1  : 0.0000 0.0000 0.9999 0.0000 0.0000 0.0000 0.0000
24       24   (0)      1  : 0.0000 0.0000 0.9999 0.0000 0.0000 0.0000 0.0000
25       25   (0)      1  : 0.0000 0.0000 0.9999 0.0000 0.0000 0.0000 0.0000
26       26   (0)      1  : 0.0000 0.0000 0.9999 0.0000 0.0000 0.0000 0.0000
27       27   (0)      1  : 0.0000 0.0000 0.9999 0.0000 0.0000 0.0000 0.0000
28       28   (0)      1  : 0.0000 0.0000 0.9999 0.0000 0.0000 0.0000 0.0000
29       29   (0)      1  : 0.0000 0.0000 0.9999 0.0000 0.0000 0.0000 0.0000
30       30   (0)      1  : 0.0000 0.0000 0.9999 0.0000 0.0000 0.0000 0.0000
31       31   (0)      1  : 0.0000 0.0000 0.9999 0.0000 0.0000 0.0000 0.0000
32       32   (0)      1  : 0.0000 0.0000 0.9999 0.0000 0.0000 0.0000 0.0000
33       33   (0)      1  : 0.0000 0.0000 0.9999 0.0000 0.0000 0.0000 0.0000
34       34   (0)      1  : 0.0000 0.0000 0.9999 0.0000 0.0000 0.0000 0.0000
35       35   (0)      1  : 0.0000 0.0000 0.9999 0.0000 0.0000 0.0000 0.0000
36       36   (0)      1  : 0.0000 0.3929 0.0000 0.0000 0.6071 0.0000 0.0000
37       37   (0)      1  : 0.0000 0.0000 0.0000 0.0000 0.9999 0.0000 0.0000
38       38   (0)      1  : 0.0000 0.0000 0.0000 0.0000 0.9999 0.0000 0.0000
39       39   (0)      1  : 0.0000 0.9978 0.0000 0.0000 0.0022 0.0000 0.0000
40       40   (0)      1  : 0.0000 0.6186 0.0000 0.0000 0.3814 0.0000 0.0000
41       41   (0)      1  : 0.0000 0.1625 0.0000 0.0000 0.8375 0.0000 0.0000
42       42   (0)      1  : 0.0000 0.7331 0.0000 0.0000 0.2668 0.0000 0.0000
43       43   (0)      1  : 0.0000 0.9352 0.0000 0.0000 0.0648 0.0000 0.0000
44       44   (0)      1  : 0.0000 0.5722 0.0000 0.0000 0.4278 0.0000 0.0000
45       45   (0)      1  : 0.0000 0.8047 0.0000 0.0000 0.1953 0.0000 0.0000
46       46   (0)      1  : 0.0000 0.0000 0.0000 0.0000 0.9999 0.0000 0.0000
47       47   (0)      1  : 0.0000 0.0000 0.0000 0.0000 0.9999 0.0000 0.0000
48       48   (0)      1  : 0.0000 0.0000 0.0000 0.0000 0.9999 0.0000 0.0000
49       49   (0)      1  : 0.0000 0.6832 0.0000 0.0000 0.3167 0.0000 0.0000
50       50   (0)      1  : 0.0000 0.0000 0.0000 0.0000 0.9999 0.0000 0.0000
51       51   (0)      1  : 0.0000 0.3688 0.0000 0.0000 0.6312 0.0000 0.0000
52       52   (0)      1  : 0.0000 0.0000 0.0000 0.0000 0.9999 0.0000 0.0000
53       53   (0)      1  : 0.0000 0.9999 0.0000 0.0000 0.0000 0.0000 0.0000
54       54   (0)      1  : 0.0000 0.9999 0.0000 0.0000 0.0000 0.0000 0.0000
55       55   (0)      1  : 0.0000 0.5521 0.0000 0.0000 0.4479 0.0000 0.0000
56       56   (0)      1  : 0.0000 0.0000 0.0000 0.0000 0.9999 0.0000 0.0000
57       57   (0)      1  : 0.0000 0.9999 0.0000 0.0000 0.0000 0.0000 0.0000
58       58   (0)      1  : 0.0000 0.6936 0.0000 0.0000 0.3064 0.0000 0.0000
59       59   (0)      1  : 0.0000 0.6982 0.0000 0.0000 0.3018 0.0000 0.0000
60       60   (0)      1  : 0.0000 0.9999 0.0000 0.0000 0.0000 0.0000 0.0000
61       61   (0)      1  : 0.0000 0.9999 0.0000 0.0000 0.0000 0.0000 0.0000
62       62   (0)      1  : 0.0000 0.0000 0.0000 0.0000 0.9999 0.0000 0.0000
63       63   (0)      1  : 0.0000 0.3579 0.0000 0.0000 0.6420 0.0000 0.0000
64       64   (0)      1  : 0.0000 0.9999 0.0000 0.0000 0.0000 0.0000 0.0000
65       65   (0)      1  : 0.0000 0.7213 0.0000 0.0000 0.2786 0.0000 0.0000
66       66   (0)      1  : 0.0000 0.9999 0.0000 0.0000 0.0000 0.0000 0.0000
67       67   (0)      1  : 0.0000 0.8835 0.0000 0.0000 0.1165 0.0000 0.0000
68       68   (0)      1  : 0.0000 0.0000 0.0000 0.0000 0.9999 0.0000 0.0000
69       69   (0)      1  : 0.0000 0.5022 0.0000 0.0000 0.4978 0.0000 0.0000
70       70   (0)      1  : 0.0000 0.1483 0.0000 0.0000 0.8516 0.0000 0.0000
71       71   (0)      1  : 0.0000 0.3133 0.0000 0.0000 0.6866 0.0000 0.0000
72       72   (0)      1  : 0.0000 0.9999 0.0000 0.0000 0.0000 0.0000 0.0000
73       73   (0)      1  : 0.0000 0.9999 0.0000 0.0000 0.0000 0.0000 0.0000
74       74   (0)      1  : 0.0000 0.7132 0.0000 0.0000 0.2868 0.0000 0.0000
75       75   (0)      1  : 0.0000 0.5987 0.0000 0.0000 0.4012 0.0000 0.0000
76       76   (0)      1  : 0.0000 0.0000 0.0000 0.0000 0.9999 0.0000 0.0000
77       77   (0)      1  : 0.0000 0.0000 0.0000 0.0000 0.9999 0.0000 0.0000
78       78   (0)      1  : 0.0000 0.0000 0.0000 0.0000 0.0000 0.0000 0.9999
79       79   (0)      1  : 0.2500 0.0000 0.0000 0.0000 0.0000 0.0000 0.7500
80       80   (0)      1  : 0.9999 0.0000 0.0000 0.0000 0.0000 0.0000 0.0000
81       81   (0)      1  : 0.9999 0.0000 0.0000 0.0000 0.0000 0.0000 0.0000
82       82   (0)      1  : 0.7500 0.0000 0.0000 0.0000 0.0000 0.0000 0.2500
83       83   (0)      1  : 0.1502 0.0000 0.0000 0.0000 0.0000 0.0000 0.8498
84       84   (0)      1  : 0.7500 0.0000 0.0000 0.0000 0.0000 0.0000 0.2500
85       85   (0)      1  : 0.2500 0.0000 0.0000 0.0000 0.0000 0.0000 0.7500
86       86   (0)      1  : 0.9999 0.0000 0.0000 0.0000 0.0000 0.0000 0.0000
87       87   (0)      1  : 0.4082 0.0000 0.0000 0.0000 0.0000 0.0000 0.5918
88       88   (0)      1  : 0.7500 0.0000 0.0000 0.0000 0.0000 0.0000 0.2500
89       89   (0)      1  : 0.2500 0.0000 0.0000 0.0000 0.0000 0.0000 0.7500
90       90   (0)      1  : 0.5000 0.0000 0.0000 0.0000 0.0000 0.0000 0.5000
91       91   (0)      1  : 0.9999 0.0000 0.0000 0.0000 0.0000 0.0000 0.0000
92       92   (0)      1  : 0.9999 0.0000 0.0000 0.0000 0.0000 0.0000 0.0000
93       93   (0)      1  : 0.9999 0.0000 0.0000 0.0000 0.0000 0.0000 0.0000
94       94   (0)      1  : 0.0000 0.0000 0.0000 0.0000 0.0000 0.0000 0.9999
95       95   (0)      1  : 0.0000 0.0000 0.0000 0.0000 0.0000 0.0000 0.9999
96       96   (0)      1  : 0.0000 0.0000 0.0000 0.9999 0.0000 0.0000 0.0000
97       97   (0)      1  : 0.0000 0.0000 0.0000 0.9999 0.0000 0.0000 0.0000
98       98   (0)      1  : 0.0000 0.0000 0.0000 0.9999 0.0000 0.0000 0.0000
99       99   (0)      1  : 0.0000 0.0000 0.0000 0.9999 0.0000 0.0000 0.0000
100      100   (0)      1  : 0.0000 0.0000 0.0000 0.9999 0.0000 0.0000 0.0000
101      101   (0)      1  : 0.0000 0.0000 0.0000 0.9999 0.0000 0.0000 0.0000
102      102   (0)      1  : 0.0000 0.0000 0.0000 0.9999 0.0000 0.0000 0.0000
103      103   (0)      1  : 0.0000 0.0000 0.0000 0.9999 0.0000 0.0000 0.0000
104      104   (0)      1  : 0.0000 0.0000 0.0000 0.9999 0.0000 0.0000 0.0000
105      105   (0)      1  : 0.0000 0.0000 0.0000 0.9999 0.0000 0.0000 0.0000
106      106   (0)      1  : 0.0000 0.0000 0.0000 0.9999 0.0000 0.0000 0.0000
107      107   (0)      1  : 0.0000 0.0000 0.0000 0.9999 0.0000 0.0000 0.0000
108      108   (0)      1  : 0.0000 0.0000 0.0000 0.9999 0.0000 0.0000 0.0000
109      109   (0)      1  : 0.0000 0.0000 0.0000 0.9999 0.0000 0.0000 0.0000
110      110   (0)      1  : 0.0000 0.0000 0.0000 0.9999 0.0000 0.0000 0.0000
111      111   (0)      1  : 0.0000 0.0000 0.0000 0.9999 0.0000 0.0000 0.0000
112      112   (0)      1  : 0.0000 0.0000 0.0000 0.9999 0.0000 0.0000 0.0000
113      113   (0)      1  : 0.0000 0.0000 0.0000 0.9999 0.0000 0.0000 0.0000
114      114   (0)      1  : 0.0000 0.0000 0.0000 0.0000 0.0000 0.9999 0.0000
115      115   (0)      1  : 0.0000 0.0000 0.0000 0.0000 0.0000 0.9999 0.0000
116      116   (0)      1  : 0.0000 0.0000 0.0000 0.0000 0.0000 0.9999 0.0000
117      117   (0)      1  : 0.0000 0.0000 0.0000 0.0000 0.0000 0.9999 0.0000
118      118   (0)      1  : 0.0000 0.0000 0.0000 0.0000 0.0000 0.9999 0.0000
119      119   (0)      1  : 0.0000 0.0000 0.0000 0.0000 0.0000 0.9999 0.0000
120      120   (0)      1  : 0.0000 0.0000 0.0000 0.0000 0.0000 0.9999 0.0000
121      121   (0)      1  : 0.0000 0.0000 0.0000 0.0000 0.0000 0.9999 0.0000
