  1        1   (0)      1 :  0.0000 0.0000 0.0000 0.0000 0.0000 0.0000 0.0000 0.0000 0.0000 0.2347 0.7517 0.0000 0.0135 0.0000 
  2        2   (0)      1 :  0.0001 0.0000 0.0007 0.0000 0.0000 0.0000 0.0000 0.0000 0.0000 0.3594 0.4073 0.0000 0.2324 0.0000 
  3        3   (0)      1 :  0.0000 0.0000 0.0000 0.0000 0.0000 0.0000 0.0000 0.0000 0.0000 0.4085 0.5557 0.0000 0.0357 0.0000 
  4        4   (0)      1 :  0.0000 0.0000 0.0000 0.0000 0.0000 0.0000 0.0000 0.0000 0.0000 0.5102 0.4395 0.0000 0.0502 0.0000 
  5        5   (0)      1 :  0.0000 0.0000 0.0000 0.0000 0.0000 0.0000 0.0000 0.0000 0.0000 0.5031 0.4920 0.0000 0.0047 0.0000 
  6        6   (0)      1 :  0.0000 0.0000 0.0000 0.0000 0.0000 0.0000 0.0000 0.0000 0.0000 0.6294 0.3516 0.0000 0.0189 0.0000 
  7        7   (0)      1 :  0.0000 0.0000 0.0000 0.0000 0.0000 0.0000 0.0000 0.0000 0.0000 0.0000 0.9999 0.0000 0.0000 0.0000 
  8        8   (0)      1 :  0.0000 0.0000 0.0000 0.0000 0.0000 0.0000 0.0000 0.0000 0.0000 0.5073 0.4467 0.0000 0.0459 0.0000 
  9        9   (0)      1 :  0.0264 0.0000 0.0794 0.0000 0.0000 0.0000 0.0000 0.0000 0.0000 0.5823 0.0155 0.0000 0.2963 0.0000 
 10       10   (0)      1 :  0.0000 0.0000 0.0000 0.0000 0.0000 0.0000 0.0000 0.0000 0.0000 0.0679 0.1987 0.0000 0.7332 0.0000 
 11       11   (0)      1 :  0.0013 0.0000 0.0015 0.0000 0.0000 0.0000 0.0000 0.0000 0.0000 0.4329 0.5562 0.0000 0.0080 0.0000 
 12       12   (0)      1 :  0.0000 0.0000 0.0000 0.0000 0.0000 0.0000 0.0000 0.0000 0.0000 0.0787 0.1880 0.0000 0.7332 0.0000 
 13       13   (0)      1 :  0.0189 0.0000 0.0568 0.0000 0.0000 0.0000 0.0000 0.0000 0.0000 0.7635 0.0357 0.0000 0.1250 0.0000 
 14       14   (0)      1 :  0.0000 0.0000 0.0000 0.0000 0.0000 0.0000 0.0000 0.0000 0.0000 0.0667 0.2000 0.0000 0.7332 0.0000 
 15       15   (0)      1 :  0.0103 0.0000 0.0306 0.0000 0.0000 0.0000 0.0000 0.0000 0.0000 0.5292 0.3063 0.0000 0.1234 0.0000 
 16       16   (0)      1 :  0.0000 0.0000 0.0000 0.0000 0.0000 0.0000 0.0000 0.0000 0.0000 0.0000 0.9819 0.0000 0.0180 0.0000 
 17       17   (0)      1 :  0.0000 0.0000 0.0000 0.0000 0.0000 0.0000 0.0000 0.0000 0.0000 0.4555 0.5425 0.0000 0.0019 0.0000 
 18       18   (0)      1 :  0.0333 0.0000 0.0991 0.0000 0.0000 0.0000 0.0000 0.0000 0.0000 0.6719 0.0000 0.0000 0.1956 0.0000 
 19       19   (0)      1 :  0.0000 0.0000 0.0000 0.0000 0.0000 0.0000 0.0000 0.0000 0.0000 0.5294 0.4594 0.0000 0.0111 0.0000 
 20       20   (0)      1 :  0.0058 0.0000 0.0175 0.0000 0.0000 0.0000 0.0000 0.0000 0.0000 0.1108 0.7783 0.0000 0.0876 0.0000 
 21       21   (0)      1 :  0.0026 0.0000 0.0082 0.0000 0.0000 0.0000 0.0000 0.0000 0.0000 0.0649 0.9106 0.0000 0.0137 0.0000 
 22       22   (0)      1 :  0.0000 0.0000 0.0000 0.0000 0.0000 0.0000 0.0000 0.0000 0.0000 0.0098 0.9500 0.0000 0.0401 0.0000 
 23       23   (0)      1 :  0.0000 0.0000 0.0000 0.0000 0.0000 0.0000 0.0000 0.0000 0.0000 0.0093 0.8755 0.0000 0.1151 0.0000 
 24       24   (0)      1 :  0.0333 0.0000 0.1000 0.0000 0.0000 0.0000 0.0000 0.0000 0.0000 0.6666 0.0000 0.0000 0.2000 0.0000 
 25       25   (0)      1 :  0.0045 0.0000 0.0137 0.0000 0.0000 0.0000 0.0000 0.0000 0.0000 0.1398 0.7986 0.0000 0.0433 0.0000 
 26       26   (0)      1 :  0.0008 0.0000 0.0032 0.0000 0.0000 0.0000 0.0000 0.0000 0.0000 0.0463 0.9345 0.0000 0.0150 0.0000 
 27       27   (0)      1 :  0.0000 0.0000 0.0000 0.0000 0.0000 0.0000 0.0000 0.0000 0.0000 0.5998 0.2511 0.0000 0.1489 0.0000 
 28       28   (0)      1 :  0.0000 0.0000 0.0000 0.0000 0.0000 0.0000 0.0000 0.0000 0.0000 0.3495 0.5971 0.0000 0.0533 0.0000 
 29       29   (0)      1 :  0.0035 0.0000 0.0100 0.0000 0.0000 0.0000 0.0000 0.0000 0.0000 0.4824 0.4778 0.0000 0.0262 0.0000 
 30       30   (0)      1 :  0.0000 0.0000 0.0000 0.0000 0.0000 0.0000 0.0000 0.0000 0.0000 0.0178 0.9358 0.0000 0.0463 0.0000 
 31       31   (0)      1 :  0.0000 0.0000 0.0000 0.0000 0.0000 0.0000 0.0000 0.0000 0.0000 0.5721 0.4031 0.0000 0.0246 0.0000 
 32       32   (0)      1 :  0.0000 0.0000 0.0000 0.0000 0.0000 0.0000 0.0000 0.0000 0.0000 0.0116 0.9883 0.0000 0.0000 0.0000 
 33       33   (0)      1 :  0.0016 0.0000 0.0048 0.0000 0.0000 0.0000 0.0000 0.0000 0.0000 0.0468 0.8625 0.0000 0.0842 0.0000 
 34       34   (0)      1 :  0.0002 0.0000 0.0009 0.0000 0.0000 0.0000 0.0000 0.0000 0.0000 0.4356 0.4925 0.0000 0.0706 0.0000 
 35       35   (0)      1 :  0.0333 0.0000 0.1000 0.0000 0.0000 0.0000 0.0000 0.0000 0.0000 0.6666 0.0000 0.0000 0.2000 0.0000 
 36       36   (0)      1 :  0.0000 0.0000 0.0317 0.0000 0.3512 0.0000 0.0000 0.0252 0.0061 0.0000 0.0000 0.5856 0.0000 0.0000 
 37       37   (0)      1 :  0.0000 0.0000 0.0000 0.0000 0.0191 0.0000 0.0000 0.0227 0.0128 0.0000 0.0000 0.9452 0.0000 0.0000 
 38       38   (0)      1 :  0.0000 0.0000 0.0000 0.0000 0.0333 0.0000 0.0000 0.1211 0.0142 0.0000 0.0000 0.8313 0.0000 0.0000 
 39       39   (0)      1 :  0.0198 0.0000 0.0000 0.0000 0.8500 0.0000 0.0000 0.0442 0.0160 0.0000 0.0000 0.0699 0.0000 0.0000 
 40       40   (0)      1 :  0.0599 0.0000 0.0049 0.0000 0.5095 0.0000 0.0000 0.1117 0.0894 0.0000 0.0000 0.2244 0.0000 0.0000 
 41       41   (0)      1 :  0.0333 0.0000 0.0000 0.0000 0.0110 0.0000 0.0000 0.4589 0.3807 0.0000 0.0000 0.1160 0.0000 0.0000 
 42       42   (0)      1 :  0.0710 0.0000 0.0345 0.0000 0.4186 0.0000 0.0000 0.0200 0.3458 0.0000 0.0000 0.1101 0.0000 0.0000 
 43       43   (0)      1 :  0.0333 0.0000 0.0000 0.0000 0.2627 0.0000 0.0000 0.0219 0.6724 0.0000 0.0000 0.0096 0.0000 0.0000 
 44       44   (0)      1 :  0.1493 0.0000 0.0040 0.0000 0.0962 0.0000 0.0000 0.3068 0.4260 0.0000 0.0000 0.0176 0.0000 0.0000 
 45       45   (0)      1 :  0.0650 0.0000 0.0218 0.0000 0.6167 0.0000 0.0000 0.0976 0.1550 0.0000 0.0000 0.0437 0.0000 0.0000 
 46       46   (0)      1 :  0.3070 0.0000 0.0000 0.0000 0.0083 0.0000 0.0000 0.4445 0.1654 0.0000 0.0000 0.0747 0.0000 0.0000 
 47       47   (0)      1 :  0.0000 0.0000 0.0169 0.0000 0.0000 0.0000 0.0000 0.0148 0.0371 0.0000 0.0000 0.9310 0.0000 0.0000 
 48       48   (0)      1 :  0.0000 0.0000 0.0000 0.0000 0.0000 0.0000 0.0000 0.8840 0.0083 0.0000 0.0000 0.1076 0.0000 0.0000 
 49       49   (0)      1 :  0.4631 0.0000 0.0015 0.0000 0.1725 0.0000 0.0000 0.1450 0.2179 0.0000 0.0000 0.0000 0.0000 0.0000 
 50       50   (0)      1 :  0.2586 0.0000 0.0000 0.0000 0.0000 0.0000 0.0000 0.2724 0.1333 0.0000 0.0000 0.3357 0.0000 0.0000 
 51       51   (0)      1 :  0.4315 0.0000 0.0271 0.0000 0.0985 0.0000 0.0000 0.2387 0.1298 0.0000 0.0000 0.0744 0.0000 0.0000 
 52       52   (0)      1 :  0.0667 0.0000 0.0000 0.0000 0.0000 0.0000 0.0000 0.2242 0.1000 0.0000 0.0000 0.6091 0.0000 0.0000 
 53       53   (0)      1 :  0.0056 0.0000 0.0107 0.0000 0.9010 0.0000 0.0000 0.0000 0.0823 0.0000 0.0000 0.0003 0.0000 0.0000 
 54       54   (0)      1 :  0.0606 0.0000 0.0348 0.0000 0.4866 0.0000 0.0000 0.0181 0.3844 0.0000 0.0000 0.0155 0.0000 0.0000 
 55       55   (0)      1 :  0.4482 0.0000 0.0333 0.0000 0.1695 0.0000 0.0000 0.2037 0.1322 0.0000 0.0000 0.0130 0.0000 0.0000 
 56       56   (0)      1 :  0.0000 0.0000 0.0333 0.0000 0.0000 0.0000 0.0000 0.0344 0.0107 0.0000 0.0000 0.9214 0.0000 0.0000 
 57       57   (0)      1 :  0.0565 0.0000 0.0333 0.0000 0.6200 0.0000 0.0000 0.0157 0.2719 0.0000 0.0000 0.0025 0.0000 0.0000 
 58       58   (0)      1 :  0.0675 0.0000 0.0036 0.0000 0.3931 0.0000 0.0000 0.3221 0.1959 0.0000 0.0000 0.0177 0.0000 0.0000 
 59       59   (0)      1 :  0.4243 0.0000 0.0435 0.0000 0.2564 0.0000 0.0000 0.1214 0.1499 0.0000 0.0000 0.0044 0.0000 0.0000 
 60       60   (0)      1 :  0.0592 0.0000 0.0071 0.0000 0.5556 0.0000 0.0000 0.0404 0.3377 0.0000 0.0000 0.0000 0.0000 0.0000 
 61       61   (0)      1 :  0.1665 0.0000 0.0333 0.0000 0.6376 0.0000 0.0000 0.0512 0.1113 0.0000 0.0000 0.0000 0.0000 0.0000 
 62       62   (0)      1 :  0.0000 0.0000 0.0333 0.0000 0.0000 0.0000 0.0000 0.0189 0.0067 0.0000 0.0000 0.9409 0.0000 0.0000 
 63       63   (0)      1 :  0.4631 0.0000 0.0056 0.0000 0.0703 0.0000 0.0000 0.2663 0.1284 0.0000 0.0000 0.0662 0.0000 0.0000 
 64       64   (0)      1 :  0.0108 0.0000 0.0000 0.0000 0.9501 0.0000 0.0000 0.0000 0.0211 0.0000 0.0000 0.0179 0.0000 0.0000 
 65       65   (0)      1 :  0.0564 0.0000 0.0261 0.0000 0.3693 0.0000 0.0000 0.0333 0.2367 0.0000 0.0000 0.2781 0.0000 0.0000 
 66       66   (0)      1 :  0.0780 0.0000 0.0380 0.0000 0.6268 0.0000 0.0000 0.0137 0.2420 0.0000 0.0000 0.0013 0.0000 0.0000 
 67       67   (0)      1 :  0.1543 0.0000 0.0350 0.0000 0.4724 0.0000 0.0000 0.0160 0.2667 0.0000 0.0000 0.0556 0.0000 0.0000 
 68       68   (0)      1 :  0.0000 0.0000 0.0000 0.0000 0.0000 0.0000 0.0000 0.8999 0.0164 0.0000 0.0000 0.0836 0.0000 0.0000 
 69       69   (0)      1 :  0.0404 0.0000 0.0000 0.0000 0.0498 0.0000 0.0000 0.0350 0.7728 0.0000 0.0000 0.1019 0.0000 0.0000 
 70       70   (0)      1 :  0.3758 0.0000 0.0000 0.0000 0.0466 0.0000 0.0000 0.3824 0.1645 0.0000 0.0000 0.0307 0.0000 0.0000 
 71       71   (0)      1 :  0.0084 0.0000 0.0000 0.0000 0.1554 0.0000 0.0000 0.7683 0.0000 0.0000 0.0000 0.0678 0.0000 0.0000 
 72       72   (0)      1 :  0.0243 0.0000 0.0000 0.0000 0.9038 0.0000 0.0000 0.0064 0.0654 0.0000 0.0000 0.0000 0.0000 0.0000 
 73       73   (0)      1 :  0.0798 0.0000 0.0333 0.0000 0.8062 0.0000 0.0000 0.0000 0.0624 0.0000 0.0000 0.0181 0.0000 0.0000 
 74       74   (0)      1 :  0.0461 0.0000 0.0000 0.0000 0.1251 0.0000 0.0000 0.0240 0.7801 0.0000 0.0000 0.0246 0.0000 0.0000 
 75       75   (0)      1 :  0.0333 0.0000 0.0000 0.0000 0.0927 0.0000 0.0000 0.0518 0.7738 0.0000 0.0000 0.0482 0.0000 0.0000 
 76       76   (0)      1 :  0.0000 0.0000 0.0003 0.0000 0.0000 0.0000 0.0000 0.8977 0.0000 0.0000 0.0000 0.1019 0.0000 0.0000 
 77       77   (0)      1 :  0.0838 0.0000 0.0000 0.0000 0.0000 0.0000 0.0000 0.2245 0.0551 0.0000 0.0000 0.6365 0.0000 0.0000 
 78       78   (0)      1 :  0.0885 0.0000 0.0667 0.7097 0.0000 0.0000 0.0000 0.0000 0.0000 0.0000 0.0000 0.0000 0.0151 0.1199 
 79       79   (0)      1 :  0.0000 0.0000 0.0333 0.7948 0.0000 0.0000 0.0000 0.0000 0.0000 0.0000 0.0000 0.0000 0.0000 0.1718 
 80       80   (0)      1 :  0.1000 0.0000 0.0002 0.0660 0.0000 0.0000 0.0000 0.0000 0.0000 0.0000 0.0000 0.0000 0.0000 0.8337 
 81       81   (0)      1 :  0.0667 0.0000 0.1000 0.3045 0.0000 0.0000 0.0000 0.0000 0.0000 0.0000 0.0000 0.0000 0.0333 0.4954 
 82       82   (0)      1 :  0.0333 0.0000 0.1333 0.5414 0.0000 0.0000 0.0000 0.0333 0.0000 0.0000 0.0000 0.0000 0.0333 0.2252 
 83       83   (0)      1 :  0.0000 0.0000 0.0534 0.7647 0.0000 0.0000 0.0000 0.0333 0.0000 0.0000 0.0000 0.0000 0.0000 0.1484 
 84       84   (0)      1 :  0.0441 0.0000 0.1000 0.2798 0.0000 0.0000 0.0000 0.0000 0.0000 0.0000 0.0000 0.0000 0.0000 0.5760 
 85       85   (0)      1 :  0.0667 0.0000 0.1000 0.6677 0.0000 0.0000 0.0000 0.0333 0.0000 0.0000 0.0000 0.0000 0.0333 0.0989 
 86       86   (0)      1 :  0.0333 0.0000 0.0333 0.1674 0.0000 0.0000 0.0000 0.0000 0.0000 0.0000 0.0000 0.0000 0.0000 0.7658 
 87       87   (0)      1 :  0.0662 0.0000 0.1404 0.4750 0.0000 0.0000 0.0000 0.0000 0.0000 0.0000 0.0000 0.0000 0.0150 0.3034 
 88       88   (0)      1 :  0.0819 0.0000 0.1092 0.3648 0.0000 0.0000 0.0000 0.0000 0.0000 0.0000 0.0000 0.0000 0.0000 0.4440 
 89       89   (0)      1 :  0.0000 0.0000 0.0333 0.8666 0.0000 0.0000 0.0000 0.0000 0.0000 0.0000 0.0000 0.0000 0.0000 0.1000 
 90       90   (0)      1 :  0.0667 0.0000 0.1323 0.5408 0.0000 0.0000 0.0000 0.0000 0.0000 0.0000 0.0000 0.0000 0.0000 0.2601 
 91       91   (0)      1 :  0.0667 0.0000 0.0004 0.1077 0.0000 0.0000 0.0000 0.0000 0.0000 0.0000 0.0000 0.0000 0.0000 0.8252 
 92       92   (0)      1 :  0.0000 0.0000 0.0000 0.1000 0.0000 0.0000 0.0000 0.0000 0.0000 0.0000 0.0000 0.0000 0.0000 0.8999 
 93       93   (0)      1 :  0.0333 0.0000 0.0000 0.0945 0.0000 0.0000 0.0000 0.0000 0.0000 0.0000 0.0000 0.0000 0.0000 0.8720 
 94       94   (0)      1 :  0.0000 0.0000 0.0000 0.7999 0.0000 0.0000 0.0000 0.0333 0.0000 0.0000 0.0000 0.0000 0.0000 0.1667 
 95       95   (0)      1 :  0.0333 0.0000 0.0333 0.6090 0.0000 0.0000 0.0000 0.0000 0.0000 0.0000 0.0000 0.0000 0.0000 0.3243 
 96       96   (0)      1 :  0.0000 0.5856 0.2668 0.0000 0.0000 0.0000 0.1475 0.0000 0.0000 0.0000 0.0000 0.0000 0.0000 0.0000 
 97       97   (0)      1 :  0.0000 0.7698 0.1548 0.0000 0.0000 0.0000 0.0753 0.0000 0.0000 0.0000 0.0000 0.0000 0.0000 0.0000 
 98       98   (0)      1 :  0.0000 0.7313 0.0961 0.0000 0.0000 0.0000 0.1391 0.0000 0.0000 0.0000 0.0000 0.0000 0.0000 0.0333 
 99       99   (0)      1 :  0.0000 0.7356 0.1734 0.0000 0.0000 0.0000 0.0909 0.0000 0.0000 0.0000 0.0000 0.0000 0.0000 0.0000 
100      100   (0)      1 :  0.0000 0.6626 0.2593 0.0000 0.0000 0.0000 0.0780 0.0000 0.0000 0.0000 0.0000 0.0000 0.0000 0.0000 
101      101   (0)      1 :  0.0000 0.4188 0.2060 0.0000 0.0000 0.0000 0.3678 0.0000 0.0000 0.0000 0.0000 0.0000 0.0000 0.0073 
102      102   (0)      1 :  0.0000 0.1262 0.0991 0.0000 0.0000 0.0000 0.7412 0.0000 0.0000 0.0000 0.0000 0.0000 0.0333 0.0000 
103      103   (0)      1 :  0.0000 0.8781 0.0000 0.0000 0.0000 0.0000 0.1218 0.0000 0.0000 0.0000 0.0000 0.0000 0.0000 0.0000 
104      104   (0)      1 :  0.0000 0.2610 0.3174 0.0000 0.0000 0.0000 0.4198 0.0000 0.0000 0.0000 0.0000 0.0000 0.0018 0.0000 
105      105   (0)      1 :  0.0000 0.1000 0.0671 0.0000 0.0000 0.0000 0.7995 0.0000 0.0000 0.0000 0.0000 0.0000 0.0333 0.0000 
106      106   (0)      1 :  0.0000 0.4648 0.2333 0.0000 0.0000 0.0000 0.3018 0.0000 0.0000 0.0000 0.0000 0.0000 0.0000 0.0000 
107      107   (0)      1 :  0.0000 0.0667 0.0667 0.0000 0.0000 0.0000 0.8332 0.0000 0.0000 0.0000 0.0000 0.0000 0.0333 0.0000 
108      108   (0)      1 :  0.0000 0.1540 0.1210 0.0000 0.0000 0.0000 0.6997 0.0000 0.0000 0.0000 0.0000 0.0000 0.0252 0.0000 
109      109   (0)      1 :  0.0000 0.8330 0.0835 0.0000 0.0000 0.0000 0.0501 0.0000 0.0000 0.0000 0.0000 0.0000 0.0000 0.0333 
110      110   (0)      1 :  0.0000 0.8999 0.1000 0.0000 0.0000 0.0000 0.0000 0.0000 0.0000 0.0000 0.0000 0.0000 0.0000 0.0000 
111      111   (0)      1 :  0.0000 0.7974 0.1129 0.0000 0.0000 0.0000 0.0567 0.0000 0.0000 0.0000 0.0000 0.0000 0.0000 0.0329 
112      112   (0)      1 :  0.0000 0.5227 0.3343 0.0000 0.0000 0.0000 0.1265 0.0000 0.0000 0.0000 0.0000 0.0000 0.0000 0.0164 
113      113   (0)      1 :  0.0000 0.0879 0.0667 0.0000 0.0000 0.0000 0.8120 0.0000 0.0000 0.0000 0.0000 0.0000 0.0333 0.0000 
114      114   (0)      1 :  0.1333 0.0000 0.0667 0.0000 0.0000 0.7332 0.0333 0.0000 0.0000 0.0000 0.0000 0.0000 0.0333 0.0000 
115      115   (0)      1 :  0.1056 0.0000 0.0838 0.0000 0.0000 0.7362 0.0333 0.0000 0.0000 0.0000 0.0000 0.0000 0.0410 0.0000 
116      116   (0)      1 :  0.0008 0.0000 0.0324 0.0000 0.0000 0.9230 0.0000 0.0000 0.0000 0.0000 0.0000 0.0000 0.0437 0.0000 
117      117   (0)      1 :  0.0162 0.0000 0.0333 0.0000 0.0000 0.8504 0.0333 0.0000 0.0000 0.0000 0.0000 0.0000 0.0667 0.0000 
118      118   (0)      1 :  0.1320 0.0000 0.0561 0.0000 0.0000 0.6784 0.0667 0.0000 0.0000 0.0000 0.0000 0.0000 0.0667 0.0000 
119      119   (0)      1 :  0.1333 0.0000 0.0667 0.0000 0.0000 0.7332 0.0333 0.0000 0.0000 0.0000 0.0000 0.0000 0.0333 0.0000 
120      120   (0)      1 :  0.0333 0.0000 0.0333 0.0000 0.0000 0.8999 0.0000 0.0000 0.0000 0.0000 0.0000 0.0000 0.0333 0.0000 
121      121   (0)      1 :  0.0333 0.0000 0.0667 0.0000 0.0000 0.8332 0.0333 0.0000 0.0000 0.0000 0.0000 0.0000 0.0333 0.0000 
