  1        1   (0)      1 :  0.0059 0.0000 0.0000 0.9940 0.0000 0.0000 
  2        2   (0)      1 :  0.0082 0.0000 0.0000 0.9917 0.0000 0.0000 
  3        3   (0)      1 :  0.0075 0.0000 0.0000 0.9925 0.0000 0.0000 
  4        4   (0)      1 :  0.0133 0.0000 0.0000 0.9866 0.0000 0.0000 
  5        5   (0)      1 :  0.0128 0.0000 0.0000 0.9871 0.0000 0.0000 
  6        6   (0)      1 :  0.0166 0.0000 0.0000 0.9833 0.0000 0.0000 
  7        7   (0)      1 :  0.0000 0.0000 0.0000 0.9999 0.0000 0.0000 
  8        8   (0)      1 :  0.0086 0.0000 0.0000 0.9914 0.0000 0.0000 
  9        9   (0)      1 :  0.0333 0.0000 0.0000 0.9666 0.0000 0.0000 
 10       10   (0)      1 :  0.0000 0.0000 0.0000 0.9999 0.0000 0.0000 
 11       11   (0)      1 :  0.0069 0.0000 0.0000 0.9930 0.0000 0.0000 
 12       12   (0)      1 :  0.0000 0.0000 0.0000 0.9999 0.0000 0.0000 
 13       13   (0)      1 :  0.0333 0.0000 0.0000 0.9666 0.0000 0.0000 
 14       14   (0)      1 :  0.0000 0.0000 0.0000 0.9999 0.0000 0.0000 
 15       15   (0)      1 :  0.0169 0.0000 0.0000 0.9831 0.0000 0.0000 
 16       16   (0)      1 :  0.0000 0.0000 0.0000 0.9999 0.0000 0.0000 
 17       17   (0)      1 :  0.0075 0.0000 0.0000 0.9925 0.0000 0.0000 
 18       18   (0)      1 :  0.0333 0.0000 0.0000 0.9666 0.0000 0.0000 
 19       19   (0)      1 :  0.0133 0.0000 0.0000 0.9867 0.0000 0.0000 
 20       20   (0)      1 :  0.0057 0.0000 0.0000 0.9942 0.0000 0.0000 
 21       21   (0)      1 :  0.0056 0.0000 0.0000 0.9944 0.0000 0.0000 
 22       22   (0)      1 :  0.0000 0.0000 0.0000 0.9999 0.0000 0.0000 
 23       23   (0)      1 :  0.0000 0.0000 0.0000 0.9999 0.0000 0.0000 
 24       24   (0)      1 :  0.0333 0.0000 0.0000 0.9666 0.0000 0.0000 
 25       25   (0)      1 :  0.0066 0.0000 0.0000 0.9933 0.0000 0.0000 
 26       26   (0)      1 :  0.0056 0.0000 0.0000 0.9944 0.0000 0.0000 
 27       27   (0)      1 :  0.0166 0.0000 0.0000 0.9834 0.0000 0.0000 
 28       28   (0)      1 :  0.0038 0.0000 0.0000 0.9962 0.0000 0.0000 
 29       29   (0)      1 :  0.0124 0.0000 0.0000 0.9875 0.0000 0.0000 
 30       30   (0)      1 :  0.0000 0.0000 0.0000 0.9999 0.0000 0.0000 
 31       31   (0)      1 :  0.0138 0.0000 0.0000 0.9862 0.0000 0.0000 
 32       32   (0)      1 :  0.0000 0.0000 0.0000 0.9999 0.0000 0.0000 
 33       33   (0)      1 :  0.0000 0.0000 0.0000 0.9999 0.0000 0.0000 
 34       34   (0)      1 :  0.0087 0.0000 0.0000 0.9913 0.0000 0.0000 
 35       35   (0)      1 :  0.0333 0.0000 0.0000 0.9666 0.0000 0.0000 
 36       36   (0)      1 :  0.5871 0.0000 0.0000 0.0000 0.4129 0.0000 
 37       37   (0)      1 :  0.9666 0.0000 0.0000 0.0000 0.0334 0.0000 
 38       38   (0)      1 :  0.9666 0.0000 0.0000 0.0000 0.0333 0.0000 
 39       39   (0)      1 :  0.0047 0.0000 0.0000 0.0000 0.9952 0.0000 
 40       40   (0)      1 :  0.3705 0.0000 0.0000 0.0000 0.6294 0.0000 
 41       41   (0)      1 :  0.8017 0.0000 0.0000 0.0000 0.1983 0.0000 
 42       42   (0)      1 :  0.2615 0.0000 0.0000 0.0000 0.7384 0.0000 
 43       43   (0)      1 :  0.0476 0.0000 0.0000 0.0000 0.9523 0.0000 
 44       44   (0)      1 :  0.4278 0.0000 0.0000 0.0000 0.5722 0.0000 
 45       45   (0)      1 :  0.1875 0.0000 0.0000 0.0000 0.8125 0.0000 
 46       46   (0)      1 :  0.9666 0.0000 0.0000 0.0000 0.0333 0.0000 
 47       47   (0)      1 :  0.9648 0.0000 0.0000 0.0000 0.0352 0.0000 
 48       48   (0)      1 :  0.9666 0.0000 0.0000 0.0000 0.0333 0.0000 
 49       49   (0)      1 :  0.3266 0.0000 0.0000 0.0000 0.6734 0.0000 
 50       50   (0)      1 :  0.9666 0.0000 0.0000 0.0000 0.0333 0.0000 
 51       51   (0)      1 :  0.6113 0.0000 0.0000 0.0000 0.3887 0.0000 
 52       52   (0)      1 :  0.9666 0.0000 0.0000 0.0000 0.0333 0.0000 
 53       53   (0)      1 :  0.0000 0.0000 0.0000 0.0000 0.9999 0.0000 
 54       54   (0)      1 :  0.0000 0.0000 0.0000 0.0000 0.9999 0.0000 
 55       55   (0)      1 :  0.4394 0.0000 0.0000 0.0000 0.5605 0.0000 
 56       56   (0)      1 :  0.9666 0.0000 0.0000 0.0000 0.0333 0.0000 
 57       57   (0)      1 :  0.0000 0.0000 0.0000 0.0000 0.9999 0.0000 
 58       58   (0)      1 :  0.2952 0.0000 0.0000 0.0000 0.7047 0.0000 
 59       59   (0)      1 :  0.3014 0.0000 0.0000 0.0000 0.6986 0.0000 
 60       60   (0)      1 :  0.0000 0.0000 0.0000 0.0000 0.9999 0.0000 
 61       61   (0)      1 :  0.0000 0.0000 0.0000 0.0000 0.9999 0.0000 
 62       62   (0)      1 :  0.9666 0.0000 0.0000 0.0000 0.0333 0.0000 
 63       63   (0)      1 :  0.6259 0.0000 0.0000 0.0000 0.3740 0.0000 
 64       64   (0)      1 :  0.0000 0.0000 0.0000 0.0000 0.9999 0.0000 
 65       65   (0)      1 :  0.2687 0.0000 0.0000 0.0000 0.7312 0.0000 
 66       66   (0)      1 :  0.0000 0.0000 0.0000 0.0000 0.9999 0.0000 
 67       67   (0)      1 :  0.1084 0.0000 0.0000 0.0000 0.8916 0.0000 
 68       68   (0)      1 :  0.9666 0.0000 0.0000 0.0000 0.0333 0.0000 
 69       69   (0)      1 :  0.4502 0.0000 0.0000 0.0000 0.5497 0.0000 
 70       70   (0)      1 :  0.8433 0.0000 0.0000 0.0000 0.1567 0.0000 
 71       71   (0)      1 :  0.6648 0.0000 0.0000 0.0000 0.3352 0.0000 
 72       72   (0)      1 :  0.0000 0.0000 0.0000 0.0000 0.9999 0.0000 
 73       73   (0)      1 :  0.0000 0.0000 0.0000 0.0000 0.9999 0.0000 
 74       74   (0)      1 :  0.2767 0.0000 0.0000 0.0000 0.7232 0.0000 
 75       75   (0)      1 :  0.3840 0.0000 0.0000 0.0000 0.6160 0.0000 
 76       76   (0)      1 :  0.9666 0.0000 0.0000 0.0000 0.0333 0.0000 
 77       77   (0)      1 :  0.9666 0.0000 0.0000 0.0000 0.0333 0.0000 
 78       78   (0)      1 :  0.0000 0.9999 0.0000 0.0000 0.0000 0.0000 
 79       79   (0)      1 :  0.0000 0.9999 0.0000 0.0000 0.0000 0.0000 
 80       80   (0)      1 :  0.0000 0.9999 0.0000 0.0000 0.0000 0.0000 
 81       81   (0)      1 :  0.0000 0.9999 0.0000 0.0000 0.0000 0.0000 
 82       82   (0)      1 :  0.0000 0.9999 0.0000 0.0000 0.0000 0.0000 
 83       83   (0)      1 :  0.0000 0.9999 0.0000 0.0000 0.0000 0.0000 
 84       84   (0)      1 :  0.0000 0.9999 0.0000 0.0000 0.0000 0.0000 
 85       85   (0)      1 :  0.0000 0.9999 0.0000 0.0000 0.0000 0.0000 
 86       86   (0)      1 :  0.0000 0.9999 0.0000 0.0000 0.0000 0.0000 
 87       87   (0)      1 :  0.0000 0.9999 0.0000 0.0000 0.0000 0.0000 
 88       88   (0)      1 :  0.0000 0.9999 0.0000 0.0000 0.0000 0.0000 
 89       89   (0)      1 :  0.0000 0.9999 0.0000 0.0000 0.0000 0.0000 
 90       90   (0)      1 :  0.0000 0.9999 0.0000 0.0000 0.0000 0.0000 
 91       91   (0)      1 :  0.0000 0.9999 0.0000 0.0000 0.0000 0.0000 
 92       92   (0)      1 :  0.0000 0.9999 0.0000 0.0000 0.0000 0.0000 
 93       93   (0)      1 :  0.0000 0.9999 0.0000 0.0000 0.0000 0.0000 
 94       94   (0)      1 :  0.0000 0.9999 0.0000 0.0000 0.0000 0.0000 
 95       95   (0)      1 :  0.0000 0.9999 0.0000 0.0000 0.0000 0.0000 
 96       96   (0)      1 :  0.0000 0.0000 0.9999 0.0000 0.0000 0.0000 
 97       97   (0)      1 :  0.0000 0.0000 0.9999 0.0000 0.0000 0.0000 
 98       98   (0)      1 :  0.0000 0.0000 0.9999 0.0000 0.0000 0.0000 
 99       99   (0)      1 :  0.0000 0.0000 0.9999 0.0000 0.0000 0.0000 
100      100   (0)      1 :  0.0000 0.0000 0.9999 0.0000 0.0000 0.0000 
101      101   (0)      1 :  0.0000 0.0000 0.9999 0.0000 0.0000 0.0000 
102      102   (0)      1 :  0.0000 0.0000 0.9999 0.0000 0.0000 0.0000 
103      103   (0)      1 :  0.0000 0.0000 0.9999 0.0000 0.0000 0.0000 
104      104   (0)      1 :  0.0000 0.0000 0.9999 0.0000 0.0000 0.0000 
105      105   (0)      1 :  0.0000 0.0000 0.9999 0.0000 0.0000 0.0000 
106      106   (0)      1 :  0.0000 0.0000 0.9999 0.0000 0.0000 0.0000 
107      107   (0)      1 :  0.0000 0.0000 0.9999 0.0000 0.0000 0.0000 
108      108   (0)      1 :  0.0000 0.0000 0.9999 0.0000 0.0000 0.0000 
109      109   (0)      1 :  0.0000 0.0000 0.9999 0.0000 0.0000 0.0000 
110      110   (0)      1 :  0.0000 0.0000 0.9999 0.0000 0.0000 0.0000 
111      111   (0)      1 :  0.0000 0.0000 0.9999 0.0000 0.0000 0.0000 
112      112   (0)      1 :  0.0000 0.0000 0.9999 0.0000 0.0000 0.0000 
113      113   (0)      1 :  0.0000 0.0000 0.9999 0.0000 0.0000 0.0000 
114      114   (0)      1 :  0.0000 0.0000 0.0000 0.0000 0.0000 0.9999 
115      115   (0)      1 :  0.0000 0.0000 0.0000 0.0000 0.0000 0.9999 
116      116   (0)      1 :  0.0000 0.0000 0.0000 0.0000 0.0000 0.9999 
117      117   (0)      1 :  0.0000 0.0000 0.0000 0.0000 0.0000 0.9999 
118      118   (0)      1 :  0.0000 0.0000 0.0000 0.0000 0.0000 0.9999 
119      119   (0)      1 :  0.0000 0.0000 0.0000 0.0000 0.0000 0.9999 
120      120   (0)      1 :  0.0000 0.0000 0.0000 0.0000 0.0000 0.9999 
121      121   (0)      1 :  0.0000 0.0000 0.0000 0.0000 0.0000 0.9999 
