  1        1   (0)      1 :  0.0000 0.0000 0.0000 0.2124 0.0000 0.0000 0.0000 0.0000 0.0684 0.0000 0.6983 0.0000 0.0108 0.0099 0.0000 
  2        2   (0)      1 :  0.0000 0.0000 0.0000 0.2998 0.0000 0.0000 0.0000 0.0000 0.1136 0.0000 0.3509 0.0000 0.0226 0.2130 0.0000 
  3        3   (0)      1 :  0.0000 0.0000 0.0000 0.5179 0.0000 0.0000 0.0000 0.0000 0.0562 0.0000 0.3633 0.0000 0.0022 0.0603 0.0000 
  4        4   (0)      1 :  0.0000 0.0000 0.0000 0.3939 0.0000 0.0000 0.0000 0.0000 0.1332 0.0000 0.3244 0.0000 0.0667 0.0818 0.0000 
  5        5   (0)      1 :  0.0000 0.0000 0.0000 0.5666 0.0000 0.0000 0.0000 0.0000 0.1122 0.0000 0.3170 0.0000 0.0000 0.0042 0.0000 
  6        6   (0)      1 :  0.0000 0.0000 0.0000 0.4739 0.0000 0.0000 0.0000 0.0000 0.2104 0.0000 0.2264 0.0000 0.0667 0.0225 0.0000 
  7        7   (0)      1 :  0.0000 0.0000 0.0000 0.0012 0.0000 0.0000 0.0000 0.0000 0.0000 0.0000 0.9986 0.0000 0.0000 0.0000 0.0000 
  8        8   (0)      1 :  0.0000 0.0000 0.0000 0.5015 0.0000 0.0000 0.0000 0.0000 0.1110 0.0000 0.2820 0.0000 0.0544 0.0511 0.0000 
  9        9   (0)      1 :  0.0000 0.0000 0.0000 0.0000 0.0000 0.0000 0.0000 0.0000 0.8386 0.0000 0.0000 0.0000 0.0000 0.1613 0.0000 
 10       10   (0)      1 :  0.0000 0.0000 0.0000 0.0000 0.0000 0.0000 0.0000 0.0000 0.0669 0.0000 0.1333 0.0000 0.0000 0.7997 0.0000 
 11       11   (0)      1 :  0.0000 0.0000 0.0000 0.4404 0.0000 0.0000 0.0000 0.0000 0.1169 0.0000 0.3914 0.0000 0.0440 0.0073 0.0000 
 12       12   (0)      1 :  0.0000 0.0000 0.0000 0.0138 0.0000 0.0000 0.0000 0.0000 0.0667 0.0000 0.1199 0.0000 0.0000 0.7995 0.0000 
 13       13   (0)      1 :  0.0000 0.0000 0.0000 0.2091 0.0000 0.0000 0.0000 0.0000 0.7109 0.0000 0.0410 0.0000 0.0219 0.0169 0.0000 
 14       14   (0)      1 :  0.0000 0.0000 0.0000 0.0004 0.0000 0.0000 0.0000 0.0000 0.0667 0.0000 0.1333 0.0000 0.0000 0.7995 0.0000 
 15       15   (0)      1 :  0.0000 0.0000 0.0000 0.3552 0.0000 0.0000 0.0000 0.0000 0.3722 0.0000 0.1920 0.0000 0.0000 0.0805 0.0000 
 16       16   (0)      1 :  0.0000 0.0000 0.0000 0.0000 0.0000 0.0000 0.0000 0.0000 0.0013 0.0000 0.9986 0.0000 0.0000 0.0000 0.0000 
 17       17   (0)      1 :  0.0000 0.0000 0.0000 0.5666 0.0000 0.0000 0.0000 0.0000 0.0733 0.0000 0.3520 0.0000 0.0000 0.0080 0.0000 
 18       18   (0)      1 :  0.0000 0.0000 0.0000 0.0022 0.0000 0.0000 0.0000 0.0000 0.9920 0.0000 0.0007 0.0000 0.0049 0.0000 0.0000 
 19       19   (0)      1 :  0.0000 0.0000 0.0000 0.5666 0.0000 0.0000 0.0000 0.0000 0.1141 0.0000 0.2966 0.0000 0.0000 0.0225 0.0000 
 20       20   (0)      1 :  0.0000 0.0000 0.0000 0.0167 0.0000 0.0000 0.0000 0.0000 0.1717 0.0000 0.7566 0.0000 0.0000 0.0549 0.0000 
 21       21   (0)      1 :  0.0000 0.0000 0.0000 0.0106 0.0000 0.0000 0.0000 0.0000 0.0832 0.0000 0.9060 0.0000 0.0000 0.0000 0.0000 
 22       22   (0)      1 :  0.0000 0.0000 0.0000 0.0198 0.0000 0.0000 0.0000 0.0000 0.0000 0.0000 0.9316 0.0000 0.0000 0.0485 0.0000 
 23       23   (0)      1 :  0.0000 0.0000 0.0000 0.0000 0.0000 0.0000 0.0000 0.0000 0.0087 0.0000 0.8613 0.0000 0.0000 0.1299 0.0000 
 24       24   (0)      1 :  0.0000 0.0000 0.0000 0.0000 0.0000 0.0000 0.0000 0.0000 0.9999 0.0000 0.0000 0.0000 0.0000 0.0000 0.0000 
 25       25   (0)      1 :  0.0000 0.0000 0.0000 0.0716 0.0000 0.0000 0.0000 0.0000 0.1435 0.0000 0.7658 0.0000 0.0006 0.0183 0.0000 
 26       26   (0)      1 :  0.0000 0.0000 0.0000 0.0000 0.0000 0.0000 0.0000 0.0000 0.0620 0.0000 0.9378 0.0000 0.0000 0.0000 0.0000 
 27       27   (0)      1 :  0.0000 0.0000 0.0000 0.4078 0.0000 0.0000 0.0000 0.0000 0.1609 0.0000 0.1497 0.0000 0.0667 0.2148 0.0000 
 28       28   (0)      1 :  0.0000 0.0000 0.0000 0.5434 0.0000 0.0000 0.0000 0.0000 0.0183 0.0000 0.3791 0.0000 0.0000 0.0591 0.0000 
 29       29   (0)      1 :  0.0000 0.0000 0.0000 0.3599 0.0000 0.0000 0.0000 0.0000 0.2277 0.0000 0.3686 0.0000 0.0378 0.0058 0.0000 
 30       30   (0)      1 :  0.0000 0.0000 0.0000 0.0000 0.0000 0.0000 0.0000 0.0000 0.0356 0.0000 0.9267 0.0000 0.0000 0.0375 0.0000 
 31       31   (0)      1 :  0.0000 0.0000 0.0000 0.5472 0.0000 0.0000 0.0000 0.0000 0.1619 0.0000 0.2456 0.0000 0.0000 0.0452 0.0000 
 32       32   (0)      1 :  0.0000 0.0000 0.0000 0.0015 0.0000 0.0000 0.0000 0.0000 0.0000 0.0000 0.9984 0.0000 0.0000 0.0000 0.0000 
 33       33   (0)      1 :  0.0000 0.0000 0.0000 0.0001 0.0000 0.0000 0.0000 0.0000 0.0500 0.0000 0.8386 0.0000 0.0126 0.0986 0.0000 
 34       34   (0)      1 :  0.0000 0.0000 0.0000 0.4984 0.0000 0.0000 0.0000 0.0000 0.0946 0.0000 0.3119 0.0000 0.0170 0.0780 0.0000 
 35       35   (0)      1 :  0.0000 0.0000 0.0000 0.0003 0.0000 0.0000 0.0000 0.0000 0.9996 0.0000 0.0000 0.0000 0.0000 0.0000 0.0000 
 36       36   (0)      1 :  0.0000 0.0000 0.0933 0.0000 0.0000 0.2897 0.0000 0.0000 0.0000 0.6003 0.0000 0.0000 0.0166 0.0000 0.0000 
 37       37   (0)      1 :  0.0000 0.0667 0.0957 0.0333 0.0000 0.0000 0.0000 0.1494 0.0000 0.6548 0.0000 0.0000 0.0000 0.0000 0.0000 
 38       38   (0)      1 :  0.0000 0.1337 0.2196 0.0000 0.0000 0.0000 0.0000 0.1350 0.0000 0.5115 0.0000 0.0000 0.0000 0.0000 0.0000 
 39       39   (0)      1 :  0.0000 0.0450 0.0552 0.0059 0.0000 0.7440 0.0000 0.0165 0.0000 0.1000 0.0000 0.0000 0.0333 0.0000 0.0000 
 40       40   (0)      1 :  0.0000 0.0671 0.1507 0.0042 0.0000 0.5566 0.0000 0.0552 0.0000 0.1521 0.0000 0.0000 0.0139 0.0000 0.0000 
 41       41   (0)      1 :  0.0000 0.0000 0.5600 0.0333 0.0000 0.0000 0.0000 0.3134 0.0000 0.0931 0.0000 0.0000 0.0000 0.0000 0.0000 
 42       42   (0)      1 :  0.0000 0.0701 0.0321 0.0667 0.0000 0.2720 0.0000 0.2323 0.0000 0.2934 0.0000 0.0000 0.0333 0.0000 0.0000 
 43       43   (0)      1 :  0.0000 0.0000 0.0265 0.0108 0.0000 0.2550 0.0000 0.6102 0.0000 0.0973 0.0000 0.0000 0.0000 0.0000 0.0000 
 44       44   (0)      1 :  0.0000 0.2576 0.2033 0.0155 0.0000 0.1364 0.0000 0.2964 0.0000 0.0768 0.0000 0.0000 0.0139 0.0000 0.0000 
 45       45   (0)      1 :  0.0000 0.0330 0.1033 0.0358 0.0000 0.6250 0.0000 0.1031 0.0000 0.0770 0.0000 0.0000 0.0226 0.0000 0.0000 
 46       46   (0)      1 :  0.0000 0.5510 0.2318 0.0088 0.0000 0.0047 0.0000 0.0813 0.0000 0.0711 0.0000 0.0000 0.0513 0.0000 0.0000 
 47       47   (0)      1 :  0.0000 0.0277 0.0940 0.0333 0.0000 0.0000 0.0000 0.1044 0.0000 0.7406 0.0000 0.0000 0.0000 0.0000 0.0000 
 48       48   (0)      1 :  0.0000 0.0045 0.9917 0.0000 0.0000 0.0000 0.0000 0.0008 0.0000 0.0028 0.0000 0.0000 0.0000 0.0000 0.0000 
 49       49   (0)      1 :  0.0000 0.6180 0.0657 0.0000 0.0000 0.1483 0.0000 0.0663 0.0000 0.0349 0.0000 0.0000 0.0667 0.0000 0.0000 
 50       50   (0)      1 :  0.0000 0.3762 0.2693 0.0000 0.0000 0.0000 0.0000 0.0576 0.0000 0.2846 0.0000 0.0000 0.0123 0.0000 0.0000 
 51       51   (0)      1 :  0.0000 0.5264 0.1914 0.0244 0.0000 0.1305 0.0000 0.0263 0.0000 0.0553 0.0000 0.0000 0.0457 0.0000 0.0000 
 52       52   (0)      1 :  0.0000 0.2872 0.0671 0.0004 0.0000 0.0000 0.0000 0.2141 0.0000 0.4311 0.0000 0.0000 0.0000 0.0000 0.0000 
 53       53   (0)      1 :  0.0000 0.0000 0.0000 0.0136 0.0000 0.9293 0.0000 0.0120 0.0000 0.0116 0.0000 0.0000 0.0333 0.0000 0.0000 
 54       54   (0)      1 :  0.0000 0.0247 0.0000 0.0794 0.0000 0.5189 0.0000 0.2451 0.0000 0.0985 0.0000 0.0000 0.0333 0.0000 0.0000 
 55       55   (0)      1 :  0.0000 0.5547 0.1309 0.0448 0.0000 0.1842 0.0000 0.0059 0.0000 0.0249 0.0000 0.0000 0.0545 0.0000 0.0000 
 56       56   (0)      1 :  0.0000 0.0006 0.1105 0.0000 0.0000 0.0000 0.0000 0.0099 0.0000 0.8789 0.0000 0.0000 0.0000 0.0000 0.0000 
 57       57   (0)      1 :  0.0000 0.0435 0.0000 0.0827 0.0000 0.6197 0.0000 0.1483 0.0000 0.0724 0.0000 0.0000 0.0333 0.0000 0.0000 
 58       58   (0)      1 :  0.0000 0.0298 0.3208 0.0381 0.0000 0.3561 0.0000 0.2301 0.0000 0.0189 0.0000 0.0000 0.0061 0.0000 0.0000 
 59       59   (0)      1 :  0.0000 0.4516 0.0573 0.0000 0.0000 0.4206 0.0000 0.0294 0.0000 0.0095 0.0000 0.0000 0.0315 0.0000 0.0000 
 60       60   (0)      1 :  0.0000 0.0060 0.0282 0.0000 0.0000 0.7045 0.0000 0.2288 0.0000 0.0237 0.0000 0.0000 0.0088 0.0000 0.0000 
 61       61   (0)      1 :  0.0000 0.0573 0.0489 0.0044 0.0000 0.8600 0.0000 0.0188 0.0000 0.0027 0.0000 0.0000 0.0079 0.0000 0.0000 
 62       62   (0)      1 :  0.0000 0.0000 0.1189 0.0000 0.0000 0.0000 0.0000 0.0000 0.0000 0.8810 0.0000 0.0000 0.0000 0.0000 0.0000 
 63       63   (0)      1 :  0.0000 0.5955 0.1506 0.0000 0.0000 0.0886 0.0000 0.0185 0.0000 0.0879 0.0000 0.0000 0.0588 0.0000 0.0000 
 64       64   (0)      1 :  0.0000 0.0148 0.0000 0.0000 0.0000 0.8894 0.0000 0.0097 0.0000 0.0527 0.0000 0.0000 0.0333 0.0000 0.0000 
 65       65   (0)      1 :  0.0000 0.1096 0.0058 0.1152 0.0000 0.2684 0.0000 0.2050 0.0000 0.2734 0.0000 0.0000 0.0225 0.0000 0.0000 
 66       66   (0)      1 :  0.0000 0.0627 0.0000 0.0000 0.0000 0.8551 0.0000 0.0687 0.0000 0.0061 0.0000 0.0000 0.0074 0.0000 0.0000 
 67       67   (0)      1 :  0.0000 0.1264 0.0006 0.0048 0.0000 0.6656 0.0000 0.1322 0.0000 0.0603 0.0000 0.0000 0.0100 0.0000 0.0000 
 68       68   (0)      1 :  0.0000 0.0041 0.9895 0.0000 0.0000 0.0000 0.0000 0.0007 0.0000 0.0057 0.0000 0.0000 0.0000 0.0000 0.0000 
 69       69   (0)      1 :  0.0000 0.0333 0.0454 0.0000 0.0000 0.0932 0.0000 0.6941 0.0000 0.1338 0.0000 0.0000 0.0000 0.0000 0.0000 
 70       70   (0)      1 :  0.0000 0.5806 0.2015 0.0000 0.0000 0.0369 0.0000 0.0659 0.0000 0.0484 0.0000 0.0000 0.0667 0.0000 0.0000 
 71       71   (0)      1 :  0.0000 0.0132 0.8404 0.0000 0.0000 0.1392 0.0000 0.0000 0.0000 0.0000 0.0000 0.0000 0.0071 0.0000 0.0000 
 72       72   (0)      1 :  0.0000 0.0238 0.0000 0.0000 0.0000 0.9685 0.0000 0.0000 0.0000 0.0000 0.0000 0.0000 0.0077 0.0000 0.0000 
 73       73   (0)      1 :  0.0000 0.0008 0.0000 0.0000 0.0000 0.9172 0.0000 0.0644 0.0000 0.0174 0.0000 0.0000 0.0000 0.0000 0.0000 
 74       74   (0)      1 :  0.0000 0.0331 0.0145 0.0000 0.0000 0.2535 0.0000 0.6171 0.0000 0.0817 0.0000 0.0000 0.0000 0.0000 0.0000 
 75       75   (0)      1 :  0.0000 0.0190 0.0502 0.0027 0.0000 0.1340 0.0000 0.6597 0.0000 0.1259 0.0000 0.0000 0.0083 0.0000 0.0000 
 76       76   (0)      1 :  0.0000 0.0000 0.9999 0.0000 0.0000 0.0000 0.0000 0.0000 0.0000 0.0000 0.0000 0.0000 0.0000 0.0000 0.0000 
 77       77   (0)      1 :  0.0000 0.2342 0.1903 0.0094 0.0000 0.0000 0.0000 0.1310 0.0000 0.4280 0.0000 0.0000 0.0071 0.0000 0.0000 
 78       78   (0)      1 :  0.0000 0.0333 0.0000 0.0000 0.0214 0.0000 0.0000 0.0000 0.0000 0.0000 0.0000 0.8462 0.0656 0.0333 0.0000 
 79       79   (0)      1 :  0.0000 0.0000 0.0000 0.0000 0.2757 0.0000 0.0000 0.0000 0.0000 0.0000 0.0000 0.5984 0.1258 0.0000 0.0000 
 80       80   (0)      1 :  0.0000 0.0000 0.0000 0.0000 0.8999 0.0000 0.0000 0.0000 0.0000 0.0000 0.0000 0.0000 0.1000 0.0000 0.0000 
 81       81   (0)      1 :  0.0000 0.0333 0.0000 0.0330 0.3676 0.0000 0.0000 0.0000 0.0000 0.0000 0.0000 0.3660 0.1667 0.0333 0.0000 
 82       82   (0)      1 :  0.0000 0.0333 0.0000 0.0333 0.1673 0.0000 0.0000 0.0000 0.0000 0.0000 0.0000 0.4000 0.3326 0.0333 0.0000 
 83       83   (0)      1 :  0.0000 0.0000 0.0000 0.0000 0.2309 0.0000 0.0000 0.0000 0.0000 0.0000 0.0000 0.5714 0.1976 0.0000 0.0000 
 84       84   (0)      1 :  0.0000 0.0000 0.0000 0.0000 0.4732 0.0000 0.0000 0.0000 0.0000 0.0000 0.0000 0.3353 0.1914 0.0000 0.0000 
 85       85   (0)      1 :  0.0000 0.0333 0.0000 0.0333 0.2745 0.0000 0.0000 0.0000 0.0000 0.0000 0.0000 0.4921 0.1667 0.0000 0.0000 
 86       86   (0)      1 :  0.0000 0.0000 0.0000 0.0000 0.8312 0.0000 0.0000 0.0000 0.0000 0.0000 0.0000 0.0353 0.1333 0.0000 0.0000 
 87       87   (0)      1 :  0.0000 0.0000 0.0000 0.0023 0.2350 0.0000 0.0000 0.0000 0.0000 0.0000 0.0000 0.6134 0.1493 0.0000 0.0000 
 88       88   (0)      1 :  0.0000 0.0000 0.0000 0.0000 0.2182 0.0000 0.0000 0.0000 0.0000 0.0000 0.0000 0.6155 0.1662 0.0000 0.0000 
 89       89   (0)      1 :  0.0000 0.0000 0.0000 0.0000 0.2184 0.0000 0.0000 0.0000 0.0000 0.0000 0.0000 0.6818 0.0997 0.0000 0.0000 
 90       90   (0)      1 :  0.0000 0.0333 0.0000 0.0000 0.1107 0.0000 0.0000 0.0000 0.0000 0.0000 0.0000 0.7563 0.0996 0.0000 0.0000 
 91       91   (0)      1 :  0.0000 0.0000 0.0000 0.0000 0.8769 0.0000 0.0000 0.0000 0.0000 0.0000 0.0000 0.0554 0.0677 0.0000 0.0000 
 92       92   (0)      1 :  0.0000 0.0000 0.0000 0.0000 0.9325 0.0000 0.0000 0.0000 0.0000 0.0000 0.0000 0.0000 0.0674 0.0000 0.0000 
 93       93   (0)      1 :  0.0000 0.0000 0.0000 0.0000 0.9105 0.0000 0.0000 0.0000 0.0000 0.0000 0.0000 0.0218 0.0676 0.0000 0.0000 
 94       94   (0)      1 :  0.0000 0.0000 0.0000 0.0000 0.2008 0.0000 0.0000 0.0000 0.0000 0.0000 0.0000 0.6657 0.1333 0.0000 0.0000 
 95       95   (0)      1 :  0.0000 0.0000 0.0000 0.0000 0.0678 0.0000 0.0000 0.0000 0.0000 0.0000 0.0000 0.7698 0.1623 0.0000 0.0000 
 96       96   (0)      1 :  0.0000 0.0000 0.0000 0.0529 0.0000 0.0000 0.6241 0.1000 0.0000 0.0000 0.0000 0.0000 0.0995 0.0058 0.1176 
 97       97   (0)      1 :  0.0000 0.0000 0.0000 0.0161 0.0000 0.0000 0.6825 0.1667 0.0000 0.0000 0.0000 0.0000 0.0667 0.0000 0.0681 
 98       98   (0)      1 :  0.0000 0.0000 0.0000 0.0667 0.0000 0.0000 0.5269 0.0333 0.0000 0.0000 0.0000 0.0000 0.0667 0.0000 0.3063 
 99       99   (0)      1 :  0.0000 0.0000 0.0000 0.0667 0.0000 0.0000 0.5157 0.1707 0.0000 0.0000 0.0000 0.0000 0.0538 0.0000 0.1930 
100      100   (0)      1 :  0.0000 0.0000 0.0000 0.0333 0.0000 0.0000 0.5555 0.0333 0.0000 0.0000 0.0000 0.0000 0.1333 0.0000 0.2444 
101      101   (0)      1 :  0.0000 0.0000 0.0000 0.0182 0.0000 0.0000 0.3168 0.0204 0.0000 0.0000 0.0000 0.0000 0.1096 0.0155 0.5194 
102      102   (0)      1 :  0.0000 0.0000 0.0000 0.0667 0.0000 0.0000 0.0117 0.0000 0.0000 0.0000 0.0000 0.0000 0.0000 0.0000 0.9215 
103      103   (0)      1 :  0.0000 0.0000 0.0000 0.0217 0.0000 0.0000 0.7651 0.0077 0.0000 0.0000 0.0000 0.0000 0.0855 0.0000 0.1199 
104      104   (0)      1 :  0.0000 0.0000 0.0000 0.0165 0.0000 0.0000 0.2845 0.0333 0.0000 0.0000 0.0000 0.0000 0.1570 0.0333 0.4752 
105      105   (0)      1 :  0.0000 0.0000 0.0000 0.0667 0.0000 0.0000 0.2000 0.0667 0.0000 0.0000 0.0000 0.0000 0.1333 0.0000 0.5333 
106      106   (0)      1 :  0.0000 0.0000 0.0000 0.0000 0.0000 0.0000 0.4799 0.0000 0.0000 0.0000 0.0000 0.0000 0.1333 0.0333 0.3533 
107      107   (0)      1 :  0.0000 0.0000 0.0000 0.0667 0.0000 0.0000 0.0674 0.0667 0.0000 0.0000 0.0000 0.0000 0.0667 0.0000 0.7325 
108      108   (0)      1 :  0.0000 0.0000 0.0000 0.0734 0.0000 0.0000 0.0325 0.0000 0.0000 0.0000 0.0000 0.0000 0.0278 0.0000 0.8661 
109      109   (0)      1 :  0.0000 0.0000 0.0000 0.0488 0.0000 0.0000 0.7136 0.0900 0.0000 0.0000 0.0000 0.0000 0.0571 0.0000 0.0904 
110      110   (0)      1 :  0.0000 0.0000 0.0000 0.0333 0.0000 0.0000 0.8575 0.0000 0.0000 0.0000 0.0000 0.0000 0.0667 0.0000 0.0423 
111      111   (0)      1 :  0.0000 0.0000 0.0000 0.0333 0.0000 0.0000 0.7099 0.0333 0.0000 0.0000 0.0000 0.0000 0.0843 0.0000 0.1391 
112      112   (0)      1 :  0.0000 0.0000 0.0000 0.0000 0.0000 0.0000 0.4406 0.1333 0.0000 0.0000 0.0000 0.0000 0.1333 0.0333 0.2594 
113      113   (0)      1 :  0.0000 0.0000 0.0000 0.0667 0.0000 0.0000 0.1497 0.0667 0.0000 0.0000 0.0000 0.0000 0.1066 0.0000 0.6102 
114      114   (0)      1 :  0.8665 0.1000 0.0000 0.0000 0.0000 0.0000 0.0000 0.0000 0.0000 0.0000 0.0000 0.0000 0.0000 0.0333 0.0000 
115      115   (0)      1 :  0.8010 0.0469 0.0000 0.0552 0.0000 0.0000 0.0000 0.0000 0.0000 0.0000 0.0000 0.0000 0.0000 0.0966 0.0000 
116      116   (0)      1 :  0.8999 0.0667 0.0000 0.0000 0.0000 0.0000 0.0000 0.0000 0.0000 0.0000 0.0000 0.0000 0.0000 0.0333 0.0000 
117      117   (0)      1 :  0.9320 0.0333 0.0000 0.0000 0.0000 0.0000 0.0000 0.0000 0.0000 0.0000 0.0000 0.0000 0.0192 0.0154 0.0000 
118      118   (0)      1 :  0.8332 0.0333 0.0000 0.0667 0.0000 0.0000 0.0000 0.0000 0.0000 0.0000 0.0000 0.0000 0.0652 0.0014 0.0000 
119      119   (0)      1 :  0.6999 0.1000 0.0000 0.1000 0.0000 0.0000 0.0000 0.0000 0.0000 0.0000 0.0000 0.0000 0.0667 0.0333 0.0000 
120      120   (0)      1 :  0.8339 0.0333 0.0000 0.0333 0.0000 0.0000 0.0000 0.0000 0.0000 0.0000 0.0000 0.0000 0.0333 0.0660 0.0000 
121      121   (0)      1 :  0.7666 0.0667 0.0000 0.0333 0.0000 0.0000 0.0000 0.0000 0.0000 0.0000 0.0000 0.0000 0.1000 0.0333 0.0000 
