  1        1   (0)      1 :  0.0000 0.0000 1.0000 0.0000 0.0000 
  2        2   (0)      1 :  0.0000 0.0000 1.0000 0.0000 0.0000 
  3        3   (0)      1 :  0.0000 0.0000 1.0000 0.0000 0.0000 
  4        4   (0)      1 :  0.0000 0.0000 1.0000 0.0000 0.0000 
  5        5   (0)      1 :  0.0000 0.0000 1.0000 0.0000 0.0000 
  6        6   (0)      1 :  0.0000 0.0000 1.0000 0.0000 0.0000 
  7        7   (0)      1 :  0.0000 0.0000 1.0000 0.0000 0.0000 
  8        8   (0)      1 :  0.0000 0.0000 1.0000 0.0000 0.0000 
  9        9   (0)      1 :  0.0000 0.0000 0.9999 0.0000 0.0000 
 10       10   (0)      1 :  0.0000 0.0000 1.0000 0.0000 0.0000 
 11       11   (0)      1 :  0.0000 0.0000 1.0000 0.0000 0.0000 
 12       12   (0)      1 :  0.0000 0.0000 1.0000 0.0000 0.0000 
 13       13   (0)      1 :  0.0000 0.0000 1.0000 0.0000 0.0000 
 14       14   (0)      1 :  0.0000 0.0000 1.0000 0.0000 0.0000 
 15       15   (0)      1 :  0.0000 0.0000 1.0000 0.0000 0.0000 
 16       16   (0)      1 :  0.0000 0.0000 1.0000 0.0000 0.0000 
 17       17   (0)      1 :  0.0000 0.0000 1.0000 0.0000 0.0000 
 18       18   (0)      1 :  0.0000 0.0000 1.0000 0.0000 0.0000 
 19       19   (0)      1 :  0.0000 0.0000 1.0000 0.0000 0.0000 
 20       20   (0)      1 :  0.0000 0.0000 1.0000 0.0000 0.0000 
 21       21   (0)      1 :  0.0000 0.0000 1.0000 0.0000 0.0000 
 22       22   (0)      1 :  0.0000 0.0000 1.0000 0.0000 0.0000 
 23       23   (0)      1 :  0.0000 0.0000 1.0000 0.0000 0.0000 
 24       24   (0)      1 :  0.0000 0.0000 1.0000 0.0000 0.0000 
 25       25   (0)      1 :  0.0000 0.0000 1.0000 0.0000 0.0000 
 26       26   (0)      1 :  0.0000 0.0000 1.0000 0.0000 0.0000 
 27       27   (0)      1 :  0.0000 0.0000 1.0000 0.0000 0.0000 
 28       28   (0)      1 :  0.0000 0.0000 1.0000 0.0000 0.0000 
 29       29   (0)      1 :  0.0000 0.0000 1.0000 0.0000 0.0000 
 30       30   (0)      1 :  0.0000 0.0000 1.0000 0.0000 0.0000 
 31       31   (0)      1 :  0.0000 0.0000 1.0000 0.0000 0.0000 
 32       32   (0)      1 :  0.0000 0.0000 1.0000 0.0000 0.0000 
 33       33   (0)      1 :  0.0000 0.0000 1.0000 0.0000 0.0000 
 34       34   (0)      1 :  0.0000 0.0000 1.0000 0.0000 0.0000 
 35       35   (0)      1 :  0.0000 0.0000 1.0000 0.0000 0.0000 
 36       36   (0)      1 :  0.3443 0.0000 0.0000 0.6557 0.0000 
 37       37   (0)      1 :  0.5666 0.0000 0.0000 0.4333 0.0000 
 38       38   (0)      1 :  0.5666 0.0000 0.0000 0.4333 0.0000 
 39       39   (0)      1 :  0.0022 0.0000 0.0000 0.9978 0.0000 
 40       40   (0)      1 :  0.2170 0.0000 0.0000 0.7829 0.0000 
 41       41   (0)      1 :  0.4712 0.0000 0.0000 0.5287 0.0000 
 42       42   (0)      1 :  0.1537 0.0000 0.0000 0.8463 0.0000 
 43       43   (0)      1 :  0.0277 0.0000 0.0000 0.9723 0.0000 
 44       44   (0)      1 :  0.2439 0.0000 0.0000 0.7561 0.0000 
 45       45   (0)      1 :  0.1097 0.0000 0.0000 0.8902 0.0000 
 46       46   (0)      1 :  0.5666 0.0000 0.0000 0.4333 0.0000 
 47       47   (0)      1 :  0.5666 0.0000 0.0000 0.4333 0.0000 
 48       48   (0)      1 :  0.5666 0.0000 0.0000 0.4333 0.0000 
 49       49   (0)      1 :  0.1899 0.0000 0.0000 0.8101 0.0000 
 50       50   (0)      1 :  0.5666 0.0000 0.0000 0.4333 0.0000 
 51       51   (0)      1 :  0.3583 0.0000 0.0000 0.6416 0.0000 
 52       52   (0)      1 :  0.5666 0.0000 0.0000 0.4333 0.0000 
 53       53   (0)      1 :  0.0000 0.0000 0.0000 1.0000 0.0000 
 54       54   (0)      1 :  0.0000 0.0000 0.0000 1.0000 0.0000 
 55       55   (0)      1 :  0.2555 0.0000 0.0000 0.7445 0.0000 
 56       56   (0)      1 :  0.5666 0.0000 0.0000 0.4333 0.0000 
 57       57   (0)      1 :  0.0000 0.0000 0.0000 1.0000 0.0000 
 58       58   (0)      1 :  0.1720 0.0000 0.0000 0.8280 0.0000 
 59       59   (0)      1 :  0.1764 0.0000 0.0000 0.8236 0.0000 
 60       60   (0)      1 :  0.0000 0.0000 0.0000 1.0000 0.0000 
 61       61   (0)      1 :  0.0000 0.0000 0.0000 1.0000 0.0000 
 62       62   (0)      1 :  0.5666 0.0000 0.0000 0.4333 0.0000 
 63       63   (0)      1 :  0.3661 0.0000 0.0000 0.6338 0.0000 
 64       64   (0)      1 :  0.0000 0.0000 0.0000 1.0000 0.0000 
 65       65   (0)      1 :  0.1559 0.0000 0.0000 0.8440 0.0000 
 66       66   (0)      1 :  0.0000 0.0000 0.0000 1.0000 0.0000 
 67       67   (0)      1 :  0.0619 0.0000 0.0000 0.9381 0.0000 
 68       68   (0)      1 :  0.5666 0.0000 0.0000 0.4333 0.0000 
 69       69   (0)      1 :  0.2774 0.0000 0.0000 0.7225 0.0000 
 70       70   (0)      1 :  0.4926 0.0000 0.0000 0.5074 0.0000 
 71       71   (0)      1 :  0.3890 0.0000 0.0000 0.6110 0.0000 
 72       72   (0)      1 :  0.0000 0.0000 0.0000 1.0000 0.0000 
 73       73   (0)      1 :  0.0000 0.0000 0.0000 1.0000 0.0000 
 74       74   (0)      1 :  0.1617 0.0000 0.0000 0.8383 0.0000 
 75       75   (0)      1 :  0.2255 0.0000 0.0000 0.7744 0.0000 
 76       76   (0)      1 :  0.5666 0.0000 0.0000 0.4333 0.0000 
 77       77   (0)      1 :  0.5666 0.0000 0.0000 0.4333 0.0000 
 78       78   (0)      1 :  0.0000 1.0000 0.0000 0.0000 0.0000 
 79       79   (0)      1 :  0.0000 1.0000 0.0000 0.0000 0.0000 
 80       80   (0)      1 :  0.0000 1.0000 0.0000 0.0000 0.0000 
 81       81   (0)      1 :  0.0000 1.0000 0.0000 0.0000 0.0000 
 82       82   (0)      1 :  0.0000 1.0000 0.0000 0.0000 0.0000 
 83       83   (0)      1 :  0.0000 1.0000 0.0000 0.0000 0.0000 
 84       84   (0)      1 :  0.0000 1.0000 0.0000 0.0000 0.0000 
 85       85   (0)      1 :  0.0000 1.0000 0.0000 0.0000 0.0000 
 86       86   (0)      1 :  0.0000 1.0000 0.0000 0.0000 0.0000 
 87       87   (0)      1 :  0.0000 1.0000 0.0000 0.0000 0.0000 
 88       88   (0)      1 :  0.0000 1.0000 0.0000 0.0000 0.0000 
 89       89   (0)      1 :  0.0000 1.0000 0.0000 0.0000 0.0000 
 90       90   (0)      1 :  0.0000 1.0000 0.0000 0.0000 0.0000 
 91       91   (0)      1 :  0.0000 1.0000 0.0000 0.0000 0.0000 
 92       92   (0)      1 :  0.0000 1.0000 0.0000 0.0000 0.0000 
 93       93   (0)      1 :  0.0000 1.0000 0.0000 0.0000 0.0000 
 94       94   (0)      1 :  0.0000 1.0000 0.0000 0.0000 0.0000 
 95       95   (0)      1 :  0.0000 1.0000 0.0000 0.0000 0.0000 
 96       96   (0)      1 :  0.0185 0.0000 0.0000 0.0000 0.9815 
 97       97   (0)      1 :  0.0135 0.0000 0.0000 0.0000 0.9865 
 98       98   (0)      1 :  0.0000 0.0000 0.0000 0.0000 1.0000 
 99       99   (0)      1 :  0.0133 0.0000 0.0000 0.0000 0.9867 
100      100   (0)      1 :  0.0000 0.0000 0.0000 0.0000 1.0000 
101      101   (0)      1 :  0.0058 0.0000 0.0000 0.0000 0.9941 
102      102   (0)      1 :  0.0162 0.0000 0.0000 0.0000 0.9838 
103      103   (0)      1 :  0.0038 0.0000 0.0000 0.0000 0.9961 
104      104   (0)      1 :  0.0129 0.0000 0.0000 0.0000 0.9871 
105      105   (0)      1 :  0.0333 0.0000 0.0000 0.0000 0.9666 
106      106   (0)      1 :  0.0000 0.0000 0.0000 0.0000 1.0000 
107      107   (0)      1 :  0.0333 0.0000 0.0000 0.0000 0.9666 
108      108   (0)      1 :  0.0092 0.0000 0.0000 0.0000 0.9908 
109      109   (0)      1 :  0.0038 0.0000 0.0000 0.0000 0.9962 
110      110   (0)      1 :  0.0000 0.0000 0.0000 0.0000 1.0000 
111      111   (0)      1 :  0.0000 0.0000 0.0000 0.0000 1.0000 
112      112   (0)      1 :  0.0000 0.0000 0.0000 0.0000 1.0000 
113      113   (0)      1 :  0.0333 0.0000 0.0000 0.0000 0.9666 
114      114   (0)      1 :  0.4000 0.3681 0.2319 0.0000 0.0000 
115      115   (0)      1 :  0.4000 0.3632 0.2368 0.0000 0.0000 
116      116   (0)      1 :  0.4000 0.3688 0.2312 0.0000 0.0000 
117      117   (0)      1 :  0.4000 0.3685 0.2315 0.0000 0.0000 
118      118   (0)      1 :  0.4000 0.3703 0.2297 0.0000 0.0000 
119      119   (0)      1 :  0.4000 0.3640 0.2360 0.0000 0.0000 
120      120   (0)      1 :  0.4000 0.3605 0.2395 0.0000 0.0000 
121      121   (0)      1 :  0.4000 0.3659 0.2341 0.0000 0.0000 
