1        1   (0)      1  : 0.0000 0.0000 0.8568 0.0000 0.0000 0.0000 0.1431 0.0000 0.0000
2        2   (0)      1  : 0.0000 0.0000 0.6775 0.0000 0.0000 0.0000 0.3224 0.0000 0.0000
3        3   (0)      1  : 0.0000 0.0000 0.8124 0.0000 0.0000 0.0000 0.1876 0.0000 0.0000
4        4   (0)      1  : 0.0000 0.0000 0.6601 0.0000 0.0000 0.0000 0.3398 0.0000 0.0000
5        5   (0)      1  : 0.0000 0.0000 0.7401 0.0000 0.0000 0.0000 0.2599 0.0000 0.0000
6        6   (0)      1  : 0.0000 0.0000 0.5988 0.0000 0.0000 0.0000 0.4012 0.0000 0.0000
7        7   (0)      1  : 0.0000 0.0000 0.9999 0.0000 0.0000 0.0000 0.0000 0.0000 0.0000
8        8   (0)      1  : 0.0000 0.0000 0.7319 0.0000 0.0000 0.0000 0.2680 0.0000 0.0000
9        9   (0)      1  : 0.0000 0.0000 0.1780 0.0000 0.0000 0.0000 0.8219 0.0000 0.0000
10       10   (0)      1  : 0.0000 0.0000 0.5917 0.0000 0.0000 0.0000 0.4082 0.0000 0.0000
11       11   (0)      1  : 0.0000 0.0000 0.7686 0.0000 0.0000 0.0000 0.2314 0.0000 0.0000
12       12   (0)      1  : 0.0000 0.0000 0.6096 0.0000 0.0000 0.0000 0.3904 0.0000 0.0000
13       13   (0)      1  : 0.0000 0.0000 0.2006 0.0000 0.0000 0.0000 0.7994 0.0000 0.0000
14       14   (0)      1  : 0.0000 0.0000 0.5821 0.0000 0.0000 0.0000 0.4178 0.0000 0.0000
15       15   (0)      1  : 0.0000 0.0000 0.5595 0.0000 0.0000 0.0000 0.4405 0.0000 0.0000
16       16   (0)      1  : 0.0000 0.0000 0.9782 0.0000 0.0000 0.0000 0.0218 0.0000 0.0000
17       17   (0)      1  : 0.0000 0.0000 0.8327 0.0000 0.0000 0.0000 0.1672 0.0000 0.0000
18       18   (0)      1  : 0.0000 0.0000 0.1892 0.0000 0.0000 0.0000 0.8108 0.0000 0.0000
19       19   (0)      1  : 0.0000 0.0000 0.7103 0.0000 0.0000 0.0000 0.2896 0.0000 0.0000
20       20   (0)      1  : 0.0000 0.0000 0.8488 0.0000 0.0000 0.0000 0.1511 0.0000 0.0000
21       21   (0)      1  : 0.0000 0.0000 0.9239 0.0000 0.0000 0.0000 0.0761 0.0000 0.0000
22       22   (0)      1  : 0.0000 0.0000 0.9945 0.0000 0.0000 0.0000 0.0054 0.0000 0.0000
23       23   (0)      1  : 0.0000 0.0000 0.9463 0.0000 0.0000 0.0000 0.0537 0.0000 0.0000
24       24   (0)      1  : 0.0000 0.0000 0.1859 0.0000 0.0000 0.0000 0.8140 0.0000 0.0000
25       25   (0)      1  : 0.0000 0.0000 0.8623 0.0000 0.0000 0.0000 0.1376 0.0000 0.0000
26       26   (0)      1  : 0.0000 0.0000 0.9304 0.0000 0.0000 0.0000 0.0696 0.0000 0.0000
27       27   (0)      1  : 0.0000 0.0000 0.4959 0.0000 0.0000 0.0000 0.5040 0.0000 0.0000
28       28   (0)      1  : 0.0000 0.0000 0.9096 0.0000 0.0000 0.0000 0.0903 0.0000 0.0000
29       29   (0)      1  : 0.0000 0.0000 0.6949 0.0000 0.0000 0.0000 0.3051 0.0000 0.0000
30       30   (0)      1  : 0.0000 0.0000 0.9534 0.0000 0.0000 0.0000 0.0465 0.0000 0.0000
31       31   (0)      1  : 0.0000 0.0000 0.6474 0.0000 0.0000 0.0000 0.3525 0.0000 0.0000
32       32   (0)      1  : 0.0000 0.0000 0.9988 0.0000 0.0000 0.0000 0.0011 0.0000 0.0000
33       33   (0)      1  : 0.0000 0.0000 0.9334 0.0000 0.0000 0.0000 0.0665 0.0000 0.0000
34       34   (0)      1  : 0.0000 0.0000 0.7597 0.0000 0.0000 0.0000 0.2403 0.0000 0.0000
35       35   (0)      1  : 0.0000 0.0000 0.1852 0.0000 0.0000 0.0000 0.8148 0.0000 0.0000
36       36   (0)      1  : 0.0000 0.3653 0.0000 0.0000 0.5918 0.0000 0.0000 0.0428 0.0000
37       37   (0)      1  : 0.0000 0.0000 0.0000 0.0000 0.9648 0.0000 0.0000 0.0303 0.0048
38       38   (0)      1  : 0.0000 0.0000 0.0000 0.0000 0.9802 0.0000 0.0000 0.0197 0.0000
39       39   (0)      1  : 0.0000 0.8670 0.0000 0.0000 0.1135 0.0000 0.0000 0.0195 0.0000
40       40   (0)      1  : 0.0000 0.5420 0.0000 0.0000 0.3502 0.0000 0.0000 0.1076 0.0000
41       41   (0)      1  : 0.0000 0.1119 0.0000 0.0000 0.5244 0.0000 0.0000 0.3431 0.0205
42       42   (0)      1  : 0.0000 0.6806 0.0000 0.0000 0.2605 0.0000 0.0000 0.0519 0.0070
43       43   (0)      1  : 0.0000 0.7802 0.0000 0.0000 0.0324 0.0000 0.0000 0.1503 0.0370
44       44   (0)      1  : 0.0000 0.3182 0.0000 0.0000 0.1201 0.0000 0.0000 0.5246 0.0370
45       45   (0)      1  : 0.0000 0.7682 0.0000 0.0000 0.1327 0.0000 0.0000 0.0991 0.0000
46       46   (0)      1  : 0.0000 0.0170 0.0000 0.0000 0.2730 0.0000 0.0000 0.7100 0.0000
47       47   (0)      1  : 0.0000 0.0062 0.0000 0.0000 0.9460 0.0000 0.0000 0.0407 0.0071
48       48   (0)      1  : 0.0000 0.0000 0.0000 0.0000 0.4429 0.0000 0.0000 0.5570 0.0000
49       49   (0)      1  : 0.0000 0.3325 0.0000 0.0000 0.0627 0.0000 0.0000 0.6047 0.0000
50       50   (0)      1  : 0.0000 0.0000 0.0000 0.0000 0.5770 0.0000 0.0000 0.4230 0.0000
51       51   (0)      1  : 0.0000 0.1664 0.0000 0.0000 0.1699 0.0000 0.0000 0.6637 0.0000
52       52   (0)      1  : 0.0000 0.0000 0.0000 0.0000 0.9251 0.0000 0.0000 0.0749 0.0000
53       53   (0)      1  : 0.0000 0.9874 0.0000 0.0000 0.0000 0.0000 0.0000 0.0126 0.0000
54       54   (0)      1  : 0.0000 0.8977 0.0000 0.0000 0.0252 0.0000 0.0000 0.0663 0.0108
55       55   (0)      1  : 0.0000 0.2499 0.0000 0.0000 0.0620 0.0000 0.0000 0.6881 0.0000
56       56   (0)      1  : 0.0000 0.0000 0.0000 0.0000 0.9496 0.0000 0.0000 0.0504 0.0000
57       57   (0)      1  : 0.0000 0.9710 0.0000 0.0000 0.0009 0.0000 0.0000 0.0281 0.0000
58       58   (0)      1  : 0.0000 0.5693 0.0000 0.0000 0.0825 0.0000 0.0000 0.3482 0.0000
59       59   (0)      1  : 0.0000 0.4584 0.0000 0.0000 0.0371 0.0000 0.0000 0.5044 0.0000
60       60   (0)      1  : 0.0000 0.8848 0.0000 0.0000 0.0058 0.0000 0.0000 0.0928 0.0166
61       61   (0)      1  : 0.0000 0.7984 0.0000 0.0000 0.0000 0.0000 0.0000 0.2016 0.0000
62       62   (0)      1  : 0.0000 0.0000 0.0000 0.0000 0.9547 0.0000 0.0000 0.0452 0.0000
63       63   (0)      1  : 0.0000 0.0991 0.0000 0.0000 0.1502 0.0000 0.0000 0.7506 0.0000
64       64   (0)      1  : 0.0000 0.9786 0.0000 0.0000 0.0053 0.0000 0.0000 0.0161 0.0000
65       65   (0)      1  : 0.0000 0.6381 0.0000 0.0000 0.3121 0.0000 0.0000 0.0498 0.0000
66       66   (0)      1  : 0.0000 0.9204 0.0000 0.0000 0.0019 0.0000 0.0000 0.0611 0.0165
67       67   (0)      1  : 0.0000 0.7203 0.0000 0.0000 0.0424 0.0000 0.0000 0.2193 0.0179
68       68   (0)      1  : 0.0000 0.0000 0.0000 0.0000 0.4146 0.0000 0.0000 0.5853 0.0000
69       69   (0)      1  : 0.0000 0.4004 0.0000 0.0000 0.3922 0.0000 0.0000 0.1703 0.0370
70       70   (0)      1  : 0.0000 0.0449 0.0000 0.0000 0.2034 0.0000 0.0000 0.7517 0.0000
71       71   (0)      1  : 0.0000 0.1278 0.0000 0.0000 0.2917 0.0000 0.0000 0.5805 0.0000
72       72   (0)      1  : 0.0000 0.9660 0.0000 0.0000 0.0005 0.0000 0.0000 0.0334 0.0000
73       73   (0)      1  : 0.0000 0.9336 0.0000 0.0000 0.0000 0.0000 0.0000 0.0663 0.0000
74       74   (0)      1  : 0.0000 0.5800 0.0000 0.0000 0.1626 0.0000 0.0000 0.2202 0.0370
75       75   (0)      1  : 0.0000 0.4899 0.0000 0.0000 0.3037 0.0000 0.0000 0.1693 0.0370
76       76   (0)      1  : 0.0000 0.0000 0.0000 0.0000 0.4641 0.0000 0.0000 0.5358 0.0000
77       77   (0)      1  : 0.0000 0.0000 0.0000 0.0000 0.7667 0.0000 0.0000 0.2332 0.0000
78       78   (0)      1  : 0.9256 0.0000 0.0000 0.0000 0.0000 0.0000 0.0000 0.0000 0.0743
79       79   (0)      1  : 0.9259 0.0000 0.0000 0.0000 0.0000 0.0000 0.0000 0.0370 0.0370
80       80   (0)      1  : 0.7413 0.0000 0.0000 0.0000 0.0000 0.0000 0.0000 0.0000 0.2586
81       81   (0)      1  : 0.8518 0.0000 0.0000 0.0000 0.0000 0.0000 0.0000 0.0370 0.1111
82       82   (0)      1  : 0.8294 0.0000 0.0000 0.0000 0.0000 0.0000 0.0000 0.0370 0.1335
83       83   (0)      1  : 0.9298 0.0000 0.0000 0.0000 0.0000 0.0000 0.0000 0.0000 0.0701
84       84   (0)      1  : 0.7036 0.0000 0.0000 0.0000 0.0000 0.0000 0.0000 0.0000 0.2963
85       85   (0)      1  : 0.9085 0.0000 0.0000 0.0000 0.0000 0.0000 0.0000 0.0370 0.0544
86       86   (0)      1  : 0.7036 0.0000 0.0000 0.0000 0.0000 0.0000 0.0000 0.0370 0.2592
87       87   (0)      1  : 0.8738 0.0000 0.0000 0.0000 0.0000 0.0000 0.0000 0.0000 0.1261
88       88   (0)      1  : 0.7368 0.0000 0.0000 0.0000 0.0000 0.0000 0.0000 0.0000 0.2631
89       89   (0)      1  : 0.9259 0.0000 0.0000 0.0000 0.0000 0.0000 0.0000 0.0370 0.0370
90       90   (0)      1  : 0.7933 0.0000 0.0000 0.0000 0.0000 0.0000 0.0000 0.0370 0.1696
91       91   (0)      1  : 0.7184 0.0000 0.0000 0.0000 0.0000 0.0000 0.0000 0.0000 0.2815
92       92   (0)      1  : 0.7407 0.0000 0.0000 0.0000 0.0000 0.0000 0.0000 0.0000 0.2592
93       93   (0)      1  : 0.6539 0.0000 0.0000 0.0000 0.0000 0.0000 0.0000 0.0370 0.3090
94       94   (0)      1  : 0.9629 0.0000 0.0000 0.0000 0.0000 0.0000 0.0000 0.0000 0.0370
95       95   (0)      1  : 0.9214 0.0000 0.0000 0.0000 0.0000 0.0000 0.0000 0.0000 0.0785
96       96   (0)      1  : 0.0000 0.0000 0.0000 0.7452 0.0000 0.0000 0.0000 0.0000 0.2547
97       97   (0)      1  : 0.0000 0.0000 0.0000 0.8204 0.0000 0.0000 0.0000 0.0000 0.1796
98       98   (0)      1  : 0.0000 0.0000 0.0000 0.9999 0.0000 0.0000 0.0000 0.0000 0.0000
99       99   (0)      1  : 0.0000 0.0000 0.0000 0.7558 0.0000 0.0000 0.0000 0.0000 0.2441
100      100   (0)      1  : 0.0000 0.0000 0.0000 0.9999 0.0000 0.0000 0.0000 0.0000 0.0000
101      101   (0)      1  : 0.0000 0.0000 0.0000 0.8190 0.0000 0.0000 0.0162 0.0000 0.1647
102      102   (0)      1  : 0.0000 0.0000 0.0000 0.5111 0.0000 0.0000 0.0370 0.0000 0.4518
103      103   (0)      1  : 0.0000 0.0000 0.0000 0.9459 0.0000 0.0000 0.0000 0.0000 0.0540
104      104   (0)      1  : 0.0000 0.0000 0.0000 0.7121 0.0000 0.0000 0.0284 0.0000 0.2595
105      105   (0)      1  : 0.0000 0.0000 0.0000 0.4074 0.0000 0.0000 0.0370 0.0000 0.5555
106      106   (0)      1  : 0.0000 0.0000 0.0000 0.8852 0.0000 0.0000 0.0191 0.0000 0.0956
107      107   (0)      1  : 0.0000 0.0000 0.0000 0.4444 0.0000 0.0000 0.0370 0.0000 0.5185
108      108   (0)      1  : 0.0000 0.0000 0.0000 0.5442 0.0000 0.0000 0.0370 0.0000 0.4187
109      109   (0)      1  : 0.0000 0.0000 0.0000 0.8951 0.0000 0.0000 0.0000 0.0000 0.1048
110      110   (0)      1  : 0.0000 0.0000 0.0000 0.9629 0.0000 0.0000 0.0000 0.0000 0.0370
111      111   (0)      1  : 0.0000 0.0000 0.0000 0.9888 0.0000 0.0000 0.0000 0.0000 0.0111
112      112   (0)      1  : 0.0000 0.0000 0.0000 0.9080 0.0000 0.0000 0.0049 0.0000 0.0871
113      113   (0)      1  : 0.0000 0.0000 0.0000 0.4208 0.0000 0.0000 0.0370 0.0000 0.5421
114      114   (0)      1  : 0.0000 0.0000 0.0000 0.0000 0.0000 0.9629 0.0000 0.0000 0.0370
115      115   (0)      1  : 0.0000 0.0000 0.0000 0.0000 0.0000 0.9698 0.0101 0.0000 0.0200
116      116   (0)      1  : 0.0000 0.0000 0.0000 0.0000 0.0000 0.9987 0.0000 0.0000 0.0012
117      117   (0)      1  : 0.0000 0.0000 0.0000 0.0000 0.0000 0.9785 0.0214 0.0000 0.0000
118      118   (0)      1  : 0.0000 0.0000 0.0000 0.0000 0.0000 0.9629 0.0000 0.0000 0.0370
119      119   (0)      1  : 0.0000 0.0000 0.0000 0.0000 0.0000 0.9259 0.0741 0.0000 0.0000
120      120   (0)      1  : 0.0000 0.0000 0.0000 0.0000 0.0000 0.9259 0.0741 0.0000 0.0000
121      121   (0)      1  : 0.0000 0.0000 0.0000 0.0000 0.0000 0.9554 0.0445 0.0000 0.0000
