1        1   (0)      1  : 0.0000 0.0000 0.5825 0.0000 0.0000 0.0000 0.0170 0.0000 0.0000 0.0000 0.0000 0.4004 0.0000 0.0000
2        2   (0)      1  : 0.0000 0.0000 0.2562 0.0000 0.0000 0.0000 0.0754 0.0000 0.0000 0.0000 0.0000 0.5795 0.0219 0.0669
3        3   (0)      1  : 0.0000 0.0000 0.0915 0.0000 0.0000 0.0000 0.0000 0.0000 0.0000 0.0000 0.0000 0.8737 0.0086 0.0261
4        4   (0)      1  : 0.0000 0.0000 0.1498 0.0000 0.0000 0.0000 0.0075 0.0000 0.0000 0.0000 0.0000 0.8237 0.0042 0.0146
5        5   (0)      1  : 0.0000 0.0000 0.0046 0.0000 0.0000 0.0000 0.0157 0.0000 0.0000 0.0000 0.0000 0.9796 0.0000 0.0000
6        6   (0)      1  : 0.0000 0.0000 0.0134 0.0000 0.0000 0.0000 0.0461 0.0000 0.0000 0.0000 0.0000 0.9404 0.0000 0.0000
7        7   (0)      1  : 0.0000 0.0000 0.9999 0.0000 0.0000 0.0000 0.0000 0.0000 0.0000 0.0000 0.0000 0.0000 0.0000 0.0000
8        8   (0)      1  : 0.0000 0.0000 0.0105 0.0000 0.0000 0.0000 0.0172 0.0000 0.0000 0.0000 0.0000 0.9722 0.0000 0.0000
9        9   (0)      1  : 0.0000 0.0000 0.0517 0.0000 0.0000 0.0000 0.8563 0.0000 0.0000 0.0000 0.0000 0.0000 0.0231 0.0688
10       10   (0)      1  : 0.0000 0.0000 0.3333 0.0000 0.0000 0.0000 0.2222 0.0000 0.0000 0.0000 0.0000 0.0000 0.1111 0.3333
11       11   (0)      1  : 0.0000 0.0000 0.1563 0.0000 0.0000 0.0000 0.0359 0.0000 0.0000 0.0000 0.0000 0.8076 0.0000 0.0000
12       12   (0)      1  : 0.0000 0.0000 0.2933 0.0000 0.0000 0.0000 0.2222 0.0000 0.0000 0.0000 0.0000 0.0400 0.1111 0.3333
13       13   (0)      1  : 0.0000 0.0000 0.0000 0.0000 0.0000 0.0000 0.5893 0.0000 0.0000 0.0000 0.0000 0.4106 0.0000 0.0000
14       14   (0)      1  : 0.0000 0.0000 0.3333 0.0000 0.0000 0.0000 0.2222 0.0000 0.0000 0.0000 0.0000 0.0000 0.1111 0.3333
15       15   (0)      1  : 0.0000 0.0000 0.0269 0.0000 0.0000 0.0000 0.3324 0.0000 0.0000 0.0000 0.0000 0.6090 0.0078 0.0237
16       16   (0)      1  : 0.0000 0.0000 0.9975 0.0000 0.0000 0.0000 0.0024 0.0000 0.0000 0.0000 0.0000 0.0000 0.0000 0.0000
17       17   (0)      1  : 0.0000 0.0000 0.0014 0.0000 0.0000 0.0000 0.0064 0.0000 0.0000 0.0000 0.0000 0.9921 0.0000 0.0000
18       18   (0)      1  : 0.0000 0.0000 0.0000 0.0000 0.0000 0.0000 0.9823 0.0000 0.0000 0.0000 0.0000 0.0176 0.0000 0.0000
19       19   (0)      1  : 0.0000 0.0000 0.0104 0.0000 0.0000 0.0000 0.0000 0.0000 0.0000 0.0000 0.0000 0.9895 0.0000 0.0000
20       20   (0)      1  : 0.0000 0.0000 0.7600 0.0000 0.0000 0.0000 0.1925 0.0000 0.0000 0.0000 0.0000 0.0039 0.0108 0.0328
21       21   (0)      1  : 0.0000 0.0000 0.8828 0.0000 0.0000 0.0000 0.0815 0.0000 0.0000 0.0000 0.0000 0.0356 0.0000 0.0000
22       22   (0)      1  : 0.0000 0.0000 0.9399 0.0000 0.0000 0.0000 0.0000 0.0000 0.0000 0.0000 0.0000 0.0325 0.0074 0.0201
23       23   (0)      1  : 0.0000 0.0000 0.9170 0.0000 0.0000 0.0000 0.0176 0.0000 0.0000 0.0000 0.0000 0.0000 0.0160 0.0493
24       24   (0)      1  : 0.0000 0.0000 0.0000 0.0000 0.0000 0.0000 0.9999 0.0000 0.0000 0.0000 0.0000 0.0000 0.0000 0.0000
25       25   (0)      1  : 0.0000 0.0000 0.7216 0.0000 0.0000 0.0000 0.1468 0.0000 0.0000 0.0000 0.0000 0.1237 0.0019 0.0059
26       26   (0)      1  : 0.0000 0.0000 0.9281 0.0000 0.0000 0.0000 0.0636 0.0000 0.0000 0.0000 0.0000 0.0082 0.0000 0.0000
27       27   (0)      1  : 0.0000 0.0000 0.0126 0.0000 0.0000 0.0000 0.0075 0.0000 0.0000 0.0000 0.0000 0.9422 0.0092 0.0285
28       28   (0)      1  : 0.0000 0.0000 0.0281 0.0000 0.0000 0.0000 0.0034 0.0000 0.0000 0.0000 0.0000 0.9335 0.0087 0.0262
29       29   (0)      1  : 0.0000 0.0000 0.2086 0.0000 0.0000 0.0000 0.1151 0.0000 0.0000 0.0000 0.0000 0.6762 0.0000 0.0000
30       30   (0)      1  : 0.0000 0.0000 0.9403 0.0000 0.0000 0.0000 0.0376 0.0000 0.0000 0.0000 0.0000 0.0000 0.0051 0.0170
31       31   (0)      1  : 0.0000 0.0000 0.0359 0.0000 0.0000 0.0000 0.0442 0.0000 0.0000 0.0000 0.0000 0.9063 0.0040 0.0095
32       32   (0)      1  : 0.0000 0.0000 0.9645 0.0000 0.0000 0.0000 0.0000 0.0000 0.0000 0.0000 0.0000 0.0354 0.0000 0.0000
33       33   (0)      1  : 0.0000 0.0000 0.8940 0.0000 0.0000 0.0000 0.0489 0.0000 0.0000 0.0000 0.0000 0.0000 0.0140 0.0430
34       34   (0)      1  : 0.0000 0.0000 0.0306 0.0000 0.0000 0.0000 0.0415 0.0000 0.0000 0.0000 0.0000 0.8962 0.0077 0.0239
35       35   (0)      1  : 0.0000 0.0000 0.0000 0.0000 0.0000 0.0000 0.9999 0.0000 0.0000 0.0000 0.0000 0.0000 0.0000 0.0000
36       36   (0)      1  : 0.0000 0.3377 0.0000 0.0000 0.6552 0.0000 0.0000 0.0070 0.0000 0.0000 0.0000 0.0000 0.0000 0.0000
37       37   (0)      1  : 0.0000 0.0000 0.0000 0.0000 0.9087 0.0000 0.0000 0.0738 0.0000 0.0000 0.0000 0.0000 0.0174 0.0000
38       38   (0)      1  : 0.0000 0.0000 0.0000 0.0000 0.7494 0.0000 0.0000 0.2505 0.0000 0.0000 0.0000 0.0000 0.0000 0.0000
39       39   (0)      1  : 0.0000 0.8681 0.0000 0.0000 0.0457 0.0000 0.0000 0.0728 0.0000 0.0000 0.0000 0.0000 0.0000 0.0133
40       40   (0)      1  : 0.0000 0.4697 0.0000 0.0000 0.1986 0.0000 0.0000 0.1543 0.0000 0.0000 0.1367 0.0000 0.0407 0.0000
41       41   (0)      1  : 0.0000 0.0243 0.0000 0.0000 0.0990 0.0000 0.0000 0.6592 0.0000 0.0000 0.0719 0.0000 0.1455 0.0000
42       42   (0)      1  : 0.0000 0.5705 0.0000 0.0000 0.1394 0.0000 0.0000 0.0581 0.0000 0.0000 0.0097 0.0000 0.1111 0.1111
43       43   (0)      1  : 0.0000 0.4081 0.0000 0.0000 0.0164 0.0000 0.0000 0.0465 0.0000 0.0000 0.1804 0.0000 0.3486 0.0000
44       44   (0)      1  : 0.0000 0.1712 0.0000 0.0000 0.0000 0.0000 0.0000 0.3833 0.0000 0.0000 0.1574 0.0000 0.1108 0.1773
45       45   (0)      1  : 0.0000 0.6059 0.0000 0.0000 0.0382 0.0000 0.0000 0.1084 0.0000 0.0000 0.1012 0.0000 0.1150 0.0312
46       46   (0)      1  : 0.0000 0.0000 0.0000 0.0000 0.0000 0.0000 0.0000 0.5129 0.0000 0.0000 0.3097 0.0000 0.0000 0.1773
47       47   (0)      1  : 0.0000 0.0000 0.0000 0.0000 0.9345 0.0000 0.0000 0.0313 0.0000 0.0000 0.0000 0.0000 0.0340 0.0000
48       48   (0)      1  : 0.0000 0.0000 0.0000 0.0000 0.0028 0.0000 0.0000 0.9971 0.0000 0.0000 0.0000 0.0000 0.0000 0.0000
49       49   (0)      1  : 0.0000 0.1131 0.0000 0.0000 0.0000 0.0000 0.0000 0.0265 0.0000 0.0000 0.7492 0.0000 0.0000 0.1111
50       50   (0)      1  : 0.0000 0.0000 0.0000 0.0000 0.2721 0.0000 0.0000 0.2914 0.0000 0.0000 0.4081 0.0000 0.0195 0.0088
51       51   (0)      1  : 0.0000 0.0355 0.0000 0.0000 0.0221 0.0000 0.0000 0.1070 0.0000 0.0000 0.7243 0.0000 0.1111 0.0000
52       52   (0)      1  : 0.0000 0.0000 0.0000 0.0000 0.3923 0.0000 0.0000 0.4965 0.0000 0.0000 0.0000 0.0000 0.0000 0.1111
53       53   (0)      1  : 0.0000 0.9529 0.0000 0.0000 0.0000 0.0000 0.0000 0.0000 0.0000 0.0000 0.0000 0.0000 0.0470 0.0000
54       54   (0)      1  : 0.0000 0.4775 0.0000 0.0000 0.0370 0.0000 0.0000 0.0000 0.0000 0.0000 0.2052 0.0000 0.2247 0.0555
55       55   (0)      1  : 0.0000 0.0747 0.0000 0.0000 0.0000 0.0000 0.0000 0.0804 0.0000 0.0000 0.7346 0.0000 0.1101 0.0000
56       56   (0)      1  : 0.0000 0.0000 0.0000 0.0000 0.9999 0.0000 0.0000 0.0000 0.0000 0.0000 0.0000 0.0000 0.0000 0.0000
57       57   (0)      1  : 0.0000 0.6741 0.0000 0.0000 0.0083 0.0000 0.0000 0.0000 0.0000 0.0000 0.0000 0.0000 0.1791 0.1385
58       58   (0)      1  : 0.0000 0.3647 0.0000 0.0000 0.0000 0.0000 0.0000 0.3231 0.0000 0.0000 0.0997 0.0000 0.2027 0.0098
59       59   (0)      1  : 0.0000 0.2503 0.0000 0.0000 0.0000 0.0000 0.0000 0.0698 0.0000 0.0000 0.6505 0.0000 0.0000 0.0294
60       60   (0)      1  : 0.0000 0.5794 0.0000 0.0000 0.0000 0.0000 0.0000 0.0415 0.0000 0.0000 0.1701 0.0000 0.1845 0.0243
61       61   (0)      1  : 0.0000 0.5990 0.0000 0.0000 0.0000 0.0000 0.0000 0.0570 0.0000 0.0000 0.2328 0.0000 0.1111 0.0000
62       62   (0)      1  : 0.0000 0.0000 0.0000 0.0000 0.9999 0.0000 0.0000 0.0000 0.0000 0.0000 0.0000 0.0000 0.0000 0.0000
63       63   (0)      1  : 0.0000 0.0000 0.0000 0.0000 0.0380 0.0000 0.0000 0.1165 0.0000 0.0000 0.8454 0.0000 0.0000 0.0000
64       64   (0)      1  : 0.0000 0.9492 0.0000 0.0000 0.0193 0.0000 0.0000 0.0000 0.0000 0.0000 0.0313 0.0000 0.0000 0.0000
65       65   (0)      1  : 0.0000 0.3659 0.0000 0.0000 0.2782 0.0000 0.0000 0.0000 0.0000 0.0000 0.0000 0.0000 0.1677 0.1881
66       66   (0)      1  : 0.0000 0.6909 0.0000 0.0000 0.0000 0.0000 0.0000 0.0000 0.0000 0.0000 0.1627 0.0000 0.0732 0.0731
67       67   (0)      1  : 0.0000 0.6282 0.0000 0.0000 0.0675 0.0000 0.0000 0.0042 0.0000 0.0000 0.1702 0.0000 0.1298 0.0000
68       68   (0)      1  : 0.0000 0.0000 0.0000 0.0000 0.0000 0.0000 0.0000 0.9999 0.0000 0.0000 0.0000 0.0000 0.0000 0.0000
69       69   (0)      1  : 0.0000 0.1185 0.0000 0.0000 0.1599 0.0000 0.0000 0.0470 0.0000 0.0000 0.3277 0.0000 0.3468 0.0000
70       70   (0)      1  : 0.0000 0.0397 0.0000 0.0000 0.0031 0.0000 0.0000 0.3289 0.0000 0.0000 0.5551 0.0000 0.0000 0.0732
71       71   (0)      1  : 0.0000 0.1909 0.0000 0.0000 0.0000 0.0000 0.0000 0.8089 0.0000 0.0000 0.0000 0.0000 0.0000 0.0000
72       72   (0)      1  : 0.0000 0.8769 0.0000 0.0000 0.0000 0.0000 0.0000 0.0088 0.0000 0.0000 0.0970 0.0000 0.0172 0.0000
73       73   (0)      1  : 0.0000 0.7544 0.0000 0.0000 0.0131 0.0000 0.0000 0.0000 0.0000 0.0000 0.1439 0.0000 0.0884 0.0000
74       74   (0)      1  : 0.0000 0.3262 0.0000 0.0000 0.0306 0.0000 0.0000 0.0587 0.0000 0.0000 0.2333 0.0000 0.3510 0.0000
75       75   (0)      1  : 0.0000 0.2422 0.0000 0.0000 0.1052 0.0000 0.0000 0.1206 0.0000 0.0000 0.1877 0.0000 0.3333 0.0110
76       76   (0)      1  : 0.0000 0.0000 0.0000 0.0000 0.0000 0.0000 0.0000 0.9999 0.0000 0.0000 0.0000 0.0000 0.0000 0.0000
77       77   (0)      1  : 0.0000 0.0000 0.0000 0.0000 0.5012 0.0000 0.0000 0.3691 0.0000 0.0000 0.0916 0.0000 0.0000 0.0380
78       78   (0)      1  : 0.1139 0.0000 0.0000 0.0000 0.0000 0.0000 0.0000 0.0000 0.0000 0.8860 0.0000 0.0000 0.0000 0.0000
79       79   (0)      1  : 0.4394 0.0000 0.0000 0.0000 0.0000 0.0000 0.0000 0.0000 0.0000 0.5605 0.0000 0.0000 0.0000 0.0000
80       80   (0)      1  : 0.9999 0.0000 0.0000 0.0000 0.0000 0.0000 0.0000 0.0000 0.0000 0.0000 0.0000 0.0000 0.0000 0.0000
81       81   (0)      1  : 0.6515 0.0000 0.0000 0.0000 0.0000 0.0000 0.0000 0.0000 0.0000 0.3484 0.0000 0.0000 0.0000 0.0000
82       82   (0)      1  : 0.2895 0.0000 0.0000 0.0000 0.0000 0.0000 0.0000 0.0000 0.0000 0.7104 0.0000 0.0000 0.0000 0.0000
83       83   (0)      1  : 0.3096 0.0000 0.0000 0.0000 0.0000 0.0000 0.0000 0.0000 0.0000 0.6902 0.0000 0.0000 0.0000 0.0000
84       84   (0)      1  : 0.5555 0.0000 0.0000 0.0000 0.0000 0.0000 0.0000 0.0000 0.0000 0.4444 0.0000 0.0000 0.0000 0.0000
85       85   (0)      1  : 0.2222 0.0000 0.0000 0.0000 0.0000 0.0000 0.0000 0.0000 0.0000 0.7777 0.0000 0.0000 0.0000 0.0000
86       86   (0)      1  : 0.9999 0.0000 0.0000 0.0000 0.0000 0.0000 0.0000 0.0000 0.0000 0.0000 0.0000 0.0000 0.0000 0.0000
87       87   (0)      1  : 0.3333 0.0000 0.0000 0.0000 0.0000 0.0000 0.0000 0.0000 0.0000 0.6666 0.0000 0.0000 0.0000 0.0000
88       88   (0)      1  : 0.4962 0.0000 0.0000 0.0000 0.0000 0.0000 0.0000 0.0000 0.0000 0.5037 0.0000 0.0000 0.0000 0.0000
89       89   (0)      1  : 0.2222 0.0000 0.0000 0.0000 0.0000 0.0000 0.0000 0.0000 0.0000 0.7777 0.0000 0.0000 0.0000 0.0000
90       90   (0)      1  : 0.1348 0.0000 0.0000 0.0000 0.0000 0.0000 0.0000 0.0000 0.0000 0.8651 0.0000 0.0000 0.0000 0.0000
91       91   (0)      1  : 0.9767 0.0000 0.0000 0.0000 0.0000 0.0000 0.0000 0.0000 0.0000 0.0231 0.0000 0.0000 0.0000 0.0000
92       92   (0)      1  : 0.9999 0.0000 0.0000 0.0000 0.0000 0.0000 0.0000 0.0000 0.0000 0.0000 0.0000 0.0000 0.0000 0.0000
93       93   (0)      1  : 0.9999 0.0000 0.0000 0.0000 0.0000 0.0000 0.0000 0.0000 0.0000 0.0000 0.0000 0.0000 0.0000 0.0000
94       94   (0)      1  : 0.3333 0.0000 0.0000 0.0000 0.0000 0.0000 0.0000 0.0000 0.0000 0.6666 0.0000 0.0000 0.0000 0.0000
95       95   (0)      1  : 0.2222 0.0000 0.0000 0.0000 0.0000 0.0000 0.0000 0.0000 0.0000 0.7777 0.0000 0.0000 0.0000 0.0000
96       96   (0)      1  : 0.0000 0.0000 0.0000 0.5337 0.0000 0.0000 0.0000 0.0000 0.1329 0.0000 0.0000 0.0000 0.3333 0.0000
97       97   (0)      1  : 0.0000 0.0000 0.0000 0.8191 0.0000 0.0000 0.0000 0.0000 0.0697 0.0000 0.0000 0.0000 0.1111 0.0000
98       98   (0)      1  : 0.0000 0.0000 0.0000 0.7616 0.0000 0.0000 0.0000 0.0000 0.2383 0.0000 0.0000 0.0000 0.0000 0.0000
99       99   (0)      1  : 0.0000 0.0000 0.0000 0.7385 0.0000 0.0000 0.0000 0.0000 0.0439 0.0000 0.0000 0.0000 0.2174 0.0000
100      100   (0)      1  : 0.0000 0.0000 0.0000 0.6632 0.0000 0.0000 0.0000 0.0000 0.2256 0.0000 0.0000 0.0000 0.1111 0.0000
101      101   (0)      1  : 0.0000 0.0000 0.0000 0.4806 0.0000 0.0000 0.0000 0.0000 0.4181 0.0000 0.0000 0.0000 0.1012 0.0000
102      102   (0)      1  : 0.0000 0.0000 0.0000 0.1111 0.0000 0.0000 0.0000 0.0000 0.7805 0.0000 0.0000 0.0000 0.1083 0.0000
103      103   (0)      1  : 0.0000 0.0000 0.0000 0.8580 0.0000 0.0000 0.0000 0.0000 0.1419 0.0000 0.0000 0.0000 0.0000 0.0000
104      104   (0)      1  : 0.0000 0.0000 0.0000 0.3196 0.0000 0.0000 0.0000 0.0000 0.4580 0.0000 0.0000 0.0000 0.2222 0.0000
105      105   (0)      1  : 0.0000 0.0000 0.0000 0.2222 0.0000 0.0000 0.0000 0.0000 0.6652 0.0000 0.0000 0.0000 0.1124 0.0000
106      106   (0)      1  : 0.0000 0.0000 0.0000 0.4889 0.0000 0.0000 0.0000 0.0000 0.2888 0.0000 0.0000 0.0000 0.2222 0.0000
107      107   (0)      1  : 0.0000 0.0000 0.0000 0.1111 0.0000 0.0000 0.0000 0.0000 0.7777 0.0000 0.0000 0.0000 0.1111 0.0000
108      108   (0)      1  : 0.0000 0.0000 0.0000 0.1153 0.0000 0.0000 0.0000 0.0000 0.7735 0.0000 0.0000 0.0000 0.1111 0.0000
109      109   (0)      1  : 0.0000 0.0000 0.0000 0.8657 0.0000 0.0000 0.0000 0.0000 0.0781 0.0000 0.0000 0.0000 0.0560 0.0000
110      110   (0)      1  : 0.0000 0.0000 0.0000 0.8888 0.0000 0.0000 0.0000 0.0000 0.0000 0.0000 0.0000 0.0000 0.1111 0.0000
111      111   (0)      1  : 0.0000 0.0000 0.0000 0.8714 0.0000 0.0000 0.0000 0.0000 0.0778 0.0000 0.0000 0.0000 0.0507 0.0000
112      112   (0)      1  : 0.0000 0.0000 0.0000 0.5390 0.0000 0.0000 0.0000 0.0000 0.2387 0.0000 0.0000 0.0000 0.2222 0.0000
113      113   (0)      1  : 0.0000 0.0000 0.0000 0.1818 0.0000 0.0000 0.0000 0.0000 0.7070 0.0000 0.0000 0.0000 0.1111 0.0000
114      114   (0)      1  : 0.0000 0.0000 0.0000 0.0000 0.0000 0.5555 0.0000 0.0000 0.0000 0.0000 0.0000 0.0000 0.0000 0.4444
115      115   (0)      1  : 0.0000 0.0000 0.0000 0.0000 0.0000 0.8111 0.0001 0.0000 0.0000 0.0000 0.0000 0.0000 0.0000 0.1888
116      116   (0)      1  : 0.0000 0.0000 0.0000 0.0000 0.0000 0.8861 0.0000 0.0000 0.0000 0.0000 0.0000 0.0000 0.0000 0.1138
117      117   (0)      1  : 0.0000 0.0000 0.0000 0.0000 0.0000 0.8349 0.0000 0.0000 0.0000 0.0000 0.0000 0.0000 0.0000 0.1650
118      118   (0)      1  : 0.0000 0.0000 0.0000 0.0000 0.0000 0.4444 0.0000 0.0000 0.1111 0.0000 0.0000 0.0000 0.0000 0.4444
119      119   (0)      1  : 0.0000 0.0000 0.0000 0.0000 0.0000 0.7777 0.0000 0.0000 0.1111 0.0000 0.0000 0.0000 0.0000 0.1111
120      120   (0)      1  : 0.0000 0.0000 0.0000 0.0000 0.0000 0.9999 0.0000 0.0000 0.0000 0.0000 0.0000 0.0000 0.0000 0.0000
121      121   (0)      1  : 0.0000 0.0000 0.0000 0.0000 0.0000 0.8888 0.0000 0.0000 0.1111 0.0000 0.0000 0.0000 0.0000 0.0000
