  1        1   (0)      1 :  0.0000 0.9378 0.0000 0.0621 0.0000 0.0000 0.0000 
  2        2   (0)      1 :  0.0000 0.8684 0.0000 0.1315 0.0000 0.0000 0.0000 
  3        3   (0)      1 :  0.0000 0.9052 0.0000 0.0948 0.0000 0.0000 0.0000 
  4        4   (0)      1 :  0.0000 0.8673 0.0000 0.1326 0.0000 0.0000 0.0000 
  5        5   (0)      1 :  0.0000 0.8915 0.0000 0.1085 0.0000 0.0000 0.0000 
  6        6   (0)      1 :  0.0000 0.8427 0.0000 0.1573 0.0000 0.0000 0.0000 
  7        7   (0)      1 :  0.0000 0.9995 0.0000 0.0005 0.0000 0.0000 0.0000 
  8        8   (0)      1 :  0.0000 0.8908 0.0000 0.1091 0.0000 0.0000 0.0000 
  9        9   (0)      1 :  0.0000 0.6932 0.0000 0.3068 0.0000 0.0000 0.0000 
 10       10   (0)      1 :  0.0000 0.8000 0.0000 0.2000 0.0000 0.0000 0.0000 
 11       11   (0)      1 :  0.0000 0.8964 0.0000 0.1035 0.0000 0.0000 0.0000 
 12       12   (0)      1 :  0.0000 0.8000 0.0000 0.2000 0.0000 0.0000 0.0000 
 13       13   (0)      1 :  0.0000 0.7000 0.0000 0.3000 0.0000 0.0000 0.0000 
 14       14   (0)      1 :  0.0000 0.8000 0.0000 0.2000 0.0000 0.0000 0.0000 
 15       15   (0)      1 :  0.0000 0.8244 0.0000 0.1755 0.0000 0.0000 0.0000 
 16       16   (0)      1 :  0.0000 0.9812 0.0000 0.0188 0.0000 0.0000 0.0000 
 17       17   (0)      1 :  0.0000 0.9276 0.0000 0.0723 0.0000 0.0000 0.0000 
 18       18   (0)      1 :  0.0000 0.7000 0.0000 0.3000 0.0000 0.0000 0.0000 
 19       19   (0)      1 :  0.0000 0.8760 0.0000 0.1240 0.0000 0.0000 0.0000 
 20       20   (0)      1 :  0.0000 0.9319 0.0000 0.0680 0.0000 0.0000 0.0000 
 21       21   (0)      1 :  0.0000 0.9668 0.0000 0.0332 0.0000 0.0000 0.0000 
 22       22   (0)      1 :  0.0000 0.9897 0.0000 0.0102 0.0000 0.0000 0.0000 
 23       23   (0)      1 :  0.0000 0.9694 0.0000 0.0305 0.0000 0.0000 0.0000 
 24       24   (0)      1 :  0.0000 0.7000 0.0000 0.3000 0.0000 0.0000 0.0000 
 25       25   (0)      1 :  0.0000 0.9431 0.0000 0.0569 0.0000 0.0000 0.0000 
 26       26   (0)      1 :  0.0000 0.9734 0.0000 0.0265 0.0000 0.0000 0.0000 
 27       27   (0)      1 :  0.0000 0.8069 0.0000 0.1931 0.0000 0.0000 0.0000 
 28       28   (0)      1 :  0.0000 0.9511 0.0000 0.0488 0.0000 0.0000 0.0000 
 29       29   (0)      1 :  0.0000 0.8845 0.0000 0.1155 0.0000 0.0000 0.0000 
 30       30   (0)      1 :  0.0000 0.9787 0.0000 0.0213 0.0000 0.0000 0.0000 
 31       31   (0)      1 :  0.0000 0.8584 0.0000 0.1416 0.0000 0.0000 0.0000 
 32       32   (0)      1 :  0.0000 0.9970 0.0000 0.0029 0.0000 0.0000 0.0000 
 33       33   (0)      1 :  0.0000 0.9710 0.0000 0.0290 0.0000 0.0000 0.0000 
 34       34   (0)      1 :  0.0000 0.8921 0.0000 0.1078 0.0000 0.0000 0.0000 
 35       35   (0)      1 :  0.0000 0.7000 0.0000 0.3000 0.0000 0.0000 0.0000 
 36       36   (0)      1 :  0.0000 0.0000 0.0000 0.0030 0.5862 0.4107 0.0000 
 37       37   (0)      1 :  0.0000 0.0000 0.0000 0.0039 0.9600 0.0361 0.0000 
 38       38   (0)      1 :  0.0000 0.0000 0.0000 0.0085 0.9581 0.0333 0.0000 
 39       39   (0)      1 :  0.0000 0.0000 0.0000 0.0000 0.0260 0.9739 0.0000 
 40       40   (0)      1 :  0.0000 0.0000 0.0000 0.0148 0.3623 0.6229 0.0000 
 41       41   (0)      1 :  0.0000 0.0000 0.0000 0.0810 0.7341 0.1848 0.0000 
 42       42   (0)      1 :  0.0000 0.0000 0.0000 0.0081 0.2604 0.7314 0.0000 
 43       43   (0)      1 :  0.0000 0.0000 0.0000 0.0338 0.0650 0.9011 0.0000 
 44       44   (0)      1 :  0.0000 0.0000 0.0000 0.1381 0.3482 0.5137 0.0000 
 45       45   (0)      1 :  0.0000 0.0000 0.0000 0.0124 0.1806 0.8069 0.0000 
 46       46   (0)      1 :  0.0000 0.0000 0.0000 0.1549 0.8117 0.0333 0.0000 
 47       47   (0)      1 :  0.0000 0.0000 0.0000 0.0058 0.9608 0.0333 0.0000 
 48       48   (0)      1 :  0.0000 0.0000 0.0000 0.1414 0.8252 0.0333 0.0000 
 49       49   (0)      1 :  0.0000 0.0000 0.0000 0.1340 0.2550 0.6110 0.0000 
 50       50   (0)      1 :  0.0000 0.0000 0.0000 0.0853 0.8813 0.0333 0.0000 
 51       51   (0)      1 :  0.0000 0.0000 0.0000 0.1043 0.5313 0.3643 0.0000 
 52       52   (0)      1 :  0.0000 0.0000 0.0000 0.0333 0.9333 0.0333 0.0000 
 53       53   (0)      1 :  0.0000 0.0000 0.0000 0.0000 0.0000 0.9999 0.0000 
 54       54   (0)      1 :  0.0000 0.0000 0.0000 0.0090 0.0103 0.9807 0.0000 
 55       55   (0)      1 :  0.0000 0.0000 0.0000 0.1118 0.3613 0.5269 0.0000 
 56       56   (0)      1 :  0.0000 0.0000 0.0000 0.0000 0.9666 0.0333 0.0000 
 57       57   (0)      1 :  0.0000 0.0000 0.0000 0.0000 0.0000 0.9999 0.0000 
 58       58   (0)      1 :  0.0000 0.0000 0.0000 0.0677 0.2487 0.6835 0.0000 
 59       59   (0)      1 :  0.0000 0.0000 0.0000 0.0952 0.2455 0.6593 0.0000 
 60       60   (0)      1 :  0.0000 0.0000 0.0000 0.0247 0.0045 0.9708 0.0000 
 61       61   (0)      1 :  0.0000 0.0000 0.0000 0.0131 0.0005 0.9864 0.0000 
 62       62   (0)      1 :  0.0000 0.0000 0.0000 0.0000 0.9666 0.0333 0.0000 
 63       63   (0)      1 :  0.0000 0.0000 0.0000 0.1445 0.5219 0.3336 0.0000 
 64       64   (0)      1 :  0.0000 0.0000 0.0000 0.0000 0.0007 0.9993 0.0000 
 65       65   (0)      1 :  0.0000 0.0000 0.0000 0.0000 0.2895 0.7104 0.0000 
 66       66   (0)      1 :  0.0000 0.0000 0.0000 0.0249 0.0024 0.9727 0.0000 
 67       67   (0)      1 :  0.0000 0.0000 0.0000 0.0372 0.1016 0.8611 0.0000 
 68       68   (0)      1 :  0.0000 0.0000 0.0000 0.1483 0.8183 0.0333 0.0000 
 69       69   (0)      1 :  0.0000 0.0000 0.0000 0.0384 0.4548 0.5068 0.0000 
 70       70   (0)      1 :  0.0000 0.0000 0.0000 0.1674 0.6921 0.1404 0.0000 
 71       71   (0)      1 :  0.0000 0.0000 0.0000 0.1273 0.5688 0.3039 0.0000 
 72       72   (0)      1 :  0.0000 0.0000 0.0000 0.0060 0.0000 0.9939 0.0000 
 73       73   (0)      1 :  0.0000 0.0000 0.0000 0.0000 0.0000 0.9999 0.0000 
 74       74   (0)      1 :  0.0000 0.0000 0.0000 0.0536 0.2579 0.6884 0.0000 
 75       75   (0)      1 :  0.0000 0.0000 0.0000 0.0375 0.3843 0.5781 0.0000 
 76       76   (0)      1 :  0.0000 0.0000 0.0000 0.1326 0.8341 0.0333 0.0000 
 77       77   (0)      1 :  0.0000 0.0000 0.0000 0.0492 0.9174 0.0333 0.0000 
 78       78   (0)      1 :  0.0000 0.0000 0.8666 0.1333 0.0000 0.0000 0.0000 
 79       79   (0)      1 :  0.0000 0.0000 0.8999 0.1000 0.0000 0.0000 0.0000 
 80       80   (0)      1 :  0.0000 0.0000 0.9999 0.0000 0.0000 0.0000 0.0000 
 81       81   (0)      1 :  0.0000 0.0000 0.9999 0.0000 0.0000 0.0000 0.0000 
 82       82   (0)      1 :  0.0000 0.0000 0.9666 0.0333 0.0000 0.0000 0.0000 
 83       83   (0)      1 :  0.0000 0.0000 0.8866 0.1133 0.0000 0.0000 0.0000 
 84       84   (0)      1 :  0.0000 0.0000 0.9666 0.0333 0.0000 0.0000 0.0000 
 85       85   (0)      1 :  0.0000 0.0000 0.8999 0.1000 0.0000 0.0000 0.0000 
 86       86   (0)      1 :  0.0000 0.0000 0.9999 0.0000 0.0000 0.0000 0.0000 
 87       87   (0)      1 :  0.0000 0.0000 0.9210 0.0789 0.0000 0.0000 0.0000 
 88       88   (0)      1 :  0.0000 0.0000 0.9666 0.0333 0.0000 0.0000 0.0000 
 89       89   (0)      1 :  0.0000 0.0000 0.8999 0.1000 0.0000 0.0000 0.0000 
 90       90   (0)      1 :  0.0000 0.0000 0.9333 0.0667 0.0000 0.0000 0.0000 
 91       91   (0)      1 :  0.0000 0.0000 0.9999 0.0000 0.0000 0.0000 0.0000 
 92       92   (0)      1 :  0.0000 0.0000 0.9999 0.0000 0.0000 0.0000 0.0000 
 93       93   (0)      1 :  0.0000 0.0000 0.9999 0.0000 0.0000 0.0000 0.0000 
 94       94   (0)      1 :  0.0000 0.0000 0.8666 0.1333 0.0000 0.0000 0.0000 
 95       95   (0)      1 :  0.0000 0.0000 0.8666 0.1333 0.0000 0.0000 0.0000 
 96       96   (0)      1 :  0.9510 0.0000 0.0000 0.0489 0.0000 0.0000 0.0000 
 97       97   (0)      1 :  0.9656 0.0000 0.0000 0.0343 0.0000 0.0000 0.0000 
 98       98   (0)      1 :  0.9998 0.0000 0.0000 0.0002 0.0000 0.0000 0.0000 
 99       99   (0)      1 :  0.9150 0.0000 0.0000 0.0850 0.0000 0.0000 0.0000 
100      100   (0)      1 :  0.9666 0.0000 0.0000 0.0333 0.0000 0.0000 0.0000 
101      101   (0)      1 :  0.9339 0.0000 0.0000 0.0661 0.0000 0.0000 0.0000 
102      102   (0)      1 :  0.8333 0.0000 0.0000 0.1667 0.0000 0.0000 0.0000 
103      103   (0)      1 :  0.9666 0.0000 0.0000 0.0333 0.0000 0.0000 0.0000 
104      104   (0)      1 :  0.8843 0.0000 0.0000 0.1157 0.0000 0.0000 0.0000 
105      105   (0)      1 :  0.8000 0.0000 0.0000 0.2000 0.0000 0.0000 0.0000 
106      106   (0)      1 :  0.9333 0.0000 0.0000 0.0667 0.0000 0.0000 0.0000 
107      107   (0)      1 :  0.8333 0.0000 0.0000 0.1667 0.0000 0.0000 0.0000 
108      108   (0)      1 :  0.8643 0.0000 0.0000 0.1357 0.0000 0.0000 0.0000 
109      109   (0)      1 :  0.9456 0.0000 0.0000 0.0544 0.0000 0.0000 0.0000 
110      110   (0)      1 :  0.9622 0.0000 0.0000 0.0378 0.0000 0.0000 0.0000 
111      111   (0)      1 :  0.9464 0.0000 0.0000 0.0535 0.0000 0.0000 0.0000 
112      112   (0)      1 :  0.9570 0.0000 0.0000 0.0430 0.0000 0.0000 0.0000 
113      113   (0)      1 :  0.8144 0.0000 0.0000 0.1856 0.0000 0.0000 0.0000 
114      114   (0)      1 :  0.0000 0.0000 0.0000 0.0667 0.0000 0.0000 0.9333 
115      115   (0)      1 :  0.0000 0.0000 0.0000 0.0459 0.0052 0.0000 0.9489 
116      116   (0)      1 :  0.0000 0.0000 0.0000 0.0007 0.0333 0.0000 0.9659 
117      117   (0)      1 :  0.0000 0.0000 0.0000 0.0000 0.0333 0.0000 0.9666 
118      118   (0)      1 :  0.0000 0.0000 0.0000 0.0667 0.0000 0.0000 0.9333 
119      119   (0)      1 :  0.0000 0.0000 0.0000 0.0000 0.0000 0.0000 0.9999 
120      120   (0)      1 :  0.0000 0.0000 0.0000 0.0333 0.0333 0.0000 0.9333 
121      121   (0)      1 :  0.0000 0.0000 0.0000 0.0000 0.0000 0.0000 0.9999 
