  1        1   (0)      1 :  0.0000 0.8583 0.1416 0.0000 0.0000 0.0000 0.0000 0.0000 0.0000 
  2        2   (0)      1 :  0.0000 0.6831 0.3169 0.0000 0.0000 0.0000 0.0000 0.0000 0.0000 
  3        3   (0)      1 :  0.0000 0.8117 0.1883 0.0000 0.0000 0.0000 0.0000 0.0000 0.0000 
  4        4   (0)      1 :  0.0000 0.6669 0.3331 0.0000 0.0000 0.0000 0.0000 0.0000 0.0000 
  5        5   (0)      1 :  0.0000 0.7432 0.2567 0.0000 0.0000 0.0000 0.0000 0.0000 0.0000 
  6        6   (0)      1 :  0.0000 0.6047 0.3952 0.0000 0.0000 0.0000 0.0000 0.0000 0.0000 
  7        7   (0)      1 :  0.0000 0.9999 0.0000 0.0000 0.0000 0.0000 0.0000 0.0000 0.0000 
  8        8   (0)      1 :  0.0000 0.7345 0.2654 0.0000 0.0000 0.0000 0.0000 0.0000 0.0000 
  9        9   (0)      1 :  0.0000 0.1935 0.8064 0.0000 0.0000 0.0000 0.0000 0.0000 0.0000 
 10       10   (0)      1 :  0.0000 0.5992 0.4007 0.0000 0.0000 0.0000 0.0000 0.0000 0.0000 
 11       11   (0)      1 :  0.0000 0.7696 0.2303 0.0000 0.0000 0.0000 0.0000 0.0000 0.0000 
 12       12   (0)      1 :  0.0000 0.6153 0.3847 0.0000 0.0000 0.0000 0.0000 0.0000 0.0000 
 13       13   (0)      1 :  0.0000 0.2138 0.7861 0.0000 0.0000 0.0000 0.0000 0.0000 0.0000 
 14       14   (0)      1 :  0.0000 0.5906 0.4094 0.0000 0.0000 0.0000 0.0000 0.0000 0.0000 
 15       15   (0)      1 :  0.0000 0.5656 0.4343 0.0000 0.0000 0.0000 0.0000 0.0000 0.0000 
 16       16   (0)      1 :  0.0000 0.9804 0.0196 0.0000 0.0000 0.0000 0.0000 0.0000 0.0000 
 17       17   (0)      1 :  0.0000 0.8343 0.1656 0.0000 0.0000 0.0000 0.0000 0.0000 0.0000 
 18       18   (0)      1 :  0.0000 0.2036 0.7963 0.0000 0.0000 0.0000 0.0000 0.0000 0.0000 
 19       19   (0)      1 :  0.0000 0.7132 0.2867 0.0000 0.0000 0.0000 0.0000 0.0000 0.0000 
 20       20   (0)      1 :  0.0000 0.8511 0.1488 0.0000 0.0000 0.0000 0.0000 0.0000 0.0000 
 21       21   (0)      1 :  0.0000 0.9257 0.0742 0.0000 0.0000 0.0000 0.0000 0.0000 0.0000 
 22       22   (0)      1 :  0.0000 0.9950 0.0049 0.0000 0.0000 0.0000 0.0000 0.0000 0.0000 
 23       23   (0)      1 :  0.0000 0.9475 0.0525 0.0000 0.0000 0.0000 0.0000 0.0000 0.0000 
 24       24   (0)      1 :  0.0000 0.2007 0.7993 0.0000 0.0000 0.0000 0.0000 0.0000 0.0000 
 25       25   (0)      1 :  0.0000 0.8647 0.1352 0.0000 0.0000 0.0000 0.0000 0.0000 0.0000 
 26       26   (0)      1 :  0.0000 0.9321 0.0679 0.0000 0.0000 0.0000 0.0000 0.0000 0.0000 
 27       27   (0)      1 :  0.0000 0.5071 0.4929 0.0000 0.0000 0.0000 0.0000 0.0000 0.0000 
 28       28   (0)      1 :  0.0000 0.9101 0.0898 0.0000 0.0000 0.0000 0.0000 0.0000 0.0000 
 29       29   (0)      1 :  0.0000 0.7004 0.2996 0.0000 0.0000 0.0000 0.0000 0.0000 0.0000 
 30       30   (0)      1 :  0.0000 0.9536 0.0464 0.0000 0.0000 0.0000 0.0000 0.0000 0.0000 
 31       31   (0)      1 :  0.0000 0.6516 0.3484 0.0000 0.0000 0.0000 0.0000 0.0000 0.0000 
 32       32   (0)      1 :  0.0000 0.9989 0.0010 0.0000 0.0000 0.0000 0.0000 0.0000 0.0000 
 33       33   (0)      1 :  0.0000 0.9347 0.0652 0.0000 0.0000 0.0000 0.0000 0.0000 0.0000 
 34       34   (0)      1 :  0.0000 0.7615 0.2384 0.0000 0.0000 0.0000 0.0000 0.0000 0.0000 
 35       35   (0)      1 :  0.0000 0.2000 0.7999 0.0000 0.0000 0.0000 0.0000 0.0000 0.0000 
 36       36   (0)      1 :  0.3660 0.0000 0.0000 0.0000 0.0385 0.0000 0.0000 0.5954 0.0000 
 37       37   (0)      1 :  0.0000 0.0000 0.0000 0.0000 0.0273 0.0137 0.0000 0.9589 0.0000 
 38       38   (0)      1 :  0.0000 0.0000 0.0000 0.0000 0.0177 0.0000 0.0000 0.9822 0.0000 
 39       39   (0)      1 :  0.8742 0.0000 0.0000 0.0000 0.0175 0.0000 0.0000 0.1082 0.0000 
 40       40   (0)      1 :  0.5506 0.0000 0.0000 0.0000 0.0969 0.0000 0.0000 0.3524 0.0000 
 41       41   (0)      1 :  0.1114 0.0000 0.0000 0.0000 0.3088 0.0315 0.0000 0.5483 0.0000 
 42       42   (0)      1 :  0.6612 0.0000 0.0000 0.0000 0.0467 0.0397 0.0000 0.2525 0.0000 
 43       43   (0)      1 :  0.7655 0.0000 0.0000 0.0000 0.1353 0.0667 0.0000 0.0325 0.0000 
 44       44   (0)      1 :  0.3225 0.0000 0.0000 0.0000 0.4932 0.0456 0.0000 0.1387 0.0000 
 45       45   (0)      1 :  0.7656 0.0000 0.0000 0.0000 0.0892 0.0086 0.0000 0.1366 0.0000 
 46       46   (0)      1 :  0.0153 0.0000 0.0000 0.0000 0.6723 0.0000 0.0000 0.3123 0.0000 
 47       47   (0)      1 :  0.0056 0.0000 0.0000 0.0000 0.0366 0.0185 0.0000 0.9393 0.0000 
 48       48   (0)      1 :  0.0000 0.0000 0.0000 0.0000 0.5013 0.0000 0.0000 0.4986 0.0000 
 49       49   (0)      1 :  0.3444 0.0000 0.0000 0.0000 0.5776 0.0000 0.0000 0.0780 0.0000 
 50       50   (0)      1 :  0.0000 0.0000 0.0000 0.0000 0.4140 0.0000 0.0000 0.5859 0.0000 
 51       51   (0)      1 :  0.1827 0.0000 0.0000 0.0000 0.6169 0.0000 0.0000 0.2003 0.0000 
 52       52   (0)      1 :  0.0000 0.0000 0.0000 0.0000 0.1007 0.0000 0.0000 0.8992 0.0000 
 53       53   (0)      1 :  0.9886 0.0000 0.0000 0.0000 0.0113 0.0000 0.0000 0.0000 0.0000 
 54       54   (0)      1 :  0.8856 0.0000 0.0000 0.0000 0.0596 0.0320 0.0000 0.0227 0.0000 
 55       55   (0)      1 :  0.2758 0.0000 0.0000 0.0000 0.6383 0.0000 0.0000 0.0859 0.0000 
 56       56   (0)      1 :  0.0000 0.0000 0.0000 0.0000 0.0453 0.0000 0.0000 0.9546 0.0000 
 57       57   (0)      1 :  0.9509 0.0000 0.0000 0.0000 0.0253 0.0230 0.0000 0.0008 0.0000 
 58       58   (0)      1 :  0.5697 0.0000 0.0000 0.0000 0.3149 0.0146 0.0000 0.1006 0.0000 
 59       59   (0)      1 :  0.4777 0.0000 0.0000 0.0000 0.4679 0.0000 0.0000 0.0543 0.0000 
 60       60   (0)      1 :  0.8963 0.0000 0.0000 0.0000 0.0835 0.0149 0.0000 0.0052 0.0000 
 61       61   (0)      1 :  0.8185 0.0000 0.0000 0.0000 0.1814 0.0000 0.0000 0.0000 0.0000 
 62       62   (0)      1 :  0.0000 0.0000 0.0000 0.0000 0.0407 0.0000 0.0000 0.9592 0.0000 
 63       63   (0)      1 :  0.1128 0.0000 0.0000 0.0000 0.7089 0.0000 0.0000 0.1782 0.0000 
 64       64   (0)      1 :  0.9807 0.0000 0.0000 0.0000 0.0145 0.0000 0.0000 0.0048 0.0000 
 65       65   (0)      1 :  0.6226 0.0000 0.0000 0.0000 0.0448 0.0333 0.0000 0.2992 0.0000 
 66       66   (0)      1 :  0.9284 0.0000 0.0000 0.0000 0.0550 0.0149 0.0000 0.0017 0.0000 
 67       67   (0)      1 :  0.7408 0.0000 0.0000 0.0000 0.1974 0.0161 0.0000 0.0456 0.0000 
 68       68   (0)      1 :  0.0000 0.0000 0.0000 0.0000 0.5343 0.0000 0.0000 0.4656 0.0000 
 69       69   (0)      1 :  0.3918 0.0000 0.0000 0.0000 0.1533 0.0667 0.0000 0.3882 0.0000 
 70       70   (0)      1 :  0.0499 0.0000 0.0000 0.0000 0.7098 0.0000 0.0000 0.2402 0.0000 
 71       71   (0)      1 :  0.1441 0.0000 0.0000 0.0000 0.5279 0.0000 0.0000 0.3279 0.0000 
 72       72   (0)      1 :  0.9694 0.0000 0.0000 0.0000 0.0301 0.0000 0.0000 0.0004 0.0000 
 73       73   (0)      1 :  0.9402 0.0000 0.0000 0.0000 0.0597 0.0000 0.0000 0.0000 0.0000 
 74       74   (0)      1 :  0.5787 0.0000 0.0000 0.0000 0.2011 0.0543 0.0000 0.1659 0.0000 
 75       75   (0)      1 :  0.4811 0.0000 0.0000 0.0000 0.1524 0.0667 0.0000 0.2998 0.0000 
 76       76   (0)      1 :  0.0000 0.0000 0.0000 0.0000 0.4822 0.0000 0.0000 0.5177 0.0000 
 77       77   (0)      1 :  0.0000 0.0000 0.0000 0.0000 0.2239 0.0000 0.0000 0.7761 0.0000 
 78       78   (0)      1 :  0.0000 0.0000 0.0063 0.0000 0.0333 0.1002 0.8601 0.0000 0.0000 
 79       79   (0)      1 :  0.0000 0.0000 0.0000 0.0000 0.0333 0.0667 0.8999 0.0000 0.0000 
 80       80   (0)      1 :  0.0000 0.0000 0.0667 0.0000 0.0000 0.1994 0.7338 0.0000 0.0000 
 81       81   (0)      1 :  0.0000 0.0000 0.0333 0.0000 0.1000 0.1000 0.7666 0.0000 0.0000 
 82       82   (0)      1 :  0.0000 0.0000 0.0511 0.0000 0.0667 0.1024 0.7798 0.0000 0.0000 
 83       83   (0)      1 :  0.0000 0.0000 0.0000 0.0000 0.0067 0.0720 0.9213 0.0000 0.0000 
 84       84   (0)      1 :  0.0000 0.0000 0.0667 0.0000 0.0667 0.2333 0.6333 0.0000 0.0000 
 85       85   (0)      1 :  0.0000 0.0000 0.0000 0.0000 0.0667 0.0823 0.8509 0.0000 0.0000 
 86       86   (0)      1 :  0.0000 0.0000 0.0333 0.0000 0.0333 0.2000 0.7333 0.0000 0.0000 
 87       87   (0)      1 :  0.0000 0.0000 0.0566 0.0000 0.0333 0.1236 0.7865 0.0000 0.0000 
 88       88   (0)      1 :  0.0000 0.0000 0.0667 0.0000 0.0667 0.2035 0.6631 0.0000 0.0000 
 89       89   (0)      1 :  0.0000 0.0000 0.0000 0.0000 0.0333 0.0667 0.8999 0.0000 0.0000 
 90       90   (0)      1 :  0.0000 0.0000 0.0531 0.0000 0.0667 0.1662 0.7140 0.0000 0.0000 
 91       91   (0)      1 :  0.0000 0.0000 0.0333 0.0000 0.0000 0.2201 0.7465 0.0000 0.0000 
 92       92   (0)      1 :  0.0000 0.0000 0.0333 0.0000 0.0000 0.2000 0.7666 0.0000 0.0000 
 93       93   (0)      1 :  0.0000 0.0000 0.0333 0.0000 0.0333 0.2448 0.6885 0.0000 0.0000 
 94       94   (0)      1 :  0.0000 0.0000 0.0000 0.0000 0.0333 0.0333 0.9333 0.0000 0.0000 
 95       95   (0)      1 :  0.0000 0.0000 0.0333 0.0000 0.0667 0.0706 0.8293 0.0000 0.0000 
 96       96   (0)      1 :  0.0000 0.0000 0.0000 0.7707 0.0000 0.2292 0.0000 0.0000 0.0000 
 97       97   (0)      1 :  0.0000 0.0000 0.0000 0.8383 0.0000 0.1616 0.0000 0.0000 0.0000 
 98       98   (0)      1 :  0.0000 0.0000 0.0000 0.9666 0.0000 0.0333 0.0000 0.0000 0.0000 
 99       99   (0)      1 :  0.0000 0.0000 0.0000 0.7469 0.0000 0.2530 0.0000 0.0000 0.0000 
100      100   (0)      1 :  0.0000 0.0000 0.0000 0.9999 0.0000 0.0000 0.0000 0.0000 0.0000 
101      101   (0)      1 :  0.0000 0.0000 0.0000 0.8371 0.0000 0.1628 0.0000 0.0000 0.0000 
102      102   (0)      1 :  0.0000 0.0000 0.0000 0.5266 0.0000 0.4733 0.0000 0.0000 0.0000 
103      103   (0)      1 :  0.0000 0.0000 0.0000 0.9513 0.0000 0.0486 0.0000 0.0000 0.0000 
104      104   (0)      1 :  0.0000 0.0000 0.0000 0.7409 0.0000 0.2590 0.0000 0.0000 0.0000 
105      105   (0)      1 :  0.0000 0.0000 0.0000 0.4666 0.0000 0.5333 0.0000 0.0000 0.0000 
106      106   (0)      1 :  0.0000 0.0000 0.0000 0.8967 0.0000 0.1033 0.0000 0.0000 0.0000 
107      107   (0)      1 :  0.0000 0.0000 0.0000 0.5000 0.0000 0.5000 0.0000 0.0000 0.0000 
108      108   (0)      1 :  0.0000 0.0000 0.0000 0.5565 0.0000 0.4435 0.0000 0.0000 0.0000 
109      109   (0)      1 :  0.0000 0.0000 0.0000 0.8723 0.0000 0.1277 0.0000 0.0000 0.0000 
110      110   (0)      1 :  0.0000 0.0000 0.0000 0.9666 0.0000 0.0333 0.0000 0.0000 0.0000 
111      111   (0)      1 :  0.0000 0.0000 0.0000 0.9566 0.0000 0.0433 0.0000 0.0000 0.0000 
112      112   (0)      1 :  0.0000 0.0000 0.0000 0.9003 0.0000 0.0997 0.0000 0.0000 0.0000 
113      113   (0)      1 :  0.0000 0.0000 0.0000 0.4787 0.0000 0.5212 0.0000 0.0000 0.0000 
114      114   (0)      1 :  0.0000 0.0000 0.0000 0.0000 0.0000 0.0333 0.0000 0.0000 0.9666 
115      115   (0)      1 :  0.0000 0.0000 0.0091 0.0000 0.0000 0.0180 0.0000 0.0000 0.9728 
116      116   (0)      1 :  0.0000 0.0000 0.0000 0.0000 0.0000 0.0011 0.0000 0.0000 0.9988 
117      117   (0)      1 :  0.0000 0.0000 0.0192 0.0000 0.0000 0.0000 0.0000 0.0000 0.9807 
118      118   (0)      1 :  0.0000 0.0000 0.0000 0.0000 0.0000 0.0333 0.0000 0.0000 0.9666 
119      119   (0)      1 :  0.0000 0.0000 0.0667 0.0000 0.0000 0.0000 0.0000 0.0000 0.9333 
120      120   (0)      1 :  0.0000 0.0000 0.0667 0.0000 0.0000 0.0000 0.0000 0.0000 0.9333 
121      121   (0)      1 :  0.0000 0.0000 0.0400 0.0000 0.0000 0.0000 0.0000 0.0000 0.9599 
