1        1   (0)      1  : 0.0000 0.0000 0.8295 0.0000 0.0000 0.0000 0.1648 0.0000 0.0023 0.0020 0.0013
2        2   (0)      1  : 0.0000 0.0000 0.5823 0.0000 0.0000 0.0000 0.3214 0.0000 0.0221 0.0415 0.0326
3        3   (0)      1  : 0.0000 0.0000 0.7782 0.0000 0.0000 0.0000 0.2029 0.0000 0.0040 0.0082 0.0066
4        4   (0)      1  : 0.0000 0.0000 0.5938 0.0000 0.0000 0.0000 0.3831 0.0000 0.0051 0.0098 0.0081
5        5   (0)      1  : 0.0000 0.0000 0.6983 0.0000 0.0000 0.0000 0.3016 0.0000 0.0000 0.0000 0.0000
6        6   (0)      1  : 0.0000 0.0000 0.5137 0.0000 0.0000 0.0000 0.4838 0.0000 0.0023 0.0000 0.0000
7        7   (0)      1  : 0.0000 0.0000 0.9999 0.0000 0.0000 0.0000 0.0000 0.0000 0.0000 0.0000 0.0000
8        8   (0)      1  : 0.0000 0.0000 0.6673 0.0000 0.0000 0.0000 0.3108 0.0000 0.0049 0.0092 0.0078
9        9   (0)      1  : 0.0000 0.0000 0.0466 0.0000 0.0000 0.0000 0.8570 0.0000 0.0468 0.0270 0.0225
10       10   (0)      1  : 0.0000 0.0000 0.3602 0.0000 0.0000 0.0000 0.2648 0.0000 0.0833 0.1667 0.1250
11       11   (0)      1  : 0.0000 0.0000 0.7425 0.0000 0.0000 0.0000 0.2549 0.0000 0.0025 0.0000 0.0000
12       12   (0)      1  : 0.0000 0.0000 0.3559 0.0000 0.0000 0.0000 0.2691 0.0000 0.0833 0.1667 0.1250
13       13   (0)      1  : 0.0000 0.0000 0.0755 0.0000 0.0000 0.0000 0.9003 0.0000 0.0241 0.0000 0.0000
14       14   (0)      1  : 0.0000 0.0000 0.3568 0.0000 0.0000 0.0000 0.2681 0.0000 0.0833 0.1667 0.1250
15       15   (0)      1  : 0.0000 0.0000 0.4632 0.0000 0.0000 0.0000 0.4927 0.0000 0.0203 0.0133 0.0104
16       16   (0)      1  : 0.0000 0.0000 0.9768 0.0000 0.0000 0.0000 0.0120 0.0000 0.0000 0.0111 0.0000
17       17   (0)      1  : 0.0000 0.0000 0.7799 0.0000 0.0000 0.0000 0.2200 0.0000 0.0000 0.0000 0.0000
18       18   (0)      1  : 0.0000 0.0000 0.0431 0.0000 0.0000 0.0000 0.9151 0.0000 0.0417 0.0000 0.0000
19       19   (0)      1  : 0.0000 0.0000 0.6591 0.0000 0.0000 0.0000 0.3343 0.0000 0.0013 0.0027 0.0025
20       20   (0)      1  : 0.0000 0.0000 0.8072 0.0000 0.0000 0.0000 0.1570 0.0000 0.0137 0.0125 0.0094
21       21   (0)      1  : 0.0000 0.0000 0.9104 0.0000 0.0000 0.0000 0.0847 0.0000 0.0048 0.0000 0.0000
22       22   (0)      1  : 0.0000 0.0000 0.9641 0.0000 0.0000 0.0000 0.0081 0.0000 0.0062 0.0123 0.0092
23       23   (0)      1  : 0.0000 0.0000 0.8997 0.0000 0.0000 0.0000 0.0354 0.0000 0.0144 0.0284 0.0220
24       24   (0)      1  : 0.0000 0.0000 0.0417 0.0000 0.0000 0.0000 0.9166 0.0000 0.0417 0.0000 0.0000
25       25   (0)      1  : 0.0000 0.0000 0.8357 0.0000 0.0000 0.0000 0.1505 0.0000 0.0082 0.0031 0.0024
26       26   (0)      1  : 0.0000 0.0000 0.9248 0.0000 0.0000 0.0000 0.0693 0.0000 0.0058 0.0000 0.0000
27       27   (0)      1  : 0.0000 0.0000 0.4010 0.0000 0.0000 0.0000 0.5107 0.0000 0.0194 0.0384 0.0305
28       28   (0)      1  : 0.0000 0.0000 0.8564 0.0000 0.0000 0.0000 0.1132 0.0000 0.0068 0.0133 0.0102
29       29   (0)      1  : 0.0000 0.0000 0.6233 0.0000 0.0000 0.0000 0.3714 0.0000 0.0052 0.0000 0.0000
30       30   (0)      1  : 0.0000 0.0000 0.9496 0.0000 0.0000 0.0000 0.0346 0.0000 0.0037 0.0065 0.0055
31       31   (0)      1  : 0.0000 0.0000 0.5805 0.0000 0.0000 0.0000 0.4159 0.0000 0.0025 0.0003 0.0007
32       32   (0)      1  : 0.0000 0.0000 0.9972 0.0000 0.0000 0.0000 0.0027 0.0000 0.0000 0.0000 0.0000
33       33   (0)      1  : 0.0000 0.0000 0.8925 0.0000 0.0000 0.0000 0.0645 0.0000 0.0095 0.0195 0.0139
34       34   (0)      1  : 0.0000 0.0000 0.7084 0.0000 0.0000 0.0000 0.2594 0.0000 0.0088 0.0128 0.0106
35       35   (0)      1  : 0.0000 0.0000 0.0417 0.0000 0.0000 0.0000 0.9166 0.0000 0.0417 0.0000 0.0000
36       36   (0)      1  : 0.0000 0.3254 0.0000 0.0000 0.5989 0.0000 0.0000 0.0006 0.0000 0.0011 0.0739
37       37   (0)      1  : 0.0000 0.0000 0.0000 0.0000 0.9331 0.0000 0.0000 0.0071 0.0000 0.0000 0.0597
38       38   (0)      1  : 0.0000 0.0000 0.0000 0.0000 0.9152 0.0000 0.0000 0.0431 0.0000 0.0000 0.0417
39       39   (0)      1  : 0.0000 0.7730 0.0000 0.0000 0.1201 0.0000 0.0000 0.0107 0.0000 0.0036 0.0926
40       40   (0)      1  : 0.0000 0.5428 0.0000 0.0000 0.2921 0.0000 0.0000 0.1125 0.0000 0.0032 0.0494
41       41   (0)      1  : 0.0000 0.0777 0.0000 0.0000 0.2506 0.0000 0.0000 0.3999 0.0000 0.0112 0.2605
42       42   (0)      1  : 0.0000 0.4626 0.0000 0.0000 0.1914 0.0000 0.0000 0.0564 0.0000 0.0000 0.2896
43       43   (0)      1  : 0.0000 0.5917 0.0000 0.0000 0.0140 0.0000 0.0000 0.0526 0.0000 0.0000 0.3416
44       44   (0)      1  : 0.0000 0.1865 0.0000 0.0000 0.0187 0.0000 0.0000 0.4440 0.0000 0.0000 0.3507
45       45   (0)      1  : 0.0000 0.6807 0.0000 0.0000 0.0897 0.0000 0.0000 0.0891 0.0000 0.0066 0.1339
46       46   (0)      1  : 0.0000 0.0081 0.0000 0.0000 0.0749 0.0000 0.0000 0.8853 0.0000 0.0000 0.0315
47       47   (0)      1  : 0.0000 0.0000 0.0000 0.0000 0.8823 0.0000 0.0000 0.0134 0.0000 0.0000 0.1043
48       48   (0)      1  : 0.0000 0.0000 0.0000 0.0000 0.1734 0.0000 0.0000 0.6372 0.0000 0.0417 0.1476
49       49   (0)      1  : 0.0000 0.2838 0.0000 0.0000 0.0095 0.0000 0.0000 0.6001 0.0000 0.0000 0.1065
50       50   (0)      1  : 0.0000 0.0000 0.0000 0.0000 0.4241 0.0000 0.0000 0.5302 0.0000 0.0000 0.0456
51       51   (0)      1  : 0.0000 0.1994 0.0000 0.0000 0.1005 0.0000 0.0000 0.6541 0.0000 0.0000 0.0460
52       52   (0)      1  : 0.0000 0.0000 0.0000 0.0000 0.7972 0.0000 0.0000 0.0777 0.0000 0.0000 0.1250
53       53   (0)      1  : 0.0000 0.8873 0.0000 0.0000 0.0000 0.0000 0.0000 0.0079 0.0000 0.0000 0.1047
54       54   (0)      1  : 0.0000 0.6863 0.0000 0.0000 0.0349 0.0000 0.0000 0.0239 0.0000 0.0000 0.2549
55       55   (0)      1  : 0.0000 0.2914 0.0000 0.0000 0.0247 0.0000 0.0000 0.6422 0.0000 0.0000 0.0417
56       56   (0)      1  : 0.0000 0.0000 0.0000 0.0000 0.9582 0.0000 0.0000 0.0000 0.0000 0.0000 0.0417
57       57   (0)      1  : 0.0000 0.7076 0.0000 0.0000 0.0258 0.0000 0.0000 0.0272 0.0000 0.0000 0.2392
58       58   (0)      1  : 0.0000 0.4639 0.0000 0.0000 0.0424 0.0000 0.0000 0.3184 0.0000 0.0163 0.1589
59       59   (0)      1  : 0.0000 0.4627 0.0000 0.0000 0.0053 0.0000 0.0000 0.4728 0.0000 0.0000 0.0591
60       60   (0)      1  : 0.0000 0.8172 0.0000 0.0000 0.0013 0.0000 0.0000 0.0416 0.0000 0.0023 0.1375
61       61   (0)      1  : 0.0000 0.8343 0.0000 0.0000 0.0019 0.0000 0.0000 0.1153 0.0000 0.0016 0.0468
62       62   (0)      1  : 0.0000 0.0000 0.0000 0.0000 0.9582 0.0000 0.0000 0.0000 0.0000 0.0000 0.0417
63       63   (0)      1  : 0.0000 0.1029 0.0000 0.0000 0.0749 0.0000 0.0000 0.7481 0.0000 0.0000 0.0741
64       64   (0)      1  : 0.0000 0.8955 0.0000 0.0000 0.0247 0.0000 0.0000 0.0000 0.0000 0.0000 0.0797
65       65   (0)      1  : 0.0000 0.4196 0.0000 0.0000 0.2941 0.0000 0.0000 0.0216 0.0000 0.0000 0.2646
66       66   (0)      1  : 0.0000 0.8455 0.0000 0.0000 0.0000 0.0000 0.0000 0.0601 0.0000 0.0000 0.0943
67       67   (0)      1  : 0.0000 0.6946 0.0000 0.0000 0.0392 0.0000 0.0000 0.1376 0.0000 0.0000 0.1285
68       68   (0)      1  : 0.0000 0.0000 0.0000 0.0000 0.1596 0.0000 0.0000 0.6320 0.0000 0.0417 0.1667
69       69   (0)      1  : 0.0000 0.2871 0.0000 0.0000 0.2865 0.0000 0.0000 0.0597 0.0000 0.0000 0.3666
70       70   (0)      1  : 0.0000 0.0556 0.0000 0.0000 0.0537 0.0000 0.0000 0.8510 0.0000 0.0000 0.0396
71       71   (0)      1  : 0.0000 0.1318 0.0000 0.0000 0.1075 0.0000 0.0000 0.5640 0.0000 0.0417 0.1549
72       72   (0)      1  : 0.0000 0.9818 0.0000 0.0000 0.0000 0.0000 0.0000 0.0181 0.0000 0.0000 0.0000
73       73   (0)      1  : 0.0000 0.9719 0.0000 0.0000 0.0018 0.0000 0.0000 0.0000 0.0000 0.0000 0.0262
74       74   (0)      1  : 0.0000 0.4603 0.0000 0.0000 0.0521 0.0000 0.0000 0.1128 0.0000 0.0000 0.3747
75       75   (0)      1  : 0.0000 0.3441 0.0000 0.0000 0.1521 0.0000 0.0000 0.0689 0.0000 0.0000 0.4348
76       76   (0)      1  : 0.0000 0.0000 0.0000 0.0000 0.1740 0.0000 0.0000 0.6593 0.0000 0.0417 0.1250
77       77   (0)      1  : 0.0000 0.0000 0.0000 0.0000 0.6758 0.0000 0.0000 0.2722 0.0000 0.0000 0.0519
78       78   (0)      1  : 0.7845 0.0000 0.0000 0.0000 0.0000 0.0000 0.0000 0.0000 0.0000 0.2154 0.0000
79       79   (0)      1  : 0.9166 0.0000 0.0000 0.0000 0.0000 0.0000 0.0000 0.0000 0.0000 0.0833 0.0000
80       80   (0)      1  : 0.8046 0.0000 0.0000 0.0000 0.0000 0.0000 0.0000 0.0000 0.0000 0.1953 0.0000
81       81   (0)      1  : 0.7341 0.0000 0.0000 0.0000 0.0000 0.0000 0.0000 0.0000 0.0000 0.2658 0.0000
82       82   (0)      1  : 0.5757 0.0000 0.0000 0.0000 0.0000 0.0000 0.0000 0.0000 0.0000 0.4242 0.0000
83       83   (0)      1  : 0.8127 0.0000 0.0000 0.0000 0.0000 0.0000 0.0000 0.0000 0.0000 0.1872 0.0000
84       84   (0)      1  : 0.5536 0.0000 0.0000 0.0000 0.0000 0.0000 0.0000 0.0000 0.0000 0.4463 0.0000
85       85   (0)      1  : 0.8222 0.0000 0.0000 0.0000 0.0000 0.0000 0.0000 0.0000 0.0000 0.1777 0.0000
86       86   (0)      1  : 0.8003 0.0000 0.0000 0.0000 0.0000 0.0000 0.0000 0.0000 0.0000 0.1996 0.0000
87       87   (0)      1  : 0.6249 0.0000 0.0000 0.0000 0.0000 0.0000 0.0000 0.0000 0.0000 0.3750 0.0000
88       88   (0)      1  : 0.5597 0.0000 0.0000 0.0000 0.0000 0.0000 0.0000 0.0000 0.0000 0.4402 0.0000
89       89   (0)      1  : 0.9166 0.0000 0.0000 0.0000 0.0000 0.0000 0.0000 0.0000 0.0000 0.0833 0.0000
90       90   (0)      1  : 0.6666 0.0000 0.0000 0.0000 0.0000 0.0000 0.0000 0.0000 0.0000 0.3333 0.0000
91       91   (0)      1  : 0.7598 0.0000 0.0000 0.0000 0.0000 0.0000 0.0000 0.0000 0.0000 0.2401 0.0000
92       92   (0)      1  : 0.7272 0.0000 0.0000 0.0000 0.0000 0.0000 0.0000 0.0000 0.0000 0.2727 0.0000
93       93   (0)      1  : 0.7271 0.0000 0.0000 0.0000 0.0000 0.0000 0.0000 0.0000 0.0000 0.2728 0.0000
94       94   (0)      1  : 0.9582 0.0000 0.0000 0.0000 0.0000 0.0000 0.0000 0.0000 0.0000 0.0417 0.0000
95       95   (0)      1  : 0.7499 0.0000 0.0000 0.0000 0.0000 0.0000 0.0000 0.0000 0.0000 0.2500 0.0000
96       96   (0)      1  : 0.0000 0.0000 0.0000 0.4968 0.0000 0.0000 0.0000 0.0000 0.3760 0.0417 0.0855
97       97   (0)      1  : 0.0000 0.0000 0.0000 0.5953 0.0000 0.0000 0.0000 0.0000 0.3629 0.0000 0.0417
98       98   (0)      1  : 0.0000 0.0000 0.0000 0.9582 0.0000 0.0000 0.0000 0.0000 0.0000 0.0000 0.0417
99       99   (0)      1  : 0.0000 0.0000 0.0000 0.5570 0.0000 0.0000 0.0000 0.0000 0.4085 0.0000 0.0344
100      100   (0)      1  : 0.0000 0.0000 0.0000 0.9437 0.0000 0.0000 0.0000 0.0000 0.0117 0.0000 0.0445
101      101   (0)      1  : 0.0000 0.0000 0.0000 0.7598 0.0000 0.0000 0.0000 0.0000 0.1425 0.0559 0.0417
102      102   (0)      1  : 0.0000 0.0000 0.0000 0.4583 0.0000 0.0000 0.0000 0.0000 0.4583 0.0417 0.0417
103      103   (0)      1  : 0.0000 0.0000 0.0000 0.7110 0.0000 0.0000 0.0000 0.0000 0.2055 0.0417 0.0417
104      104   (0)      1  : 0.0000 0.0000 0.0000 0.6957 0.0000 0.0000 0.0000 0.0000 0.2209 0.0417 0.0417
105      105   (0)      1  : 0.0000 0.0000 0.0000 0.2083 0.0000 0.0000 0.0000 0.0000 0.7916 0.0000 0.0000
106      106   (0)      1  : 0.0000 0.0000 0.0000 0.8227 0.0000 0.0000 0.0000 0.0000 0.0939 0.0833 0.0000
107      107   (0)      1  : 0.0000 0.0000 0.0000 0.4166 0.0000 0.0000 0.0000 0.0000 0.5416 0.0000 0.0417
108      108   (0)      1  : 0.0000 0.0000 0.0000 0.5174 0.0000 0.0000 0.0000 0.0000 0.3897 0.0417 0.0512
109      109   (0)      1  : 0.0000 0.0000 0.0000 0.6480 0.0000 0.0000 0.0000 0.0000 0.2735 0.0417 0.0368
110      110   (0)      1  : 0.0000 0.0000 0.0000 0.7499 0.0000 0.0000 0.0000 0.0000 0.1667 0.0000 0.0833
111      111   (0)      1  : 0.0000 0.0000 0.0000 0.8599 0.0000 0.0000 0.0000 0.0000 0.0830 0.0417 0.0153
112      112   (0)      1  : 0.0000 0.0000 0.0000 0.8375 0.0000 0.0000 0.0000 0.0000 0.1073 0.0417 0.0134
113      113   (0)      1  : 0.0000 0.0000 0.0000 0.2711 0.0000 0.0000 0.0000 0.0000 0.7057 0.0000 0.0232
114      114   (0)      1  : 0.0000 0.0000 0.0000 0.0000 0.0000 0.7499 0.0000 0.0000 0.0833 0.0833 0.0833
115      115   (0)      1  : 0.0000 0.0000 0.0000 0.0000 0.0000 0.8605 0.0000 0.0000 0.0417 0.0977 0.0000
116      116   (0)      1  : 0.0000 0.0000 0.0000 0.0000 0.0000 0.7499 0.0000 0.0000 0.0833 0.0833 0.0833
117      117   (0)      1  : 0.0000 0.0000 0.0000 0.0000 0.0000 0.8332 0.0000 0.0000 0.0417 0.0833 0.0417
118      118   (0)      1  : 0.0000 0.0000 0.0000 0.0000 0.0000 0.9034 0.0000 0.0000 0.0417 0.0417 0.0132
119      119   (0)      1  : 0.0000 0.0000 0.0000 0.0000 0.0000 0.8749 0.0000 0.0000 0.0000 0.1250 0.0000
120      120   (0)      1  : 0.0000 0.0000 0.0000 0.0000 0.0000 0.9044 0.0000 0.0000 0.0122 0.0000 0.0833
121      121   (0)      1  : 0.0000 0.0000 0.0000 0.0000 0.0000 0.9166 0.0000 0.0000 0.0000 0.0833 0.0000
