1        1   (0)      1  : 0.0000 0.0000 0.9999 0.0000 0.0000 0.0000 0.0000
2        2   (0)      1  : 0.0000 0.0000 0.9999 0.0000 0.0000 0.0000 0.0000
3        3   (0)      1  : 0.0000 0.0000 0.9999 0.0000 0.0000 0.0000 0.0000
4        4   (0)      1  : 0.0000 0.0000 0.9999 0.0000 0.0000 0.0000 0.0000
5        5   (0)      1  : 0.0000 0.0000 0.9999 0.0000 0.0000 0.0000 0.0000
6        6   (0)      1  : 0.0000 0.0000 0.9999 0.0000 0.0000 0.0000 0.0000
7        7   (0)      1  : 0.0000 0.0000 0.9999 0.0000 0.0000 0.0000 0.0000
8        8   (0)      1  : 0.0000 0.0000 0.9999 0.0000 0.0000 0.0000 0.0000
9        9   (0)      1  : 0.0000 0.0000 0.9999 0.0000 0.0000 0.0000 0.0000
10       10   (0)      1  : 0.0000 0.0000 0.9999 0.0000 0.0000 0.0000 0.0000
11       11   (0)      1  : 0.0000 0.0000 0.9999 0.0000 0.0000 0.0000 0.0000
12       12   (0)      1  : 0.0000 0.0000 0.9999 0.0000 0.0000 0.0000 0.0000
13       13   (0)      1  : 0.0000 0.0000 0.9999 0.0000 0.0000 0.0000 0.0000
14       14   (0)      1  : 0.0000 0.0000 0.9999 0.0000 0.0000 0.0000 0.0000
15       15   (0)      1  : 0.0000 0.0000 0.9999 0.0000 0.0000 0.0000 0.0000
16       16   (0)      1  : 0.0000 0.0000 0.9999 0.0000 0.0000 0.0000 0.0000
17       17   (0)      1  : 0.0000 0.0000 0.9999 0.0000 0.0000 0.0000 0.0000
18       18   (0)      1  : 0.0000 0.0000 0.9999 0.0000 0.0000 0.0000 0.0000
19       19   (0)      1  : 0.0000 0.0000 0.9999 0.0000 0.0000 0.0000 0.0000
20       20   (0)      1  : 0.0000 0.0000 0.9999 0.0000 0.0000 0.0000 0.0000
21       21   (0)      1  : 0.0000 0.0000 0.9999 0.0000 0.0000 0.0000 0.0000
22       22   (0)      1  : 0.0000 0.0000 0.9999 0.0000 0.0000 0.0000 0.0000
23       23   (0)      1  : 0.0000 0.0000 0.9999 0.0000 0.0000 0.0000 0.0000
24       24   (0)      1  : 0.0000 0.0000 0.9999 0.0000 0.0000 0.0000 0.0000
25       25   (0)      1  : 0.0000 0.0000 0.9999 0.0000 0.0000 0.0000 0.0000
26       26   (0)      1  : 0.0000 0.0000 0.9999 0.0000 0.0000 0.0000 0.0000
27       27   (0)      1  : 0.0000 0.0000 0.9999 0.0000 0.0000 0.0000 0.0000
28       28   (0)      1  : 0.0000 0.0000 0.9999 0.0000 0.0000 0.0000 0.0000
29       29   (0)      1  : 0.0000 0.0000 0.9999 0.0000 0.0000 0.0000 0.0000
30       30   (0)      1  : 0.0000 0.0000 0.9999 0.0000 0.0000 0.0000 0.0000
31       31   (0)      1  : 0.0000 0.0000 0.9999 0.0000 0.0000 0.0000 0.0000
32       32   (0)      1  : 0.0000 0.0000 0.9999 0.0000 0.0000 0.0000 0.0000
33       33   (0)      1  : 0.0000 0.0000 0.9999 0.0000 0.0000 0.0000 0.0000
34       34   (0)      1  : 0.0000 0.0000 0.9999 0.0000 0.0000 0.0000 0.0000
35       35   (0)      1  : 0.0000 0.0000 0.9999 0.0000 0.0000 0.0000 0.0000
36       36   (0)      1  : 0.0000 0.3807 0.0000 0.0000 0.6043 0.0000 0.0149
37       37   (0)      1  : 0.0000 0.0000 0.0000 0.0000 0.9807 0.0000 0.0192
38       38   (0)      1  : 0.0000 0.0000 0.0000 0.0000 0.9574 0.0000 0.0426
39       39   (0)      1  : 0.0000 0.8806 0.0000 0.0000 0.1194 0.0000 0.0000
40       40   (0)      1  : 0.0000 0.5840 0.0000 0.0000 0.3418 0.0000 0.0742
41       41   (0)      1  : 0.0000 0.1192 0.0000 0.0000 0.4756 0.0000 0.4051
42       42   (0)      1  : 0.0000 0.6914 0.0000 0.0000 0.2679 0.0000 0.0406
43       43   (0)      1  : 0.0000 0.7249 0.0000 0.0000 0.1061 0.0000 0.1690
44       44   (0)      1  : 0.0000 0.2898 0.0000 0.0000 0.0196 0.0000 0.6906
45       45   (0)      1  : 0.0000 0.7779 0.0000 0.0000 0.1599 0.0000 0.0622
46       46   (0)      1  : 0.0000 0.0000 0.0000 0.0000 0.2254 0.0000 0.7746
47       47   (0)      1  : 0.0000 0.0000 0.0000 0.0000 0.9708 0.0000 0.0291
48       48   (0)      1  : 0.0000 0.0000 0.0000 0.0000 0.2929 0.0000 0.7070
49       49   (0)      1  : 0.0000 0.3302 0.0000 0.0000 0.0000 0.0000 0.6697
50       50   (0)      1  : 0.0000 0.0000 0.0000 0.0000 0.5736 0.0000 0.4264
51       51   (0)      1  : 0.0000 0.2458 0.0000 0.0000 0.2324 0.0000 0.5217
52       52   (0)      1  : 0.0000 0.0000 0.0000 0.0000 0.8333 0.0000 0.1667
53       53   (0)      1  : 0.0000 0.9999 0.0000 0.0000 0.0000 0.0000 0.0000
54       54   (0)      1  : 0.0000 0.9037 0.0000 0.0000 0.0512 0.0000 0.0451
55       55   (0)      1  : 0.0000 0.3740 0.0000 0.0000 0.0670 0.0000 0.5590
56       56   (0)      1  : 0.0000 0.0000 0.0000 0.0000 0.9999 0.0000 0.0000
57       57   (0)      1  : 0.0000 0.9999 0.0000 0.0000 0.0000 0.0000 0.0000
58       58   (0)      1  : 0.0000 0.5882 0.0000 0.0000 0.0732 0.0000 0.3386
59       59   (0)      1  : 0.0000 0.4901 0.0000 0.0000 0.0341 0.0000 0.4758
60       60   (0)      1  : 0.0000 0.8543 0.0000 0.0000 0.0223 0.0000 0.1234
61       61   (0)      1  : 0.0000 0.9345 0.0000 0.0000 0.0000 0.0000 0.0654
62       62   (0)      1  : 0.0000 0.0000 0.0000 0.0000 0.9999 0.0000 0.0000
63       63   (0)      1  : 0.0000 0.1498 0.0000 0.0000 0.1279 0.0000 0.7223
64       64   (0)      1  : 0.0000 0.9999 0.0000 0.0000 0.0000 0.0000 0.0000
65       65   (0)      1  : 0.0000 0.6187 0.0000 0.0000 0.3813 0.0000 0.0000
66       66   (0)      1  : 0.0000 0.8757 0.0000 0.0000 0.0000 0.0000 0.1243
67       67   (0)      1  : 0.0000 0.7373 0.0000 0.0000 0.0765 0.0000 0.1862
68       68   (0)      1  : 0.0000 0.0000 0.0000 0.0000 0.2585 0.0000 0.7415
69       69   (0)      1  : 0.0000 0.3446 0.0000 0.0000 0.4636 0.0000 0.1918
70       70   (0)      1  : 0.0000 0.0318 0.0000 0.0000 0.1313 0.0000 0.8369
71       71   (0)      1  : 0.0000 0.1579 0.0000 0.0000 0.2055 0.0000 0.6366
72       72   (0)      1  : 0.0000 0.9698 0.0000 0.0000 0.0000 0.0000 0.0302
73       73   (0)      1  : 0.0000 0.9999 0.0000 0.0000 0.0000 0.0000 0.0000
74       74   (0)      1  : 0.0000 0.5437 0.0000 0.0000 0.1884 0.0000 0.2679
75       75   (0)      1  : 0.0000 0.4122 0.0000 0.0000 0.4002 0.0000 0.1875
76       76   (0)      1  : 0.0000 0.0000 0.0000 0.0000 0.3372 0.0000 0.6627
77       77   (0)      1  : 0.0000 0.0000 0.0000 0.0000 0.7540 0.0000 0.2460
78       78   (0)      1  : 0.9999 0.0000 0.0000 0.0000 0.0000 0.0000 0.0000
79       79   (0)      1  : 0.9999 0.0000 0.0000 0.0000 0.0000 0.0000 0.0000
80       80   (0)      1  : 0.9999 0.0000 0.0000 0.0000 0.0000 0.0000 0.0000
81       81   (0)      1  : 0.9999 0.0000 0.0000 0.0000 0.0000 0.0000 0.0000
82       82   (0)      1  : 0.9999 0.0000 0.0000 0.0000 0.0000 0.0000 0.0000
83       83   (0)      1  : 0.9999 0.0000 0.0000 0.0000 0.0000 0.0000 0.0000
84       84   (0)      1  : 0.9999 0.0000 0.0000 0.0000 0.0000 0.0000 0.0000
85       85   (0)      1  : 0.9999 0.0000 0.0000 0.0000 0.0000 0.0000 0.0000
86       86   (0)      1  : 0.9999 0.0000 0.0000 0.0000 0.0000 0.0000 0.0000
87       87   (0)      1  : 0.9999 0.0000 0.0000 0.0000 0.0000 0.0000 0.0000
88       88   (0)      1  : 0.9999 0.0000 0.0000 0.0000 0.0000 0.0000 0.0000
89       89   (0)      1  : 0.9999 0.0000 0.0000 0.0000 0.0000 0.0000 0.0000
90       90   (0)      1  : 0.9999 0.0000 0.0000 0.0000 0.0000 0.0000 0.0000
91       91   (0)      1  : 0.9999 0.0000 0.0000 0.0000 0.0000 0.0000 0.0000
92       92   (0)      1  : 0.9999 0.0000 0.0000 0.0000 0.0000 0.0000 0.0000
93       93   (0)      1  : 0.9999 0.0000 0.0000 0.0000 0.0000 0.0000 0.0000
94       94   (0)      1  : 0.9999 0.0000 0.0000 0.0000 0.0000 0.0000 0.0000
95       95   (0)      1  : 0.9999 0.0000 0.0000 0.0000 0.0000 0.0000 0.0000
96       96   (0)      1  : 0.0000 0.0000 0.0000 0.9999 0.0000 0.0000 0.0000
97       97   (0)      1  : 0.0000 0.0000 0.0000 0.9999 0.0000 0.0000 0.0000
98       98   (0)      1  : 0.0000 0.0000 0.0000 0.9999 0.0000 0.0000 0.0000
99       99   (0)      1  : 0.0000 0.0000 0.0000 0.9999 0.0000 0.0000 0.0000
100      100   (0)      1  : 0.0000 0.0000 0.0000 0.9999 0.0000 0.0000 0.0000
101      101   (0)      1  : 0.0000 0.0000 0.0000 0.9999 0.0000 0.0000 0.0000
102      102   (0)      1  : 0.0000 0.0000 0.0000 0.9999 0.0000 0.0000 0.0000
103      103   (0)      1  : 0.0000 0.0000 0.0000 0.9999 0.0000 0.0000 0.0000
104      104   (0)      1  : 0.0000 0.0000 0.0000 0.9999 0.0000 0.0000 0.0000
105      105   (0)      1  : 0.0000 0.0000 0.0000 0.9999 0.0000 0.0000 0.0000
106      106   (0)      1  : 0.0000 0.0000 0.0000 0.9999 0.0000 0.0000 0.0000
107      107   (0)      1  : 0.0000 0.0000 0.0000 0.9999 0.0000 0.0000 0.0000
108      108   (0)      1  : 0.0000 0.0000 0.0000 0.9999 0.0000 0.0000 0.0000
109      109   (0)      1  : 0.0000 0.0000 0.0000 0.9999 0.0000 0.0000 0.0000
110      110   (0)      1  : 0.0000 0.0000 0.0000 0.9999 0.0000 0.0000 0.0000
111      111   (0)      1  : 0.0000 0.0000 0.0000 0.9999 0.0000 0.0000 0.0000
112      112   (0)      1  : 0.0000 0.0000 0.0000 0.9999 0.0000 0.0000 0.0000
113      113   (0)      1  : 0.0000 0.0000 0.0000 0.9999 0.0000 0.0000 0.0000
114      114   (0)      1  : 0.0000 0.0000 0.0000 0.0000 0.0000 0.9999 0.0000
115      115   (0)      1  : 0.0000 0.0000 0.0000 0.0000 0.0000 0.9999 0.0000
116      116   (0)      1  : 0.0000 0.0000 0.0000 0.0000 0.0000 0.9999 0.0000
117      117   (0)      1  : 0.0000 0.0000 0.0000 0.0000 0.0000 0.9999 0.0000
118      118   (0)      1  : 0.0000 0.0000 0.0000 0.0000 0.0000 0.9999 0.0000
119      119   (0)      1  : 0.0000 0.0000 0.0000 0.0000 0.0000 0.9999 0.0000
120      120   (0)      1  : 0.0000 0.0000 0.0000 0.0000 0.0000 0.9999 0.0000
121      121   (0)      1  : 0.0000 0.0000 0.0000 0.0000 0.0000 0.9999 0.0000
