1        1   (0)      1  : 0.0000 0.0000 0.5831 0.0000 0.0000 0.0000 0.0200 0.0000 0.0000 0.0000 0.3575 0.0394 0.0000
2        2   (0)      1  : 0.0000 0.0000 0.2803 0.0000 0.0000 0.0000 0.0578 0.0000 0.0000 0.0000 0.5331 0.1170 0.0116
3        3   (0)      1  : 0.0000 0.0000 0.0999 0.0000 0.0000 0.0000 0.0000 0.0000 0.0000 0.0000 0.8005 0.0463 0.0532
4        4   (0)      1  : 0.0000 0.0000 0.1373 0.0000 0.0000 0.0000 0.0054 0.0000 0.0000 0.0000 0.8351 0.0222 0.0000
5        5   (0)      1  : 0.0000 0.0000 0.0040 0.0000 0.0000 0.0000 0.0018 0.0000 0.0000 0.0000 0.9090 0.0018 0.0833
6        6   (0)      1  : 0.0000 0.0000 0.0037 0.0000 0.0000 0.0000 0.0269 0.0000 0.0000 0.0000 0.9363 0.0331 0.0000
7        7   (0)      1  : 0.0000 0.0000 0.9989 0.0000 0.0000 0.0000 0.0000 0.0000 0.0000 0.0000 0.0000 0.0010 0.0000
8        8   (0)      1  : 0.0000 0.0000 0.0000 0.0000 0.0000 0.0000 0.0000 0.0000 0.0000 0.0000 0.8934 0.0850 0.0215
9        9   (0)      1  : 0.0000 0.0000 0.0168 0.0000 0.0000 0.0000 0.8970 0.0000 0.0000 0.0000 0.0000 0.0861 0.0000
10       10   (0)      1  : 0.0000 0.0000 0.4166 0.0000 0.0000 0.0000 0.1667 0.0000 0.0000 0.0000 0.0000 0.4166 0.0000
11       11   (0)      1  : 0.0000 0.0000 0.0834 0.0000 0.0000 0.0000 0.0161 0.0000 0.0000 0.0000 0.8170 0.0833 0.0000
12       12   (0)      1  : 0.0000 0.0000 0.3507 0.0000 0.0000 0.0000 0.1222 0.0000 0.0000 0.0000 0.0863 0.4166 0.0241
13       13   (0)      1  : 0.0000 0.0000 0.0000 0.0000 0.0000 0.0000 0.5978 0.0000 0.0000 0.0000 0.4021 0.0000 0.0000
14       14   (0)      1  : 0.0000 0.0000 0.4166 0.0000 0.0000 0.0000 0.1667 0.0000 0.0000 0.0000 0.0000 0.4166 0.0000
15       15   (0)      1  : 0.0000 0.0000 0.0173 0.0000 0.0000 0.0000 0.2880 0.0000 0.0000 0.0000 0.5796 0.1150 0.0000
16       16   (0)      1  : 0.0000 0.0000 0.9952 0.0000 0.0000 0.0000 0.0000 0.0000 0.0000 0.0000 0.0006 0.0041 0.0000
17       17   (0)      1  : 0.0000 0.0000 0.0000 0.0000 0.0000 0.0000 0.0000 0.0000 0.0000 0.0000 0.9166 0.0000 0.0833
18       18   (0)      1  : 0.0000 0.0000 0.0000 0.0000 0.0000 0.0000 0.9837 0.0000 0.0000 0.0000 0.0022 0.0119 0.0021
19       19   (0)      1  : 0.0000 0.0000 0.0000 0.0000 0.0000 0.0000 0.0000 0.0000 0.0000 0.0000 0.9111 0.0055 0.0833
20       20   (0)      1  : 0.0000 0.0000 0.7493 0.0000 0.0000 0.0000 0.1737 0.0000 0.0000 0.0000 0.0162 0.0411 0.0196
21       21   (0)      1  : 0.0000 0.0000 0.8437 0.0000 0.0000 0.0000 0.0845 0.0000 0.0000 0.0000 0.0556 0.0000 0.0162
22       22   (0)      1  : 0.0000 0.0000 0.9317 0.0000 0.0000 0.0000 0.0000 0.0000 0.0000 0.0000 0.0162 0.0311 0.0210
23       23   (0)      1  : 0.0000 0.0000 0.9351 0.0000 0.0000 0.0000 0.0000 0.0000 0.0000 0.0000 0.0000 0.0648 0.0000
24       24   (0)      1  : 0.0000 0.0000 0.0000 0.0000 0.0000 0.0000 0.9999 0.0000 0.0000 0.0000 0.0000 0.0000 0.0000
25       25   (0)      1  : 0.0000 0.0000 0.7090 0.0000 0.0000 0.0000 0.1405 0.0000 0.0000 0.0000 0.1252 0.0246 0.0007
26       26   (0)      1  : 0.0000 0.0000 0.9260 0.0000 0.0000 0.0000 0.0739 0.0000 0.0000 0.0000 0.0000 0.0000 0.0000
27       27   (0)      1  : 0.0000 0.0000 0.0000 0.0000 0.0000 0.0000 0.0000 0.0000 0.0000 0.0000 0.9274 0.0725 0.0000
28       28   (0)      1  : 0.0000 0.0000 0.0000 0.0000 0.0000 0.0000 0.0000 0.0000 0.0000 0.0000 0.8822 0.0344 0.0833
29       29   (0)      1  : 0.0000 0.0000 0.1385 0.0000 0.0000 0.0000 0.0890 0.0000 0.0000 0.0000 0.6890 0.0833 0.0000
30       30   (0)      1  : 0.0000 0.0000 0.9357 0.0000 0.0000 0.0000 0.0083 0.0000 0.0000 0.0000 0.0106 0.0274 0.0180
31       31   (0)      1  : 0.0000 0.0000 0.0193 0.0000 0.0000 0.0000 0.0127 0.0000 0.0000 0.0000 0.8697 0.0982 0.0000
32       32   (0)      1  : 0.0000 0.0000 0.9999 0.0000 0.0000 0.0000 0.0000 0.0000 0.0000 0.0000 0.0000 0.0000 0.0000
33       33   (0)      1  : 0.0000 0.0000 0.8764 0.0000 0.0000 0.0000 0.0198 0.0000 0.0000 0.0000 0.0238 0.0800 0.0000
34       34   (0)      1  : 0.0000 0.0000 0.0243 0.0000 0.0000 0.0000 0.0244 0.0000 0.0000 0.0000 0.8217 0.0461 0.0833
35       35   (0)      1  : 0.0000 0.0000 0.0000 0.0000 0.0000 0.0000 0.9999 0.0000 0.0000 0.0000 0.0000 0.0000 0.0000
36       36   (0)      1  : 0.0000 0.3501 0.0000 0.0000 0.5455 0.0000 0.0000 0.0000 0.0000 0.0000 0.0000 0.0893 0.0150
37       37   (0)      1  : 0.0000 0.0020 0.0000 0.0000 0.9979 0.0000 0.0000 0.0000 0.0000 0.0000 0.0000 0.0000 0.0000
38       38   (0)      1  : 0.0000 0.0000 0.0000 0.0000 0.9662 0.0000 0.0000 0.0000 0.0000 0.0000 0.0000 0.0000 0.0337
39       39   (0)      1  : 0.0000 0.8795 0.0000 0.0000 0.0716 0.0000 0.0000 0.0061 0.0000 0.0000 0.0000 0.0077 0.0350
40       40   (0)      1  : 0.0000 0.4459 0.0000 0.0000 0.3307 0.0000 0.0000 0.1083 0.0000 0.0000 0.0000 0.0040 0.1110
41       41   (0)      1  : 0.0000 0.0602 0.0000 0.0000 0.3588 0.0000 0.0000 0.1442 0.0000 0.0000 0.0000 0.0264 0.4103
42       42   (0)      1  : 0.0000 0.7037 0.0000 0.0000 0.1563 0.0000 0.0000 0.0000 0.0000 0.0000 0.0000 0.0026 0.1374
43       43   (0)      1  : 0.0000 0.8816 0.0000 0.0000 0.0040 0.0000 0.0000 0.0000 0.0000 0.0000 0.0000 0.0052 0.1091
44       44   (0)      1  : 0.0000 0.2783 0.0000 0.0000 0.0000 0.0000 0.0000 0.3399 0.0000 0.0000 0.0000 0.0159 0.3658
45       45   (0)      1  : 0.0000 0.7222 0.0000 0.0000 0.0618 0.0000 0.0000 0.0985 0.0000 0.0000 0.0000 0.0152 0.1023
46       46   (0)      1  : 0.0000 0.0000 0.0000 0.0000 0.0186 0.0000 0.0000 0.7528 0.0000 0.0000 0.0000 0.0000 0.2285
47       47   (0)      1  : 0.0000 0.0000 0.0000 0.0000 0.9468 0.0000 0.0000 0.0000 0.0000 0.0000 0.0000 0.0318 0.0214
48       48   (0)      1  : 0.0000 0.0000 0.0000 0.0000 0.1846 0.0000 0.0000 0.2321 0.0000 0.0000 0.0000 0.0833 0.4999
49       49   (0)      1  : 0.0000 0.1039 0.0000 0.0000 0.0000 0.0000 0.0000 0.7780 0.0000 0.0000 0.0000 0.0000 0.1179
50       50   (0)      1  : 0.0000 0.0000 0.0000 0.0000 0.3995 0.0000 0.0000 0.4627 0.0000 0.0000 0.0000 0.0000 0.1377
51       51   (0)      1  : 0.0000 0.0663 0.0000 0.0000 0.1010 0.0000 0.0000 0.7745 0.0000 0.0000 0.0000 0.0000 0.0581
52       52   (0)      1  : 0.0000 0.0000 0.0000 0.0000 0.7453 0.0000 0.0000 0.0853 0.0000 0.0000 0.0000 0.0000 0.1692
53       53   (0)      1  : 0.0000 0.9656 0.0000 0.0000 0.0000 0.0000 0.0000 0.0141 0.0000 0.0000 0.0000 0.0000 0.0203
54       54   (0)      1  : 0.0000 0.9172 0.0000 0.0000 0.0079 0.0000 0.0000 0.0203 0.0000 0.0000 0.0000 0.0000 0.0544
55       55   (0)      1  : 0.0000 0.0994 0.0000 0.0000 0.0000 0.0000 0.0000 0.8172 0.0000 0.0000 0.0000 0.0000 0.0833
56       56   (0)      1  : 0.0000 0.0000 0.0000 0.0000 0.9166 0.0000 0.0000 0.0000 0.0000 0.0000 0.0000 0.0833 0.0000
57       57   (0)      1  : 0.0000 0.9447 0.0000 0.0000 0.0000 0.0000 0.0000 0.0013 0.0000 0.0000 0.0000 0.0000 0.0539
58       58   (0)      1  : 0.0000 0.5110 0.0000 0.0000 0.0178 0.0000 0.0000 0.1629 0.0000 0.0000 0.0000 0.0307 0.2775
59       59   (0)      1  : 0.0000 0.2628 0.0000 0.0000 0.0000 0.0000 0.0000 0.6538 0.0000 0.0000 0.0000 0.0000 0.0833
60       60   (0)      1  : 0.0000 0.8181 0.0000 0.0000 0.0000 0.0000 0.0000 0.0902 0.0000 0.0000 0.0000 0.0145 0.0771
61       61   (0)      1  : 0.0000 0.6209 0.0000 0.0000 0.0000 0.0000 0.0000 0.2401 0.0000 0.0000 0.0000 0.0000 0.1389
62       62   (0)      1  : 0.0000 0.0000 0.0000 0.0000 0.9166 0.0000 0.0000 0.0000 0.0000 0.0000 0.0000 0.0833 0.0000
63       63   (0)      1  : 0.0000 0.0228 0.0000 0.0000 0.0382 0.0000 0.0000 0.8427 0.0000 0.0000 0.0000 0.0147 0.0814
64       64   (0)      1  : 0.0000 0.9765 0.0000 0.0000 0.0097 0.0000 0.0000 0.0020 0.0000 0.0000 0.0000 0.0000 0.0117
65       65   (0)      1  : 0.0000 0.6036 0.0000 0.0000 0.2590 0.0000 0.0000 0.0000 0.0000 0.0000 0.0000 0.0100 0.1274
66       66   (0)      1  : 0.0000 0.8426 0.0000 0.0000 0.0000 0.0000 0.0000 0.0780 0.0000 0.0000 0.0000 0.0000 0.0793
67       67   (0)      1  : 0.0000 0.6402 0.0000 0.0000 0.0273 0.0000 0.0000 0.2634 0.0000 0.0000 0.0000 0.0078 0.0612
68       68   (0)      1  : 0.0000 0.0000 0.0000 0.0000 0.1033 0.0000 0.0000 0.2767 0.0000 0.0000 0.0000 0.0833 0.5366
69       69   (0)      1  : 0.0000 0.3790 0.0000 0.0000 0.3974 0.0000 0.0000 0.0652 0.0000 0.0000 0.0000 0.0005 0.1578
70       70   (0)      1  : 0.0000 0.0000 0.0000 0.0000 0.0381 0.0000 0.0000 0.8098 0.0000 0.0000 0.0000 0.0000 0.1520
71       71   (0)      1  : 0.0000 0.0395 0.0000 0.0000 0.0968 0.0000 0.0000 0.3102 0.0000 0.0000 0.0000 0.0833 0.4701
72       72   (0)      1  : 0.0000 0.8093 0.0000 0.0000 0.0000 0.0000 0.0000 0.1031 0.0000 0.0000 0.0000 0.0000 0.0875
73       73   (0)      1  : 0.0000 0.7656 0.0000 0.0000 0.0000 0.0000 0.0000 0.1510 0.0000 0.0000 0.0000 0.0000 0.0833
74       74   (0)      1  : 0.0000 0.5884 0.0000 0.0000 0.1471 0.0000 0.0000 0.1040 0.0000 0.0000 0.0000 0.0055 0.1549
75       75   (0)      1  : 0.0000 0.6080 0.0000 0.0000 0.2068 0.0000 0.0000 0.0000 0.0000 0.0000 0.0000 0.0145 0.1705
76       76   (0)      1  : 0.0000 0.0000 0.0000 0.0000 0.1854 0.0000 0.0000 0.2312 0.0000 0.0000 0.0000 0.0833 0.4999
77       77   (0)      1  : 0.0000 0.0000 0.0000 0.0000 0.7071 0.0000 0.0000 0.2257 0.0000 0.0000 0.0000 0.0000 0.0671
78       78   (0)      1  : 0.1245 0.0000 0.0000 0.0000 0.0000 0.0000 0.0000 0.0000 0.0000 0.7665 0.0000 0.1088 0.0000
79       79   (0)      1  : 0.1667 0.0000 0.0000 0.0000 0.0000 0.0000 0.0000 0.0000 0.0000 0.7499 0.0000 0.0833 0.0000
80       80   (0)      1  : 0.8332 0.0000 0.0000 0.0000 0.0000 0.0000 0.0000 0.0000 0.0000 0.1667 0.0000 0.0000 0.0000
81       81   (0)      1  : 0.5833 0.0000 0.0000 0.0000 0.0000 0.0000 0.0000 0.0000 0.0000 0.2500 0.0000 0.1667 0.0000
82       82   (0)      1  : 0.5833 0.0000 0.0000 0.0000 0.0000 0.0000 0.0000 0.0000 0.0000 0.3340 0.0000 0.0827 0.0000
83       83   (0)      1  : 0.2050 0.0000 0.0000 0.0000 0.0000 0.0000 0.0000 0.0000 0.0000 0.7949 0.0000 0.0000 0.0000
84       84   (0)      1  : 0.4999 0.0000 0.0000 0.0000 0.0000 0.0000 0.0000 0.0000 0.0833 0.2500 0.0000 0.1667 0.0000
85       85   (0)      1  : 0.0831 0.0000 0.0000 0.0000 0.0000 0.0000 0.0000 0.0000 0.0000 0.8341 0.0000 0.0826 0.0000
86       86   (0)      1  : 0.8281 0.0000 0.0000 0.0000 0.0000 0.0000 0.0000 0.0000 0.0000 0.1718 0.0000 0.0000 0.0000
87       87   (0)      1  : 0.2500 0.0000 0.0000 0.0000 0.0000 0.0000 0.0000 0.0000 0.0833 0.4999 0.0000 0.1667 0.0000
88       88   (0)      1  : 0.4176 0.0000 0.0000 0.0000 0.0000 0.0000 0.0000 0.0000 0.0833 0.3333 0.0000 0.1657 0.0000
89       89   (0)      1  : 0.0842 0.0000 0.0000 0.0000 0.0000 0.0000 0.0000 0.0000 0.0000 0.9157 0.0000 0.0000 0.0000
90       90   (0)      1  : 0.2500 0.0000 0.0000 0.0000 0.0000 0.0000 0.0000 0.0000 0.0833 0.4999 0.0000 0.1667 0.0000
91       91   (0)      1  : 0.9751 0.0000 0.0000 0.0000 0.0000 0.0000 0.0000 0.0000 0.0000 0.0248 0.0000 0.0000 0.0000
92       92   (0)      1  : 0.8759 0.0000 0.0000 0.0000 0.0000 0.0000 0.0000 0.0000 0.0000 0.1240 0.0000 0.0000 0.0000
93       93   (0)      1  : 0.8790 0.0000 0.0000 0.0000 0.0000 0.0000 0.0000 0.0000 0.0000 0.1209 0.0000 0.0000 0.0000
94       94   (0)      1  : 0.0870 0.0000 0.0000 0.0000 0.0000 0.0000 0.0000 0.0000 0.0000 0.8325 0.0000 0.0804 0.0000
95       95   (0)      1  : 0.0833 0.0000 0.0000 0.0000 0.0000 0.0000 0.0000 0.0000 0.0833 0.7499 0.0000 0.0833 0.0000
96       96   (0)      1  : 0.0000 0.0000 0.0000 0.7858 0.0000 0.0000 0.0000 0.0000 0.2141 0.0000 0.0000 0.0000 0.0000
97       97   (0)      1  : 0.0000 0.0000 0.0000 0.9166 0.0000 0.0000 0.0000 0.0000 0.0833 0.0000 0.0000 0.0000 0.0000
98       98   (0)      1  : 0.0000 0.0000 0.0000 0.9166 0.0000 0.0000 0.0000 0.0000 0.0833 0.0000 0.0000 0.0000 0.0000
99       99   (0)      1  : 0.0000 0.0000 0.0000 0.8115 0.0000 0.0000 0.0000 0.0000 0.1884 0.0000 0.0000 0.0000 0.0000
100      100   (0)      1  : 0.0000 0.0000 0.0000 0.9166 0.0000 0.0000 0.0000 0.0000 0.0833 0.0000 0.0000 0.0000 0.0000
101      101   (0)      1  : 0.0000 0.0000 0.0000 0.6016 0.0000 0.0000 0.0000 0.0000 0.3983 0.0000 0.0000 0.0000 0.0000
102      102   (0)      1  : 0.0000 0.0000 0.0000 0.0833 0.0000 0.0000 0.0000 0.0000 0.9166 0.0000 0.0000 0.0000 0.0000
103      103   (0)      1  : 0.0000 0.0000 0.0000 0.9824 0.0000 0.0000 0.0000 0.0000 0.0175 0.0000 0.0000 0.0000 0.0000
104      104   (0)      1  : 0.0000 0.0000 0.0000 0.3534 0.0000 0.0000 0.0000 0.0000 0.6465 0.0000 0.0000 0.0000 0.0000
105      105   (0)      1  : 0.0000 0.0000 0.0000 0.1667 0.0000 0.0000 0.0000 0.0000 0.8332 0.0000 0.0000 0.0000 0.0000
106      106   (0)      1  : 0.0000 0.0000 0.0000 0.6611 0.0000 0.0000 0.0000 0.0000 0.3388 0.0000 0.0000 0.0000 0.0000
107      107   (0)      1  : 0.0000 0.0000 0.0000 0.0833 0.0000 0.0000 0.0000 0.0000 0.9166 0.0000 0.0000 0.0000 0.0000
108      108   (0)      1  : 0.0000 0.0000 0.0000 0.1443 0.0000 0.0000 0.0000 0.0000 0.8556 0.0000 0.0000 0.0000 0.0000
109      109   (0)      1  : 0.0000 0.0000 0.0000 0.9018 0.0000 0.0000 0.0000 0.0000 0.0981 0.0000 0.0000 0.0000 0.0000
110      110   (0)      1  : 0.0000 0.0000 0.0000 0.9999 0.0000 0.0000 0.0000 0.0000 0.0000 0.0000 0.0000 0.0000 0.0000
111      111   (0)      1  : 0.0000 0.0000 0.0000 0.9452 0.0000 0.0000 0.0000 0.0000 0.0547 0.0000 0.0000 0.0000 0.0000
112      112   (0)      1  : 0.0000 0.0000 0.0000 0.8453 0.0000 0.0000 0.0000 0.0000 0.1545 0.0000 0.0000 0.0000 0.0000
113      113   (0)      1  : 0.0000 0.0000 0.0000 0.1372 0.0000 0.0000 0.0000 0.0000 0.8627 0.0000 0.0000 0.0000 0.0000
114      114   (0)      1  : 0.0000 0.0000 0.0000 0.0000 0.0000 0.9166 0.0000 0.0000 0.0000 0.0000 0.0000 0.0833 0.0000
115      115   (0)      1  : 0.0000 0.0000 0.0000 0.0000 0.0000 0.8362 0.0000 0.0000 0.0000 0.0000 0.0000 0.0833 0.0804
116      116   (0)      1  : 0.0000 0.0000 0.0000 0.0000 0.0000 0.9999 0.0000 0.0000 0.0000 0.0000 0.0000 0.0000 0.0000
117      117   (0)      1  : 0.0000 0.0000 0.0000 0.0000 0.0000 0.9999 0.0000 0.0000 0.0000 0.0000 0.0000 0.0000 0.0000
118      118   (0)      1  : 0.0000 0.0000 0.0000 0.0000 0.0000 0.8592 0.0000 0.0000 0.0000 0.0000 0.0000 0.0833 0.0573
119      119   (0)      1  : 0.0000 0.0000 0.0000 0.0000 0.0000 0.9166 0.0000 0.0000 0.0000 0.0000 0.0000 0.0000 0.0833
120      120   (0)      1  : 0.0000 0.0000 0.0000 0.0000 0.0000 0.9999 0.0000 0.0000 0.0000 0.0000 0.0000 0.0000 0.0000
121      121   (0)      1  : 0.0000 0.0000 0.0000 0.0000 0.0000 0.9166 0.0000 0.0000 0.0000 0.0000 0.0000 0.0000 0.0833
