1 1 (0) 1 : 1.000000
2 2 (0) 1 : 1.000000
3 3 (0) 1 : 1.000000
4 4 (0) 1 : 1.000000
5 5 (0) 1 : 1.000000
6 6 (0) 1 : 1.000000
7 7 (0) 1 : 1.000000
8 8 (0) 1 : 1.000000
9 9 (0) 1 : 1.000000
10 10 (0) 1 : 1.000000
11 11 (0) 1 : 1.000000
12 12 (0) 1 : 1.000000
13 13 (0) 1 : 1.000000
14 14 (0) 1 : 1.000000
15 15 (0) 1 : 1.000000
16 16 (0) 1 : 1.000000
17 17 (0) 1 : 1.000000
18 18 (0) 1 : 1.000000
19 19 (0) 1 : 1.000000
20 20 (0) 1 : 1.000000
21 21 (0) 1 : 1.000000
22 22 (0) 1 : 1.000000
23 23 (0) 1 : 1.000000
24 24 (0) 1 : 1.000000
25 25 (0) 1 : 1.000000
26 26 (0) 1 : 1.000000
27 27 (0) 1 : 1.000000
28 28 (0) 1 : 1.000000
29 29 (0) 1 : 1.000000
30 30 (0) 1 : 1.000000
31 31 (0) 1 : 1.000000
32 32 (0) 1 : 1.000000
33 33 (0) 1 : 1.000000
34 34 (0) 1 : 1.000000
35 35 (0) 1 : 1.000000
36 36 (0) 1 : 1.000000
37 37 (0) 1 : 1.000000
38 38 (0) 1 : 1.000000
39 39 (0) 1 : 1.000000
40 40 (0) 1 : 1.000000
41 41 (0) 1 : 1.000000
42 42 (0) 1 : 1.000000
43 43 (0) 1 : 1.000000
44 44 (0) 1 : 1.000000
45 45 (0) 1 : 1.000000
46 46 (0) 1 : 1.000000
47 47 (0) 1 : 1.000000
48 48 (0) 1 : 1.000000
49 49 (0) 1 : 1.000000
50 50 (0) 1 : 1.000000
51 51 (0) 1 : 1.000000
52 52 (0) 1 : 1.000000
53 53 (0) 1 : 1.000000
54 54 (0) 1 : 1.000000
55 55 (0) 1 : 1.000000
56 56 (0) 1 : 1.000000
57 57 (0) 1 : 1.000000
58 58 (0) 1 : 1.000000
59 59 (0) 1 : 1.000000
60 60 (0) 1 : 1.000000
61 61 (0) 1 : 1.000000
62 62 (0) 1 : 1.000000
63 63 (0) 1 : 1.000000
64 64 (0) 1 : 1.000000
65 65 (0) 1 : 1.000000
66 66 (0) 1 : 1.000000
67 67 (0) 1 : 1.000000
68 68 (0) 1 : 1.000000
69 69 (0) 1 : 1.000000
70 70 (0) 1 : 1.000000
71 71 (0) 1 : 1.000000
72 72 (0) 1 : 1.000000
73 73 (0) 1 : 1.000000
74 74 (0) 1 : 1.000000
75 75 (0) 1 : 1.000000
76 76 (0) 1 : 1.000000
77 77 (0) 1 : 1.000000
78 78 (0) 1 : 1.000000
79 79 (0) 1 : 1.000000
80 80 (0) 1 : 1.000000
81 81 (0) 1 : 1.000000
82 82 (0) 1 : 1.000000
83 83 (0) 1 : 1.000000
84 84 (0) 1 : 1.000000
85 85 (0) 1 : 1.000000
86 86 (0) 1 : 1.000000
87 87 (0) 1 : 1.000000
88 88 (0) 1 : 1.000000
89 89 (0) 1 : 1.000000
90 90 (0) 1 : 1.000000
91 91 (0) 1 : 1.000000
92 92 (0) 1 : 1.000000
93 93 (0) 1 : 1.000000
94 94 (0) 1 : 1.000000
95 95 (0) 1 : 1.000000
96 96 (0) 1 : 1.000000
97 97 (0) 1 : 1.000000
98 98 (0) 1 : 1.000000
99 99 (0) 1 : 1.000000
100 100 (0) 1 : 1.000000
101 101 (0) 1 : 1.000000
102 102 (0) 1 : 1.000000
103 103 (0) 1 : 1.000000
104 104 (0) 1 : 1.000000
105 105 (0) 1 : 1.000000
106 106 (0) 1 : 1.000000
107 107 (0) 1 : 1.000000
108 108 (0) 1 : 1.000000
109 109 (0) 1 : 1.000000
110 110 (0) 1 : 1.000000
111 111 (0) 1 : 1.000000
112 112 (0) 1 : 1.000000
113 113 (0) 1 : 1.000000
114 114 (0) 1 : 1.000000
115 115 (0) 1 : 1.000000
116 116 (0) 1 : 1.000000
117 117 (0) 1 : 1.000000
118 118 (0) 1 : 1.000000
119 119 (0) 1 : 1.000000
120 120 (0) 1 : 1.000000
121 121 (0) 1 : 1.000000
