1        1   (0)      1  : 0.0000 0.0000 0.8425 0.0000 0.0000 0.0000 0.1574 0.0000
2        2   (0)      1  : 0.0000 0.0000 0.6078 0.0000 0.0000 0.0000 0.3921 0.0000
3        3   (0)      1  : 0.0000 0.0000 0.7671 0.0000 0.0000 0.0000 0.2328 0.0000
4        4   (0)      1  : 0.0000 0.0000 0.6052 0.0000 0.0000 0.0000 0.3947 0.0000
5        5   (0)      1  : 0.0000 0.0000 0.7078 0.0000 0.0000 0.0000 0.2921 0.0000
6        6   (0)      1  : 0.0000 0.0000 0.5617 0.0000 0.0000 0.0000 0.4383 0.0000
7        7   (0)      1  : 0.0000 0.0000 0.9999 0.0000 0.0000 0.0000 0.0000 0.0000
8        8   (0)      1  : 0.0000 0.0000 0.6822 0.0000 0.0000 0.0000 0.3177 0.0000
9        9   (0)      1  : 0.0000 0.0000 0.2010 0.0000 0.0000 0.0000 0.7989 0.0000
10       10   (0)      1  : 0.0000 0.0000 0.4783 0.0000 0.0000 0.0000 0.5217 0.0000
11       11   (0)      1  : 0.0000 0.0000 0.7569 0.0000 0.0000 0.0000 0.2431 0.0000
12       12   (0)      1  : 0.0000 0.0000 0.4642 0.0000 0.0000 0.0000 0.5357 0.0000
13       13   (0)      1  : 0.0000 0.0000 0.1973 0.0000 0.0000 0.0000 0.8027 0.0000
14       14   (0)      1  : 0.0000 0.0000 0.4732 0.0000 0.0000 0.0000 0.5267 0.0000
15       15   (0)      1  : 0.0000 0.0000 0.5322 0.0000 0.0000 0.0000 0.4678 0.0000
16       16   (0)      1  : 0.0000 0.0000 0.9999 0.0000 0.0000 0.0000 0.0000 0.0000
17       17   (0)      1  : 0.0000 0.0000 0.7740 0.0000 0.0000 0.0000 0.2260 0.0000
18       18   (0)      1  : 0.0000 0.0000 0.1778 0.0000 0.0000 0.0000 0.8221 0.0000
19       19   (0)      1  : 0.0000 0.0000 0.6648 0.0000 0.0000 0.0000 0.3351 0.0000
20       20   (0)      1  : 0.0000 0.0000 0.8462 0.0000 0.0000 0.0000 0.1538 0.0000
21       21   (0)      1  : 0.0000 0.0000 0.9443 0.0000 0.0000 0.0000 0.0556 0.0000
22       22   (0)      1  : 0.0000 0.0000 0.9932 0.0000 0.0000 0.0000 0.0068 0.0000
23       23   (0)      1  : 0.0000 0.0000 0.9290 0.0000 0.0000 0.0000 0.0709 0.0000
24       24   (0)      1  : 0.0000 0.0000 0.1875 0.0000 0.0000 0.0000 0.8124 0.0000
25       25   (0)      1  : 0.0000 0.0000 0.8612 0.0000 0.0000 0.0000 0.1388 0.0000
26       26   (0)      1  : 0.0000 0.0000 0.9574 0.0000 0.0000 0.0000 0.0426 0.0000
27       27   (0)      1  : 0.0000 0.0000 0.4553 0.0000 0.0000 0.0000 0.5447 0.0000
28       28   (0)      1  : 0.0000 0.0000 0.8578 0.0000 0.0000 0.0000 0.1422 0.0000
29       29   (0)      1  : 0.0000 0.0000 0.6784 0.0000 0.0000 0.0000 0.3216 0.0000
30       30   (0)      1  : 0.0000 0.0000 0.9230 0.0000 0.0000 0.0000 0.0769 0.0000
31       31   (0)      1  : 0.0000 0.0000 0.6128 0.0000 0.0000 0.0000 0.3871 0.0000
32       32   (0)      1  : 0.0000 0.0000 0.9999 0.0000 0.0000 0.0000 0.0000 0.0000
33       33   (0)      1  : 0.0000 0.0000 0.9126 0.0000 0.0000 0.0000 0.0873 0.0000
34       34   (0)      1  : 0.0000 0.0000 0.7121 0.0000 0.0000 0.0000 0.2878 0.0000
35       35   (0)      1  : 0.0000 0.0000 0.1875 0.0000 0.0000 0.0000 0.8124 0.0000
36       36   (0)      1  : 0.0000 0.3859 0.0000 0.0000 0.5321 0.0000 0.0000 0.0820
37       37   (0)      1  : 0.0000 0.0000 0.0000 0.0000 0.8659 0.0000 0.0000 0.1340
38       38   (0)      1  : 0.0000 0.0000 0.0000 0.0000 0.8749 0.0000 0.0000 0.1250
39       39   (0)      1  : 0.0000 0.8739 0.0000 0.0000 0.1159 0.0000 0.0000 0.0102
40       40   (0)      1  : 0.0000 0.5432 0.0000 0.0000 0.3150 0.0000 0.0000 0.1418
41       41   (0)      1  : 0.0000 0.1559 0.0000 0.0000 0.5322 0.0000 0.0000 0.3118
42       42   (0)      1  : 0.0000 0.6899 0.0000 0.0000 0.2882 0.0000 0.0000 0.0218
43       43   (0)      1  : 0.0000 0.9088 0.0000 0.0000 0.0912 0.0000 0.0000 0.0000
44       44   (0)      1  : 0.0000 0.3126 0.0000 0.0000 0.0545 0.0000 0.0000 0.6328
45       45   (0)      1  : 0.0000 0.7868 0.0000 0.0000 0.1548 0.0000 0.0000 0.0583
46       46   (0)      1  : 0.0000 0.0120 0.0000 0.0000 0.1100 0.0000 0.0000 0.8780
47       47   (0)      1  : 0.0000 0.0018 0.0000 0.0000 0.9355 0.0000 0.0000 0.0627
48       48   (0)      1  : 0.0000 0.0000 0.0000 0.0000 0.3439 0.0000 0.0000 0.6560
49       49   (0)      1  : 0.0000 0.2879 0.0000 0.0000 0.0000 0.0000 0.0000 0.7121
50       50   (0)      1  : 0.0000 0.0000 0.0000 0.0000 0.4899 0.0000 0.0000 0.5100
51       51   (0)      1  : 0.0000 0.1973 0.0000 0.0000 0.1511 0.0000 0.0000 0.6515
52       52   (0)      1  : 0.0000 0.0000 0.0000 0.0000 0.8107 0.0000 0.0000 0.1893
53       53   (0)      1  : 0.0000 0.9861 0.0000 0.0000 0.0138 0.0000 0.0000 0.0000
54       54   (0)      1  : 0.0000 0.9474 0.0000 0.0000 0.0525 0.0000 0.0000 0.0000
55       55   (0)      1  : 0.0000 0.2865 0.0000 0.0000 0.0316 0.0000 0.0000 0.6818
56       56   (0)      1  : 0.0000 0.0000 0.0000 0.0000 0.8749 0.0000 0.0000 0.1250
57       57   (0)      1  : 0.0000 0.9566 0.0000 0.0000 0.0433 0.0000 0.0000 0.0000
58       58   (0)      1  : 0.0000 0.5820 0.0000 0.0000 0.1225 0.0000 0.0000 0.2955
59       59   (0)      1  : 0.0000 0.4166 0.0000 0.0000 0.0018 0.0000 0.0000 0.5815
60       60   (0)      1  : 0.0000 0.9152 0.0000 0.0000 0.0185 0.0000 0.0000 0.0662
61       61   (0)      1  : 0.0000 0.8269 0.0000 0.0000 0.0000 0.0000 0.0000 0.1730
62       62   (0)      1  : 0.0000 0.0000 0.0000 0.0000 0.8984 0.0000 0.0000 0.1015
63       63   (0)      1  : 0.0000 0.0709 0.0000 0.0000 0.0589 0.0000 0.0000 0.8701
64       64   (0)      1  : 0.0000 0.9817 0.0000 0.0000 0.0183 0.0000 0.0000 0.0000
65       65   (0)      1  : 0.0000 0.6344 0.0000 0.0000 0.3456 0.0000 0.0000 0.0200
66       66   (0)      1  : 0.0000 0.9149 0.0000 0.0000 0.0000 0.0000 0.0000 0.0851
67       67   (0)      1  : 0.0000 0.7503 0.0000 0.0000 0.0457 0.0000 0.0000 0.2040
68       68   (0)      1  : 0.0000 0.0000 0.0000 0.0000 0.3344 0.0000 0.0000 0.6655
69       69   (0)      1  : 0.0000 0.4791 0.0000 0.0000 0.4974 0.0000 0.0000 0.0234
70       70   (0)      1  : 0.0000 0.0175 0.0000 0.0000 0.0657 0.0000 0.0000 0.9167
71       71   (0)      1  : 0.0000 0.0834 0.0000 0.0000 0.2405 0.0000 0.0000 0.6760
72       72   (0)      1  : 0.0000 0.9468 0.0000 0.0000 0.0000 0.0000 0.0000 0.0532
73       73   (0)      1  : 0.0000 0.9999 0.0000 0.0000 0.0000 0.0000 0.0000 0.0000
74       74   (0)      1  : 0.0000 0.6802 0.0000 0.0000 0.1970 0.0000 0.0000 0.1228
75       75   (0)      1  : 0.0000 0.5956 0.0000 0.0000 0.3883 0.0000 0.0000 0.0160
76       76   (0)      1  : 0.0000 0.0000 0.0000 0.0000 0.3750 0.0000 0.0000 0.6250
77       77   (0)      1  : 0.0000 0.0000 0.0000 0.0000 0.6604 0.0000 0.0000 0.3396
78       78   (0)      1  : 0.9999 0.0000 0.0000 0.0000 0.0000 0.0000 0.0000 0.0000
79       79   (0)      1  : 0.9999 0.0000 0.0000 0.0000 0.0000 0.0000 0.0000 0.0000
80       80   (0)      1  : 0.9999 0.0000 0.0000 0.0000 0.0000 0.0000 0.0000 0.0000
81       81   (0)      1  : 0.9999 0.0000 0.0000 0.0000 0.0000 0.0000 0.0000 0.0000
82       82   (0)      1  : 0.9999 0.0000 0.0000 0.0000 0.0000 0.0000 0.0000 0.0000
83       83   (0)      1  : 0.9999 0.0000 0.0000 0.0000 0.0000 0.0000 0.0000 0.0000
84       84   (0)      1  : 0.9999 0.0000 0.0000 0.0000 0.0000 0.0000 0.0000 0.0000
85       85   (0)      1  : 0.9999 0.0000 0.0000 0.0000 0.0000 0.0000 0.0000 0.0000
86       86   (0)      1  : 0.9999 0.0000 0.0000 0.0000 0.0000 0.0000 0.0000 0.0000
87       87   (0)      1  : 0.9999 0.0000 0.0000 0.0000 0.0000 0.0000 0.0000 0.0000
88       88   (0)      1  : 0.9999 0.0000 0.0000 0.0000 0.0000 0.0000 0.0000 0.0000
89       89   (0)      1  : 0.9999 0.0000 0.0000 0.0000 0.0000 0.0000 0.0000 0.0000
90       90   (0)      1  : 0.9999 0.0000 0.0000 0.0000 0.0000 0.0000 0.0000 0.0000
91       91   (0)      1  : 0.9999 0.0000 0.0000 0.0000 0.0000 0.0000 0.0000 0.0000
92       92   (0)      1  : 0.9999 0.0000 0.0000 0.0000 0.0000 0.0000 0.0000 0.0000
93       93   (0)      1  : 0.9999 0.0000 0.0000 0.0000 0.0000 0.0000 0.0000 0.0000
94       94   (0)      1  : 0.9999 0.0000 0.0000 0.0000 0.0000 0.0000 0.0000 0.0000
95       95   (0)      1  : 0.9999 0.0000 0.0000 0.0000 0.0000 0.0000 0.0000 0.0000
96       96   (0)      1  : 0.0000 0.0000 0.0000 0.9999 0.0000 0.0000 0.0000 0.0000
97       97   (0)      1  : 0.0000 0.0000 0.0000 0.9999 0.0000 0.0000 0.0000 0.0000
98       98   (0)      1  : 0.0000 0.0000 0.0000 0.9999 0.0000 0.0000 0.0000 0.0000
99       99   (0)      1  : 0.0000 0.0000 0.0000 0.9701 0.0000 0.0000 0.0298 0.0000
100      100   (0)      1  : 0.0000 0.0000 0.0000 0.9999 0.0000 0.0000 0.0000 0.0000
101      101   (0)      1  : 0.0000 0.0000 0.0000 0.9849 0.0000 0.0000 0.0150 0.0000
102      102   (0)      1  : 0.0000 0.0000 0.0000 0.9374 0.0000 0.0000 0.0625 0.0000
103      103   (0)      1  : 0.0000 0.0000 0.0000 0.9999 0.0000 0.0000 0.0000 0.0000
104      104   (0)      1  : 0.0000 0.0000 0.0000 0.9703 0.0000 0.0000 0.0296 0.0000
105      105   (0)      1  : 0.0000 0.0000 0.0000 0.9374 0.0000 0.0000 0.0625 0.0000
106      106   (0)      1  : 0.0000 0.0000 0.0000 0.9999 0.0000 0.0000 0.0000 0.0000
107      107   (0)      1  : 0.0000 0.0000 0.0000 0.9374 0.0000 0.0000 0.0625 0.0000
108      108   (0)      1  : 0.0000 0.0000 0.0000 0.9374 0.0000 0.0000 0.0625 0.0000
109      109   (0)      1  : 0.0000 0.0000 0.0000 0.9911 0.0000 0.0000 0.0089 0.0000
110      110   (0)      1  : 0.0000 0.0000 0.0000 0.9999 0.0000 0.0000 0.0000 0.0000
111      111   (0)      1  : 0.0000 0.0000 0.0000 0.9999 0.0000 0.0000 0.0000 0.0000
112      112   (0)      1  : 0.0000 0.0000 0.0000 0.9999 0.0000 0.0000 0.0000 0.0000
113      113   (0)      1  : 0.0000 0.0000 0.0000 0.9374 0.0000 0.0000 0.0625 0.0000
114      114   (0)      1  : 0.0000 0.0000 0.0000 0.0000 0.0000 0.9374 0.0625 0.0000
115      115   (0)      1  : 0.0000 0.0000 0.0000 0.0000 0.0000 0.9999 0.0000 0.0000
116      116   (0)      1  : 0.0000 0.0000 0.0000 0.0000 0.0000 0.9999 0.0000 0.0000
117      117   (0)      1  : 0.0000 0.0000 0.0000 0.0000 0.0000 0.9374 0.0625 0.0000
118      118   (0)      1  : 0.0000 0.0000 0.0000 0.0000 0.0000 0.9374 0.0625 0.0000
119      119   (0)      1  : 0.0000 0.0000 0.0000 0.0000 0.0000 0.9999 0.0000 0.0000
120      120   (0)      1  : 0.0000 0.0000 0.0000 0.0000 0.0000 0.9999 0.0000 0.0000
121      121   (0)      1  : 0.0000 0.0000 0.0000 0.0000 0.0000 0.9999 0.0000 0.0000
