1        1   (0)      1  : 0.0000 0.0000 0.8183 0.0000 0.0000 0.0000 0.1687 0.0000 0.0000 0.0000 0.0000 0.0129
2        2   (0)      1  : 0.0000 0.0000 0.5594 0.0000 0.0000 0.0000 0.2664 0.0000 0.0000 0.0000 0.0000 0.1741
3        3   (0)      1  : 0.0000 0.0000 0.7646 0.0000 0.0000 0.0000 0.2065 0.0000 0.0000 0.0000 0.0000 0.0288
4        4   (0)      1  : 0.0000 0.0000 0.5957 0.0000 0.0000 0.0000 0.3598 0.0000 0.0000 0.0000 0.0000 0.0444
5        5   (0)      1  : 0.0000 0.0000 0.6940 0.0000 0.0000 0.0000 0.3037 0.0000 0.0000 0.0000 0.0000 0.0022
6        6   (0)      1  : 0.0000 0.0000 0.5020 0.0000 0.0000 0.0000 0.4870 0.0000 0.0000 0.0000 0.0000 0.0109
7        7   (0)      1  : 0.0000 0.0000 0.9996 0.0000 0.0000 0.0000 0.0000 0.0000 0.0000 0.0000 0.0000 0.0003
8        8   (0)      1  : 0.0000 0.0000 0.6478 0.0000 0.0000 0.0000 0.3021 0.0000 0.0000 0.0000 0.0000 0.0500
9        9   (0)      1  : 0.0000 0.0000 0.0000 0.0000 0.0000 0.0000 0.9118 0.0000 0.0000 0.0000 0.0000 0.0881
10       10   (0)      1  : 0.0000 0.0000 0.3679 0.0000 0.0000 0.0000 0.1320 0.0000 0.0000 0.0000 0.0000 0.5000
11       11   (0)      1  : 0.0000 0.0000 0.7161 0.0000 0.0000 0.0000 0.2820 0.0000 0.0000 0.0000 0.0000 0.0017
12       12   (0)      1  : 0.0000 0.0000 0.3754 0.0000 0.0000 0.0000 0.1246 0.0000 0.0000 0.0000 0.0000 0.4999
13       13   (0)      1  : 0.0000 0.0000 0.0416 0.0000 0.0000 0.0000 0.9582 0.0000 0.0000 0.0000 0.0000 0.0001
14       14   (0)      1  : 0.0000 0.0000 0.3635 0.0000 0.0000 0.0000 0.1365 0.0000 0.0000 0.0000 0.0000 0.4999
15       15   (0)      1  : 0.0000 0.0000 0.4466 0.0000 0.0000 0.0000 0.5088 0.0000 0.0000 0.0000 0.0000 0.0445
16       16   (0)      1  : 0.0000 0.0000 0.9816 0.0000 0.0000 0.0000 0.0000 0.0000 0.0000 0.0000 0.0000 0.0183
17       17   (0)      1  : 0.0000 0.0000 0.7915 0.0000 0.0000 0.0000 0.2030 0.0000 0.0000 0.0000 0.0000 0.0053
18       18   (0)      1  : 0.0000 0.0000 0.0019 0.0000 0.0000 0.0000 0.9969 0.0000 0.0000 0.0000 0.0000 0.0011
19       19   (0)      1  : 0.0000 0.0000 0.6550 0.0000 0.0000 0.0000 0.3295 0.0000 0.0000 0.0000 0.0000 0.0154
20       20   (0)      1  : 0.0000 0.0000 0.7990 0.0000 0.0000 0.0000 0.1682 0.0000 0.0000 0.0000 0.0000 0.0327
21       21   (0)      1  : 0.0000 0.0000 0.9017 0.0000 0.0000 0.0000 0.0966 0.0000 0.0000 0.0000 0.0000 0.0017
22       22   (0)      1  : 0.0000 0.0000 0.9634 0.0000 0.0000 0.0000 0.0000 0.0000 0.0000 0.0000 0.0000 0.0365
23       23   (0)      1  : 0.0000 0.0000 0.8924 0.0000 0.0000 0.0000 0.0161 0.0000 0.0000 0.0000 0.0000 0.0914
24       24   (0)      1  : 0.0000 0.0000 0.0011 0.0000 0.0000 0.0000 0.9985 0.0000 0.0000 0.0000 0.0000 0.0003
25       25   (0)      1  : 0.0000 0.0000 0.8242 0.0000 0.0000 0.0000 0.1597 0.0000 0.0000 0.0000 0.0000 0.0160
26       26   (0)      1  : 0.0000 0.0000 0.9200 0.0000 0.0000 0.0000 0.0797 0.0000 0.0000 0.0000 0.0000 0.0001
27       27   (0)      1  : 0.0000 0.0000 0.4000 0.0000 0.0000 0.0000 0.4736 0.0000 0.0000 0.0000 0.0000 0.1263
28       28   (0)      1  : 0.0000 0.0000 0.8841 0.0000 0.0000 0.0000 0.0723 0.0000 0.0000 0.0000 0.0000 0.0435
29       29   (0)      1  : 0.0000 0.0000 0.6069 0.0000 0.0000 0.0000 0.3888 0.0000 0.0000 0.0000 0.0000 0.0042
30       30   (0)      1  : 0.0000 0.0000 0.9452 0.0000 0.0000 0.0000 0.0258 0.0000 0.0000 0.0000 0.0000 0.0289
31       31   (0)      1  : 0.0000 0.0000 0.5752 0.0000 0.0000 0.0000 0.4163 0.0000 0.0000 0.0000 0.0000 0.0085
32       32   (0)      1  : 0.0000 0.0000 0.9967 0.0000 0.0000 0.0000 0.0000 0.0000 0.0000 0.0000 0.0000 0.0032
33       33   (0)      1  : 0.0000 0.0000 0.8875 0.0000 0.0000 0.0000 0.0570 0.0000 0.0000 0.0000 0.0000 0.0554
34       34   (0)      1  : 0.0000 0.0000 0.7053 0.0000 0.0000 0.0000 0.2474 0.0000 0.0000 0.0000 0.0000 0.0472
35       35   (0)      1  : 0.0000 0.0000 0.0000 0.0000 0.0000 0.0000 0.9986 0.0000 0.0000 0.0000 0.0000 0.0013
36       36   (0)      1  : 0.0000 0.3772 0.0000 0.0000 0.4905 0.0000 0.0000 0.0033 0.0000 0.0000 0.0890 0.0399
37       37   (0)      1  : 0.0000 0.0000 0.0000 0.0000 0.9266 0.0000 0.0000 0.0000 0.0000 0.0000 0.0733 0.0000
38       38   (0)      1  : 0.0000 0.0000 0.0000 0.0000 0.9248 0.0000 0.0000 0.0195 0.0000 0.0000 0.0556 0.0000
39       39   (0)      1  : 0.0000 0.8021 0.0000 0.0000 0.0874 0.0000 0.0000 0.0006 0.0000 0.0000 0.0933 0.0165
40       40   (0)      1  : 0.0000 0.4389 0.0000 0.0000 0.2882 0.0000 0.0000 0.1019 0.0000 0.0000 0.1466 0.0243
41       41   (0)      1  : 0.0000 0.0449 0.0000 0.0000 0.2787 0.0000 0.0000 0.1854 0.0000 0.0000 0.3872 0.1038
42       42   (0)      1  : 0.0000 0.5106 0.0000 0.0000 0.1313 0.0000 0.0000 0.0037 0.0000 0.0000 0.2940 0.0603
43       43   (0)      1  : 0.0000 0.4583 0.0000 0.0000 0.0070 0.0000 0.0000 0.0000 0.0000 0.0000 0.5329 0.0017
44       44   (0)      1  : 0.0000 0.2248 0.0000 0.0000 0.0457 0.0000 0.0000 0.3103 0.0000 0.0000 0.2724 0.1467
45       45   (0)      1  : 0.0000 0.6636 0.0000 0.0000 0.0474 0.0000 0.0000 0.1035 0.0000 0.0000 0.1637 0.0217
46       46   (0)      1  : 0.0000 0.0000 0.0000 0.0000 0.1275 0.0000 0.0000 0.6936 0.0000 0.0000 0.0677 0.1111
47       47   (0)      1  : 0.0000 0.0000 0.0000 0.0000 0.8541 0.0000 0.0000 0.0000 0.0000 0.0000 0.1261 0.0197
48       48   (0)      1  : 0.0000 0.0000 0.0000 0.0000 0.2554 0.0000 0.0000 0.4668 0.0000 0.0000 0.0556 0.2222
49       49   (0)      1  : 0.0000 0.2078 0.0000 0.0000 0.0355 0.0000 0.0000 0.5960 0.0000 0.0000 0.0556 0.1050
50       50   (0)      1  : 0.0000 0.0000 0.0000 0.0000 0.3880 0.0000 0.0000 0.4782 0.0000 0.0000 0.1109 0.0228
51       51   (0)      1  : 0.0000 0.0749 0.0000 0.0000 0.0708 0.0000 0.0000 0.7359 0.0000 0.0000 0.1184 0.0000
52       52   (0)      1  : 0.0000 0.0000 0.0000 0.0000 0.7207 0.0000 0.0000 0.1052 0.0000 0.0000 0.0665 0.1075
53       53   (0)      1  : 0.0000 0.9428 0.0000 0.0000 0.0000 0.0000 0.0000 0.0001 0.0000 0.0000 0.0570 0.0000
54       54   (0)      1  : 0.0000 0.7175 0.0000 0.0000 0.0017 0.0000 0.0000 0.0333 0.0000 0.0000 0.2239 0.0235
55       55   (0)      1  : 0.0000 0.1132 0.0000 0.0000 0.0001 0.0000 0.0000 0.7344 0.0000 0.0000 0.1522 0.0000
56       56   (0)      1  : 0.0000 0.0000 0.0000 0.0000 0.8313 0.0000 0.0000 0.0000 0.0000 0.0000 0.1111 0.0575
57       57   (0)      1  : 0.0000 0.7612 0.0000 0.0000 0.0000 0.0000 0.0000 0.0000 0.0000 0.0000 0.1832 0.0556
58       58   (0)      1  : 0.0000 0.4799 0.0000 0.0000 0.0328 0.0000 0.0000 0.2488 0.0000 0.0000 0.2069 0.0316
59       59   (0)      1  : 0.0000 0.2387 0.0000 0.0000 0.0000 0.0000 0.0000 0.4706 0.0000 0.0000 0.2701 0.0205
60       60   (0)      1  : 0.0000 0.6575 0.0000 0.0000 0.0063 0.0000 0.0000 0.0319 0.0000 0.0000 0.2971 0.0071
61       61   (0)      1  : 0.0000 0.5381 0.0000 0.0000 0.0089 0.0000 0.0000 0.1550 0.0000 0.0000 0.2979 0.0000
62       62   (0)      1  : 0.0000 0.0000 0.0000 0.0000 0.8528 0.0000 0.0000 0.0000 0.0000 0.0000 0.1116 0.0355
63       63   (0)      1  : 0.0000 0.0454 0.0000 0.0000 0.0400 0.0000 0.0000 0.8133 0.0000 0.0000 0.0570 0.0443
64       64   (0)      1  : 0.0000 0.8937 0.0000 0.0000 0.0130 0.0000 0.0000 0.0013 0.0000 0.0000 0.0827 0.0091
65       65   (0)      1  : 0.0000 0.5488 0.0000 0.0000 0.2171 0.0000 0.0000 0.0071 0.0000 0.0000 0.1996 0.0274
66       66   (0)      1  : 0.0000 0.6621 0.0000 0.0000 0.0000 0.0000 0.0000 0.0634 0.0000 0.0000 0.2488 0.0257
67       67   (0)      1  : 0.0000 0.4733 0.0000 0.0000 0.0170 0.0000 0.0000 0.1420 0.0000 0.0000 0.3676 0.0000
68       68   (0)      1  : 0.0000 0.0029 0.0000 0.0000 0.2094 0.0000 0.0000 0.4961 0.0000 0.0000 0.0693 0.2222
69       69   (0)      1  : 0.0000 0.1552 0.0000 0.0000 0.2267 0.0000 0.0000 0.0427 0.0000 0.0000 0.5754 0.0000
70       70   (0)      1  : 0.0000 0.0376 0.0000 0.0000 0.0532 0.0000 0.0000 0.7485 0.0000 0.0000 0.0335 0.1272
71       71   (0)      1  : 0.0000 0.1197 0.0000 0.0000 0.1789 0.0000 0.0000 0.4380 0.0000 0.0000 0.0836 0.1796
72       72   (0)      1  : 0.0000 0.7719 0.0000 0.0000 0.0000 0.0000 0.0000 0.1173 0.0000 0.0000 0.1107 0.0000
73       73   (0)      1  : 0.0000 0.6085 0.0000 0.0000 0.0005 0.0000 0.0000 0.1102 0.0000 0.0000 0.2807 0.0000
74       74   (0)      1  : 0.0000 0.2363 0.0000 0.0000 0.0409 0.0000 0.0000 0.0604 0.0000 0.0000 0.6533 0.0090
75       75   (0)      1  : 0.0000 0.2487 0.0000 0.0000 0.1403 0.0000 0.0000 0.0730 0.0000 0.0000 0.5296 0.0084
76       76   (0)      1  : 0.0000 0.0000 0.0000 0.0000 0.3010 0.0000 0.0000 0.4212 0.0000 0.0000 0.0556 0.2222
77       77   (0)      1  : 0.0000 0.0000 0.0000 0.0000 0.7045 0.0000 0.0000 0.2095 0.0000 0.0000 0.0578 0.0281
78       78   (0)      1  : 0.1111 0.0000 0.0000 0.0000 0.0000 0.0000 0.0000 0.0000 0.0000 0.7803 0.0556 0.0530
79       79   (0)      1  : 0.3472 0.0000 0.0000 0.0000 0.0000 0.0000 0.0000 0.0000 0.0000 0.5972 0.0556 0.0000
80       80   (0)      1  : 0.9985 0.0000 0.0000 0.0000 0.0000 0.0000 0.0000 0.0000 0.0000 0.0014 0.0000 0.0000
81       81   (0)      1  : 0.2778 0.0000 0.0000 0.0000 0.0000 0.0000 0.0000 0.0000 0.0000 0.7221 0.0000 0.0000
82       82   (0)      1  : 0.3021 0.0000 0.0000 0.0000 0.0000 0.0000 0.0000 0.0000 0.0001 0.6422 0.0000 0.0556
83       83   (0)      1  : 0.3462 0.0000 0.0000 0.0000 0.0000 0.0000 0.0000 0.0000 0.0000 0.5981 0.0556 0.0000
84       84   (0)      1  : 0.8332 0.0000 0.0000 0.0000 0.0000 0.0000 0.0000 0.0000 0.0000 0.1667 0.0000 0.0000
85       85   (0)      1  : 0.1667 0.0000 0.0000 0.0000 0.0000 0.0000 0.0000 0.0000 0.0000 0.7221 0.0556 0.0556
86       86   (0)      1  : 0.9999 0.0000 0.0000 0.0000 0.0000 0.0000 0.0000 0.0000 0.0000 0.0000 0.0000 0.0000
87       87   (0)      1  : 0.3112 0.0000 0.0000 0.0000 0.0000 0.0000 0.0000 0.0000 0.0000 0.6338 0.0000 0.0548
88       88   (0)      1  : 0.5227 0.0000 0.0000 0.0000 0.0000 0.0000 0.0000 0.0000 0.0000 0.4772 0.0000 0.0000
89       89   (0)      1  : 0.2777 0.0000 0.0000 0.0000 0.0000 0.0000 0.0000 0.0000 0.0000 0.6666 0.0556 0.0000
90       90   (0)      1  : 0.2222 0.0000 0.0000 0.0000 0.0000 0.0000 0.0000 0.0000 0.0000 0.7221 0.0000 0.0556
91       91   (0)      1  : 0.9399 0.0000 0.0000 0.0000 0.0000 0.0000 0.0000 0.0000 0.0000 0.0600 0.0000 0.0000
92       92   (0)      1  : 0.9999 0.0000 0.0000 0.0000 0.0000 0.0000 0.0000 0.0000 0.0000 0.0000 0.0000 0.0000
93       93   (0)      1  : 0.9860 0.0000 0.0000 0.0000 0.0000 0.0000 0.0000 0.0000 0.0000 0.0139 0.0000 0.0000
94       94   (0)      1  : 0.2794 0.0000 0.0000 0.0000 0.0000 0.0000 0.0000 0.0000 0.0000 0.6648 0.0556 0.0002
95       95   (0)      1  : 0.2420 0.0000 0.0000 0.0000 0.0000 0.0000 0.0000 0.0000 0.0000 0.7579 0.0000 0.0000
96       96   (0)      1  : 0.0000 0.0000 0.0000 0.6048 0.0000 0.0000 0.0000 0.0000 0.2840 0.0556 0.0000 0.0556
97       97   (0)      1  : 0.0000 0.0000 0.0000 0.6736 0.0000 0.0000 0.0000 0.0000 0.1845 0.0307 0.0000 0.1111
98       98   (0)      1  : 0.0000 0.0000 0.0000 0.9443 0.0000 0.0000 0.0000 0.0000 0.0000 0.0000 0.0000 0.0556
99       99   (0)      1  : 0.0000 0.0000 0.0000 0.6259 0.0000 0.0000 0.0000 0.0000 0.3185 0.0000 0.0000 0.0556
100      100   (0)      1  : 0.0000 0.0000 0.0000 0.9059 0.0000 0.0000 0.0000 0.0000 0.0000 0.0000 0.0000 0.0940
101      101   (0)      1  : 0.0000 0.0000 0.0000 0.6851 0.0000 0.0000 0.0000 0.0000 0.2390 0.0203 0.0000 0.0556
102      102   (0)      1  : 0.0000 0.0000 0.0000 0.2496 0.0000 0.0000 0.0000 0.0000 0.7503 0.0000 0.0000 0.0000
103      103   (0)      1  : 0.0000 0.0000 0.0000 0.8661 0.0000 0.0000 0.0000 0.0000 0.0783 0.0000 0.0000 0.0556
104      104   (0)      1  : 0.0000 0.0000 0.0000 0.5170 0.0000 0.0000 0.0000 0.0000 0.3913 0.0556 0.0000 0.0361
105      105   (0)      1  : 0.0000 0.0000 0.0000 0.1111 0.0000 0.0000 0.0000 0.0000 0.8888 0.0000 0.0000 0.0000
106      106   (0)      1  : 0.0000 0.0000 0.0000 0.7325 0.0000 0.0000 0.0000 0.0000 0.1563 0.0556 0.0000 0.0556
107      107   (0)      1  : 0.0000 0.0000 0.0000 0.1111 0.0000 0.0000 0.0000 0.0000 0.8888 0.0000 0.0000 0.0000
108      108   (0)      1  : 0.0000 0.0000 0.0000 0.3357 0.0000 0.0000 0.0000 0.0000 0.6473 0.0000 0.0000 0.0169
109      109   (0)      1  : 0.0000 0.0000 0.0000 0.8547 0.0000 0.0000 0.0000 0.0000 0.1452 0.0000 0.0000 0.0000
110      110   (0)      1  : 0.0000 0.0000 0.0000 0.8888 0.0000 0.0000 0.0000 0.0000 0.0556 0.0000 0.0000 0.0556
111      111   (0)      1  : 0.0000 0.0000 0.0000 0.9999 0.0000 0.0000 0.0000 0.0000 0.0000 0.0000 0.0000 0.0000
112      112   (0)      1  : 0.0000 0.0000 0.0000 0.7818 0.0000 0.0000 0.0000 0.0000 0.1070 0.0556 0.0000 0.0556
113      113   (0)      1  : 0.0000 0.0000 0.0000 0.1111 0.0000 0.0000 0.0000 0.0000 0.8888 0.0000 0.0000 0.0000
114      114   (0)      1  : 0.0000 0.0000 0.0000 0.0000 0.0000 0.9999 0.0000 0.0000 0.0000 0.0000 0.0000 0.0000
115      115   (0)      1  : 0.0000 0.0000 0.0000 0.0000 0.0000 0.8754 0.0000 0.0000 0.0556 0.0000 0.0556 0.0134
116      116   (0)      1  : 0.0000 0.0000 0.0000 0.0000 0.0000 0.8646 0.0000 0.0000 0.0242 0.0556 0.0000 0.0556
117      117   (0)      1  : 0.0000 0.0000 0.0000 0.0000 0.0000 0.8888 0.0000 0.0000 0.0000 0.0556 0.0000 0.0556
118      118   (0)      1  : 0.0000 0.0000 0.0000 0.0000 0.0000 0.9440 0.0000 0.0000 0.0004 0.0000 0.0556 0.0000
119      119   (0)      1  : 0.0000 0.0000 0.0000 0.0000 0.0000 0.8912 0.0000 0.0000 0.1087 0.0000 0.0000 0.0000
120      120   (0)      1  : 0.0000 0.0000 0.0000 0.0000 0.0000 0.8888 0.0000 0.0000 0.1111 0.0000 0.0000 0.0000
121      121   (0)      1  : 0.0000 0.0000 0.0000 0.0000 0.0000 0.8888 0.0000 0.0000 0.0000 0.0000 0.0556 0.0556
