  1        1   (0)      1 :  0.0000 0.0018 0.0000 0.0012 0.1369 0.0000 0.7777 0.0824 0.0000 0.0000 0.0000 
  2        2   (0)      1 :  0.0000 0.0485 0.0000 0.0008 0.2707 0.0000 0.5309 0.1489 0.0000 0.0000 0.0000 
  3        3   (0)      1 :  0.0000 0.0108 0.0000 0.0000 0.1623 0.0000 0.6381 0.1887 0.0000 0.0000 0.0000 
  4        4   (0)      1 :  0.0000 0.0115 0.0000 0.0000 0.3065 0.0000 0.5018 0.1801 0.0000 0.0000 0.0000 
  5        5   (0)      1 :  0.0000 0.0000 0.0000 0.0000 0.2413 0.0000 0.5586 0.2000 0.0000 0.0000 0.0000 
  6        6   (0)      1 :  0.0000 0.0000 0.0000 0.0019 0.3921 0.0000 0.4110 0.1950 0.0000 0.0000 0.0000 
  7        7   (0)      1 :  0.0000 0.0000 0.0000 0.0000 0.0000 0.0000 0.9999 0.0000 0.0000 0.0000 0.0000 
  8        8   (0)      1 :  0.0000 0.0093 0.0000 0.0000 0.2486 0.0000 0.5338 0.2082 0.0000 0.0000 0.0000 
  9        9   (0)      1 :  0.0000 0.0342 0.0000 0.0261 0.8696 0.0000 0.0436 0.0265 0.0000 0.0000 0.0000 
 10       10   (0)      1 :  0.0000 0.2000 0.0000 0.0000 0.2451 0.0000 0.4215 0.1333 0.0000 0.0000 0.0000 
 11       11   (0)      1 :  0.0000 0.0000 0.0000 0.0020 0.2039 0.0000 0.6013 0.1927 0.0000 0.0000 0.0000 
 12       12   (0)      1 :  0.0000 0.2000 0.0000 0.0000 0.2486 0.0000 0.3970 0.1543 0.0000 0.0000 0.0000 
 13       13   (0)      1 :  0.0000 0.0000 0.0000 0.0193 0.8387 0.0000 0.0604 0.0815 0.0000 0.0000 0.0000 
 14       14   (0)      1 :  0.0000 0.2000 0.0000 0.0000 0.2478 0.0000 0.4188 0.1333 0.0000 0.0000 0.0000 
 15       15   (0)      1 :  0.0000 0.0157 0.0000 0.0109 0.4606 0.0000 0.3717 0.1411 0.0000 0.0000 0.0000 
 16       16   (0)      1 :  0.0000 0.0089 0.0000 0.0000 0.0096 0.0000 0.9814 0.0000 0.0000 0.0000 0.0000 
 17       17   (0)      1 :  0.0000 0.0000 0.0000 0.0000 0.1760 0.0000 0.6239 0.2000 0.0000 0.0000 0.0000 
 18       18   (0)      1 :  0.0000 0.0000 0.0000 0.0333 0.9321 0.0000 0.0345 0.0000 0.0000 0.0000 0.0000 
 19       19   (0)      1 :  0.0000 0.0027 0.0000 0.0000 0.2675 0.0000 0.5273 0.2025 0.0000 0.0000 0.0000 
 20       20   (0)      1 :  0.0000 0.0158 0.0000 0.0060 0.1638 0.0000 0.8043 0.0101 0.0000 0.0000 0.0000 
 21       21   (0)      1 :  0.0000 0.0000 0.0000 0.0038 0.0866 0.0000 0.8969 0.0126 0.0000 0.0000 0.0000 
 22       22   (0)      1 :  0.0000 0.0143 0.0000 0.0000 0.0065 0.0000 0.9693 0.0099 0.0000 0.0000 0.0000 
 23       23   (0)      1 :  0.0000 0.0334 0.0000 0.0000 0.0308 0.0000 0.9124 0.0233 0.0000 0.0000 0.0000 
 24       24   (0)      1 :  0.0000 0.0000 0.0000 0.0333 0.9332 0.0000 0.0333 0.0000 0.0000 0.0000 0.0000 
 25       25   (0)      1 :  0.0000 0.0036 0.0000 0.0053 0.1503 0.0000 0.8101 0.0307 0.0000 0.0000 0.0000 
 26       26   (0)      1 :  0.0000 0.0000 0.0000 0.0046 0.0755 0.0000 0.9198 0.0000 0.0000 0.0000 0.0000 
 27       27   (0)      1 :  0.0000 0.0424 0.0000 0.0000 0.4086 0.0000 0.3208 0.2282 0.0000 0.0000 0.0000 
 28       28   (0)      1 :  0.0000 0.0160 0.0000 0.0000 0.0906 0.0000 0.6851 0.2082 0.0000 0.0000 0.0000 
 29       29   (0)      1 :  0.0000 0.0000 0.0000 0.0042 0.3171 0.0000 0.5244 0.1543 0.0000 0.0000 0.0000 
 30       30   (0)      1 :  0.0000 0.0083 0.0000 0.0000 0.0333 0.0000 0.9524 0.0059 0.0000 0.0000 0.0000 
 31       31   (0)      1 :  0.0000 0.0012 0.0000 0.0019 0.3358 0.0000 0.4644 0.1966 0.0000 0.0000 0.0000 
 32       32   (0)      1 :  0.0000 0.0000 0.0000 0.0000 0.0021 0.0000 0.9978 0.0000 0.0000 0.0000 0.0000 
 33       33   (0)      1 :  0.0000 0.0236 0.0000 0.0000 0.0570 0.0000 0.9043 0.0150 0.0000 0.0000 0.0000 
 34       34   (0)      1 :  0.0000 0.0156 0.0000 0.0017 0.2170 0.0000 0.5741 0.1915 0.0000 0.0000 0.0000 
 35       35   (0)      1 :  0.0000 0.0000 0.0000 0.0333 0.9332 0.0000 0.0333 0.0000 0.0000 0.0000 0.0000 
 36       36   (0)      1 :  0.0000 0.0040 0.0000 0.0058 0.0000 0.3352 0.0000 0.0876 0.0005 0.0000 0.5670 
 37       37   (0)      1 :  0.0000 0.0000 0.0000 0.0000 0.0000 0.0000 0.0000 0.0265 0.0057 0.0000 0.9677 
 38       38   (0)      1 :  0.0000 0.0000 0.0000 0.0000 0.0000 0.0000 0.0000 0.0000 0.0423 0.0000 0.9577 
 39       39   (0)      1 :  0.0000 0.0036 0.0000 0.0205 0.0000 0.7951 0.0000 0.0546 0.0086 0.0000 0.1176 
 40       40   (0)      1 :  0.0000 0.0035 0.0000 0.0169 0.0000 0.5483 0.0000 0.0184 0.1023 0.0000 0.3105 
 41       41   (0)      1 :  0.0000 0.0339 0.0000 0.0639 0.0000 0.0797 0.0000 0.1606 0.3528 0.0000 0.3091 
 42       42   (0)      1 :  0.0000 0.0333 0.0000 0.0127 0.0000 0.4918 0.0000 0.2191 0.0451 0.0000 0.1979 
 43       43   (0)      1 :  0.0000 0.0338 0.0000 0.0067 0.0000 0.6232 0.0000 0.2718 0.0421 0.0000 0.0224 
 44       44   (0)      1 :  0.0000 0.0051 0.0000 0.0666 0.0000 0.2072 0.0000 0.2363 0.4529 0.0000 0.0318 
 45       45   (0)      1 :  0.0000 0.0140 0.0000 0.0118 0.0000 0.6917 0.0000 0.0980 0.0819 0.0000 0.1025 
 46       46   (0)      1 :  0.0000 0.0000 0.0000 0.0000 0.0000 0.0065 0.0000 0.0112 0.8640 0.0000 0.1183 
 47       47   (0)      1 :  0.0000 0.0000 0.0000 0.0000 0.0000 0.0000 0.0000 0.0796 0.0107 0.0000 0.9096 
 48       48   (0)      1 :  0.0000 0.0333 0.0000 0.1181 0.0000 0.0000 0.0000 0.0333 0.5842 0.0000 0.2310 
 49       49   (0)      1 :  0.0000 0.0000 0.0000 0.0333 0.0000 0.2822 0.0000 0.0519 0.6141 0.0000 0.0184 
 50       50   (0)      1 :  0.0000 0.0033 0.0000 0.0029 0.0000 0.0000 0.0000 0.0032 0.5100 0.0000 0.4805 
 51       51   (0)      1 :  0.0000 0.0122 0.0000 0.0000 0.0000 0.1986 0.0000 0.0302 0.6311 0.0000 0.1279 
 52       52   (0)      1 :  0.0000 0.0000 0.0000 0.0000 0.0000 0.0000 0.0000 0.0667 0.1096 0.0000 0.8236 
 53       53   (0)      1 :  0.0000 0.0000 0.0000 0.0000 0.0000 0.9098 0.0000 0.0838 0.0063 0.0000 0.0000 
 54       54   (0)      1 :  0.0000 0.0210 0.0000 0.0000 0.0000 0.7208 0.0000 0.2039 0.0191 0.0000 0.0352 
 55       55   (0)      1 :  0.0000 0.0105 0.0000 0.0000 0.0000 0.2942 0.0000 0.0333 0.6272 0.0000 0.0347 
 56       56   (0)      1 :  0.0000 0.0000 0.0000 0.0000 0.0000 0.0000 0.0000 0.0667 0.0000 0.0000 0.9332 
 57       57   (0)      1 :  0.0000 0.0211 0.0000 0.0000 0.0000 0.7450 0.0000 0.1914 0.0218 0.0000 0.0207 
 58       58   (0)      1 :  0.0000 0.0283 0.0000 0.0336 0.0000 0.4800 0.0000 0.1136 0.2875 0.0000 0.0569 
 59       59   (0)      1 :  0.0000 0.0000 0.0000 0.0000 0.0000 0.4625 0.0000 0.0473 0.4754 0.0000 0.0148 
 60       60   (0)      1 :  0.0000 0.0139 0.0000 0.0179 0.0000 0.8280 0.0000 0.0995 0.0406 0.0000 0.0000 
 61       61   (0)      1 :  0.0000 0.0048 0.0000 0.0132 0.0000 0.8455 0.0000 0.0314 0.1035 0.0000 0.0016 
 62       62   (0)      1 :  0.0000 0.0000 0.0000 0.0000 0.0000 0.0000 0.0000 0.0667 0.0000 0.0000 0.9332 
 63       63   (0)      1 :  0.0000 0.0000 0.0000 0.0333 0.0000 0.1047 0.0000 0.0319 0.7546 0.0000 0.0755 
 64       64   (0)      1 :  0.0000 0.0000 0.0000 0.0000 0.0000 0.9102 0.0000 0.0637 0.0000 0.0000 0.0259 
 65       65   (0)      1 :  0.0000 0.0203 0.0000 0.0000 0.0000 0.4498 0.0000 0.2187 0.0173 0.0000 0.2938 
 66       66   (0)      1 :  0.0000 0.0000 0.0000 0.0000 0.0000 0.8616 0.0000 0.0755 0.0629 0.0000 0.0000 
 67       67   (0)      1 :  0.0000 0.0000 0.0000 0.0000 0.0000 0.7106 0.0000 0.1060 0.1365 0.0000 0.0469 
 68       68   (0)      1 :  0.0000 0.0333 0.0000 0.1333 0.0000 0.0000 0.0000 0.0333 0.5829 0.0000 0.2170 
 69       69   (0)      1 :  0.0000 0.0333 0.0000 0.0090 0.0000 0.3016 0.0000 0.2719 0.0478 0.0000 0.3363 
 70       70   (0)      1 :  0.0000 0.0000 0.0000 0.0000 0.0000 0.0564 0.0000 0.0209 0.8322 0.0000 0.0903 
 71       71   (0)      1 :  0.0000 0.0333 0.0000 0.1273 0.0000 0.1335 0.0000 0.0333 0.5217 0.0000 0.1508 
 72       72   (0)      1 :  0.0000 0.0000 0.0000 0.0000 0.0000 0.9764 0.0000 0.0000 0.0236 0.0000 0.0000 
 73       73   (0)      1 :  0.0000 0.0000 0.0000 0.0000 0.0000 0.9753 0.0000 0.0210 0.0000 0.0000 0.0037 
 74       74   (0)      1 :  0.0000 0.0333 0.0000 0.0063 0.0000 0.4773 0.0000 0.2857 0.1011 0.0000 0.0963 
 75       75   (0)      1 :  0.0000 0.0333 0.0000 0.0165 0.0000 0.3583 0.0000 0.3239 0.0551 0.0000 0.2128 
 76       76   (0)      1 :  0.0000 0.0333 0.0000 0.1000 0.0000 0.0000 0.0000 0.0333 0.5941 0.0000 0.2392 
 77       77   (0)      1 :  0.0000 0.0000 0.0000 0.0000 0.0000 0.0000 0.0000 0.0082 0.2785 0.0000 0.7132 
 78       78   (0)      1 :  0.7276 0.2056 0.0000 0.0333 0.0000 0.0000 0.0000 0.0000 0.0333 0.0000 0.0000 
 79       79   (0)      1 :  0.8999 0.1000 0.0000 0.0000 0.0000 0.0000 0.0000 0.0000 0.0000 0.0000 0.0000 
 80       80   (0)      1 :  0.7770 0.2229 0.0000 0.0000 0.0000 0.0000 0.0000 0.0000 0.0000 0.0000 0.0000 
 81       81   (0)      1 :  0.7206 0.2460 0.0000 0.0000 0.0000 0.0000 0.0000 0.0000 0.0333 0.0000 0.0000 
 82       82   (0)      1 :  0.5939 0.4060 0.0000 0.0000 0.0000 0.0000 0.0000 0.0000 0.0000 0.0000 0.0000 
 83       83   (0)      1 :  0.7841 0.1990 0.0000 0.0000 0.0000 0.0000 0.0000 0.0000 0.0169 0.0000 0.0000 
 84       84   (0)      1 :  0.5554 0.4237 0.0000 0.0000 0.0000 0.0000 0.0000 0.0000 0.0208 0.0000 0.0000 
 85       85   (0)      1 :  0.8244 0.1755 0.0000 0.0000 0.0000 0.0000 0.0000 0.0000 0.0000 0.0000 0.0000 
 86       86   (0)      1 :  0.8069 0.1930 0.0000 0.0000 0.0000 0.0000 0.0000 0.0000 0.0000 0.0000 0.0000 
 87       87   (0)      1 :  0.6333 0.3000 0.0000 0.0333 0.0000 0.0000 0.0000 0.0000 0.0333 0.0000 0.0000 
 88       88   (0)      1 :  0.5631 0.3701 0.0000 0.0333 0.0000 0.0000 0.0000 0.0000 0.0333 0.0000 0.0000 
 89       89   (0)      1 :  0.8999 0.1000 0.0000 0.0000 0.0000 0.0000 0.0000 0.0000 0.0000 0.0000 0.0000 
 90       90   (0)      1 :  0.6666 0.2666 0.0000 0.0333 0.0000 0.0000 0.0000 0.0000 0.0333 0.0000 0.0000 
 91       91   (0)      1 :  0.7316 0.2588 0.0000 0.0000 0.0000 0.0000 0.0000 0.0000 0.0095 0.0000 0.0000 
 92       92   (0)      1 :  0.7151 0.2848 0.0000 0.0000 0.0000 0.0000 0.0000 0.0000 0.0000 0.0000 0.0000 
 93       93   (0)      1 :  0.7150 0.2849 0.0000 0.0000 0.0000 0.0000 0.0000 0.0000 0.0000 0.0000 0.0000 
 94       94   (0)      1 :  0.9332 0.0667 0.0000 0.0000 0.0000 0.0000 0.0000 0.0000 0.0000 0.0000 0.0000 
 95       95   (0)      1 :  0.7333 0.2000 0.0000 0.0333 0.0000 0.0000 0.0000 0.0000 0.0333 0.0000 0.0000 
 96       96   (0)      1 :  0.0000 0.0351 0.0000 0.2912 0.0000 0.0000 0.0000 0.0667 0.0000 0.6070 0.0000 
 97       97   (0)      1 :  0.0000 0.0000 0.0000 0.2786 0.0000 0.0000 0.0000 0.0333 0.0000 0.6879 0.0000 
 98       98   (0)      1 :  0.0000 0.0333 0.0000 0.0333 0.0000 0.0000 0.0000 0.0000 0.0000 0.9332 0.0000 
 99       99   (0)      1 :  0.0000 0.0000 0.0000 0.3590 0.0000 0.0000 0.0000 0.0275 0.0000 0.6134 0.0000 
100      100   (0)      1 :  0.0000 0.0023 0.0000 0.0240 0.0000 0.0000 0.0000 0.0333 0.0000 0.9403 0.0000 
101      101   (0)      1 :  0.0000 0.0448 0.0000 0.1874 0.0000 0.0000 0.0000 0.0333 0.0000 0.7345 0.0000 
102      102   (0)      1 :  0.0000 0.0333 0.0000 0.5333 0.0000 0.0000 0.0000 0.0333 0.0000 0.4000 0.0000 
103      103   (0)      1 :  0.0000 0.0000 0.0000 0.1359 0.0000 0.0000 0.0000 0.0667 0.0000 0.7973 0.0000 
104      104   (0)      1 :  0.0000 0.0333 0.0000 0.2757 0.0000 0.0000 0.0000 0.0333 0.0000 0.6575 0.0000 
105      105   (0)      1 :  0.0000 0.0000 0.0000 0.7333 0.0000 0.0000 0.0000 0.0000 0.0000 0.2666 0.0000 
106      106   (0)      1 :  0.0000 0.0333 0.0000 0.1292 0.0000 0.0000 0.0000 0.0333 0.0000 0.8041 0.0000 
107      107   (0)      1 :  0.0000 0.0333 0.0000 0.5999 0.0000 0.0000 0.0000 0.0000 0.0000 0.3666 0.0000 
108      108   (0)      1 :  0.0000 0.0333 0.0000 0.4597 0.0000 0.0000 0.0000 0.0409 0.0000 0.4660 0.0000 
109      109   (0)      1 :  0.0000 0.0000 0.0000 0.2123 0.0000 0.0000 0.0000 0.0627 0.0000 0.7249 0.0000 
110      110   (0)      1 :  0.0000 0.0000 0.0000 0.1000 0.0000 0.0000 0.0000 0.0667 0.0000 0.8333 0.0000 
111      111   (0)      1 :  0.0000 0.0000 0.0000 0.0331 0.0000 0.0000 0.0000 0.0456 0.0000 0.9213 0.0000 
112      112   (0)      1 :  0.0000 0.0333 0.0000 0.1028 0.0000 0.0000 0.0000 0.0108 0.0000 0.8530 0.0000 
113      113   (0)      1 :  0.0000 0.0185 0.0000 0.6992 0.0000 0.0000 0.0000 0.0000 0.0000 0.2821 0.0000 
114      114   (0)      1 :  0.0000 0.1000 0.7999 0.0333 0.0000 0.0000 0.0000 0.0667 0.0000 0.0000 0.0000 
115      115   (0)      1 :  0.0000 0.0583 0.8416 0.0333 0.0000 0.0000 0.0000 0.0667 0.0000 0.0000 0.0000 
116      116   (0)      1 :  0.0000 0.1000 0.7999 0.0333 0.0000 0.0000 0.0000 0.0667 0.0000 0.0000 0.0000 
117      117   (0)      1 :  0.0000 0.0333 0.9332 0.0000 0.0000 0.0000 0.0000 0.0333 0.0000 0.0000 0.0000 
118      118   (0)      1 :  0.0000 0.0667 0.8772 0.0333 0.0000 0.0000 0.0000 0.0228 0.0000 0.0000 0.0000 
119      119   (0)      1 :  0.0000 0.0333 0.8999 0.0000 0.0000 0.0000 0.0000 0.0667 0.0000 0.0000 0.0000 
120      120   (0)      1 :  0.0000 0.0667 0.9235 0.0000 0.0000 0.0000 0.0000 0.0098 0.0000 0.0000 0.0000 
121      121   (0)      1 :  0.0000 0.0333 0.9332 0.0000 0.0000 0.0000 0.0000 0.0333 0.0000 0.0000 0.0000 
