1        1   (0)      1  : 0.0000 0.0000 0.5922 0.0000 0.0000 0.0000 0.0142 0.0000 0.0000 0.0000 0.0000 0.0021 0.0000 0.3697 0.0216
2        2   (0)      1  : 0.0000 0.0000 0.2185 0.0000 0.0000 0.0000 0.0313 0.0000 0.0000 0.0000 0.0000 0.1894 0.0000 0.5156 0.0451
3        3   (0)      1  : 0.0000 0.0000 0.0341 0.0000 0.0000 0.0000 0.0000 0.0000 0.0000 0.0000 0.0000 0.0530 0.0000 0.9085 0.0044
4        4   (0)      1  : 0.0000 0.0000 0.1243 0.0000 0.0000 0.0000 0.0042 0.0000 0.0000 0.0000 0.0000 0.0718 0.0000 0.6663 0.1333
5        5   (0)      1  : 0.0000 0.0000 0.0000 0.0000 0.0000 0.0000 0.0000 0.0000 0.0000 0.0000 0.0000 0.0000 0.0000 0.9999 0.0000
6        6   (0)      1  : 0.0000 0.0000 0.0000 0.0000 0.0000 0.0000 0.0291 0.0000 0.0000 0.0000 0.0000 0.0206 0.0000 0.8168 0.1333
7        7   (0)      1  : 0.0000 0.0000 0.9999 0.0000 0.0000 0.0000 0.0000 0.0000 0.0000 0.0000 0.0000 0.0000 0.0000 0.0000 0.0000
8        8   (0)      1  : 0.0000 0.0000 0.0000 0.0000 0.0000 0.0000 0.0000 0.0000 0.0000 0.0000 0.0000 0.0215 0.0000 0.8696 0.1088
9        9   (0)      1  : 0.0000 0.0000 0.0000 0.0000 0.0000 0.0000 0.8268 0.0000 0.0000 0.0000 0.0000 0.1731 0.0000 0.0000 0.0000
10       10   (0)      1  : 0.0000 0.0000 0.1333 0.0000 0.0000 0.0000 0.0667 0.0000 0.0000 0.0000 0.0000 0.7999 0.0000 0.0000 0.0000
11       11   (0)      1  : 0.0000 0.0000 0.1316 0.0000 0.0000 0.0000 0.0263 0.0000 0.0000 0.0000 0.0000 0.0000 0.0000 0.7541 0.0879
12       12   (0)      1  : 0.0000 0.0000 0.1065 0.0000 0.0000 0.0000 0.0667 0.0000 0.0000 0.0000 0.0000 0.7999 0.0000 0.0268 0.0000
13       13   (0)      1  : 0.0000 0.0000 0.0000 0.0000 0.0000 0.0000 0.5803 0.0000 0.0000 0.0000 0.0000 0.0131 0.0000 0.3626 0.0439
14       14   (0)      1  : 0.0000 0.0000 0.1333 0.0000 0.0000 0.0000 0.0667 0.0000 0.0000 0.0000 0.0000 0.7999 0.0000 0.0000 0.0000
15       15   (0)      1  : 0.0000 0.0000 0.0054 0.0000 0.0000 0.0000 0.3106 0.0000 0.0000 0.0000 0.0000 0.0640 0.0000 0.6199 0.0000
16       16   (0)      1  : 0.0000 0.0000 0.9999 0.0000 0.0000 0.0000 0.0000 0.0000 0.0000 0.0000 0.0000 0.0000 0.0000 0.0000 0.0000
17       17   (0)      1  : 0.0000 0.0000 0.0000 0.0000 0.0000 0.0000 0.0000 0.0000 0.0000 0.0000 0.0000 0.0000 0.0000 0.9999 0.0000
18       18   (0)      1  : 0.0000 0.0000 0.0000 0.0000 0.0000 0.0000 0.9884 0.0000 0.0000 0.0000 0.0000 0.0000 0.0000 0.0017 0.0098
19       19   (0)      1  : 0.0000 0.0000 0.0000 0.0000 0.0000 0.0000 0.0000 0.0000 0.0000 0.0000 0.0000 0.0000 0.0000 0.9999 0.0000
20       20   (0)      1  : 0.0000 0.0000 0.7304 0.0000 0.0000 0.0000 0.1769 0.0000 0.0000 0.0000 0.0000 0.0592 0.0000 0.0334 0.0000
21       21   (0)      1  : 0.0000 0.0000 0.8986 0.0000 0.0000 0.0000 0.0844 0.0000 0.0000 0.0000 0.0000 0.0000 0.0000 0.0169 0.0000
22       22   (0)      1  : 0.0000 0.0000 0.9268 0.0000 0.0000 0.0000 0.0000 0.0000 0.0000 0.0000 0.0000 0.0421 0.0000 0.0310 0.0000
23       23   (0)      1  : 0.0000 0.0000 0.8710 0.0000 0.0000 0.0000 0.0083 0.0000 0.0000 0.0000 0.0000 0.1206 0.0000 0.0000 0.0000
24       24   (0)      1  : 0.0000 0.0000 0.0000 0.0000 0.0000 0.0000 0.9999 0.0000 0.0000 0.0000 0.0000 0.0000 0.0000 0.0000 0.0000
25       25   (0)      1  : 0.0000 0.0000 0.7145 0.0000 0.0000 0.0000 0.1423 0.0000 0.0000 0.0000 0.0000 0.0170 0.0000 0.1248 0.0012
26       26   (0)      1  : 0.0000 0.0000 0.9489 0.0000 0.0000 0.0000 0.0510 0.0000 0.0000 0.0000 0.0000 0.0000 0.0000 0.0000 0.0000
27       27   (0)      1  : 0.0000 0.0000 0.0000 0.0000 0.0000 0.0000 0.0000 0.0000 0.0000 0.0000 0.0000 0.1784 0.0000 0.6881 0.1333
28       28   (0)      1  : 0.0000 0.0000 0.0000 0.0000 0.0000 0.0000 0.0000 0.0000 0.0000 0.0000 0.0000 0.0418 0.0000 0.9580 0.0000
29       29   (0)      1  : 0.0000 0.0000 0.1917 0.0000 0.0000 0.0000 0.1138 0.0000 0.0000 0.0000 0.0000 0.0000 0.0000 0.6187 0.0756
30       30   (0)      1  : 0.0000 0.0000 0.9338 0.0000 0.0000 0.0000 0.0231 0.0000 0.0000 0.0000 0.0000 0.0429 0.0000 0.0000 0.0000
31       31   (0)      1  : 0.0000 0.0000 0.0074 0.0000 0.0000 0.0000 0.0130 0.0000 0.0000 0.0000 0.0000 0.0179 0.0000 0.9616 0.0000
32       32   (0)      1  : 0.0000 0.0000 0.9999 0.0000 0.0000 0.0000 0.0000 0.0000 0.0000 0.0000 0.0000 0.0000 0.0000 0.0000 0.0000
33       33   (0)      1  : 0.0000 0.0000 0.8341 0.0000 0.0000 0.0000 0.0366 0.0000 0.0000 0.0000 0.0000 0.1039 0.0000 0.0000 0.0252
34       34   (0)      1  : 0.0000 0.0000 0.0030 0.0000 0.0000 0.0000 0.0216 0.0000 0.0000 0.0000 0.0000 0.0656 0.0000 0.8756 0.0341
35       35   (0)      1  : 0.0000 0.0000 0.0000 0.0000 0.0000 0.0000 0.9994 0.0000 0.0000 0.0000 0.0000 0.0000 0.0000 0.0005 0.0000
36       36   (0)      1  : 0.0000 0.3271 0.0000 0.0000 0.4879 0.0000 0.0000 0.0072 0.0000 0.0000 0.1311 0.0000 0.0467 0.0000 0.0000
37       37   (0)      1  : 0.0000 0.0000 0.0000 0.0000 0.9915 0.0000 0.0000 0.0000 0.0000 0.0000 0.0084 0.0000 0.0000 0.0000 0.0000
38       38   (0)      1  : 0.0000 0.0000 0.0000 0.0000 0.9351 0.0000 0.0000 0.0628 0.0000 0.0000 0.0011 0.0000 0.0008 0.0000 0.0000
39       39   (0)      1  : 0.0000 0.7234 0.0000 0.0000 0.1155 0.0000 0.0000 0.0510 0.0000 0.0000 0.0667 0.0000 0.0434 0.0000 0.0000
40       40   (0)      1  : 0.0000 0.5459 0.0000 0.0000 0.2918 0.0000 0.0000 0.1239 0.0000 0.0000 0.0149 0.0000 0.0233 0.0000 0.0000
41       41   (0)      1  : 0.0000 0.0000 0.0000 0.0000 0.0146 0.0000 0.0000 0.5999 0.0000 0.0000 0.3854 0.0000 0.0000 0.0000 0.0000
42       42   (0)      1  : 0.0000 0.3613 0.0000 0.0000 0.1028 0.0000 0.0000 0.0388 0.0000 0.0000 0.3659 0.0000 0.1311 0.0000 0.0000
43       43   (0)      1  : 0.0000 0.2157 0.0000 0.0000 0.0109 0.0000 0.0000 0.0345 0.0000 0.0000 0.7388 0.0000 0.0000 0.0000 0.0000
44       44   (0)      1  : 0.0000 0.1612 0.0000 0.0000 0.0087 0.0000 0.0000 0.2580 0.0000 0.0000 0.3051 0.0000 0.2669 0.0000 0.0000
45       45   (0)      1  : 0.0000 0.6220 0.0000 0.0000 0.0484 0.0000 0.0000 0.0946 0.0000 0.0000 0.1897 0.0000 0.0452 0.0000 0.0000
46       46   (0)      1  : 0.0000 0.0094 0.0000 0.0000 0.1012 0.0000 0.0000 0.3309 0.0000 0.0000 0.0144 0.0000 0.5440 0.0000 0.0000
47       47   (0)      1  : 0.0000 0.0000 0.0000 0.0000 0.8145 0.0000 0.0000 0.0000 0.0000 0.0000 0.1400 0.0000 0.0454 0.0000 0.0000
48       48   (0)      1  : 0.0000 0.0000 0.0000 0.0000 0.0000 0.0000 0.0000 0.9999 0.0000 0.0000 0.0000 0.0000 0.0000 0.0000 0.0000
49       49   (0)      1  : 0.0000 0.2521 0.0000 0.0000 0.0369 0.0000 0.0000 0.1140 0.0000 0.0000 0.0000 0.0000 0.5969 0.0000 0.0000
50       50   (0)      1  : 0.0000 0.0000 0.0000 0.0000 0.4191 0.0000 0.0000 0.2670 0.0000 0.0000 0.0245 0.0000 0.2893 0.0000 0.0000
51       51   (0)      1  : 0.0000 0.1518 0.0000 0.0000 0.0942 0.0000 0.0000 0.2103 0.0000 0.0000 0.0074 0.0000 0.5364 0.0000 0.0000
52       52   (0)      1  : 0.0000 0.0000 0.0000 0.0000 0.7715 0.0000 0.0000 0.0950 0.0000 0.0000 0.0667 0.0000 0.0667 0.0000 0.0000
53       53   (0)      1  : 0.0000 0.9112 0.0000 0.0000 0.0000 0.0000 0.0000 0.0000 0.0000 0.0000 0.0798 0.0000 0.0088 0.0000 0.0000
54       54   (0)      1  : 0.0000 0.5392 0.0000 0.0000 0.0122 0.0000 0.0000 0.0000 0.0000 0.0000 0.4164 0.0000 0.0321 0.0000 0.0000
55       55   (0)      1  : 0.0000 0.2114 0.0000 0.0000 0.0214 0.0000 0.0000 0.1739 0.0000 0.0000 0.0000 0.0000 0.5932 0.0000 0.0000
56       56   (0)      1  : 0.0000 0.0000 0.0000 0.0000 0.7999 0.0000 0.0000 0.0000 0.0000 0.0000 0.1333 0.0000 0.0667 0.0000 0.0000
57       57   (0)      1  : 0.0000 0.6581 0.0000 0.0000 0.0000 0.0000 0.0000 0.0000 0.0000 0.0000 0.2703 0.0000 0.0715 0.0000 0.0000
58       58   (0)      1  : 0.0000 0.3416 0.0000 0.0000 0.0000 0.0000 0.0000 0.3703 0.0000 0.0000 0.2732 0.0000 0.0148 0.0000 0.0000
59       59   (0)      1  : 0.0000 0.4392 0.0000 0.0000 0.0340 0.0000 0.0000 0.0890 0.0000 0.0000 0.0094 0.0000 0.4283 0.0000 0.0000
60       60   (0)      1  : 0.0000 0.7050 0.0000 0.0000 0.0000 0.0000 0.0000 0.0356 0.0000 0.0000 0.2593 0.0000 0.0000 0.0000 0.0000
61       61   (0)      1  : 0.0000 0.8430 0.0000 0.0000 0.0000 0.0000 0.0000 0.0734 0.0000 0.0000 0.0226 0.0000 0.0608 0.0000 0.0000
62       62   (0)      1  : 0.0000 0.0000 0.0000 0.0000 0.7999 0.0000 0.0000 0.0000 0.0000 0.0000 0.1333 0.0000 0.0667 0.0000 0.0000
63       63   (0)      1  : 0.0000 0.1327 0.0000 0.0000 0.0728 0.0000 0.0000 0.2059 0.0000 0.0000 0.0000 0.0000 0.5885 0.0000 0.0000
64       64   (0)      1  : 0.0000 0.8443 0.0000 0.0000 0.0346 0.0000 0.0000 0.0000 0.0000 0.0000 0.0839 0.0000 0.0370 0.0000 0.0000
65       65   (0)      1  : 0.0000 0.3279 0.0000 0.0000 0.2175 0.0000 0.0000 0.0000 0.0000 0.0000 0.3212 0.0000 0.1333 0.0000 0.0000
66       66   (0)      1  : 0.0000 0.8742 0.0000 0.0000 0.0000 0.0000 0.0000 0.0000 0.0000 0.0000 0.0605 0.0000 0.0651 0.0000 0.0000
67       67   (0)      1  : 0.0000 0.6687 0.0000 0.0000 0.0446 0.0000 0.0000 0.0000 0.0000 0.0000 0.1535 0.0000 0.1331 0.0000 0.0000
68       68   (0)      1  : 0.0000 0.0000 0.0000 0.0000 0.0000 0.0000 0.0000 0.9990 0.0000 0.0000 0.0009 0.0000 0.0000 0.0000 0.0000
69       69   (0)      1  : 0.0000 0.0955 0.0000 0.0000 0.1595 0.0000 0.0000 0.0377 0.0000 0.0000 0.7073 0.0000 0.0000 0.0000 0.0000
70       70   (0)      1  : 0.0000 0.0738 0.0000 0.0000 0.0399 0.0000 0.0000 0.3365 0.0000 0.0000 0.0000 0.0000 0.5497 0.0000 0.0000
71       71   (0)      1  : 0.0000 0.1489 0.0000 0.0000 0.0000 0.0000 0.0000 0.8368 0.0000 0.0000 0.0141 0.0000 0.0000 0.0000 0.0000
72       72   (0)      1  : 0.0000 0.9869 0.0000 0.0000 0.0000 0.0000 0.0000 0.0000 0.0000 0.0000 0.0000 0.0000 0.0130 0.0000 0.0000
73       73   (0)      1  : 0.0000 0.8897 0.0000 0.0000 0.0409 0.0000 0.0000 0.0000 0.0000 0.0000 0.0692 0.0000 0.0000 0.0000 0.0000
74       74   (0)      1  : 0.0000 0.2361 0.0000 0.0000 0.0925 0.0000 0.0000 0.0058 0.0000 0.0000 0.6655 0.0000 0.0000 0.0000 0.0000
75       75   (0)      1  : 0.0000 0.1025 0.0000 0.0000 0.1080 0.0000 0.0000 0.0395 0.0000 0.0000 0.7499 0.0000 0.0000 0.0000 0.0000
76       76   (0)      1  : 0.0000 0.0000 0.0000 0.0000 0.0000 0.0000 0.0000 0.9999 0.0000 0.0000 0.0000 0.0000 0.0000 0.0000 0.0000
77       77   (0)      1  : 0.0000 0.0000 0.0000 0.0000 0.7801 0.0000 0.0000 0.1220 0.0000 0.0000 0.0000 0.0000 0.0978 0.0000 0.0000
78       78   (0)      1  : 0.0007 0.0000 0.0000 0.0000 0.0000 0.0000 0.0000 0.0000 0.0000 0.8659 0.0000 0.0000 0.0667 0.0000 0.0667
79       79   (0)      1  : 0.3350 0.0000 0.0000 0.0000 0.0000 0.0000 0.0000 0.0000 0.0000 0.5316 0.0000 0.0000 0.0000 0.0000 0.1333
80       80   (0)      1  : 0.9999 0.0000 0.0000 0.0000 0.0000 0.0000 0.0000 0.0000 0.0000 0.0000 0.0000 0.0000 0.0000 0.0000 0.0000
81       81   (0)      1  : 0.4666 0.0000 0.0000 0.0000 0.0000 0.0000 0.0000 0.0000 0.0000 0.3333 0.0000 0.0000 0.0667 0.0000 0.1333
82       82   (0)      1  : 0.1333 0.0000 0.0000 0.0000 0.0000 0.0000 0.0000 0.0000 0.0000 0.5999 0.0000 0.0000 0.0667 0.0000 0.2000
83       83   (0)      1  : 0.2434 0.0000 0.0000 0.0000 0.0000 0.0000 0.0000 0.0000 0.0000 0.5237 0.0000 0.0000 0.0000 0.0000 0.2328
84       84   (0)      1  : 0.4616 0.0000 0.0000 0.0000 0.0000 0.0000 0.0000 0.0000 0.0000 0.4039 0.0000 0.0000 0.0000 0.0000 0.1344
85       85   (0)      1  : 0.2410 0.0000 0.0000 0.0000 0.0000 0.0000 0.0000 0.0000 0.0000 0.4923 0.0667 0.0000 0.0667 0.0000 0.1333
86       86   (0)      1  : 0.7989 0.0000 0.0000 0.0000 0.0000 0.0000 0.0000 0.0000 0.0000 0.0676 0.0667 0.0000 0.0000 0.0000 0.0667
87       87   (0)      1  : 0.2000 0.0000 0.0000 0.0000 0.0000 0.0000 0.0000 0.0000 0.0000 0.7647 0.0000 0.0000 0.0000 0.0000 0.0352
88       88   (0)      1  : 0.2666 0.0000 0.0000 0.0000 0.0000 0.0000 0.0000 0.0000 0.0000 0.7332 0.0000 0.0000 0.0000 0.0000 0.0000
89       89   (0)      1  : 0.2698 0.0000 0.0000 0.0000 0.0000 0.0000 0.0000 0.0000 0.0000 0.6648 0.0000 0.0000 0.0000 0.0000 0.0652
90       90   (0)      1  : 0.0843 0.0000 0.0000 0.0000 0.0000 0.0000 0.0000 0.0000 0.0000 0.8489 0.0000 0.0000 0.0667 0.0000 0.0000
91       91   (0)      1  : 0.9784 0.0000 0.0000 0.0000 0.0000 0.0000 0.0000 0.0000 0.0000 0.0215 0.0000 0.0000 0.0000 0.0000 0.0000
92       92   (0)      1  : 0.9999 0.0000 0.0000 0.0000 0.0000 0.0000 0.0000 0.0000 0.0000 0.0000 0.0000 0.0000 0.0000 0.0000 0.0000
93       93   (0)      1  : 0.9325 0.0000 0.0000 0.0000 0.0000 0.0000 0.0000 0.0000 0.0000 0.0007 0.0000 0.0000 0.0000 0.0000 0.0667
94       94   (0)      1  : 0.2666 0.0000 0.0000 0.0000 0.0000 0.0000 0.0000 0.0000 0.0000 0.5333 0.0667 0.0000 0.0000 0.0000 0.1333
95       95   (0)      1  : 0.1333 0.0000 0.0000 0.0000 0.0000 0.0000 0.0000 0.0000 0.0000 0.7332 0.0667 0.0000 0.0000 0.0000 0.0667
96       96   (0)      1  : 0.0000 0.0000 0.0000 0.5010 0.0000 0.0000 0.0000 0.0000 0.2323 0.0000 0.0000 0.0000 0.0000 0.0000 0.2666
97       97   (0)      1  : 0.0000 0.0000 0.0000 0.8153 0.0000 0.0000 0.0000 0.0000 0.0512 0.0000 0.0000 0.0000 0.0000 0.0000 0.1333
98       98   (0)      1  : 0.0000 0.0000 0.0000 0.4666 0.0000 0.0000 0.0000 0.0000 0.4000 0.0000 0.0000 0.0000 0.0000 0.0000 0.1333
99       99   (0)      1  : 0.0000 0.0000 0.0000 0.6499 0.0000 0.0000 0.0000 0.0000 0.2343 0.0000 0.0000 0.0000 0.0000 0.0000 0.1157
100      100   (0)      1  : 0.0000 0.0000 0.0000 0.5476 0.0000 0.0000 0.0000 0.0000 0.3190 0.0000 0.0000 0.0000 0.0000 0.0000 0.1333
101      101   (0)      1  : 0.0000 0.0000 0.0000 0.3764 0.0000 0.0000 0.0000 0.0000 0.5043 0.0000 0.0000 0.0000 0.0000 0.0000 0.1191
102      102   (0)      1  : 0.0000 0.0000 0.0000 0.0874 0.0000 0.0000 0.0000 0.0000 0.8458 0.0000 0.0000 0.0000 0.0000 0.0000 0.0667
103      103   (0)      1  : 0.0000 0.0000 0.0000 0.8257 0.0000 0.0000 0.0000 0.0000 0.1075 0.0000 0.0000 0.0000 0.0000 0.0000 0.0667
104      104   (0)      1  : 0.0000 0.0000 0.0000 0.2293 0.0000 0.0000 0.0000 0.0000 0.6124 0.0000 0.0000 0.0000 0.0000 0.0000 0.1581
105      105   (0)      1  : 0.0000 0.0000 0.0000 0.1333 0.0000 0.0000 0.0000 0.0000 0.3999 0.0000 0.0000 0.0000 0.0000 0.0000 0.4666
106      106   (0)      1  : 0.0000 0.0000 0.0000 0.3999 0.0000 0.0000 0.0000 0.0000 0.4666 0.0000 0.0000 0.0000 0.0000 0.0000 0.1333
107      107   (0)      1  : 0.0000 0.0000 0.0000 0.0000 0.0000 0.0000 0.0000 0.0000 0.6666 0.0000 0.0000 0.0000 0.0000 0.0000 0.3333
108      108   (0)      1  : 0.0000 0.0000 0.0000 0.1054 0.0000 0.0000 0.0000 0.0000 0.8120 0.0000 0.0000 0.0000 0.0000 0.0000 0.0825
109      109   (0)      1  : 0.0000 0.0000 0.0000 0.8321 0.0000 0.0000 0.0000 0.0000 0.0535 0.0000 0.0000 0.0000 0.0000 0.0000 0.1142
110      110   (0)      1  : 0.0000 0.0000 0.0000 0.7841 0.0000 0.0000 0.0000 0.0000 0.0824 0.0000 0.0000 0.0000 0.0000 0.0000 0.1333
111      111   (0)      1  : 0.0000 0.0000 0.0000 0.7441 0.0000 0.0000 0.0000 0.0000 0.2205 0.0000 0.0000 0.0000 0.0000 0.0000 0.0353
112      112   (0)      1  : 0.0000 0.0000 0.0000 0.5111 0.0000 0.0000 0.0000 0.0000 0.3555 0.0000 0.0000 0.0000 0.0000 0.0000 0.1333
113      113   (0)      1  : 0.0000 0.0000 0.0000 0.0820 0.0000 0.0000 0.0000 0.0000 0.5046 0.0000 0.0000 0.0000 0.0000 0.0000 0.4133
114      114   (0)      1  : 0.0000 0.0000 0.0000 0.0000 0.0000 0.9332 0.0000 0.0000 0.0000 0.0000 0.0000 0.0000 0.0667 0.0000 0.0000
115      115   (0)      1  : 0.0000 0.0000 0.0000 0.0000 0.0000 0.7334 0.0000 0.0000 0.0000 0.0000 0.0000 0.1266 0.1398 0.0000 0.0000
116      116   (0)      1  : 0.0000 0.0000 0.0000 0.0000 0.0000 0.8665 0.0000 0.0000 0.0000 0.0000 0.0000 0.0667 0.0667 0.0000 0.0000
117      117   (0)      1  : 0.0000 0.0000 0.0000 0.0000 0.0000 0.8357 0.0000 0.0000 0.0000 0.0000 0.0000 0.0308 0.1333 0.0000 0.0000
118      118   (0)      1  : 0.0000 0.0000 0.0000 0.0000 0.0000 0.9332 0.0000 0.0000 0.0000 0.0000 0.0000 0.0000 0.0667 0.0000 0.0000
119      119   (0)      1  : 0.0000 0.0000 0.0000 0.0000 0.0000 0.8665 0.0000 0.0000 0.0000 0.0000 0.0000 0.0667 0.0667 0.0000 0.0000
120      120   (0)      1  : 0.0000 0.0000 0.0000 0.0000 0.0000 0.7347 0.0000 0.0000 0.0000 0.0000 0.0000 0.1319 0.1333 0.0000 0.0000
121      121   (0)      1  : 0.0000 0.0000 0.0000 0.0000 0.0000 0.8665 0.0000 0.0000 0.0000 0.0000 0.0000 0.0667 0.0667 0.0000 0.0000
