  1        1   (0)      1 :  0.8691 0.0000 0.1309 0.0000 0.0000 0.0000 0.0000 0.0000 
  2        2   (0)      1 :  0.7047 0.0000 0.2952 0.0000 0.0000 0.0000 0.0000 0.0000 
  3        3   (0)      1 :  0.8139 0.0000 0.1860 0.0000 0.0000 0.0000 0.0000 0.0000 
  4        4   (0)      1 :  0.6851 0.0000 0.3148 0.0000 0.0000 0.0000 0.0000 0.0000 
  5        5   (0)      1 :  0.7540 0.0000 0.2460 0.0000 0.0000 0.0000 0.0000 0.0000 
  6        6   (0)      1 :  0.6363 0.0000 0.3636 0.0000 0.0000 0.0000 0.0000 0.0000 
  7        7   (0)      1 :  0.9999 0.0000 0.0000 0.0000 0.0000 0.0000 0.0000 0.0000 
  8        8   (0)      1 :  0.7452 0.0000 0.2548 0.0000 0.0000 0.0000 0.0000 0.0000 
  9        9   (0)      1 :  0.3072 0.0000 0.6927 0.0000 0.0000 0.0000 0.0000 0.0000 
 10       10   (0)      1 :  0.6461 0.0000 0.3538 0.0000 0.0000 0.0000 0.0000 0.0000 
 11       11   (0)      1 :  0.7893 0.0000 0.2106 0.0000 0.0000 0.0000 0.0000 0.0000 
 12       12   (0)      1 :  0.6425 0.0000 0.3574 0.0000 0.0000 0.0000 0.0000 0.0000 
 13       13   (0)      1 :  0.3111 0.0000 0.6888 0.0000 0.0000 0.0000 0.0000 0.0000 
 14       14   (0)      1 :  0.6398 0.0000 0.3601 0.0000 0.0000 0.0000 0.0000 0.0000 
 15       15   (0)      1 :  0.6086 0.0000 0.3914 0.0000 0.0000 0.0000 0.0000 0.0000 
 16       16   (0)      1 :  0.9999 0.0000 0.0000 0.0000 0.0000 0.0000 0.0000 0.0000 
 17       17   (0)      1 :  0.8236 0.0000 0.1764 0.0000 0.0000 0.0000 0.0000 0.0000 
 18       18   (0)      1 :  0.2948 0.0000 0.7051 0.0000 0.0000 0.0000 0.0000 0.0000 
 19       19   (0)      1 :  0.7244 0.0000 0.2755 0.0000 0.0000 0.0000 0.0000 0.0000 
 20       20   (0)      1 :  0.8712 0.0000 0.1288 0.0000 0.0000 0.0000 0.0000 0.0000 
 21       21   (0)      1 :  0.9400 0.0000 0.0599 0.0000 0.0000 0.0000 0.0000 0.0000 
 22       22   (0)      1 :  0.9963 0.0000 0.0036 0.0000 0.0000 0.0000 0.0000 0.0000 
 23       23   (0)      1 :  0.9534 0.0000 0.0465 0.0000 0.0000 0.0000 0.0000 0.0000 
 24       24   (0)      1 :  0.3000 0.0000 0.7000 0.0000 0.0000 0.0000 0.0000 0.0000 
 25       25   (0)      1 :  0.8809 0.0000 0.1190 0.0000 0.0000 0.0000 0.0000 0.0000 
 26       26   (0)      1 :  0.9481 0.0000 0.0518 0.0000 0.0000 0.0000 0.0000 0.0000 
 27       27   (0)      1 :  0.5661 0.0000 0.4339 0.0000 0.0000 0.0000 0.0000 0.0000 
 28       28   (0)      1 :  0.8970 0.0000 0.1029 0.0000 0.0000 0.0000 0.0000 0.0000 
 29       29   (0)      1 :  0.7280 0.0000 0.2719 0.0000 0.0000 0.0000 0.0000 0.0000 
 30       30   (0)      1 :  0.9498 0.0000 0.0501 0.0000 0.0000 0.0000 0.0000 0.0000 
 31       31   (0)      1 :  0.6783 0.0000 0.3216 0.0000 0.0000 0.0000 0.0000 0.0000 
 32       32   (0)      1 :  0.9999 0.0000 0.0000 0.0000 0.0000 0.0000 0.0000 0.0000 
 33       33   (0)      1 :  0.9396 0.0000 0.0603 0.0000 0.0000 0.0000 0.0000 0.0000 
 34       34   (0)      1 :  0.7707 0.0000 0.2293 0.0000 0.0000 0.0000 0.0000 0.0000 
 35       35   (0)      1 :  0.3000 0.0000 0.7000 0.0000 0.0000 0.0000 0.0000 0.0000 
 36       36   (0)      1 :  0.0000 0.5887 0.0000 0.0000 0.0237 0.3876 0.0000 0.0000 
 37       37   (0)      1 :  0.0000 0.9324 0.0000 0.0000 0.0676 0.0000 0.0000 0.0000 
 38       38   (0)      1 :  0.0000 0.9666 0.0000 0.0000 0.0333 0.0000 0.0000 0.0000 
 39       39   (0)      1 :  0.0000 0.0669 0.0000 0.0000 0.0151 0.9180 0.0000 0.0000 
 40       40   (0)      1 :  0.0000 0.3528 0.0000 0.0000 0.0750 0.5721 0.0000 0.0000 
 41       41   (0)      1 :  0.0000 0.6171 0.0000 0.0000 0.2166 0.1662 0.0000 0.0000 
 42       42   (0)      1 :  0.0000 0.2470 0.0000 0.0000 0.0450 0.7080 0.0000 0.0000 
 43       43   (0)      1 :  0.0000 0.0337 0.0000 0.0000 0.0333 0.9329 0.0000 0.0000 
 44       44   (0)      1 :  0.0000 0.2053 0.0000 0.0000 0.3946 0.4000 0.0000 0.0000 
 45       45   (0)      1 :  0.0000 0.1569 0.0000 0.0000 0.0490 0.7940 0.0000 0.0000 
 46       46   (0)      1 :  0.0000 0.4602 0.0000 0.0000 0.5333 0.0064 0.0000 0.0000 
 47       47   (0)      1 :  0.0000 0.9734 0.0000 0.0000 0.0256 0.0010 0.0000 0.0000 
 48       48   (0)      1 :  0.0000 0.5834 0.0000 0.0000 0.4165 0.0000 0.0000 0.0000 
 49       49   (0)      1 :  0.0000 0.1347 0.0000 0.0000 0.4358 0.4295 0.0000 0.0000 
 50       50   (0)      1 :  0.0000 0.7088 0.0000 0.0000 0.2912 0.0000 0.0000 0.0000 
 51       51   (0)      1 :  0.0000 0.3415 0.0000 0.0000 0.4012 0.2572 0.0000 0.0000 
 52       52   (0)      1 :  0.0000 0.9323 0.0000 0.0000 0.0676 0.0000 0.0000 0.0000 
 53       53   (0)      1 :  0.0000 0.0000 0.0000 0.0000 0.0074 0.9926 0.0000 0.0000 
 54       54   (0)      1 :  0.0000 0.0056 0.0000 0.0000 0.0224 0.9719 0.0000 0.0000 
 55       55   (0)      1 :  0.0000 0.1981 0.0000 0.0000 0.4264 0.3755 0.0000 0.0000 
 56       56   (0)      1 :  0.0000 0.9666 0.0000 0.0000 0.0333 0.0000 0.0000 0.0000 
 57       57   (0)      1 :  0.0000 0.0000 0.0000 0.0000 0.0231 0.9768 0.0000 0.0000 
 58       58   (0)      1 :  0.0000 0.1693 0.0000 0.0000 0.2085 0.6221 0.0000 0.0000 
 59       59   (0)      1 :  0.0000 0.1218 0.0000 0.0000 0.3549 0.5233 0.0000 0.0000 
 60       60   (0)      1 :  0.0000 0.0051 0.0000 0.0000 0.0401 0.9547 0.0000 0.0000 
 61       61   (0)      1 :  0.0000 0.0000 0.0000 0.0000 0.1076 0.8923 0.0000 0.0000 
 62       62   (0)      1 :  0.0000 0.9791 0.0000 0.0000 0.0208 0.0000 0.0000 0.0000 
 63       63   (0)      1 :  0.0000 0.2911 0.0000 0.0000 0.5364 0.1724 0.0000 0.0000 
 64       64   (0)      1 :  0.0000 0.0007 0.0000 0.0000 0.0098 0.9895 0.0000 0.0000 
 65       65   (0)      1 :  0.0000 0.2904 0.0000 0.0000 0.0440 0.6656 0.0000 0.0000 
 66       66   (0)      1 :  0.0000 0.0000 0.0000 0.0000 0.0454 0.9546 0.0000 0.0000 
 67       67   (0)      1 :  0.0000 0.0691 0.0000 0.0000 0.1203 0.8105 0.0000 0.0000 
 68       68   (0)      1 :  0.0000 0.5783 0.0000 0.0000 0.4216 0.0000 0.0000 0.0000 
 69       69   (0)      1 :  0.0000 0.4298 0.0000 0.0000 0.0490 0.5212 0.0000 0.0000 
 70       70   (0)      1 :  0.0000 0.3814 0.0000 0.0000 0.5649 0.0537 0.0000 0.0000 
 71       71   (0)      1 :  0.0000 0.4046 0.0000 0.0000 0.4288 0.1666 0.0000 0.0000 
 72       72   (0)      1 :  0.0000 0.0000 0.0000 0.0000 0.0284 0.9716 0.0000 0.0000 
 73       73   (0)      1 :  0.0000 0.0000 0.0000 0.0000 0.0000 0.9999 0.0000 0.0000 
 74       74   (0)      1 :  0.0000 0.2061 0.0000 0.0000 0.0941 0.6998 0.0000 0.0000 
 75       75   (0)      1 :  0.0000 0.3493 0.0000 0.0000 0.0454 0.6053 0.0000 0.0000 
 76       76   (0)      1 :  0.0000 0.6047 0.0000 0.0000 0.3953 0.0000 0.0000 0.0000 
 77       77   (0)      1 :  0.0000 0.8257 0.0000 0.0000 0.1743 0.0000 0.0000 0.0000 
 78       78   (0)      1 :  0.0000 0.0000 0.1658 0.0000 0.1000 0.0000 0.0000 0.7342 
 79       79   (0)      1 :  0.0000 0.0000 0.0858 0.0000 0.1000 0.0000 0.0000 0.8141 
 80       80   (0)      1 :  0.0000 0.0000 0.0000 0.0000 0.0000 0.0000 0.0000 0.9999 
 81       81   (0)      1 :  0.0000 0.0000 0.0667 0.0000 0.0000 0.0000 0.0000 0.9333 
 82       82   (0)      1 :  0.0000 0.0000 0.1000 0.0000 0.0667 0.0000 0.0000 0.8333 
 83       83   (0)      1 :  0.0000 0.0000 0.1209 0.0000 0.1000 0.0000 0.0000 0.7790 
 84       84   (0)      1 :  0.0000 0.0000 0.0333 0.0000 0.0000 0.0000 0.0000 0.9666 
 85       85   (0)      1 :  0.0000 0.0000 0.1000 0.0000 0.1000 0.0000 0.0000 0.7999 
 86       86   (0)      1 :  0.0000 0.0000 0.0333 0.0000 0.0333 0.0000 0.0000 0.9333 
 87       87   (0)      1 :  0.0000 0.0000 0.1333 0.0000 0.0000 0.0000 0.0000 0.8666 
 88       88   (0)      1 :  0.0000 0.0000 0.0667 0.0000 0.0000 0.0000 0.0000 0.9333 
 89       89   (0)      1 :  0.0000 0.0000 0.1333 0.0000 0.1000 0.0000 0.0000 0.7666 
 90       90   (0)      1 :  0.0000 0.0000 0.1000 0.0000 0.0333 0.0000 0.0000 0.8666 
 91       91   (0)      1 :  0.0000 0.0000 0.0000 0.0000 0.0000 0.0000 0.0000 0.9999 
 92       92   (0)      1 :  0.0000 0.0000 0.0000 0.0000 0.0333 0.0000 0.0000 0.9666 
 93       93   (0)      1 :  0.0000 0.0000 0.0000 0.0000 0.0127 0.0000 0.0000 0.9872 
 94       94   (0)      1 :  0.0000 0.0000 0.0667 0.0000 0.1000 0.0000 0.0000 0.8333 
 95       95   (0)      1 :  0.0000 0.0000 0.1000 0.0000 0.0333 0.0000 0.0000 0.8666 
 96       96   (0)      1 :  0.0000 0.0000 0.0000 0.0000 0.1224 0.0000 0.8776 0.0000 
 97       97   (0)      1 :  0.0000 0.0000 0.0000 0.0000 0.0667 0.0000 0.9333 0.0000 
 98       98   (0)      1 :  0.0000 0.0000 0.0000 0.0000 0.0000 0.0000 0.9999 0.0000 
 99       99   (0)      1 :  0.0000 0.0000 0.0159 0.0000 0.0636 0.0000 0.9204 0.0000 
100      100   (0)      1 :  0.0000 0.0000 0.0000 0.0000 0.0000 0.0000 0.9999 0.0000 
101      101   (0)      1 :  0.0000 0.0000 0.0080 0.0000 0.0673 0.0000 0.9247 0.0000 
102      102   (0)      1 :  0.0000 0.0000 0.0333 0.0000 0.1988 0.0000 0.7679 0.0000 
103      103   (0)      1 :  0.0000 0.0000 0.0000 0.0000 0.0592 0.0000 0.9407 0.0000 
104      104   (0)      1 :  0.0000 0.0000 0.0158 0.0000 0.1267 0.0000 0.8574 0.0000 
105      105   (0)      1 :  0.0000 0.0000 0.0333 0.0000 0.2657 0.0000 0.7009 0.0000 
106      106   (0)      1 :  0.0000 0.0000 0.0000 0.0000 0.0435 0.0000 0.9565 0.0000 
107      107   (0)      1 :  0.0000 0.0000 0.0333 0.0000 0.2333 0.0000 0.7333 0.0000 
108      108   (0)      1 :  0.0000 0.0000 0.0333 0.0000 0.1812 0.0000 0.7854 0.0000 
109      109   (0)      1 :  0.0000 0.0000 0.0047 0.0000 0.0693 0.0000 0.9259 0.0000 
110      110   (0)      1 :  0.0000 0.0000 0.0000 0.0000 0.0333 0.0000 0.9666 0.0000 
111      111   (0)      1 :  0.0000 0.0000 0.0000 0.0000 0.0196 0.0000 0.9804 0.0000 
112      112   (0)      1 :  0.0000 0.0000 0.0000 0.0000 0.0353 0.0000 0.9646 0.0000 
113      113   (0)      1 :  0.0000 0.0000 0.0333 0.0000 0.2534 0.0000 0.7132 0.0000 
114      114   (0)      1 :  0.0000 0.0000 0.0667 0.9333 0.0000 0.0000 0.0000 0.0000 
115      115   (0)      1 :  0.0000 0.0000 0.0333 0.9666 0.0000 0.0000 0.0000 0.0000 
116      116   (0)      1 :  0.0000 0.0000 0.0000 0.9999 0.0000 0.0000 0.0000 0.0000 
117      117   (0)      1 :  0.0000 0.0000 0.0333 0.9666 0.0000 0.0000 0.0000 0.0000 
118      118   (0)      1 :  0.0000 0.0000 0.0333 0.9666 0.0000 0.0000 0.0000 0.0000 
119      119   (0)      1 :  0.0000 0.0000 0.0000 0.9999 0.0000 0.0000 0.0000 0.0000 
120      120   (0)      1 :  0.0000 0.0000 0.0000 0.9999 0.0000 0.0000 0.0000 0.0000 
121      121   (0)      1 :  0.0000 0.0000 0.0000 0.9999 0.0000 0.0000 0.0000 0.0000 
