1        1   (0)      1  : 0.0000 0.0000 0.8323 0.0000 0.0000 0.0000 0.1676 0.0000
2        2   (0)      1  : 0.0000 0.0000 0.7419 0.0000 0.0000 0.0000 0.2581 0.0000
3        3   (0)      1  : 0.0000 0.0000 0.7945 0.0000 0.0000 0.0000 0.2055 0.0000
4        4   (0)      1  : 0.0000 0.0000 0.6396 0.0000 0.0000 0.0000 0.3604 0.0000
5        5   (0)      1  : 0.0000 0.0000 0.6603 0.0000 0.0000 0.0000 0.3397 0.0000
6        6   (0)      1  : 0.0000 0.0000 0.5047 0.0000 0.0000 0.0000 0.4952 0.0000
7        7   (0)      1  : 0.0000 0.0000 0.9999 0.0000 0.0000 0.0000 0.0000 0.0000
8        8   (0)      1  : 0.0000 0.0000 0.6756 0.0000 0.0000 0.0000 0.3243 0.0000
9        9   (0)      1  : 0.0000 0.0000 0.0000 0.0000 0.0000 0.0000 0.9999 0.0000
10       10   (0)      1  : 0.0000 0.0000 0.9108 0.0000 0.0000 0.0000 0.0892 0.0000
11       11   (0)      1  : 0.0000 0.0000 0.6719 0.0000 0.0000 0.0000 0.3280 0.0000
12       12   (0)      1  : 0.0000 0.0000 0.9495 0.0000 0.0000 0.0000 0.0504 0.0000
13       13   (0)      1  : 0.0000 0.0000 0.0591 0.0000 0.0000 0.0000 0.9408 0.0000
14       14   (0)      1  : 0.0000 0.0000 0.8745 0.0000 0.0000 0.0000 0.1255 0.0000
15       15   (0)      1  : 0.0000 0.0000 0.4874 0.0000 0.0000 0.0000 0.5125 0.0000
16       16   (0)      1  : 0.0000 0.0000 0.9999 0.0000 0.0000 0.0000 0.0000 0.0000
17       17   (0)      1  : 0.0000 0.0000 0.8010 0.0000 0.0000 0.0000 0.1989 0.0000
18       18   (0)      1  : 0.0000 0.0000 0.0000 0.0000 0.0000 0.0000 0.9999 0.0000
19       19   (0)      1  : 0.0000 0.0000 0.6533 0.0000 0.0000 0.0000 0.3467 0.0000
20       20   (0)      1  : 0.0000 0.0000 0.8414 0.0000 0.0000 0.0000 0.1585 0.0000
21       21   (0)      1  : 0.0000 0.0000 0.8652 0.0000 0.0000 0.0000 0.1348 0.0000
22       22   (0)      1  : 0.0000 0.0000 0.9999 0.0000 0.0000 0.0000 0.0000 0.0000
23       23   (0)      1  : 0.0000 0.0000 0.9999 0.0000 0.0000 0.0000 0.0000 0.0000
24       24   (0)      1  : 0.0000 0.0000 0.0000 0.0000 0.0000 0.0000 0.9999 0.0000
25       25   (0)      1  : 0.0000 0.0000 0.8372 0.0000 0.0000 0.0000 0.1628 0.0000
26       26   (0)      1  : 0.0000 0.0000 0.8704 0.0000 0.0000 0.0000 0.1296 0.0000
27       27   (0)      1  : 0.0000 0.0000 0.5053 0.0000 0.0000 0.0000 0.4946 0.0000
28       28   (0)      1  : 0.0000 0.0000 0.9149 0.0000 0.0000 0.0000 0.0850 0.0000
29       29   (0)      1  : 0.0000 0.0000 0.6059 0.0000 0.0000 0.0000 0.3940 0.0000
30       30   (0)      1  : 0.0000 0.0000 0.9999 0.0000 0.0000 0.0000 0.0000 0.0000
31       31   (0)      1  : 0.0000 0.0000 0.5864 0.0000 0.0000 0.0000 0.4135 0.0000
32       32   (0)      1  : 0.0000 0.0000 0.9999 0.0000 0.0000 0.0000 0.0000 0.0000
33       33   (0)      1  : 0.0000 0.0000 0.9708 0.0000 0.0000 0.0000 0.0291 0.0000
34       34   (0)      1  : 0.0000 0.0000 0.7288 0.0000 0.0000 0.0000 0.2712 0.0000
35       35   (0)      1  : 0.0000 0.0000 0.0000 0.0000 0.0000 0.0000 0.9999 0.0000
36       36   (0)      1  : 0.0000 0.3905 0.0000 0.0000 0.6094 0.0000 0.0000 0.0000
37       37   (0)      1  : 0.0000 0.0000 0.0000 0.0000 0.9999 0.0000 0.0000 0.0000
38       38   (0)      1  : 0.0000 0.0000 0.0000 0.0000 0.9999 0.0000 0.0000 0.0000
39       39   (0)      1  : 0.0000 0.9936 0.0000 0.0000 0.0063 0.0000 0.0000 0.0000
40       40   (0)      1  : 0.0000 0.6173 0.0000 0.0000 0.3827 0.0000 0.0000 0.0000
41       41   (0)      1  : 0.0000 0.1689 0.0000 0.0000 0.8311 0.0000 0.0000 0.0000
42       42   (0)      1  : 0.0000 0.7257 0.0000 0.0000 0.2742 0.0000 0.0000 0.0000
43       43   (0)      1  : 0.0000 0.9496 0.0000 0.0000 0.0504 0.0000 0.0000 0.0000
44       44   (0)      1  : 0.0000 0.5516 0.0000 0.0000 0.4484 0.0000 0.0000 0.0000
45       45   (0)      1  : 0.0000 0.8055 0.0000 0.0000 0.1944 0.0000 0.0000 0.0000
46       46   (0)      1  : 0.0000 0.0000 0.0000 0.0000 0.9999 0.0000 0.0000 0.0000
47       47   (0)      1  : 0.0000 0.0000 0.0000 0.0000 0.9999 0.0000 0.0000 0.0000
48       48   (0)      1  : 0.0000 0.0000 0.0000 0.0000 0.9999 0.0000 0.0000 0.0000
49       49   (0)      1  : 0.0000 0.6776 0.0000 0.0000 0.3224 0.0000 0.0000 0.0000
50       50   (0)      1  : 0.0000 0.0000 0.0000 0.0000 0.9999 0.0000 0.0000 0.0000
51       51   (0)      1  : 0.0000 0.3668 0.0000 0.0000 0.6331 0.0000 0.0000 0.0000
52       52   (0)      1  : 0.0000 0.0000 0.0000 0.0000 0.9999 0.0000 0.0000 0.0000
53       53   (0)      1  : 0.0000 0.9999 0.0000 0.0000 0.0000 0.0000 0.0000 0.0000
54       54   (0)      1  : 0.0000 0.9999 0.0000 0.0000 0.0000 0.0000 0.0000 0.0000
55       55   (0)      1  : 0.0000 0.5464 0.0000 0.0000 0.4535 0.0000 0.0000 0.0000
56       56   (0)      1  : 0.0000 0.0000 0.0000 0.0000 0.9999 0.0000 0.0000 0.0000
57       57   (0)      1  : 0.0000 0.9999 0.0000 0.0000 0.0000 0.0000 0.0000 0.0000
58       58   (0)      1  : 0.0000 0.6930 0.0000 0.0000 0.3070 0.0000 0.0000 0.0000
59       59   (0)      1  : 0.0000 0.6852 0.0000 0.0000 0.3147 0.0000 0.0000 0.0000
60       60   (0)      1  : 0.0000 0.9999 0.0000 0.0000 0.0000 0.0000 0.0000 0.0000
61       61   (0)      1  : 0.0000 0.9999 0.0000 0.0000 0.0000 0.0000 0.0000 0.0000
62       62   (0)      1  : 0.0000 0.0000 0.0000 0.0000 0.9999 0.0000 0.0000 0.0000
63       63   (0)      1  : 0.0000 0.3550 0.0000 0.0000 0.6449 0.0000 0.0000 0.0000
64       64   (0)      1  : 0.0000 0.9999 0.0000 0.0000 0.0000 0.0000 0.0000 0.0000
65       65   (0)      1  : 0.0000 0.7217 0.0000 0.0000 0.2782 0.0000 0.0000 0.0000
66       66   (0)      1  : 0.0000 0.9999 0.0000 0.0000 0.0000 0.0000 0.0000 0.0000
67       67   (0)      1  : 0.0000 0.8901 0.0000 0.0000 0.1099 0.0000 0.0000 0.0000
68       68   (0)      1  : 0.0000 0.0000 0.0000 0.0000 0.9999 0.0000 0.0000 0.0000
69       69   (0)      1  : 0.0000 0.5580 0.0000 0.0000 0.4419 0.0000 0.0000 0.0000
70       70   (0)      1  : 0.0000 0.1324 0.0000 0.0000 0.8676 0.0000 0.0000 0.0000
71       71   (0)      1  : 0.0000 0.3112 0.0000 0.0000 0.6888 0.0000 0.0000 0.0000
72       72   (0)      1  : 0.0000 0.9999 0.0000 0.0000 0.0000 0.0000 0.0000 0.0000
73       73   (0)      1  : 0.0000 0.9999 0.0000 0.0000 0.0000 0.0000 0.0000 0.0000
74       74   (0)      1  : 0.0000 0.7188 0.0000 0.0000 0.2811 0.0000 0.0000 0.0000
75       75   (0)      1  : 0.0000 0.6029 0.0000 0.0000 0.3971 0.0000 0.0000 0.0000
76       76   (0)      1  : 0.0000 0.0000 0.0000 0.0000 0.9999 0.0000 0.0000 0.0000
77       77   (0)      1  : 0.0000 0.0000 0.0000 0.0000 0.9999 0.0000 0.0000 0.0000
78       78   (0)      1  : 0.0000 0.0000 0.0000 0.0000 0.0000 0.0000 0.0000 0.9999
79       79   (0)      1  : 0.0000 0.0000 0.0000 0.0000 0.0000 0.0000 0.0000 0.9999
80       80   (0)      1  : 0.9999 0.0000 0.0000 0.0000 0.0000 0.0000 0.0000 0.0000
81       81   (0)      1  : 0.9999 0.0000 0.0000 0.0000 0.0000 0.0000 0.0000 0.0000
82       82   (0)      1  : 0.3333 0.0000 0.0000 0.0000 0.0000 0.0000 0.0000 0.6666
83       83   (0)      1  : 0.0000 0.0000 0.0000 0.0000 0.0000 0.0000 0.0000 0.9999
84       84   (0)      1  : 0.9999 0.0000 0.0000 0.0000 0.0000 0.0000 0.0000 0.0000
85       85   (0)      1  : 0.0000 0.0000 0.0000 0.0000 0.0000 0.0000 0.0000 0.9999
86       86   (0)      1  : 0.6666 0.0000 0.0000 0.0000 0.0000 0.0000 0.0000 0.3333
87       87   (0)      1  : 0.9999 0.0000 0.0000 0.0000 0.0000 0.0000 0.0000 0.0000
88       88   (0)      1  : 0.9999 0.0000 0.0000 0.0000 0.0000 0.0000 0.0000 0.0000
89       89   (0)      1  : 0.0000 0.0000 0.0000 0.0000 0.0000 0.0000 0.0000 0.9999
90       90   (0)      1  : 0.6666 0.0000 0.0000 0.0000 0.0000 0.0000 0.0000 0.3333
91       91   (0)      1  : 0.9999 0.0000 0.0000 0.0000 0.0000 0.0000 0.0000 0.0000
92       92   (0)      1  : 0.6666 0.0000 0.0000 0.0000 0.0000 0.0000 0.0000 0.3333
93       93   (0)      1  : 0.8727 0.0000 0.0000 0.0000 0.0000 0.0000 0.0000 0.1273
94       94   (0)      1  : 0.0000 0.0000 0.0000 0.0000 0.0000 0.0000 0.0000 0.9999
95       95   (0)      1  : 0.6666 0.0000 0.0000 0.0000 0.0000 0.0000 0.0000 0.3333
96       96   (0)      1  : 0.0000 0.0000 0.0000 0.9999 0.0000 0.0000 0.0000 0.0000
97       97   (0)      1  : 0.0000 0.0000 0.0000 0.9999 0.0000 0.0000 0.0000 0.0000
98       98   (0)      1  : 0.0000 0.0000 0.0000 0.9999 0.0000 0.0000 0.0000 0.0000
99       99   (0)      1  : 0.0000 0.0000 0.0000 0.9999 0.0000 0.0000 0.0000 0.0000
100      100   (0)      1  : 0.0000 0.0000 0.0000 0.9999 0.0000 0.0000 0.0000 0.0000
101      101   (0)      1  : 0.0000 0.0000 0.0000 0.9999 0.0000 0.0000 0.0000 0.0000
102      102   (0)      1  : 0.0000 0.0000 0.0000 0.9999 0.0000 0.0000 0.0000 0.0000
103      103   (0)      1  : 0.0000 0.0000 0.0000 0.9999 0.0000 0.0000 0.0000 0.0000
104      104   (0)      1  : 0.0000 0.0000 0.0000 0.9999 0.0000 0.0000 0.0000 0.0000
105      105   (0)      1  : 0.0000 0.0000 0.0000 0.9999 0.0000 0.0000 0.0000 0.0000
106      106   (0)      1  : 0.0000 0.0000 0.0000 0.9999 0.0000 0.0000 0.0000 0.0000
107      107   (0)      1  : 0.0000 0.0000 0.0000 0.9999 0.0000 0.0000 0.0000 0.0000
108      108   (0)      1  : 0.0000 0.0000 0.0000 0.9999 0.0000 0.0000 0.0000 0.0000
109      109   (0)      1  : 0.0000 0.0000 0.0000 0.9999 0.0000 0.0000 0.0000 0.0000
110      110   (0)      1  : 0.0000 0.0000 0.0000 0.9999 0.0000 0.0000 0.0000 0.0000
111      111   (0)      1  : 0.0000 0.0000 0.0000 0.9999 0.0000 0.0000 0.0000 0.0000
112      112   (0)      1  : 0.0000 0.0000 0.0000 0.9999 0.0000 0.0000 0.0000 0.0000
113      113   (0)      1  : 0.0000 0.0000 0.0000 0.9999 0.0000 0.0000 0.0000 0.0000
114      114   (0)      1  : 0.0000 0.0000 0.0000 0.0000 0.0000 0.9999 0.0000 0.0000
115      115   (0)      1  : 0.0000 0.0000 0.0000 0.0000 0.0000 0.9999 0.0000 0.0000
116      116   (0)      1  : 0.0000 0.0000 0.0000 0.0000 0.0000 0.9999 0.0000 0.0000
117      117   (0)      1  : 0.0000 0.0000 0.0000 0.0000 0.0000 0.9999 0.0000 0.0000
118      118   (0)      1  : 0.0000 0.0000 0.0000 0.0000 0.0000 0.9999 0.0000 0.0000
119      119   (0)      1  : 0.0000 0.0000 0.0000 0.0000 0.0000 0.9999 0.0000 0.0000
120      120   (0)      1  : 0.0000 0.0000 0.0000 0.0000 0.0000 0.9999 0.0000 0.0000
121      121   (0)      1  : 0.0000 0.0000 0.0000 0.0000 0.0000 0.9999 0.0000 0.0000
