1        1   (0)      1  : 0.0223 0.0000 0.8216 0.0000 0.0000 0.0000 0.1395 0.0000 0.0000 0.0000 0.0000 0.0165 0.0000
2        2   (0)      1  : 0.0345 0.0000 0.5260 0.0000 0.0000 0.0000 0.2148 0.0000 0.0000 0.0000 0.0000 0.2245 0.0000
3        3   (0)      1  : 0.0508 0.0000 0.7432 0.0000 0.0000 0.0000 0.1596 0.0000 0.0000 0.0000 0.0000 0.0464 0.0000
4        4   (0)      1  : 0.0464 0.0000 0.5704 0.0000 0.0000 0.0000 0.2915 0.0000 0.0000 0.0000 0.0000 0.0916 0.0000
5        5   (0)      1  : 0.0556 0.0000 0.6856 0.0000 0.0000 0.0000 0.2587 0.0000 0.0000 0.0000 0.0000 0.0000 0.0000
6        6   (0)      1  : 0.0556 0.0000 0.4888 0.0000 0.0000 0.0000 0.4177 0.0000 0.0000 0.0000 0.0000 0.0378 0.0000
7        7   (0)      1  : 0.0000 0.0000 0.9999 0.0000 0.0000 0.0000 0.0000 0.0000 0.0000 0.0000 0.0000 0.0000 0.0000
8        8   (0)      1  : 0.0556 0.0000 0.6149 0.0000 0.0000 0.0000 0.2563 0.0000 0.0000 0.0000 0.0000 0.0732 0.0000
9        9   (0)      1  : 0.0000 0.0000 0.0000 0.0000 0.0000 0.0000 0.8548 0.0000 0.0000 0.0000 0.0000 0.1451 0.0000
10       10   (0)      1  : 0.0000 0.0000 0.1667 0.0000 0.0000 0.0000 0.0556 0.0000 0.0000 0.0000 0.0000 0.7777 0.0000
11       11   (0)      1  : 0.0437 0.0000 0.6990 0.0000 0.0000 0.0000 0.2531 0.0000 0.0000 0.0000 0.0000 0.0041 0.0000
12       12   (0)      1  : 0.0000 0.0000 0.1664 0.0000 0.0000 0.0000 0.0558 0.0000 0.0000 0.0000 0.0000 0.7777 0.0000
13       13   (0)      1  : 0.0239 0.0000 0.0855 0.0000 0.0000 0.0000 0.8731 0.0000 0.0000 0.0000 0.0000 0.0175 0.0000
14       14   (0)      1  : 0.0000 0.0000 0.1667 0.0000 0.0000 0.0000 0.0556 0.0000 0.0000 0.0000 0.0000 0.7777 0.0000
15       15   (0)      1  : 0.0342 0.0000 0.4225 0.0000 0.0000 0.0000 0.4772 0.0000 0.0000 0.0000 0.0000 0.0660 0.0000
16       16   (0)      1  : 0.0000 0.0000 0.9855 0.0000 0.0000 0.0000 0.0000 0.0000 0.0000 0.0000 0.0000 0.0144 0.0000
17       17   (0)      1  : 0.0556 0.0000 0.7686 0.0000 0.0000 0.0000 0.1711 0.0000 0.0000 0.0000 0.0000 0.0047 0.0000
18       18   (0)      1  : 0.0000 0.0000 0.0010 0.0000 0.0000 0.0000 0.9949 0.0000 0.0000 0.0000 0.0000 0.0041 0.0000
19       19   (0)      1  : 0.0556 0.0000 0.6395 0.0000 0.0000 0.0000 0.2788 0.0000 0.0000 0.0000 0.0000 0.0260 0.0000
20       20   (0)      1  : 0.0000 0.0000 0.7853 0.0000 0.0000 0.0000 0.1630 0.0000 0.0000 0.0000 0.0000 0.0516 0.0000
21       21   (0)      1  : 0.0000 0.0000 0.9148 0.0000 0.0000 0.0000 0.0851 0.0000 0.0000 0.0000 0.0000 0.0000 0.0000
22       22   (0)      1  : 0.0000 0.0000 0.9514 0.0000 0.0000 0.0000 0.0000 0.0000 0.0000 0.0000 0.0000 0.0485 0.0000
23       23   (0)      1  : 0.0000 0.0000 0.8585 0.0000 0.0000 0.0000 0.0079 0.0000 0.0000 0.0000 0.0000 0.1335 0.0000
24       24   (0)      1  : 0.0000 0.0000 0.0000 0.0000 0.0000 0.0000 0.9999 0.0000 0.0000 0.0000 0.0000 0.0000 0.0000
25       25   (0)      1  : 0.0069 0.0000 0.8281 0.0000 0.0000 0.0000 0.1467 0.0000 0.0000 0.0000 0.0000 0.0183 0.0000
26       26   (0)      1  : 0.0000 0.0000 0.9290 0.0000 0.0000 0.0000 0.0709 0.0000 0.0000 0.0000 0.0000 0.0000 0.0000
27       27   (0)      1  : 0.0508 0.0000 0.3198 0.0000 0.0000 0.0000 0.3630 0.0000 0.0000 0.0000 0.0000 0.2664 0.0000
28       28   (0)      1  : 0.0512 0.0000 0.8312 0.0000 0.0000 0.0000 0.0512 0.0000 0.0000 0.0000 0.0000 0.0663 0.0000
29       29   (0)      1  : 0.0376 0.0000 0.5836 0.0000 0.0000 0.0000 0.3644 0.0000 0.0000 0.0000 0.0000 0.0142 0.0000
30       30   (0)      1  : 0.0000 0.0000 0.9341 0.0000 0.0000 0.0000 0.0325 0.0000 0.0000 0.0000 0.0000 0.0333 0.0000
31       31   (0)      1  : 0.0531 0.0000 0.5564 0.0000 0.0000 0.0000 0.3795 0.0000 0.0000 0.0000 0.0000 0.0110 0.0000
32       32   (0)      1  : 0.0000 0.0000 0.9999 0.0000 0.0000 0.0000 0.0000 0.0000 0.0000 0.0000 0.0000 0.0000 0.0000
33       33   (0)      1  : 0.0000 0.0000 0.8493 0.0000 0.0000 0.0000 0.0581 0.0000 0.0000 0.0000 0.0000 0.0924 0.0000
34       34   (0)      1  : 0.0510 0.0000 0.6711 0.0000 0.0000 0.0000 0.2010 0.0000 0.0000 0.0000 0.0000 0.0768 0.0000
35       35   (0)      1  : 0.0000 0.0000 0.0000 0.0000 0.0000 0.0000 0.9999 0.0000 0.0000 0.0000 0.0000 0.0000 0.0000
36       36   (0)      1  : 0.0000 0.3147 0.0000 0.0000 0.6279 0.0000 0.0000 0.0019 0.0000 0.0000 0.0176 0.0000 0.0379
37       37   (0)      1  : 0.0000 0.0000 0.0000 0.0000 0.8789 0.0000 0.0000 0.0000 0.0000 0.0000 0.1210 0.0000 0.0000
38       38   (0)      1  : 0.0000 0.0000 0.0000 0.0000 0.8249 0.0000 0.0000 0.0588 0.0000 0.0000 0.1140 0.0000 0.0022
39       39   (0)      1  : 0.0000 0.8149 0.0000 0.0000 0.1133 0.0000 0.0000 0.0011 0.0000 0.0000 0.0348 0.0000 0.0358
40       40   (0)      1  : 0.0000 0.5422 0.0000 0.0000 0.2518 0.0000 0.0000 0.0990 0.0000 0.0000 0.0671 0.0000 0.0398
41       41   (0)      1  : 0.0000 0.0381 0.0000 0.0000 0.2294 0.0000 0.0000 0.2731 0.0000 0.0000 0.4289 0.0000 0.0304
42       42   (0)      1  : 0.0000 0.4648 0.0000 0.0000 0.1563 0.0000 0.0000 0.0372 0.0000 0.0000 0.2305 0.0000 0.1111
43       43   (0)      1  : 0.0000 0.3712 0.0000 0.0000 0.0345 0.0000 0.0000 0.0066 0.0000 0.0000 0.5761 0.0000 0.0115
44       44   (0)      1  : 0.0000 0.2071 0.0000 0.0000 0.0076 0.0000 0.0000 0.4599 0.0000 0.0000 0.2902 0.0000 0.0350
45       45   (0)      1  : 0.0000 0.5955 0.0000 0.0000 0.0817 0.0000 0.0000 0.0812 0.0000 0.0000 0.1353 0.0000 0.1062
46       46   (0)      1  : 0.0000 0.0000 0.0000 0.0000 0.0375 0.0000 0.0000 0.9316 0.0000 0.0000 0.0307 0.0000 0.0000
47       47   (0)      1  : 0.0000 0.0000 0.0000 0.0000 0.9212 0.0000 0.0000 0.0051 0.0000 0.0000 0.0639 0.0000 0.0098
48       48   (0)      1  : 0.0000 0.0000 0.0000 0.0000 0.1648 0.0000 0.0000 0.5573 0.0000 0.0000 0.2222 0.0000 0.0556
49       49   (0)      1  : 0.0000 0.2513 0.0000 0.0000 0.0123 0.0000 0.0000 0.6144 0.0000 0.0000 0.0291 0.0000 0.0928
50       50   (0)      1  : 0.0000 0.0000 0.0000 0.0000 0.2878 0.0000 0.0000 0.5934 0.0000 0.0000 0.1187 0.0000 0.0000
51       51   (0)      1  : 0.0000 0.1611 0.0000 0.0000 0.0827 0.0000 0.0000 0.4807 0.0000 0.0000 0.1627 0.0000 0.1127
52       52   (0)      1  : 0.0000 0.0000 0.0000 0.0000 0.5117 0.0000 0.0000 0.3776 0.0000 0.0000 0.1106 0.0000 0.0000
53       53   (0)      1  : 0.0000 0.9165 0.0000 0.0000 0.0000 0.0000 0.0000 0.0000 0.0000 0.0000 0.0142 0.0000 0.0692
54       54   (0)      1  : 0.0000 0.5498 0.0000 0.0000 0.0203 0.0000 0.0000 0.0135 0.0000 0.0000 0.2694 0.0000 0.1470
55       55   (0)      1  : 0.0000 0.2286 0.0000 0.0000 0.0000 0.0000 0.0000 0.5140 0.0000 0.0000 0.0906 0.0000 0.1667
56       56   (0)      1  : 0.0000 0.0006 0.0000 0.0000 0.9993 0.0000 0.0000 0.0000 0.0000 0.0000 0.0000 0.0000 0.0000
57       57   (0)      1  : 0.0000 0.6481 0.0000 0.0000 0.0000 0.0000 0.0000 0.0186 0.0000 0.0000 0.1666 0.0000 0.1667
58       58   (0)      1  : 0.0000 0.3713 0.0000 0.0000 0.0133 0.0000 0.0000 0.2478 0.0000 0.0000 0.2753 0.0000 0.0923
59       59   (0)      1  : 0.0000 0.4465 0.0000 0.0000 0.0076 0.0000 0.0000 0.3629 0.0000 0.0000 0.0718 0.0000 0.1111
60       60   (0)      1  : 0.0000 0.7192 0.0000 0.0000 0.0036 0.0000 0.0000 0.0032 0.0000 0.0000 0.2510 0.0000 0.0229
61       61   (0)      1  : 0.0000 0.7962 0.0000 0.0000 0.0000 0.0000 0.0000 0.0331 0.0000 0.0000 0.0876 0.0000 0.0829
62       62   (0)      1  : 0.0000 0.0000 0.0000 0.0000 0.9992 0.0000 0.0000 0.0000 0.0000 0.0000 0.0007 0.0000 0.0000
63       63   (0)      1  : 0.0000 0.1190 0.0000 0.0000 0.0561 0.0000 0.0000 0.6392 0.0000 0.0000 0.1178 0.0000 0.0678
64       64   (0)      1  : 0.0000 0.9348 0.0000 0.0000 0.0366 0.0000 0.0000 0.0000 0.0000 0.0000 0.0000 0.0000 0.0285
65       65   (0)      1  : 0.0000 0.3829 0.0000 0.0000 0.2547 0.0000 0.0000 0.0556 0.0000 0.0000 0.1402 0.0000 0.1667
66       66   (0)      1  : 0.0000 0.8508 0.0000 0.0000 0.0000 0.0000 0.0000 0.0189 0.0000 0.0000 0.0866 0.0000 0.0437
67       67   (0)      1  : 0.0000 0.6618 0.0000 0.0000 0.0572 0.0000 0.0000 0.0446 0.0000 0.0000 0.1543 0.0000 0.0820
68       68   (0)      1  : 0.0000 0.0000 0.0000 0.0000 0.1571 0.0000 0.0000 0.5560 0.0000 0.0000 0.2318 0.0000 0.0551
69       69   (0)      1  : 0.0000 0.1425 0.0000 0.0000 0.1624 0.0000 0.0000 0.0171 0.0000 0.0000 0.6444 0.0000 0.0335
70       70   (0)      1  : 0.0000 0.0406 0.0000 0.0000 0.0457 0.0000 0.0000 0.7943 0.0000 0.0000 0.0418 0.0000 0.0775
71       71   (0)      1  : 0.0000 0.1960 0.0000 0.0000 0.1081 0.0000 0.0000 0.4304 0.0000 0.0000 0.2096 0.0000 0.0559
72       72   (0)      1  : 0.0000 0.9853 0.0000 0.0000 0.0000 0.0000 0.0000 0.0000 0.0000 0.0000 0.0007 0.0000 0.0139
73       73   (0)      1  : 0.0000 0.8696 0.0000 0.0000 0.0131 0.0000 0.0000 0.0000 0.0000 0.0000 0.0794 0.0000 0.0378
74       74   (0)      1  : 0.0000 0.2868 0.0000 0.0000 0.0467 0.0000 0.0000 0.0418 0.0000 0.0000 0.6195 0.0000 0.0050
75       75   (0)      1  : 0.0000 0.1734 0.0000 0.0000 0.0998 0.0000 0.0000 0.0352 0.0000 0.0000 0.6451 0.0000 0.0463
76       76   (0)      1  : 0.0000 0.0000 0.0000 0.0000 0.1667 0.0000 0.0000 0.5555 0.0000 0.0000 0.2222 0.0000 0.0556
77       77   (0)      1  : 0.0000 0.0000 0.0000 0.0000 0.6254 0.0000 0.0000 0.2634 0.0000 0.0000 0.1111 0.0000 0.0000
78       78   (0)      1  : 0.2222 0.0000 0.0000 0.0000 0.0000 0.0000 0.0000 0.0000 0.0000 0.7222 0.0000 0.0000 0.0555
79       79   (0)      1  : 0.1111 0.0000 0.0000 0.0000 0.0000 0.0000 0.0000 0.0000 0.0000 0.8332 0.0000 0.0000 0.0556
80       80   (0)      1  : 0.6644 0.0000 0.0000 0.0000 0.0000 0.0000 0.0000 0.0000 0.0000 0.2243 0.0000 0.0000 0.1111
81       81   (0)      1  : 0.3558 0.0000 0.0000 0.0000 0.0000 0.0000 0.0000 0.0000 0.0000 0.5330 0.0000 0.0556 0.0556
82       82   (0)      1  : 0.1523 0.0000 0.0000 0.0000 0.0000 0.0000 0.0000 0.0000 0.0000 0.6809 0.0000 0.0556 0.1111
83       83   (0)      1  : 0.1528 0.0000 0.0000 0.0000 0.0000 0.0000 0.0000 0.0000 0.0000 0.7514 0.0000 0.0045 0.0911
84       84   (0)      1  : 0.5956 0.0000 0.0000 0.0000 0.0000 0.0000 0.0000 0.0000 0.0000 0.2931 0.0000 0.0556 0.0556
85       85   (0)      1  : 0.1440 0.0000 0.0000 0.0000 0.0000 0.0000 0.0000 0.0000 0.0000 0.8559 0.0000 0.0000 0.0000
86       86   (0)      1  : 0.7110 0.0000 0.0000 0.0000 0.0000 0.0000 0.0000 0.0000 0.0000 0.1778 0.0000 0.0000 0.1111
87       87   (0)      1  : 0.4550 0.0000 0.0000 0.0000 0.0000 0.0000 0.0000 0.0000 0.0000 0.4338 0.0000 0.0000 0.1111
88       88   (0)      1  : 0.6023 0.0000 0.0000 0.0000 0.0000 0.0000 0.0000 0.0000 0.0000 0.2865 0.0000 0.0000 0.1111
89       89   (0)      1  : 0.0556 0.0000 0.0000 0.0000 0.0000 0.0000 0.0000 0.0000 0.0000 0.9115 0.0000 0.0000 0.0329
90       90   (0)      1  : 0.4399 0.0000 0.0000 0.0000 0.0000 0.0000 0.0000 0.0000 0.0000 0.4489 0.0000 0.0000 0.1111
91       91   (0)      1  : 0.8320 0.0000 0.0000 0.0000 0.0000 0.0000 0.0000 0.0000 0.0000 0.0556 0.0000 0.0000 0.1123
92       92   (0)      1  : 0.6099 0.0000 0.0000 0.0000 0.0000 0.0000 0.0000 0.0000 0.0000 0.2233 0.0000 0.0000 0.1667
93       93   (0)      1  : 0.7198 0.0000 0.0000 0.0000 0.0000 0.0000 0.0000 0.0000 0.0000 0.1135 0.0000 0.0000 0.1667
94       94   (0)      1  : 0.1111 0.0000 0.0000 0.0000 0.0000 0.0000 0.0000 0.0000 0.0000 0.8875 0.0000 0.0000 0.0013
95       95   (0)      1  : 0.3614 0.0000 0.0000 0.0000 0.0000 0.0000 0.0000 0.0000 0.0000 0.5830 0.0000 0.0000 0.0556
96       96   (0)      1  : 0.0000 0.0000 0.0000 0.6273 0.0000 0.0000 0.0000 0.0000 0.3170 0.0000 0.0000 0.0000 0.0556
97       97   (0)      1  : 0.0000 0.0000 0.0000 0.6666 0.0000 0.0000 0.0000 0.0000 0.2222 0.0000 0.0000 0.0000 0.1111
98       98   (0)      1  : 0.0000 0.0000 0.0000 0.7608 0.0000 0.0000 0.0000 0.0000 0.2391 0.0000 0.0000 0.0000 0.0000
99       99   (0)      1  : 0.0000 0.0000 0.0000 0.6917 0.0000 0.0000 0.0000 0.0000 0.1971 0.0000 0.0000 0.0000 0.1111
100      100   (0)      1  : 0.0000 0.0000 0.0000 0.8462 0.0000 0.0000 0.0000 0.0000 0.0982 0.0000 0.0000 0.0000 0.0556
101      101   (0)      1  : 0.0000 0.0000 0.0000 0.5430 0.0000 0.0000 0.0000 0.0000 0.3715 0.0000 0.0000 0.0000 0.0854
102      102   (0)      1  : 0.0000 0.0000 0.0000 0.1595 0.0000 0.0000 0.0000 0.0000 0.7293 0.0000 0.0000 0.0000 0.1111
103      103   (0)      1  : 0.0000 0.0000 0.0000 0.8064 0.0000 0.0000 0.0000 0.0000 0.1935 0.0000 0.0000 0.0000 0.0000
104      104   (0)      1  : 0.0000 0.0000 0.0000 0.4311 0.0000 0.0000 0.0000 0.0000 0.4577 0.0000 0.0000 0.0000 0.1111
105      105   (0)      1  : 0.0000 0.0000 0.0000 0.1111 0.0000 0.0000 0.0000 0.0000 0.8888 0.0000 0.0000 0.0000 0.0000
106      106   (0)      1  : 0.0000 0.0000 0.0000 0.6796 0.0000 0.0000 0.0000 0.0000 0.2092 0.0000 0.0000 0.0000 0.1111
107      107   (0)      1  : 0.0000 0.0000 0.0000 0.0000 0.0000 0.0000 0.0000 0.0000 0.9999 0.0000 0.0000 0.0000 0.0000
108      108   (0)      1  : 0.0000 0.0000 0.0000 0.1894 0.0000 0.0000 0.0000 0.0000 0.6994 0.0000 0.0000 0.0000 0.1111
109      109   (0)      1  : 0.0000 0.0000 0.0000 0.7439 0.0000 0.0000 0.0000 0.0000 0.2005 0.0000 0.0000 0.0000 0.0556
110      110   (0)      1  : 0.0000 0.0000 0.0000 0.9116 0.0000 0.0000 0.0000 0.0000 0.0327 0.0000 0.0000 0.0000 0.0556
111      111   (0)      1  : 0.0000 0.0000 0.0000 0.9261 0.0000 0.0000 0.0000 0.0000 0.0612 0.0000 0.0000 0.0000 0.0126
112      112   (0)      1  : 0.0000 0.0000 0.0000 0.7239 0.0000 0.0000 0.0000 0.0000 0.1269 0.0000 0.0000 0.0000 0.1492
113      113   (0)      1  : 0.0000 0.0000 0.0000 0.0695 0.0000 0.0000 0.0000 0.0000 0.9304 0.0000 0.0000 0.0000 0.0000
114      114   (0)      1  : 0.0000 0.0000 0.0000 0.0000 0.0000 0.6666 0.0000 0.0000 0.0000 0.0000 0.0556 0.1667 0.1111
115      115   (0)      1  : 0.0000 0.0000 0.0000 0.0000 0.0000 0.8341 0.0000 0.0000 0.0000 0.0000 0.0280 0.0268 0.1111
116      116   (0)      1  : 0.0000 0.0000 0.0000 0.0000 0.0000 0.8888 0.0000 0.0000 0.0000 0.0000 0.0000 0.1111 0.0000
117      117   (0)      1  : 0.0000 0.0000 0.0000 0.0000 0.0000 0.8888 0.0000 0.0000 0.0000 0.0000 0.0000 0.0556 0.0556
118      118   (0)      1  : 0.0000 0.0000 0.0000 0.0000 0.0000 0.8156 0.0000 0.0000 0.0000 0.0000 0.0556 0.1288 0.0000
119      119   (0)      1  : 0.0000 0.0000 0.0000 0.0000 0.0000 0.9443 0.0000 0.0000 0.0000 0.0000 0.0000 0.0000 0.0556
120      120   (0)      1  : 0.0000 0.0000 0.0000 0.0000 0.0000 0.7777 0.0000 0.0000 0.0000 0.0000 0.0000 0.1111 0.1111
121      121   (0)      1  : 0.0000 0.0000 0.0000 0.0000 0.0000 0.9999 0.0000 0.0000 0.0000 0.0000 0.0000 0.0000 0.0000
