1        1   (0)      1  : 0.0000 0.0000 0.8414 0.0000 0.0000 0.0000 0.1380 0.0000 0.0000 0.0000 0.0000 0.0205 0.0000 0.0000 0.0000
2        2   (0)      1  : 0.0000 0.0000 0.5380 0.0000 0.0000 0.0000 0.2040 0.0000 0.0000 0.0000 0.0000 0.2578 0.0000 0.0000 0.0000
3        3   (0)      1  : 0.0000 0.0000 0.7974 0.0000 0.0000 0.0000 0.1297 0.0000 0.0000 0.0000 0.0000 0.0728 0.0000 0.0000 0.0000
4        4   (0)      1  : 0.0000 0.0000 0.5951 0.0000 0.0000 0.0000 0.3025 0.0000 0.0000 0.0000 0.0000 0.1022 0.0000 0.0000 0.0000
5        5   (0)      1  : 0.0000 0.0000 0.7315 0.0000 0.0000 0.0000 0.2588 0.0000 0.0000 0.0000 0.0000 0.0096 0.0000 0.0000 0.0000
6        6   (0)      1  : 0.0000 0.0000 0.5224 0.0000 0.0000 0.0000 0.4494 0.0000 0.0000 0.0000 0.0000 0.0280 0.0000 0.0000 0.0000
7        7   (0)      1  : 0.0000 0.0000 0.9999 0.0000 0.0000 0.0000 0.0000 0.0000 0.0000 0.0000 0.0000 0.0000 0.0000 0.0000 0.0000
8        8   (0)      1  : 0.0000 0.0000 0.6508 0.0000 0.0000 0.0000 0.2561 0.0000 0.0000 0.0000 0.0000 0.0930 0.0000 0.0000 0.0000
9        9   (0)      1  : 0.0000 0.0000 0.0000 0.0000 0.0000 0.0000 0.8424 0.0000 0.0000 0.0000 0.0000 0.1575 0.0000 0.0000 0.0000
10       10   (0)      1  : 0.0000 0.0000 0.1538 0.0000 0.0000 0.0000 0.0000 0.0000 0.0000 0.0000 0.0000 0.8460 0.0000 0.0000 0.0000
11       11   (0)      1  : 0.0000 0.0000 0.7436 0.0000 0.0000 0.0000 0.2394 0.0000 0.0000 0.0000 0.0000 0.0169 0.0000 0.0000 0.0000
12       12   (0)      1  : 0.0000 0.0000 0.1538 0.0000 0.0000 0.0000 0.0000 0.0000 0.0000 0.0000 0.0000 0.8460 0.0000 0.0000 0.0000
13       13   (0)      1  : 0.0000 0.0000 0.0946 0.0000 0.0000 0.0000 0.8813 0.0000 0.0000 0.0000 0.0000 0.0240 0.0000 0.0000 0.0000
14       14   (0)      1  : 0.0000 0.0000 0.1538 0.0000 0.0000 0.0000 0.0000 0.0000 0.0000 0.0000 0.0000 0.8460 0.0000 0.0000 0.0000
15       15   (0)      1  : 0.0000 0.0000 0.4368 0.0000 0.0000 0.0000 0.4563 0.0000 0.0000 0.0000 0.0000 0.1068 0.0000 0.0000 0.0000
16       16   (0)      1  : 0.0000 0.0000 0.9999 0.0000 0.0000 0.0000 0.0000 0.0000 0.0000 0.0000 0.0000 0.0000 0.0000 0.0000 0.0000
17       17   (0)      1  : 0.0000 0.0000 0.8124 0.0000 0.0000 0.0000 0.1691 0.0000 0.0000 0.0000 0.0000 0.0184 0.0000 0.0000 0.0000
18       18   (0)      1  : 0.0000 0.0000 0.0017 0.0000 0.0000 0.0000 0.9982 0.0000 0.0000 0.0000 0.0000 0.0000 0.0000 0.0000 0.0000
19       19   (0)      1  : 0.0000 0.0000 0.6845 0.0000 0.0000 0.0000 0.2634 0.0000 0.0000 0.0000 0.0000 0.0519 0.0000 0.0000 0.0000
20       20   (0)      1  : 0.0000 0.0000 0.7911 0.0000 0.0000 0.0000 0.1565 0.0000 0.0000 0.0000 0.0000 0.0523 0.0000 0.0000 0.0000
21       21   (0)      1  : 0.0000 0.0000 0.9157 0.0000 0.0000 0.0000 0.0842 0.0000 0.0000 0.0000 0.0000 0.0000 0.0000 0.0000 0.0000
22       22   (0)      1  : 0.0000 0.0000 0.9411 0.0000 0.0000 0.0000 0.0000 0.0000 0.0000 0.0000 0.0000 0.0587 0.0000 0.0000 0.0000
23       23   (0)      1  : 0.0000 0.0000 0.8502 0.0000 0.0000 0.0000 0.0000 0.0000 0.0000 0.0000 0.0000 0.1497 0.0000 0.0000 0.0000
24       24   (0)      1  : 0.0000 0.0000 0.0000 0.0000 0.0000 0.0000 0.9999 0.0000 0.0000 0.0000 0.0000 0.0000 0.0000 0.0000 0.0000
25       25   (0)      1  : 0.0000 0.0000 0.8341 0.0000 0.0000 0.0000 0.1441 0.0000 0.0000 0.0000 0.0000 0.0217 0.0000 0.0000 0.0000
26       26   (0)      1  : 0.0000 0.0000 0.9278 0.0000 0.0000 0.0000 0.0720 0.0000 0.0000 0.0000 0.0000 0.0000 0.0000 0.0000 0.0000
27       27   (0)      1  : 0.0000 0.0000 0.3455 0.0000 0.0000 0.0000 0.3712 0.0000 0.0000 0.0000 0.0000 0.2831 0.0000 0.0000 0.0000
28       28   (0)      1  : 0.0000 0.0000 0.8749 0.0000 0.0000 0.0000 0.0421 0.0000 0.0000 0.0000 0.0000 0.0829 0.0000 0.0000 0.0000
29       29   (0)      1  : 0.0000 0.0000 0.6077 0.0000 0.0000 0.0000 0.3788 0.0000 0.0000 0.0000 0.0000 0.0134 0.0000 0.0000 0.0000
30       30   (0)      1  : 0.0000 0.0000 0.9317 0.0000 0.0000 0.0000 0.0352 0.0000 0.0000 0.0000 0.0000 0.0329 0.0000 0.0000 0.0000
31       31   (0)      1  : 0.0000 0.0000 0.5584 0.0000 0.0000 0.0000 0.3585 0.0000 0.0000 0.0000 0.0000 0.0830 0.0000 0.0000 0.0000
32       32   (0)      1  : 0.0000 0.0000 0.9999 0.0000 0.0000 0.0000 0.0000 0.0000 0.0000 0.0000 0.0000 0.0000 0.0000 0.0000 0.0000
33       33   (0)      1  : 0.0000 0.0000 0.8431 0.0000 0.0000 0.0000 0.0551 0.0000 0.0000 0.0000 0.0000 0.1017 0.0000 0.0000 0.0000
34       34   (0)      1  : 0.0000 0.0000 0.7164 0.0000 0.0000 0.0000 0.1845 0.0000 0.0000 0.0000 0.0000 0.0990 0.0000 0.0000 0.0000
35       35   (0)      1  : 0.0000 0.0000 0.0000 0.0000 0.0000 0.0000 0.9999 0.0000 0.0000 0.0000 0.0000 0.0000 0.0000 0.0000 0.0000
36       36   (0)      1  : 0.0000 0.2327 0.0000 0.0000 0.6556 0.0000 0.0000 0.1116 0.0000 0.0000 0.0000 0.0000 0.0000 0.0000 0.0000
37       37   (0)      1  : 0.0000 0.0000 0.0000 0.0000 0.5256 0.0000 0.0000 0.1393 0.0000 0.0000 0.1812 0.0000 0.0000 0.0769 0.0769
38       38   (0)      1  : 0.0000 0.0000 0.0000 0.0000 0.3077 0.0000 0.0000 0.3077 0.0000 0.0000 0.2307 0.0000 0.0769 0.0769 0.0000
39       39   (0)      1  : 0.0000 0.7575 0.0000 0.0000 0.1110 0.0000 0.0000 0.0559 0.0000 0.0000 0.0075 0.0000 0.0416 0.0128 0.0136
40       40   (0)      1  : 0.0000 0.5567 0.0000 0.0000 0.0975 0.0000 0.0000 0.1632 0.0000 0.0000 0.0846 0.0000 0.0689 0.0195 0.0096
41       41   (0)      1  : 0.0000 0.0000 0.0000 0.0000 0.0490 0.0000 0.0000 0.5184 0.0000 0.0000 0.3556 0.0000 0.0000 0.0000 0.0769
42       42   (0)      1  : 0.0000 0.2109 0.0000 0.0000 0.3674 0.0000 0.0000 0.0294 0.0000 0.0000 0.1511 0.0000 0.0769 0.0873 0.0769
43       43   (0)      1  : 0.0000 0.3187 0.0000 0.0000 0.0861 0.0000 0.0000 0.0176 0.0000 0.0000 0.5524 0.0000 0.0000 0.0250 0.0000
44       44   (0)      1  : 0.0000 0.1288 0.0000 0.0000 0.0797 0.0000 0.0000 0.1715 0.0000 0.0000 0.2314 0.0000 0.3527 0.0000 0.0357
45       45   (0)      1  : 0.0000 0.6249 0.0000 0.0000 0.0818 0.0000 0.0000 0.1090 0.0000 0.0000 0.0675 0.0000 0.0322 0.0566 0.0279
46       46   (0)      1  : 0.0000 0.0000 0.0000 0.0000 0.0777 0.0000 0.0000 0.1500 0.0000 0.0000 0.0201 0.0000 0.7098 0.0345 0.0079
47       47   (0)      1  : 0.0000 0.0000 0.0000 0.0000 0.5999 0.0000 0.0000 0.1366 0.0000 0.0000 0.1472 0.0000 0.0000 0.0393 0.0769
48       48   (0)      1  : 0.0000 0.0000 0.0000 0.0000 0.0065 0.0000 0.0000 0.9811 0.0000 0.0000 0.0019 0.0000 0.0104 0.0000 0.0000
49       49   (0)      1  : 0.0000 0.0504 0.0000 0.0000 0.0632 0.0000 0.0000 0.0201 0.0000 0.0000 0.0000 0.0000 0.8661 0.0000 0.0000
50       50   (0)      1  : 0.0000 0.0000 0.0000 0.0000 0.2177 0.0000 0.0000 0.2591 0.0000 0.0000 0.1309 0.0000 0.3544 0.0377 0.0000
51       51   (0)      1  : 0.0000 0.0970 0.0000 0.0000 0.0446 0.0000 0.0000 0.1562 0.0000 0.0000 0.0493 0.0000 0.5780 0.0616 0.0133
52       52   (0)      1  : 0.0000 0.0000 0.0000 0.0000 0.3347 0.0000 0.0000 0.0453 0.0000 0.0000 0.1871 0.0000 0.3551 0.0769 0.0009
53       53   (0)      1  : 0.0000 0.9394 0.0000 0.0000 0.0166 0.0000 0.0000 0.0000 0.0000 0.0000 0.0125 0.0000 0.0000 0.0148 0.0166
54       54   (0)      1  : 0.0000 0.5104 0.0000 0.0000 0.1086 0.0000 0.0000 0.0000 0.0000 0.0000 0.1658 0.0000 0.0319 0.1073 0.0759
55       55   (0)      1  : 0.0000 0.1425 0.0000 0.0000 0.0329 0.0000 0.0000 0.0768 0.0000 0.0000 0.0000 0.0000 0.6445 0.0762 0.0271
56       56   (0)      1  : 0.0000 0.0000 0.0000 0.0000 0.8447 0.0000 0.0000 0.1310 0.0000 0.0000 0.0229 0.0000 0.0013 0.0000 0.0000
57       57   (0)      1  : 0.0000 0.5688 0.0000 0.0000 0.0787 0.0000 0.0000 0.0000 0.0000 0.0000 0.1072 0.0000 0.0544 0.1147 0.0760
58       58   (0)      1  : 0.0000 0.3848 0.0000 0.0000 0.0000 0.0000 0.0000 0.2918 0.0000 0.0000 0.2298 0.0000 0.0056 0.0788 0.0092
59       59   (0)      1  : 0.0000 0.3870 0.0000 0.0000 0.0000 0.0000 0.0000 0.0294 0.0000 0.0000 0.0232 0.0000 0.5550 0.0053 0.0000
60       60   (0)      1  : 0.0000 0.6845 0.0000 0.0000 0.0246 0.0000 0.0000 0.0239 0.0000 0.0000 0.2327 0.0000 0.0341 0.0000 0.0000
61       61   (0)      1  : 0.0000 0.8581 0.0000 0.0000 0.0062 0.0000 0.0000 0.0280 0.0000 0.0000 0.0173 0.0000 0.0802 0.0000 0.0101
62       62   (0)      1  : 0.0000 0.0000 0.0000 0.0000 0.8460 0.0000 0.0000 0.1538 0.0000 0.0000 0.0000 0.0000 0.0000 0.0000 0.0000
63       63   (0)      1  : 0.0000 0.0402 0.0000 0.0000 0.1204 0.0000 0.0000 0.0869 0.0000 0.0000 0.0000 0.0000 0.7525 0.0000 0.0000
64       64   (0)      1  : 0.0000 0.9244 0.0000 0.0000 0.0511 0.0000 0.0000 0.0000 0.0000 0.0000 0.0032 0.0000 0.0185 0.0027 0.0000
65       65   (0)      1  : 0.0000 0.2410 0.0000 0.0000 0.2100 0.0000 0.0000 0.0134 0.0000 0.0000 0.1707 0.0000 0.0769 0.1759 0.1120
66       66   (0)      1  : 0.0000 0.8407 0.0000 0.0000 0.0141 0.0000 0.0000 0.0000 0.0000 0.0000 0.0586 0.0000 0.0865 0.0000 0.0000
67       67   (0)      1  : 0.0000 0.6466 0.0000 0.0000 0.0473 0.0000 0.0000 0.0000 0.0000 0.0000 0.1443 0.0000 0.1505 0.0000 0.0111
68       68   (0)      1  : 0.0000 0.0000 0.0000 0.0000 0.0130 0.0000 0.0000 0.9769 0.0000 0.0000 0.0006 0.0000 0.0093 0.0000 0.0000
69       69   (0)      1  : 0.0000 0.1050 0.0000 0.0000 0.0874 0.0000 0.0000 0.0612 0.0000 0.0000 0.7462 0.0000 0.0000 0.0000 0.0000
70       70   (0)      1  : 0.0000 0.0000 0.0000 0.0000 0.0857 0.0000 0.0000 0.0749 0.0000 0.0000 0.0000 0.0000 0.8393 0.0000 0.0000
71       71   (0)      1  : 0.0000 0.1090 0.0000 0.0000 0.0000 0.0000 0.0000 0.8604 0.0000 0.0000 0.0000 0.0000 0.0305 0.0000 0.0000
72       72   (0)      1  : 0.0000 0.9548 0.0000 0.0000 0.0000 0.0000 0.0000 0.0000 0.0000 0.0000 0.0000 0.0000 0.0450 0.0000 0.0000
73       73   (0)      1  : 0.0000 0.9362 0.0000 0.0000 0.0000 0.0000 0.0000 0.0000 0.0000 0.0000 0.0618 0.0000 0.0019 0.0000 0.0000
74       74   (0)      1  : 0.0000 0.2866 0.0000 0.0000 0.0358 0.0000 0.0000 0.0269 0.0000 0.0000 0.6153 0.0000 0.0352 0.0000 0.0000
75       75   (0)      1  : 0.0000 0.1910 0.0000 0.0000 0.1127 0.0000 0.0000 0.0703 0.0000 0.0000 0.6094 0.0000 0.0103 0.0029 0.0033
76       76   (0)      1  : 0.0000 0.0000 0.0000 0.0000 0.0000 0.0000 0.0000 0.9999 0.0000 0.0000 0.0000 0.0000 0.0000 0.0000 0.0000
77       77   (0)      1  : 0.0000 0.0000 0.0000 0.0000 0.2663 0.0000 0.0000 0.2190 0.0000 0.0000 0.1647 0.0000 0.2513 0.0769 0.0217
78       78   (0)      1  : 0.0470 0.0000 0.0000 0.0000 0.0000 0.0000 0.0000 0.0000 0.0000 0.8760 0.0000 0.0769 0.0000 0.0000 0.0000
79       79   (0)      1  : 0.2482 0.0000 0.0000 0.0000 0.0000 0.0000 0.0000 0.0000 0.0000 0.6153 0.0769 0.0000 0.0000 0.0000 0.0595
80       80   (0)      1  : 0.7691 0.0000 0.0000 0.0000 0.0000 0.0000 0.0000 0.0000 0.0000 0.0000 0.0769 0.0000 0.0000 0.0000 0.1538
81       81   (0)      1  : 0.3082 0.0000 0.0000 0.0000 0.0000 0.0000 0.0000 0.0000 0.0000 0.3078 0.0769 0.0769 0.0000 0.0000 0.2301
82       82   (0)      1  : 0.1538 0.0000 0.0000 0.0000 0.0000 0.0000 0.0000 0.0000 0.0000 0.2307 0.0769 0.0769 0.0000 0.0000 0.4615
83       83   (0)      1  : 0.2131 0.0000 0.0000 0.0000 0.0000 0.0000 0.0000 0.0000 0.0000 0.6374 0.0356 0.0000 0.0000 0.0000 0.1138
84       84   (0)      1  : 0.3286 0.0000 0.0000 0.0000 0.0000 0.0000 0.0000 0.0000 0.0000 0.3077 0.0769 0.0000 0.0000 0.0000 0.2867
85       85   (0)      1  : 0.2002 0.0000 0.0000 0.0000 0.0000 0.0000 0.0000 0.0000 0.0000 0.4920 0.0000 0.0000 0.0000 0.0000 0.3077
86       86   (0)      1  : 0.9194 0.0000 0.0000 0.0000 0.0000 0.0000 0.0000 0.0000 0.0000 0.0035 0.0769 0.0000 0.0000 0.0000 0.0000
87       87   (0)      1  : 0.2307 0.0000 0.0000 0.0000 0.0000 0.0000 0.0000 0.0000 0.0000 0.5331 0.0769 0.0000 0.0000 0.0000 0.1592
88       88   (0)      1  : 0.1190 0.0000 0.0000 0.0000 0.0000 0.0000 0.0000 0.0000 0.0000 0.5743 0.0759 0.0000 0.0000 0.0000 0.2307
89       89   (0)      1  : 0.1915 0.0000 0.0000 0.0000 0.0000 0.0000 0.0000 0.0000 0.0000 0.6535 0.0769 0.0000 0.0000 0.0000 0.0779
90       90   (0)      1  : 0.1538 0.0000 0.0000 0.0000 0.0000 0.0000 0.0000 0.0000 0.0000 0.6931 0.0760 0.0000 0.0000 0.0000 0.0769
91       91   (0)      1  : 0.8177 0.0000 0.0000 0.0000 0.0000 0.0000 0.0000 0.0000 0.0000 0.1029 0.0769 0.0000 0.0000 0.0000 0.0023
92       92   (0)      1  : 0.8444 0.0000 0.0000 0.0000 0.0000 0.0000 0.0000 0.0000 0.0000 0.0000 0.0769 0.0000 0.0000 0.0000 0.0785
93       93   (0)      1  : 0.8714 0.0000 0.0000 0.0000 0.0000 0.0000 0.0000 0.0000 0.0000 0.0494 0.0769 0.0000 0.0000 0.0000 0.0021
94       94   (0)      1  : 0.1538 0.0000 0.0000 0.0000 0.0000 0.0000 0.0000 0.0000 0.0000 0.7691 0.0769 0.0000 0.0000 0.0000 0.0000
95       95   (0)      1  : 0.0000 0.0000 0.0000 0.0000 0.0000 0.0000 0.0000 0.0000 0.0000 0.8535 0.0232 0.0000 0.0000 0.0000 0.1232
96       96   (0)      1  : 0.0000 0.0000 0.0000 0.8337 0.0000 0.0000 0.0000 0.0000 0.1662 0.0000 0.0000 0.0000 0.0000 0.0000 0.0000
97       97   (0)      1  : 0.0769 0.0000 0.0000 0.7111 0.0000 0.0000 0.0000 0.0000 0.1139 0.0000 0.0000 0.0000 0.0000 0.0980 0.0000
98       98   (0)      1  : 0.0769 0.0000 0.0000 0.4594 0.0000 0.0000 0.0000 0.0000 0.0915 0.0000 0.0000 0.0000 0.0000 0.3720 0.0000
99       99   (0)      1  : 0.0769 0.0000 0.0000 0.4941 0.0000 0.0000 0.0000 0.0000 0.1332 0.0000 0.0000 0.0000 0.0000 0.2957 0.0000
100      100   (0)      1  : 0.0769 0.0000 0.0000 0.5384 0.0000 0.0000 0.0000 0.0000 0.0769 0.0000 0.0000 0.0000 0.0000 0.3077 0.0000
101      101   (0)      1  : 0.0472 0.0000 0.0000 0.2358 0.0000 0.0000 0.0000 0.0000 0.3449 0.0000 0.0000 0.0000 0.0000 0.3720 0.0000
102      102   (0)      1  : 0.0000 0.0000 0.0000 0.0000 0.0000 0.0000 0.0000 0.0000 0.6153 0.0000 0.0000 0.0000 0.0000 0.3846 0.0000
103      103   (0)      1  : 0.0000 0.0000 0.0000 0.5229 0.0000 0.0000 0.0000 0.0000 0.0424 0.0000 0.0769 0.0000 0.0000 0.3577 0.0000
104      104   (0)      1  : 0.0000 0.0000 0.0000 0.4155 0.0000 0.0000 0.0000 0.0000 0.4119 0.0000 0.0203 0.0000 0.0000 0.1523 0.0000
105      105   (0)      1  : 0.0000 0.0000 0.0000 0.1538 0.0000 0.0000 0.0000 0.0000 0.8460 0.0000 0.0000 0.0000 0.0000 0.0000 0.0000
106      106   (0)      1  : 0.0000 0.0000 0.0000 0.3375 0.0000 0.0000 0.0000 0.0000 0.2800 0.0000 0.0769 0.0000 0.0000 0.3054 0.0000
107      107   (0)      1  : 0.0000 0.0000 0.0000 0.0000 0.0000 0.0000 0.0000 0.0000 0.9999 0.0000 0.0000 0.0000 0.0000 0.0000 0.0000
108      108   (0)      1  : 0.0000 0.0000 0.0000 0.0410 0.0000 0.0000 0.0000 0.0000 0.5235 0.0000 0.0000 0.0000 0.0000 0.4354 0.0000
109      109   (0)      1  : 0.0539 0.0000 0.0000 0.5594 0.0000 0.0000 0.0000 0.0000 0.0364 0.0000 0.0769 0.0000 0.0000 0.2733 0.0000
110      110   (0)      1  : 0.0000 0.0000 0.0000 0.8460 0.0000 0.0000 0.0000 0.0000 0.0000 0.0000 0.0000 0.0000 0.0000 0.1538 0.0000
111      111   (0)      1  : 0.0769 0.0000 0.0000 0.4312 0.0000 0.0000 0.0000 0.0000 0.0303 0.0000 0.0769 0.0000 0.0000 0.3846 0.0000
112      112   (0)      1  : 0.0769 0.0000 0.0000 0.7229 0.0000 0.0000 0.0000 0.0000 0.0710 0.0000 0.0000 0.0000 0.0000 0.1291 0.0000
113      113   (0)      1  : 0.0000 0.0000 0.0000 0.0948 0.0000 0.0000 0.0000 0.0000 0.9051 0.0000 0.0000 0.0000 0.0000 0.0000 0.0000
114      114   (0)      1  : 0.0000 0.0000 0.0000 0.0000 0.0000 0.9229 0.0000 0.0000 0.0000 0.0000 0.0000 0.0769 0.0000 0.0000 0.0000
115      115   (0)      1  : 0.0000 0.0000 0.0000 0.0000 0.0000 0.7954 0.0000 0.0000 0.0000 0.0001 0.0000 0.0769 0.0000 0.0762 0.0513
116      116   (0)      1  : 0.0000 0.0000 0.0000 0.0000 0.0000 0.9999 0.0000 0.0000 0.0000 0.0000 0.0000 0.0000 0.0000 0.0000 0.0000
117      117   (0)      1  : 0.0000 0.0000 0.0000 0.0000 0.0000 0.9556 0.0000 0.0000 0.0000 0.0000 0.0000 0.0000 0.0000 0.0000 0.0442
118      118   (0)      1  : 0.0001 0.0000 0.0000 0.0000 0.0000 0.6922 0.0000 0.0000 0.0000 0.0000 0.0000 0.0033 0.0000 0.0000 0.3043
119      119   (0)      1  : 0.0000 0.0000 0.0000 0.0000 0.0000 0.6153 0.0000 0.0000 0.0000 0.0000 0.0000 0.0000 0.0000 0.0769 0.3077
120      120   (0)      1  : 0.0000 0.0000 0.0000 0.0000 0.0000 0.8460 0.0000 0.0000 0.0000 0.0000 0.0000 0.0000 0.0000 0.0000 0.1538
121      121   (0)      1  : 0.0000 0.0000 0.0000 0.0000 0.0000 0.6922 0.0000 0.0000 0.0000 0.0000 0.0000 0.0000 0.0000 0.0000 0.3077
