1        1   (0)      1  : 0.0000 0.0000 0.8173 0.0000 0.0000 0.0000 0.1518 0.0000 0.0000 0.0308
2        2   (0)      1  : 0.0000 0.0000 0.5878 0.0000 0.0000 0.0000 0.3392 0.0000 0.0000 0.0729
3        3   (0)      1  : 0.0000 0.0000 0.7460 0.0000 0.0000 0.0000 0.1892 0.0000 0.0000 0.0647
4        4   (0)      1  : 0.0000 0.0000 0.5788 0.0000 0.0000 0.0000 0.3436 0.0000 0.0000 0.0775
5        5   (0)      1  : 0.0000 0.0000 0.6650 0.0000 0.0000 0.0000 0.2660 0.0000 0.0000 0.0690
6        6   (0)      1  : 0.0000 0.0000 0.5042 0.0000 0.0000 0.0000 0.4178 0.0000 0.0000 0.0779
7        7   (0)      1  : 0.0000 0.0000 0.9999 0.0000 0.0000 0.0000 0.0000 0.0000 0.0000 0.0000
8        8   (0)      1  : 0.0000 0.0000 0.6374 0.0000 0.0000 0.0000 0.2783 0.0000 0.0000 0.0842
9        9   (0)      1  : 0.0000 0.0000 0.0396 0.0000 0.0000 0.0000 0.9396 0.0000 0.0000 0.0206
10       10   (0)      1  : 0.0000 0.0000 0.4482 0.0000 0.0000 0.0000 0.4482 0.0000 0.0000 0.1034
11       11   (0)      1  : 0.0000 0.0000 0.6967 0.0000 0.0000 0.0000 0.2396 0.0000 0.0000 0.0636
12       12   (0)      1  : 0.0000 0.0000 0.4395 0.0000 0.0000 0.0000 0.4446 0.0000 0.0000 0.1158
13       13   (0)      1  : 0.0000 0.0000 0.0824 0.0000 0.0000 0.0000 0.8861 0.0000 0.0000 0.0315
14       14   (0)      1  : 0.0000 0.0000 0.4482 0.0000 0.0000 0.0000 0.4482 0.0000 0.0000 0.1034
15       15   (0)      1  : 0.0000 0.0000 0.4574 0.0000 0.0000 0.0000 0.4898 0.0000 0.0000 0.0528
16       16   (0)      1  : 0.0000 0.0000 0.9815 0.0000 0.0000 0.0000 0.0184 0.0000 0.0000 0.0000
17       17   (0)      1  : 0.0000 0.0000 0.7553 0.0000 0.0000 0.0000 0.1743 0.0000 0.0000 0.0703
18       18   (0)      1  : 0.0000 0.0000 0.0358 0.0000 0.0000 0.0000 0.9642 0.0000 0.0000 0.0000
19       19   (0)      1  : 0.0000 0.0000 0.6271 0.0000 0.0000 0.0000 0.2989 0.0000 0.0000 0.0740
20       20   (0)      1  : 0.0000 0.0000 0.8160 0.0000 0.0000 0.0000 0.1784 0.0000 0.0000 0.0055
21       21   (0)      1  : 0.0000 0.0000 0.9139 0.0000 0.0000 0.0000 0.0773 0.0000 0.0000 0.0087
22       22   (0)      1  : 0.0000 0.0000 0.9877 0.0000 0.0000 0.0000 0.0035 0.0000 0.0000 0.0088
23       23   (0)      1  : 0.0000 0.0000 0.9212 0.0000 0.0000 0.0000 0.0611 0.0000 0.0000 0.0176
24       24   (0)      1  : 0.0000 0.0000 0.0348 0.0000 0.0000 0.0000 0.9651 0.0000 0.0000 0.0000
25       25   (0)      1  : 0.0000 0.0000 0.8297 0.0000 0.0000 0.0000 0.1570 0.0000 0.0000 0.0132
26       26   (0)      1  : 0.0000 0.0000 0.9235 0.0000 0.0000 0.0000 0.0764 0.0000 0.0000 0.0000
27       27   (0)      1  : 0.0000 0.0000 0.3890 0.0000 0.0000 0.0000 0.4894 0.0000 0.0000 0.1216
28       28   (0)      1  : 0.0000 0.0000 0.8359 0.0000 0.0000 0.0000 0.0864 0.0000 0.0000 0.0777
29       29   (0)      1  : 0.0000 0.0000 0.6190 0.0000 0.0000 0.0000 0.3259 0.0000 0.0000 0.0551
30       30   (0)      1  : 0.0000 0.0000 0.9248 0.0000 0.0000 0.0000 0.0720 0.0000 0.0000 0.0032
31       31   (0)      1  : 0.0000 0.0000 0.5678 0.0000 0.0000 0.0000 0.3672 0.0000 0.0000 0.0649
32       32   (0)      1  : 0.0000 0.0000 0.9989 0.0000 0.0000 0.0000 0.0010 0.0000 0.0000 0.0000
33       33   (0)      1  : 0.0000 0.0000 0.9078 0.0000 0.0000 0.0000 0.0799 0.0000 0.0000 0.0123
34       34   (0)      1  : 0.0000 0.0000 0.6756 0.0000 0.0000 0.0000 0.2480 0.0000 0.0000 0.0763
35       35   (0)      1  : 0.0000 0.0000 0.0345 0.0000 0.0000 0.0000 0.9654 0.0000 0.0000 0.0000
36       36   (0)      1  : 0.0000 0.3654 0.0000 0.0000 0.5702 0.0000 0.0000 0.0244 0.0054 0.0345
37       37   (0)      1  : 0.0000 0.0000 0.0000 0.0000 0.9851 0.0000 0.0000 0.0093 0.0056 0.0000
38       38   (0)      1  : 0.0000 0.0000 0.0000 0.0000 0.9743 0.0000 0.0000 0.0196 0.0061 0.0000
39       39   (0)      1  : 0.0000 0.8681 0.0000 0.0000 0.1043 0.0000 0.0000 0.0091 0.0184 0.0000
40       40   (0)      1  : 0.0000 0.5515 0.0000 0.0000 0.3307 0.0000 0.0000 0.0785 0.0235 0.0158
41       41   (0)      1  : 0.0000 0.0936 0.0000 0.0000 0.4184 0.0000 0.0000 0.3454 0.1086 0.0339
42       42   (0)      1  : 0.0000 0.6281 0.0000 0.0000 0.2105 0.0000 0.0000 0.0402 0.0522 0.0690
43       43   (0)      1  : 0.0000 0.7514 0.0000 0.0000 0.0476 0.0000 0.0000 0.0544 0.0759 0.0706
44       44   (0)      1  : 0.0000 0.2857 0.0000 0.0000 0.0632 0.0000 0.0000 0.4384 0.1470 0.0657
45       45   (0)      1  : 0.0000 0.7551 0.0000 0.0000 0.1123 0.0000 0.0000 0.0916 0.0115 0.0294
46       46   (0)      1  : 0.0000 0.0045 0.0000 0.0000 0.1461 0.0000 0.0000 0.8195 0.0168 0.0131
47       47   (0)      1  : 0.0000 0.0014 0.0000 0.0000 0.9420 0.0000 0.0000 0.0302 0.0141 0.0123
48       48   (0)      1  : 0.0000 0.0000 0.0000 0.0000 0.2788 0.0000 0.0000 0.6177 0.1034 0.0000
49       49   (0)      1  : 0.0000 0.2496 0.0000 0.0000 0.0427 0.0000 0.0000 0.6042 0.0345 0.0690
50       50   (0)      1  : 0.0000 0.0000 0.0000 0.0000 0.4959 0.0000 0.0000 0.4851 0.0105 0.0085
51       51   (0)      1  : 0.0000 0.1743 0.0000 0.0000 0.1666 0.0000 0.0000 0.5975 0.0109 0.0507
52       52   (0)      1  : 0.0000 0.0000 0.0000 0.0000 0.7596 0.0000 0.0000 0.2059 0.0345 0.0000
53       53   (0)      1  : 0.0000 0.9897 0.0000 0.0000 0.0000 0.0000 0.0000 0.0000 0.0000 0.0102
54       54   (0)      1  : 0.0000 0.8614 0.0000 0.0000 0.0380 0.0000 0.0000 0.0228 0.0340 0.0438
55       55   (0)      1  : 0.0000 0.2628 0.0000 0.0000 0.0481 0.0000 0.0000 0.6159 0.0047 0.0684
56       56   (0)      1  : 0.0000 0.0000 0.0000 0.0000 0.9258 0.0000 0.0000 0.0397 0.0000 0.0345
57       57   (0)      1  : 0.0000 0.9294 0.0000 0.0000 0.0000 0.0000 0.0000 0.0235 0.0000 0.0470
58       58   (0)      1  : 0.0000 0.5411 0.0000 0.0000 0.0443 0.0000 0.0000 0.3426 0.0394 0.0326
59       59   (0)      1  : 0.0000 0.4375 0.0000 0.0000 0.0310 0.0000 0.0000 0.4161 0.0463 0.0690
60       60   (0)      1  : 0.0000 0.8462 0.0000 0.0000 0.0044 0.0000 0.0000 0.0381 0.0627 0.0485
61       61   (0)      1  : 0.0000 0.8402 0.0000 0.0000 0.0000 0.0000 0.0000 0.0779 0.0343 0.0475
62       62   (0)      1  : 0.0000 0.0000 0.0000 0.0000 0.9310 0.0000 0.0000 0.0345 0.0000 0.0345
63       63   (0)      1  : 0.0000 0.0945 0.0000 0.0000 0.0845 0.0000 0.0000 0.7741 0.0011 0.0457
64       64   (0)      1  : 0.0000 0.9716 0.0000 0.0000 0.0172 0.0000 0.0000 0.0078 0.0000 0.0033
65       65   (0)      1  : 0.0000 0.5955 0.0000 0.0000 0.3133 0.0000 0.0000 0.0377 0.0000 0.0534
66       66   (0)      1  : 0.0000 0.8862 0.0000 0.0000 0.0000 0.0000 0.0000 0.0215 0.0654 0.0269
67       67   (0)      1  : 0.0000 0.7293 0.0000 0.0000 0.0637 0.0000 0.0000 0.0856 0.0684 0.0530
68       68   (0)      1  : 0.0000 0.0000 0.0000 0.0000 0.2369 0.0000 0.0000 0.6537 0.1094 0.0000
69       69   (0)      1  : 0.0000 0.3421 0.0000 0.0000 0.4242 0.0000 0.0000 0.0505 0.1025 0.0806
70       70   (0)      1  : 0.0000 0.0287 0.0000 0.0000 0.1098 0.0000 0.0000 0.8108 0.0135 0.0372
71       71   (0)      1  : 0.0000 0.1465 0.0000 0.0000 0.1706 0.0000 0.0000 0.5784 0.0899 0.0146
72       72   (0)      1  : 0.0000 0.9477 0.0000 0.0000 0.0000 0.0000 0.0000 0.0262 0.0102 0.0158
73       73   (0)      1  : 0.0000 0.9431 0.0000 0.0000 0.0017 0.0000 0.0000 0.0000 0.0142 0.0409
74       74   (0)      1  : 0.0000 0.5388 0.0000 0.0000 0.1664 0.0000 0.0000 0.1087 0.1117 0.0744
75       75   (0)      1  : 0.0000 0.4614 0.0000 0.0000 0.3024 0.0000 0.0000 0.0693 0.0979 0.0690
76       76   (0)      1  : 0.0000 0.0000 0.0000 0.0000 0.3008 0.0000 0.0000 0.5953 0.1038 0.0000
77       77   (0)      1  : 0.0000 0.0000 0.0000 0.0000 0.7425 0.0000 0.0000 0.2491 0.0026 0.0057
78       78   (0)      1  : 0.9867 0.0000 0.0000 0.0000 0.0000 0.0000 0.0000 0.0000 0.0000 0.0132
79       79   (0)      1  : 0.7093 0.0000 0.0000 0.0000 0.0000 0.0000 0.0000 0.0063 0.0345 0.2499
80       80   (0)      1  : 0.3959 0.0000 0.0000 0.0000 0.0000 0.0000 0.0000 0.0345 0.0345 0.5351
81       81   (0)      1  : 0.7241 0.0000 0.0000 0.0000 0.0000 0.0000 0.0000 0.0000 0.0000 0.2758
82       82   (0)      1  : 0.8684 0.0000 0.0000 0.0000 0.0000 0.0000 0.0000 0.0000 0.0345 0.0970
83       83   (0)      1  : 0.7971 0.0000 0.0000 0.0000 0.0000 0.0000 0.0000 0.0165 0.0345 0.1519
84       84   (0)      1  : 0.6681 0.0000 0.0000 0.0000 0.0000 0.0000 0.0000 0.0207 0.0000 0.3111
85       85   (0)      1  : 0.8965 0.0000 0.0000 0.0000 0.0000 0.0000 0.0000 0.0000 0.0000 0.1034
86       86   (0)      1  : 0.3793 0.0000 0.0000 0.0000 0.0000 0.0000 0.0000 0.0345 0.0345 0.5517
87       87   (0)      1  : 0.9013 0.0000 0.0000 0.0000 0.0000 0.0000 0.0000 0.0000 0.0345 0.0641
88       88   (0)      1  : 0.7583 0.0000 0.0000 0.0000 0.0000 0.0000 0.0000 0.0000 0.0345 0.2071
89       89   (0)      1  : 0.7241 0.0000 0.0000 0.0000 0.0000 0.0000 0.0000 0.0000 0.0690 0.2069
90       90   (0)      1  : 0.9975 0.0000 0.0000 0.0000 0.0000 0.0000 0.0000 0.0000 0.0000 0.0024
91       91   (0)      1  : 0.4381 0.0000 0.0000 0.0000 0.0000 0.0000 0.0000 0.0345 0.0345 0.4929
92       92   (0)      1  : 0.4138 0.0000 0.0000 0.0000 0.0000 0.0000 0.0000 0.0345 0.0345 0.5172
93       93   (0)      1  : 0.4360 0.0000 0.0000 0.0000 0.0000 0.0000 0.0000 0.0345 0.0345 0.4950
94       94   (0)      1  : 0.7856 0.0000 0.0000 0.0000 0.0000 0.0000 0.0000 0.0000 0.0075 0.2069
95       95   (0)      1  : 0.9301 0.0000 0.0000 0.0000 0.0000 0.0000 0.0000 0.0000 0.0000 0.0698
96       96   (0)      1  : 0.0000 0.0000 0.0000 0.7965 0.0000 0.0000 0.0000 0.0000 0.2034 0.0000
97       97   (0)      1  : 0.0000 0.0000 0.0000 0.8914 0.0000 0.0000 0.0000 0.0000 0.1086 0.0000
98       98   (0)      1  : 0.0000 0.0000 0.0000 0.9295 0.0000 0.0000 0.0000 0.0000 0.0704 0.0000
99       99   (0)      1  : 0.0000 0.0000 0.0000 0.7756 0.0000 0.0000 0.0000 0.0000 0.2243 0.0000
100      100   (0)      1  : 0.0000 0.0000 0.0000 0.8841 0.0000 0.0000 0.0000 0.0000 0.1158 0.0000
101      101   (0)      1  : 0.0000 0.0000 0.0000 0.7302 0.0000 0.0000 0.0000 0.0000 0.2697 0.0000
102      102   (0)      1  : 0.0000 0.0000 0.0000 0.3952 0.0000 0.0000 0.0000 0.0000 0.6047 0.0000
103      103   (0)      1  : 0.0000 0.0000 0.0000 0.9471 0.0000 0.0000 0.0000 0.0000 0.0528 0.0000
104      104   (0)      1  : 0.0000 0.0000 0.0000 0.6212 0.0000 0.0000 0.0000 0.0000 0.3787 0.0000
105      105   (0)      1  : 0.0000 0.0000 0.0000 0.4482 0.0000 0.0000 0.0000 0.0000 0.5517 0.0000
106      106   (0)      1  : 0.0000 0.0000 0.0000 0.8189 0.0000 0.0000 0.0000 0.0000 0.1810 0.0000
107      107   (0)      1  : 0.0000 0.0000 0.0000 0.3103 0.0000 0.0000 0.0000 0.0000 0.6896 0.0000
108      108   (0)      1  : 0.0000 0.0000 0.0000 0.4364 0.0000 0.0000 0.0000 0.0000 0.5635 0.0000
109      109   (0)      1  : 0.0000 0.0000 0.0000 0.9046 0.0000 0.0000 0.0000 0.0000 0.0954 0.0000
110      110   (0)      1  : 0.0000 0.0000 0.0000 0.9999 0.0000 0.0000 0.0000 0.0000 0.0000 0.0000
111      111   (0)      1  : 0.0000 0.0000 0.0000 0.9519 0.0000 0.0000 0.0000 0.0000 0.0480 0.0000
112      112   (0)      1  : 0.0000 0.0000 0.0000 0.8673 0.0000 0.0000 0.0000 0.0000 0.1326 0.0000
113      113   (0)      1  : 0.0000 0.0000 0.0000 0.3887 0.0000 0.0000 0.0000 0.0000 0.6112 0.0000
114      114   (0)      1  : 0.0000 0.0000 0.0000 0.0000 0.0000 0.9309 0.0000 0.0000 0.0345 0.0345
115      115   (0)      1  : 0.0000 0.0000 0.0000 0.0000 0.0000 0.8996 0.0000 0.0000 0.0345 0.0658
116      116   (0)      1  : 0.0000 0.0000 0.0000 0.0000 0.0000 0.9654 0.0000 0.0000 0.0000 0.0345
117      117   (0)      1  : 0.0000 0.0000 0.0000 0.0000 0.0000 0.9654 0.0000 0.0000 0.0000 0.0345
118      118   (0)      1  : 0.0000 0.0000 0.0000 0.0000 0.0000 0.9325 0.0000 0.0000 0.0330 0.0345
119      119   (0)      1  : 0.0000 0.0000 0.0000 0.0000 0.0000 0.8965 0.0000 0.0000 0.0345 0.0690
120      120   (0)      1  : 0.0000 0.0000 0.0000 0.0000 0.0000 0.9654 0.0000 0.0000 0.0000 0.0345
121      121   (0)      1  : 0.0000 0.0000 0.0000 0.0000 0.0000 0.9407 0.0000 0.0000 0.0000 0.0592
