1        1   (0)      1  : 0.0000 0.0000 0.9945 0.0000 0.0000 0.0000 0.0054
2        2   (0)      1  : 0.0000 0.0000 0.9533 0.0000 0.0000 0.0000 0.0466
3        3   (0)      1  : 0.0000 0.0000 0.9886 0.0000 0.0000 0.0000 0.0113
4        4   (0)      1  : 0.0000 0.0000 0.9925 0.0000 0.0000 0.0000 0.0075
5        5   (0)      1  : 0.0000 0.0000 0.9989 0.0000 0.0000 0.0000 0.0011
6        6   (0)      1  : 0.0000 0.0000 0.9999 0.0000 0.0000 0.0000 0.0000
7        7   (0)      1  : 0.0000 0.0000 0.9985 0.0000 0.0000 0.0000 0.0014
8        8   (0)      1  : 0.0000 0.0000 0.9961 0.0000 0.0000 0.0000 0.0039
9        9   (0)      1  : 0.0000 0.0000 0.9796 0.0000 0.0000 0.0000 0.0203
10       10   (0)      1  : 0.0000 0.0000 0.8000 0.0000 0.0000 0.0000 0.2000
11       11   (0)      1  : 0.0000 0.0000 0.9999 0.0000 0.0000 0.0000 0.0000
12       12   (0)      1  : 0.0000 0.0000 0.8000 0.0000 0.0000 0.0000 0.2000
13       13   (0)      1  : 0.0000 0.0000 0.9999 0.0000 0.0000 0.0000 0.0000
14       14   (0)      1  : 0.0000 0.0000 0.8000 0.0000 0.0000 0.0000 0.2000
15       15   (0)      1  : 0.0000 0.0000 0.9867 0.0000 0.0000 0.0000 0.0132
16       16   (0)      1  : 0.0000 0.0000 0.9436 0.0000 0.0000 0.0000 0.0563
17       17   (0)      1  : 0.0000 0.0000 0.9999 0.0000 0.0000 0.0000 0.0000
18       18   (0)      1  : 0.0000 0.0000 0.9999 0.0000 0.0000 0.0000 0.0000
19       19   (0)      1  : 0.0000 0.0000 0.9965 0.0000 0.0000 0.0000 0.0034
20       20   (0)      1  : 0.0000 0.0000 0.9709 0.0000 0.0000 0.0000 0.0291
21       21   (0)      1  : 0.0000 0.0000 0.9969 0.0000 0.0000 0.0000 0.0030
22       22   (0)      1  : 0.0000 0.0000 0.9729 0.0000 0.0000 0.0000 0.0270
23       23   (0)      1  : 0.0000 0.0000 0.9628 0.0000 0.0000 0.0000 0.0372
24       24   (0)      1  : 0.0000 0.0000 0.9999 0.0000 0.0000 0.0000 0.0000
25       25   (0)      1  : 0.0000 0.0000 0.9925 0.0000 0.0000 0.0000 0.0075
26       26   (0)      1  : 0.0000 0.0000 0.9999 0.0000 0.0000 0.0000 0.0000
27       27   (0)      1  : 0.0000 0.0000 0.9496 0.0000 0.0000 0.0000 0.0504
28       28   (0)      1  : 0.0000 0.0000 0.9778 0.0000 0.0000 0.0000 0.0222
29       29   (0)      1  : 0.0000 0.0000 0.9999 0.0000 0.0000 0.0000 0.0000
30       30   (0)      1  : 0.0000 0.0000 0.9909 0.0000 0.0000 0.0000 0.0090
31       31   (0)      1  : 0.0000 0.0000 0.9999 0.0000 0.0000 0.0000 0.0000
32       32   (0)      1  : 0.0000 0.0000 0.9912 0.0000 0.0000 0.0000 0.0088
33       33   (0)      1  : 0.0000 0.0000 0.9799 0.0000 0.0000 0.0000 0.0201
34       34   (0)      1  : 0.0000 0.0000 0.9803 0.0000 0.0000 0.0000 0.0196
35       35   (0)      1  : 0.0000 0.0000 0.9999 0.0000 0.0000 0.0000 0.0000
36       36   (0)      1  : 0.0000 0.3917 0.0000 0.0000 0.6082 0.0000 0.0000
37       37   (0)      1  : 0.0000 0.0000 0.0000 0.0000 0.9999 0.0000 0.0000
38       38   (0)      1  : 0.0000 0.0000 0.0000 0.0000 0.9999 0.0000 0.0000
39       39   (0)      1  : 0.0000 0.9967 0.0000 0.0000 0.0033 0.0000 0.0000
40       40   (0)      1  : 0.0000 0.6171 0.0000 0.0000 0.3829 0.0000 0.0000
41       41   (0)      1  : 0.0000 0.1652 0.0000 0.0000 0.8347 0.0000 0.0000
42       42   (0)      1  : 0.0000 0.7302 0.0000 0.0000 0.2697 0.0000 0.0000
43       43   (0)      1  : 0.0000 0.9433 0.0000 0.0000 0.0567 0.0000 0.0000
44       44   (0)      1  : 0.0000 0.5422 0.0000 0.0000 0.4577 0.0000 0.0000
45       45   (0)      1  : 0.0000 0.8070 0.0000 0.0000 0.1929 0.0000 0.0000
46       46   (0)      1  : 0.0000 0.0000 0.0000 0.0000 0.9999 0.0000 0.0000
47       47   (0)      1  : 0.0000 0.0000 0.0000 0.0000 0.9999 0.0000 0.0000
48       48   (0)      1  : 0.0000 0.0000 0.0000 0.0000 0.9999 0.0000 0.0000
49       49   (0)      1  : 0.0000 0.6764 0.0000 0.0000 0.3235 0.0000 0.0000
50       50   (0)      1  : 0.0000 0.0000 0.0000 0.0000 0.9999 0.0000 0.0000
51       51   (0)      1  : 0.0000 0.3673 0.0000 0.0000 0.6327 0.0000 0.0000
52       52   (0)      1  : 0.0000 0.0000 0.0000 0.0000 0.9999 0.0000 0.0000
53       53   (0)      1  : 0.0000 0.9999 0.0000 0.0000 0.0000 0.0000 0.0000
54       54   (0)      1  : 0.0000 0.9999 0.0000 0.0000 0.0000 0.0000 0.0000
55       55   (0)      1  : 0.0000 0.5458 0.0000 0.0000 0.4542 0.0000 0.0000
56       56   (0)      1  : 0.0000 0.0000 0.0000 0.0000 0.9999 0.0000 0.0000
57       57   (0)      1  : 0.0000 0.9999 0.0000 0.0000 0.0000 0.0000 0.0000
58       58   (0)      1  : 0.0000 0.6954 0.0000 0.0000 0.3046 0.0000 0.0000
59       59   (0)      1  : 0.0000 0.6884 0.0000 0.0000 0.3115 0.0000 0.0000
60       60   (0)      1  : 0.0000 0.9999 0.0000 0.0000 0.0000 0.0000 0.0000
61       61   (0)      1  : 0.0000 0.9999 0.0000 0.0000 0.0000 0.0000 0.0000
62       62   (0)      1  : 0.0000 0.0000 0.0000 0.0000 0.9999 0.0000 0.0000
63       63   (0)      1  : 0.0000 0.3541 0.0000 0.0000 0.6459 0.0000 0.0000
64       64   (0)      1  : 0.0000 0.9999 0.0000 0.0000 0.0000 0.0000 0.0000
65       65   (0)      1  : 0.0000 0.7227 0.0000 0.0000 0.2772 0.0000 0.0000
66       66   (0)      1  : 0.0000 0.9999 0.0000 0.0000 0.0000 0.0000 0.0000
67       67   (0)      1  : 0.0000 0.8892 0.0000 0.0000 0.1108 0.0000 0.0000
68       68   (0)      1  : 0.0000 0.0000 0.0000 0.0000 0.9999 0.0000 0.0000
69       69   (0)      1  : 0.0000 0.5237 0.0000 0.0000 0.4763 0.0000 0.0000
70       70   (0)      1  : 0.0000 0.1358 0.0000 0.0000 0.8642 0.0000 0.0000
71       71   (0)      1  : 0.0000 0.3113 0.0000 0.0000 0.6887 0.0000 0.0000
72       72   (0)      1  : 0.0000 0.9999 0.0000 0.0000 0.0000 0.0000 0.0000
73       73   (0)      1  : 0.0000 0.9999 0.0000 0.0000 0.0000 0.0000 0.0000
74       74   (0)      1  : 0.0000 0.7146 0.0000 0.0000 0.2853 0.0000 0.0000
75       75   (0)      1  : 0.0000 0.6037 0.0000 0.0000 0.3962 0.0000 0.0000
76       76   (0)      1  : 0.0000 0.0000 0.0000 0.0000 0.9999 0.0000 0.0000
77       77   (0)      1  : 0.0000 0.0000 0.0000 0.0000 0.9999 0.0000 0.0000
78       78   (0)      1  : 0.9999 0.0000 0.0000 0.0000 0.0000 0.0000 0.0000
79       79   (0)      1  : 0.9999 0.0000 0.0000 0.0000 0.0000 0.0000 0.0000
80       80   (0)      1  : 0.9999 0.0000 0.0000 0.0000 0.0000 0.0000 0.0000
81       81   (0)      1  : 0.9999 0.0000 0.0000 0.0000 0.0000 0.0000 0.0000
82       82   (0)      1  : 0.9999 0.0000 0.0000 0.0000 0.0000 0.0000 0.0000
83       83   (0)      1  : 0.9999 0.0000 0.0000 0.0000 0.0000 0.0000 0.0000
84       84   (0)      1  : 0.9999 0.0000 0.0000 0.0000 0.0000 0.0000 0.0000
85       85   (0)      1  : 0.9999 0.0000 0.0000 0.0000 0.0000 0.0000 0.0000
86       86   (0)      1  : 0.9999 0.0000 0.0000 0.0000 0.0000 0.0000 0.0000
87       87   (0)      1  : 0.9999 0.0000 0.0000 0.0000 0.0000 0.0000 0.0000
88       88   (0)      1  : 0.9999 0.0000 0.0000 0.0000 0.0000 0.0000 0.0000
89       89   (0)      1  : 0.9999 0.0000 0.0000 0.0000 0.0000 0.0000 0.0000
90       90   (0)      1  : 0.9999 0.0000 0.0000 0.0000 0.0000 0.0000 0.0000
91       91   (0)      1  : 0.9999 0.0000 0.0000 0.0000 0.0000 0.0000 0.0000
92       92   (0)      1  : 0.9999 0.0000 0.0000 0.0000 0.0000 0.0000 0.0000
93       93   (0)      1  : 0.9999 0.0000 0.0000 0.0000 0.0000 0.0000 0.0000
94       94   (0)      1  : 0.9999 0.0000 0.0000 0.0000 0.0000 0.0000 0.0000
95       95   (0)      1  : 0.9999 0.0000 0.0000 0.0000 0.0000 0.0000 0.0000
96       96   (0)      1  : 0.0000 0.0000 0.0000 0.9532 0.0000 0.0000 0.0467
97       97   (0)      1  : 0.0000 0.0000 0.0000 0.8000 0.0000 0.0000 0.2000
98       98   (0)      1  : 0.0000 0.0000 0.0000 0.8999 0.0000 0.0000 0.1000
99       99   (0)      1  : 0.0000 0.0000 0.0000 0.6921 0.0000 0.0000 0.3078
100      100   (0)      1  : 0.0000 0.0000 0.0000 0.9999 0.0000 0.0000 0.0000
101      101   (0)      1  : 0.0000 0.0000 0.0000 0.7845 0.0000 0.0000 0.2155
102      102   (0)      1  : 0.0000 0.0000 0.0000 0.5000 0.0000 0.0000 0.5000
103      103   (0)      1  : 0.0000 0.0000 0.0000 0.8000 0.0000 0.0000 0.2000
104      104   (0)      1  : 0.0000 0.0000 0.0000 0.7779 0.0000 0.0000 0.2221
105      105   (0)      1  : 0.0000 0.0000 0.0000 0.4000 0.0000 0.0000 0.6000
106      106   (0)      1  : 0.0000 0.0000 0.0000 0.8999 0.0000 0.0000 0.1000
107      107   (0)      1  : 0.0000 0.0000 0.0000 0.5000 0.0000 0.0000 0.5000
108      108   (0)      1  : 0.0000 0.0000 0.0000 0.5702 0.0000 0.0000 0.4297
109      109   (0)      1  : 0.0000 0.0000 0.0000 0.7517 0.0000 0.0000 0.2482
110      110   (0)      1  : 0.0000 0.0000 0.0000 0.9867 0.0000 0.0000 0.0133
111      111   (0)      1  : 0.0000 0.0000 0.0000 0.8606 0.0000 0.0000 0.1394
112      112   (0)      1  : 0.0000 0.0000 0.0000 0.9710 0.0000 0.0000 0.0290
113      113   (0)      1  : 0.0000 0.0000 0.0000 0.4432 0.0000 0.0000 0.5568
114      114   (0)      1  : 0.0000 0.0000 0.0000 0.0000 0.0000 0.8000 0.2000
115      115   (0)      1  : 0.0000 0.0000 0.0000 0.0000 0.0000 0.8622 0.1377
116      116   (0)      1  : 0.0000 0.0000 0.0000 0.0000 0.0000 0.9978 0.0021
117      117   (0)      1  : 0.0000 0.0000 0.0000 0.0000 0.0000 0.9999 0.0000
118      118   (0)      1  : 0.0000 0.0000 0.0000 0.0000 0.0000 0.8000 0.2000
119      119   (0)      1  : 0.0000 0.0000 0.0000 0.0000 0.0000 0.9999 0.0000
120      120   (0)      1  : 0.0000 0.0000 0.0000 0.0000 0.0000 0.8999 0.1000
121      121   (0)      1  : 0.0000 0.0000 0.0000 0.0000 0.0000 0.9999 0.0000
