1        1   (0)      1  : 0.0000 0.0000 0.6093 0.0000 0.0000 0.0000 0.0255 0.0000 0.0000 0.0000 0.0000 0.3651
2        2   (0)      1  : 0.0000 0.0000 0.3025 0.0000 0.0000 0.0000 0.0986 0.0000 0.0000 0.0181 0.0182 0.5625
3        3   (0)      1  : 0.0000 0.0000 0.1817 0.0000 0.0000 0.0000 0.0000 0.0000 0.0000 0.0063 0.0071 0.8048
4        4   (0)      1  : 0.0000 0.0000 0.1760 0.0000 0.0000 0.0000 0.0013 0.0000 0.0000 0.0037 0.0040 0.8149
5        5   (0)      1  : 0.0000 0.0000 0.0727 0.0000 0.0000 0.0000 0.0292 0.0000 0.0000 0.0000 0.0000 0.8980
6        6   (0)      1  : 0.0000 0.0000 0.0413 0.0000 0.0000 0.0000 0.0329 0.0000 0.0000 0.0000 0.0000 0.9257
7        7   (0)      1  : 0.0000 0.0000 0.9999 0.0000 0.0000 0.0000 0.0000 0.0000 0.0000 0.0000 0.0000 0.0000
8        8   (0)      1  : 0.0000 0.0000 0.0504 0.0000 0.0000 0.0000 0.0169 0.0000 0.0000 0.0000 0.0000 0.9325
9        9   (0)      1  : 0.0000 0.0000 0.0186 0.0000 0.0000 0.0000 0.9194 0.0000 0.0000 0.0195 0.0188 0.0237
10       10   (0)      1  : 0.0000 0.0000 0.4532 0.0000 0.0000 0.0000 0.2740 0.0000 0.0000 0.0909 0.0909 0.0909
11       11   (0)      1  : 0.0000 0.0000 0.1656 0.0000 0.0000 0.0000 0.0385 0.0000 0.0000 0.0000 0.0000 0.7958
12       12   (0)      1  : 0.0000 0.0000 0.3774 0.0000 0.0000 0.0000 0.2727 0.0000 0.0000 0.0909 0.0909 0.1680
13       13   (0)      1  : 0.0000 0.0000 0.0196 0.0000 0.0000 0.0000 0.5988 0.0000 0.0000 0.0000 0.0000 0.3815
14       14   (0)      1  : 0.0000 0.0000 0.4517 0.0000 0.0000 0.0000 0.2755 0.0000 0.0000 0.0909 0.0909 0.0909
15       15   (0)      1  : 0.0000 0.0000 0.0669 0.0000 0.0000 0.0000 0.3327 0.0000 0.0000 0.0061 0.0065 0.5876
16       16   (0)      1  : 0.0000 0.0000 0.9999 0.0000 0.0000 0.0000 0.0000 0.0000 0.0000 0.0000 0.0000 0.0000
17       17   (0)      1  : 0.0000 0.0000 0.0796 0.0000 0.0000 0.0000 0.0073 0.0000 0.0000 0.0000 0.0000 0.9130
18       18   (0)      1  : 0.0000 0.0000 0.0000 0.0000 0.0000 0.0000 0.9918 0.0000 0.0000 0.0000 0.0000 0.0081
19       19   (0)      1  : 0.0000 0.0000 0.0665 0.0000 0.0000 0.0000 0.0117 0.0000 0.0000 0.0000 0.0000 0.9218
20       20   (0)      1  : 0.0000 0.0000 0.7877 0.0000 0.0000 0.0000 0.1944 0.0000 0.0000 0.0089 0.0089 0.0000
21       21   (0)      1  : 0.0000 0.0000 0.8770 0.0000 0.0000 0.0000 0.0689 0.0000 0.0000 0.0000 0.0000 0.0540
22       22   (0)      1  : 0.0000 0.0000 0.9784 0.0000 0.0000 0.0000 0.0000 0.0000 0.0000 0.0056 0.0054 0.0105
23       23   (0)      1  : 0.0000 0.0000 0.9458 0.0000 0.0000 0.0000 0.0117 0.0000 0.0000 0.0137 0.0135 0.0153
24       24   (0)      1  : 0.0000 0.0000 0.0000 0.0000 0.0000 0.0000 0.9999 0.0000 0.0000 0.0000 0.0000 0.0000
25       25   (0)      1  : 0.0000 0.0000 0.7310 0.0000 0.0000 0.0000 0.1355 0.0000 0.0000 0.0019 0.0016 0.1299
26       26   (0)      1  : 0.0000 0.0000 0.9170 0.0000 0.0000 0.0000 0.0733 0.0000 0.0000 0.0000 0.0000 0.0096
27       27   (0)      1  : 0.0000 0.0000 0.0000 0.0000 0.0000 0.0000 0.0000 0.0000 0.0000 0.0069 0.0078 0.9852
28       28   (0)      1  : 0.0000 0.0000 0.0867 0.0000 0.0000 0.0000 0.0000 0.0000 0.0000 0.0067 0.0072 0.8994
29       29   (0)      1  : 0.0000 0.0000 0.2152 0.0000 0.0000 0.0000 0.1244 0.0000 0.0000 0.0000 0.0000 0.6602
30       30   (0)      1  : 0.0000 0.0000 0.9293 0.0000 0.0000 0.0000 0.0590 0.0000 0.0000 0.0064 0.0046 0.0005
31       31   (0)      1  : 0.0000 0.0000 0.0876 0.0000 0.0000 0.0000 0.0596 0.0000 0.0000 0.0026 0.0026 0.8476
32       32   (0)      1  : 0.0000 0.0000 0.9999 0.0000 0.0000 0.0000 0.0000 0.0000 0.0000 0.0000 0.0000 0.0000
33       33   (0)      1  : 0.0000 0.0000 0.9246 0.0000 0.0000 0.0000 0.0395 0.0000 0.0000 0.0117 0.0117 0.0123
34       34   (0)      1  : 0.0000 0.0000 0.0911 0.0000 0.0000 0.0000 0.0597 0.0000 0.0000 0.0061 0.0065 0.8365
35       35   (0)      1  : 0.0000 0.0000 0.0000 0.0000 0.0000 0.0000 0.9999 0.0000 0.0000 0.0000 0.0000 0.0000
36       36   (0)      1  : 0.0000 0.3888 0.0000 0.0000 0.6034 0.0000 0.0000 0.0000 0.0000 0.0000 0.0077 0.0000
37       37   (0)      1  : 0.0000 0.0000 0.0000 0.0000 0.9779 0.0000 0.0000 0.0000 0.0000 0.0000 0.0220 0.0000
38       38   (0)      1  : 0.0000 0.0000 0.0000 0.0000 0.9619 0.0000 0.0000 0.0000 0.0000 0.0000 0.0380 0.0000
39       39   (0)      1  : 0.0000 0.8664 0.0000 0.0000 0.0878 0.0000 0.0000 0.0123 0.0000 0.0000 0.0334 0.0000
40       40   (0)      1  : 0.0000 0.5336 0.0000 0.0000 0.2871 0.0000 0.0000 0.0840 0.0000 0.0000 0.0952 0.0000
41       41   (0)      1  : 0.0000 0.0299 0.0000 0.0000 0.2376 0.0000 0.0000 0.1222 0.0000 0.0000 0.6103 0.0000
42       42   (0)      1  : 0.0000 0.5806 0.0000 0.0000 0.1543 0.0000 0.0000 0.0024 0.0000 0.0000 0.2626 0.0000
43       43   (0)      1  : 0.0000 0.6147 0.0000 0.0000 0.0025 0.0000 0.0000 0.0050 0.0000 0.0000 0.3777 0.0000
44       44   (0)      1  : 0.0000 0.2651 0.0000 0.0000 0.0000 0.0000 0.0000 0.4426 0.0000 0.0000 0.2922 0.0000
45       45   (0)      1  : 0.0000 0.7120 0.0000 0.0000 0.0743 0.0000 0.0000 0.0691 0.0000 0.0000 0.1446 0.0000
46       46   (0)      1  : 0.0000 0.0000 0.0000 0.0000 0.0479 0.0000 0.0000 0.8657 0.0000 0.0000 0.0863 0.0000
47       47   (0)      1  : 0.0000 0.0000 0.0000 0.0000 0.9331 0.0000 0.0000 0.0000 0.0000 0.0000 0.0668 0.0000
48       48   (0)      1  : 0.0000 0.0000 0.0000 0.0000 0.1437 0.0000 0.0000 0.3085 0.0000 0.0000 0.5477 0.0000
49       49   (0)      1  : 0.0000 0.1246 0.0000 0.0000 0.0000 0.0000 0.0000 0.8753 0.0000 0.0000 0.0000 0.0000
50       50   (0)      1  : 0.0000 0.0000 0.0000 0.0000 0.4842 0.0000 0.0000 0.4003 0.0000 0.0000 0.1154 0.0000
51       51   (0)      1  : 0.0000 0.0494 0.0000 0.0000 0.0382 0.0000 0.0000 0.8471 0.0000 0.0000 0.0652 0.0000
52       52   (0)      1  : 0.0000 0.0000 0.0000 0.0000 0.9072 0.0000 0.0000 0.0000 0.0000 0.0000 0.0927 0.0000
53       53   (0)      1  : 0.0000 0.9999 0.0000 0.0000 0.0000 0.0000 0.0000 0.0000 0.0000 0.0000 0.0000 0.0000
54       54   (0)      1  : 0.0000 0.8360 0.0000 0.0000 0.0000 0.0000 0.0000 0.0000 0.0000 0.0000 0.1639 0.0000
55       55   (0)      1  : 0.0000 0.0750 0.0000 0.0000 0.0000 0.0000 0.0000 0.8340 0.0000 0.0000 0.0909 0.0000
56       56   (0)      1  : 0.0000 0.0000 0.0000 0.0000 0.9999 0.0000 0.0000 0.0000 0.0000 0.0000 0.0000 0.0000
57       57   (0)      1  : 0.0000 0.8281 0.0000 0.0000 0.0000 0.0000 0.0000 0.0000 0.0000 0.0000 0.1718 0.0000
58       58   (0)      1  : 0.0000 0.4417 0.0000 0.0000 0.0068 0.0000 0.0000 0.2138 0.0000 0.0000 0.3376 0.0000
59       59   (0)      1  : 0.0000 0.3044 0.0000 0.0000 0.0000 0.0000 0.0000 0.6046 0.0000 0.0000 0.0909 0.0000
60       60   (0)      1  : 0.0000 0.8230 0.0000 0.0000 0.0000 0.0000 0.0000 0.0538 0.0000 0.0000 0.1232 0.0000
61       61   (0)      1  : 0.0000 0.6872 0.0000 0.0000 0.0000 0.0000 0.0000 0.1605 0.0000 0.0000 0.1522 0.0000
62       62   (0)      1  : 0.0000 0.0000 0.0000 0.0000 0.9999 0.0000 0.0000 0.0000 0.0000 0.0000 0.0000 0.0000
63       63   (0)      1  : 0.0000 0.0270 0.0000 0.0000 0.0471 0.0000 0.0000 0.8661 0.0000 0.0000 0.0597 0.0000
64       64   (0)      1  : 0.0000 0.9897 0.0000 0.0000 0.0102 0.0000 0.0000 0.0000 0.0000 0.0000 0.0000 0.0000
65       65   (0)      1  : 0.0000 0.5138 0.0000 0.0000 0.2727 0.0000 0.0000 0.0000 0.0000 0.0000 0.2135 0.0000
66       66   (0)      1  : 0.0000 0.9533 0.0000 0.0000 0.0000 0.0000 0.0000 0.0466 0.0000 0.0000 0.0000 0.0000
67       67   (0)      1  : 0.0000 0.6421 0.0000 0.0000 0.0280 0.0000 0.0000 0.2172 0.0000 0.0000 0.1126 0.0000
68       68   (0)      1  : 0.0000 0.0000 0.0000 0.0000 0.1150 0.0000 0.0000 0.3230 0.0000 0.0000 0.5618 0.0000
69       69   (0)      1  : 0.0000 0.2797 0.0000 0.0000 0.2574 0.0000 0.0000 0.0144 0.0000 0.0000 0.4484 0.0000
70       70   (0)      1  : 0.0000 0.0190 0.0000 0.0000 0.0123 0.0000 0.0000 0.9008 0.0000 0.0000 0.0678 0.0000
71       71   (0)      1  : 0.0000 0.0991 0.0000 0.0000 0.0829 0.0000 0.0000 0.3326 0.0000 0.0000 0.4853 0.0000
72       72   (0)      1  : 0.0000 0.9525 0.0000 0.0000 0.0000 0.0000 0.0000 0.0474 0.0000 0.0000 0.0000 0.0000
73       73   (0)      1  : 0.0000 0.8815 0.0000 0.0000 0.0000 0.0000 0.0000 0.0275 0.0000 0.0000 0.0909 0.0000
74       74   (0)      1  : 0.0000 0.4605 0.0000 0.0000 0.0686 0.0000 0.0000 0.0643 0.0000 0.0000 0.4065 0.0000
75       75   (0)      1  : 0.0000 0.4310 0.0000 0.0000 0.1456 0.0000 0.0000 0.0122 0.0000 0.0000 0.4111 0.0000
76       76   (0)      1  : 0.0000 0.0000 0.0000 0.0000 0.1326 0.0000 0.0000 0.3219 0.0000 0.0000 0.5454 0.0000
77       77   (0)      1  : 0.0000 0.0000 0.0000 0.0000 0.7353 0.0000 0.0000 0.2279 0.0000 0.0000 0.0367 0.0000
78       78   (0)      1  : 0.2739 0.0000 0.0000 0.0000 0.0000 0.0000 0.0000 0.0000 0.0000 0.7260 0.0000 0.0000
79       79   (0)      1  : 0.6363 0.0000 0.0000 0.0000 0.0000 0.0000 0.0000 0.0000 0.0000 0.3636 0.0000 0.0000
80       80   (0)      1  : 0.9090 0.0000 0.0000 0.0000 0.0000 0.0000 0.0000 0.0000 0.0000 0.0909 0.0000 0.0000
81       81   (0)      1  : 0.4545 0.0000 0.0000 0.0000 0.0000 0.0000 0.0000 0.0000 0.0909 0.4545 0.0000 0.0000
82       82   (0)      1  : 0.1818 0.0000 0.0000 0.0000 0.0000 0.0000 0.0000 0.0000 0.0909 0.7272 0.0000 0.0000
83       83   (0)      1  : 0.3697 0.0000 0.0000 0.0000 0.0000 0.0000 0.0000 0.0000 0.0000 0.6302 0.0000 0.0000
84       84   (0)      1  : 0.6710 0.0000 0.0000 0.0000 0.0000 0.0000 0.0000 0.0000 0.0000 0.3289 0.0000 0.0000
85       85   (0)      1  : 0.4545 0.0000 0.0000 0.0000 0.0000 0.0000 0.0000 0.0000 0.0000 0.5454 0.0000 0.0000
86       86   (0)      1  : 0.9999 0.0000 0.0000 0.0000 0.0000 0.0000 0.0000 0.0000 0.0000 0.0000 0.0000 0.0000
87       87   (0)      1  : 0.6669 0.0000 0.0000 0.0000 0.0000 0.0000 0.0000 0.0000 0.0000 0.3330 0.0000 0.0000
88       88   (0)      1  : 0.6335 0.0000 0.0000 0.0000 0.0000 0.0000 0.0000 0.0000 0.0000 0.3664 0.0000 0.0000
89       89   (0)      1  : 0.4545 0.0000 0.0000 0.0000 0.0000 0.0000 0.0000 0.0000 0.0909 0.4545 0.0000 0.0000
90       90   (0)      1  : 0.3903 0.0000 0.0000 0.0000 0.0000 0.0000 0.0000 0.0000 0.0000 0.6096 0.0000 0.0000
91       91   (0)      1  : 0.9650 0.0000 0.0000 0.0000 0.0000 0.0000 0.0000 0.0000 0.0000 0.0349 0.0000 0.0000
92       92   (0)      1  : 0.9090 0.0000 0.0000 0.0000 0.0000 0.0000 0.0000 0.0000 0.0000 0.0909 0.0000 0.0000
93       93   (0)      1  : 0.9662 0.0000 0.0000 0.0000 0.0000 0.0000 0.0000 0.0000 0.0000 0.0337 0.0000 0.0000
94       94   (0)      1  : 0.4545 0.0000 0.0000 0.0000 0.0000 0.0000 0.0000 0.0000 0.0000 0.5454 0.0000 0.0000
95       95   (0)      1  : 0.5417 0.0000 0.0000 0.0000 0.0000 0.0000 0.0000 0.0000 0.0000 0.4582 0.0000 0.0000
96       96   (0)      1  : 0.0000 0.0000 0.0000 0.8617 0.0000 0.0000 0.0000 0.0000 0.1382 0.0000 0.0000 0.0000
97       97   (0)      1  : 0.0000 0.0000 0.0000 0.9543 0.0000 0.0000 0.0000 0.0000 0.0456 0.0000 0.0000 0.0000
98       98   (0)      1  : 0.0000 0.0000 0.0000 0.8181 0.0000 0.0000 0.0000 0.0000 0.1818 0.0000 0.0000 0.0000
99       99   (0)      1  : 0.0000 0.0000 0.0000 0.8386 0.0000 0.0000 0.0000 0.0000 0.1613 0.0000 0.0000 0.0000
100      100   (0)      1  : 0.0000 0.0000 0.0000 0.8427 0.0000 0.0000 0.0000 0.0000 0.1572 0.0000 0.0000 0.0000
101      101   (0)      1  : 0.0000 0.0000 0.0000 0.6906 0.0000 0.0000 0.0000 0.0000 0.3093 0.0000 0.0000 0.0000
102      102   (0)      1  : 0.0000 0.0000 0.0000 0.3667 0.0000 0.0000 0.0000 0.0000 0.6332 0.0000 0.0000 0.0000
103      103   (0)      1  : 0.0000 0.0000 0.0000 0.9582 0.0000 0.0000 0.0000 0.0000 0.0417 0.0000 0.0000 0.0000
104      104   (0)      1  : 0.0000 0.0000 0.0000 0.5962 0.0000 0.0000 0.0000 0.0000 0.4037 0.0000 0.0000 0.0000
105      105   (0)      1  : 0.0000 0.0000 0.0000 0.4571 0.0000 0.0000 0.0000 0.0000 0.5428 0.0000 0.0000 0.0000
106      106   (0)      1  : 0.0000 0.0000 0.0000 0.8158 0.0000 0.0000 0.0000 0.0000 0.1841 0.0000 0.0000 0.0000
107      107   (0)      1  : 0.0000 0.0000 0.0000 0.2760 0.0000 0.0000 0.0000 0.0000 0.7239 0.0000 0.0000 0.0000
108      108   (0)      1  : 0.0000 0.0000 0.0000 0.3882 0.0000 0.0000 0.0000 0.0000 0.6117 0.0000 0.0000 0.0000
109      109   (0)      1  : 0.0000 0.0000 0.0000 0.9369 0.0000 0.0000 0.0000 0.0000 0.0630 0.0000 0.0000 0.0000
110      110   (0)      1  : 0.0000 0.0000 0.0000 0.9999 0.0000 0.0000 0.0000 0.0000 0.0000 0.0000 0.0000 0.0000
111      111   (0)      1  : 0.0000 0.0000 0.0000 0.9363 0.0000 0.0000 0.0000 0.0000 0.0636 0.0000 0.0000 0.0000
112      112   (0)      1  : 0.0000 0.0000 0.0000 0.8660 0.0000 0.0000 0.0000 0.0000 0.1338 0.0000 0.0000 0.0000
113      113   (0)      1  : 0.0000 0.0000 0.0000 0.3760 0.0000 0.0000 0.0000 0.0000 0.6239 0.0000 0.0000 0.0000
114      114   (0)      1  : 0.0000 0.0000 0.0000 0.0000 0.0000 0.8200 0.0000 0.0000 0.0909 0.0890 0.0000 0.0000
115      115   (0)      1  : 0.0000 0.0000 0.0000 0.0000 0.0000 0.7949 0.0000 0.0000 0.1818 0.0232 0.0000 0.0000
116      116   (0)      1  : 0.0000 0.0000 0.0000 0.0000 0.0000 0.9129 0.0000 0.0000 0.0000 0.0870 0.0000 0.0000
117      117   (0)      1  : 0.0000 0.0000 0.0000 0.0000 0.0000 0.9647 0.0000 0.0000 0.0000 0.0352 0.0000 0.0000
118      118   (0)      1  : 0.0000 0.0000 0.0000 0.0000 0.0000 0.9090 0.0000 0.0000 0.0000 0.0909 0.0000 0.0000
119      119   (0)      1  : 0.0000 0.0000 0.0000 0.0000 0.0000 0.9090 0.0000 0.0000 0.0909 0.0000 0.0000 0.0000
120      120   (0)      1  : 0.0000 0.0000 0.0000 0.0000 0.0000 0.9090 0.0000 0.0000 0.0909 0.0000 0.0000 0.0000
121      121   (0)      1  : 0.0000 0.0000 0.0000 0.0000 0.0000 0.9090 0.0000 0.0000 0.0909 0.0000 0.0000 0.0000
