1        1   (0)      1  : 0.0000 0.0000 0.5703 0.0000 0.0000 0.0000 0.0254 0.0000 0.0000 0.0000 0.4043
2        2   (0)      1  : 0.0000 0.0000 0.3254 0.0000 0.0000 0.0000 0.0680 0.0000 0.0000 0.0335 0.5730
3        3   (0)      1  : 0.0000 0.0000 0.0776 0.0000 0.0000 0.0000 0.0000 0.0000 0.0000 0.0129 0.9094
4        4   (0)      1  : 0.0000 0.0000 0.1340 0.0000 0.0000 0.0000 0.0000 0.0000 0.0000 0.0074 0.8585
5        5   (0)      1  : 0.0000 0.0000 0.0000 0.0000 0.0000 0.0000 0.0000 0.0000 0.0000 0.0000 0.9999
6        6   (0)      1  : 0.0000 0.0000 0.0000 0.0000 0.0000 0.0000 0.0250 0.0000 0.0000 0.0000 0.9749
7        7   (0)      1  : 0.0000 0.0000 0.9999 0.0000 0.0000 0.0000 0.0000 0.0000 0.0000 0.0000 0.0000
8        8   (0)      1  : 0.0000 0.0000 0.0000 0.0000 0.0000 0.0000 0.0000 0.0000 0.0000 0.0000 0.9999
9        9   (0)      1  : 0.0000 0.0000 0.0316 0.0000 0.0000 0.0000 0.9200 0.0000 0.0000 0.0342 0.0141
10       10   (0)      1  : 0.0000 0.0000 0.6666 0.0000 0.0000 0.0000 0.1667 0.0000 0.0000 0.1667 0.0000
11       11   (0)      1  : 0.0000 0.0000 0.0364 0.0000 0.0000 0.0000 0.0000 0.0000 0.0000 0.0000 0.9635
12       12   (0)      1  : 0.0000 0.0000 0.5616 0.0000 0.0000 0.0000 0.1667 0.0000 0.0000 0.1667 0.1050
13       13   (0)      1  : 0.0000 0.0000 0.0000 0.0000 0.0000 0.0000 0.5922 0.0000 0.0000 0.0000 0.4077
14       14   (0)      1  : 0.0000 0.0000 0.6666 0.0000 0.0000 0.0000 0.1667 0.0000 0.0000 0.1667 0.0000
15       15   (0)      1  : 0.0000 0.0000 0.0056 0.0000 0.0000 0.0000 0.3321 0.0000 0.0000 0.0119 0.6503
16       16   (0)      1  : 0.0000 0.0000 0.9999 0.0000 0.0000 0.0000 0.0000 0.0000 0.0000 0.0000 0.0000
17       17   (0)      1  : 0.0000 0.0000 0.0000 0.0000 0.0000 0.0000 0.0000 0.0000 0.0000 0.0000 0.9999
18       18   (0)      1  : 0.0000 0.0000 0.0000 0.0000 0.0000 0.0000 0.9999 0.0000 0.0000 0.0000 0.0000
19       19   (0)      1  : 0.0000 0.0000 0.0000 0.0000 0.0000 0.0000 0.0000 0.0000 0.0000 0.0000 0.9999
20       20   (0)      1  : 0.0000 0.0000 0.7927 0.0000 0.0000 0.0000 0.1909 0.0000 0.0000 0.0163 0.0000
21       21   (0)      1  : 0.0000 0.0000 0.8430 0.0000 0.0000 0.0000 0.0940 0.0000 0.0000 0.0000 0.0629
22       22   (0)      1  : 0.0000 0.0000 0.9901 0.0000 0.0000 0.0000 0.0000 0.0000 0.0000 0.0098 0.0000
23       23   (0)      1  : 0.0000 0.0000 0.9630 0.0000 0.0000 0.0000 0.0123 0.0000 0.0000 0.0246 0.0000
24       24   (0)      1  : 0.0000 0.0000 0.0000 0.0000 0.0000 0.0000 0.9999 0.0000 0.0000 0.0000 0.0000
25       25   (0)      1  : 0.0000 0.0000 0.7076 0.0000 0.0000 0.0000 0.1493 0.0000 0.0000 0.0028 0.1402
26       26   (0)      1  : 0.0000 0.0000 0.8995 0.0000 0.0000 0.0000 0.1004 0.0000 0.0000 0.0000 0.0000
27       27   (0)      1  : 0.0000 0.0000 0.0000 0.0000 0.0000 0.0000 0.0000 0.0000 0.0000 0.0145 0.9854
28       28   (0)      1  : 0.0000 0.0000 0.0000 0.0000 0.0000 0.0000 0.0000 0.0000 0.0000 0.0131 0.9868
29       29   (0)      1  : 0.0000 0.0000 0.1285 0.0000 0.0000 0.0000 0.0998 0.0000 0.0000 0.0000 0.7716
30       30   (0)      1  : 0.0000 0.0000 0.9637 0.0000 0.0000 0.0000 0.0280 0.0000 0.0000 0.0082 0.0000
31       31   (0)      1  : 0.0000 0.0000 0.0000 0.0000 0.0000 0.0000 0.0152 0.0000 0.0000 0.0045 0.9801
32       32   (0)      1  : 0.0000 0.0000 0.9999 0.0000 0.0000 0.0000 0.0000 0.0000 0.0000 0.0000 0.0000
33       33   (0)      1  : 0.0000 0.0000 0.9514 0.0000 0.0000 0.0000 0.0270 0.0000 0.0000 0.0215 0.0000
34       34   (0)      1  : 0.0000 0.0000 0.0370 0.0000 0.0000 0.0000 0.0474 0.0000 0.0000 0.0120 0.9035
35       35   (0)      1  : 0.0000 0.0000 0.0000 0.0000 0.0000 0.0000 0.9999 0.0000 0.0000 0.0000 0.0000
36       36   (0)      1  : 0.0000 0.3740 0.0000 0.0000 0.5054 0.0000 0.0000 0.1006 0.0000 0.0199 0.0000
37       37   (0)      1  : 0.0000 0.0000 0.0000 0.0000 0.8333 0.0000 0.0000 0.1667 0.0000 0.0000 0.0000
38       38   (0)      1  : 0.0000 0.0000 0.0000 0.0000 0.7943 0.0000 0.0000 0.2056 0.0000 0.0000 0.0000
39       39   (0)      1  : 0.0000 0.8836 0.0000 0.0000 0.0825 0.0000 0.0000 0.0018 0.0000 0.0320 0.0000
40       40   (0)      1  : 0.0000 0.5705 0.0000 0.0000 0.2514 0.0000 0.0000 0.1259 0.0000 0.0522 0.0000
41       41   (0)      1  : 0.0000 0.0877 0.0000 0.0000 0.2716 0.0000 0.0000 0.3045 0.0000 0.3362 0.0000
42       42   (0)      1  : 0.0000 0.6084 0.0000 0.0000 0.1633 0.0000 0.0000 0.0446 0.0000 0.1837 0.0000
43       43   (0)      1  : 0.0000 0.7490 0.0000 0.0000 0.0478 0.0000 0.0000 0.0082 0.0000 0.1949 0.0000
44       44   (0)      1  : 0.0000 0.2904 0.0000 0.0000 0.0214 0.0000 0.0000 0.5756 0.0000 0.1126 0.0000
45       45   (0)      1  : 0.0000 0.7360 0.0000 0.0000 0.0931 0.0000 0.0000 0.0842 0.0000 0.0866 0.0000
46       46   (0)      1  : 0.0000 0.0000 0.0000 0.0000 0.0548 0.0000 0.0000 0.9451 0.0000 0.0000 0.0000
47       47   (0)      1  : 0.0000 0.0000 0.0000 0.0000 0.8333 0.0000 0.0000 0.1667 0.0000 0.0000 0.0000
48       48   (0)      1  : 0.0000 0.0000 0.0000 0.0000 0.1278 0.0000 0.0000 0.5388 0.0000 0.3333 0.0000
49       49   (0)      1  : 0.0000 0.2756 0.0000 0.0000 0.0000 0.0000 0.0000 0.7243 0.0000 0.0000 0.0000
50       50   (0)      1  : 0.0000 0.0000 0.0000 0.0000 0.3730 0.0000 0.0000 0.5959 0.0000 0.0311 0.0000
51       51   (0)      1  : 0.0000 0.1954 0.0000 0.0000 0.0991 0.0000 0.0000 0.6445 0.0000 0.0609 0.0000
52       52   (0)      1  : 0.0000 0.0000 0.0000 0.0000 0.5960 0.0000 0.0000 0.4039 0.0000 0.0000 0.0000
53       53   (0)      1  : 0.0000 0.9999 0.0000 0.0000 0.0000 0.0000 0.0000 0.0000 0.0000 0.0000 0.0000
54       54   (0)      1  : 0.0000 0.8586 0.0000 0.0000 0.0366 0.0000 0.0000 0.0000 0.0000 0.1048 0.0000
55       55   (0)      1  : 0.0000 0.3052 0.0000 0.0000 0.0000 0.0000 0.0000 0.6421 0.0000 0.0526 0.0000
56       56   (0)      1  : 0.0000 0.0000 0.0000 0.0000 0.8333 0.0000 0.0000 0.1667 0.0000 0.0000 0.0000
57       57   (0)      1  : 0.0000 0.8942 0.0000 0.0000 0.0000 0.0000 0.0000 0.0000 0.0000 0.1057 0.0000
58       58   (0)      1  : 0.0000 0.5447 0.0000 0.0000 0.0246 0.0000 0.0000 0.2137 0.0000 0.2170 0.0000
59       59   (0)      1  : 0.0000 0.4618 0.0000 0.0000 0.0000 0.0000 0.0000 0.5381 0.0000 0.0000 0.0000
60       60   (0)      1  : 0.0000 0.8715 0.0000 0.0000 0.0000 0.0000 0.0000 0.0365 0.0000 0.0919 0.0000
61       61   (0)      1  : 0.0000 0.8906 0.0000 0.0000 0.0000 0.0000 0.0000 0.0563 0.0000 0.0530 0.0000
62       62   (0)      1  : 0.0000 0.0000 0.0000 0.0000 0.8333 0.0000 0.0000 0.1667 0.0000 0.0000 0.0000
63       63   (0)      1  : 0.0000 0.1117 0.0000 0.0000 0.0000 0.0000 0.0000 0.8882 0.0000 0.0000 0.0000
64       64   (0)      1  : 0.0000 0.9691 0.0000 0.0000 0.0308 0.0000 0.0000 0.0000 0.0000 0.0000 0.0000
65       65   (0)      1  : 0.0000 0.5706 0.0000 0.0000 0.2821 0.0000 0.0000 0.0457 0.0000 0.1016 0.0000
66       66   (0)      1  : 0.0000 0.9259 0.0000 0.0000 0.0000 0.0000 0.0000 0.0740 0.0000 0.0000 0.0000
67       67   (0)      1  : 0.0000 0.7748 0.0000 0.0000 0.0747 0.0000 0.0000 0.1505 0.0000 0.0000 0.0000
68       68   (0)      1  : 0.0000 0.0000 0.0000 0.0000 0.1135 0.0000 0.0000 0.5531 0.0000 0.3333 0.0000
69       69   (0)      1  : 0.0000 0.3596 0.0000 0.0000 0.3568 0.0000 0.0000 0.0881 0.0000 0.1954 0.0000
70       70   (0)      1  : 0.0000 0.0598 0.0000 0.0000 0.0404 0.0000 0.0000 0.8998 0.0000 0.0000 0.0000
71       71   (0)      1  : 0.0000 0.1401 0.0000 0.0000 0.0896 0.0000 0.0000 0.4672 0.0000 0.3030 0.0000
72       72   (0)      1  : 0.0000 0.9547 0.0000 0.0000 0.0000 0.0000 0.0000 0.0452 0.0000 0.0000 0.0000
73       73   (0)      1  : 0.0000 0.9888 0.0000 0.0000 0.0111 0.0000 0.0000 0.0000 0.0000 0.0000 0.0000
74       74   (0)      1  : 0.0000 0.5453 0.0000 0.0000 0.1668 0.0000 0.0000 0.1026 0.0000 0.1852 0.0000
75       75   (0)      1  : 0.0000 0.4148 0.0000 0.0000 0.3210 0.0000 0.0000 0.0656 0.0000 0.1984 0.0000
76       76   (0)      1  : 0.0000 0.0000 0.0000 0.0000 0.1667 0.0000 0.0000 0.5000 0.0000 0.3333 0.0000
77       77   (0)      1  : 0.0000 0.0000 0.0000 0.0000 0.5296 0.0000 0.0000 0.4703 0.0000 0.0000 0.0000
78       78   (0)      1  : 0.8332 0.0000 0.0000 0.0000 0.0000 0.0000 0.0000 0.0000 0.1667 0.0000 0.0000
79       79   (0)      1  : 0.5000 0.0000 0.0000 0.0000 0.0000 0.0000 0.0000 0.0000 0.5000 0.0000 0.0000
80       80   (0)      1  : 0.5000 0.0000 0.0000 0.0000 0.0000 0.0000 0.0000 0.0000 0.1667 0.3333 0.0000
81       81   (0)      1  : 0.6666 0.0000 0.0000 0.0000 0.0000 0.0000 0.0000 0.0000 0.3333 0.0000 0.0000
82       82   (0)      1  : 0.5000 0.0000 0.0000 0.0000 0.0000 0.0000 0.0000 0.0000 0.3333 0.1667 0.0000
83       83   (0)      1  : 0.5047 0.0000 0.0000 0.0000 0.0000 0.0000 0.0000 0.0000 0.4157 0.0795 0.0000
84       84   (0)      1  : 0.6039 0.0000 0.0000 0.0000 0.0000 0.0000 0.0000 0.0000 0.0627 0.3333 0.0000
85       85   (0)      1  : 0.5000 0.0000 0.0000 0.0000 0.0000 0.0000 0.0000 0.0000 0.5000 0.0000 0.0000
86       86   (0)      1  : 0.5000 0.0000 0.0000 0.0000 0.0000 0.0000 0.0000 0.0000 0.3333 0.1667 0.0000
87       87   (0)      1  : 0.9999 0.0000 0.0000 0.0000 0.0000 0.0000 0.0000 0.0000 0.0000 0.0000 0.0000
88       88   (0)      1  : 0.9100 0.0000 0.0000 0.0000 0.0000 0.0000 0.0000 0.0000 0.0000 0.0899 0.0000
89       89   (0)      1  : 0.5000 0.0000 0.0000 0.0000 0.0000 0.0000 0.0000 0.0000 0.5000 0.0000 0.0000
90       90   (0)      1  : 0.9999 0.0000 0.0000 0.0000 0.0000 0.0000 0.0000 0.0000 0.0000 0.0000 0.0000
91       91   (0)      1  : 0.5474 0.0000 0.0000 0.0000 0.0000 0.0000 0.0000 0.0000 0.1192 0.3333 0.0000
92       92   (0)      1  : 0.5000 0.0000 0.0000 0.0000 0.0000 0.0000 0.0000 0.0000 0.1667 0.3333 0.0000
93       93   (0)      1  : 0.5000 0.0000 0.0000 0.0000 0.0000 0.0000 0.0000 0.0000 0.1667 0.3333 0.0000
94       94   (0)      1  : 0.5000 0.0000 0.0000 0.0000 0.0000 0.0000 0.0000 0.0000 0.5000 0.0000 0.0000
95       95   (0)      1  : 0.9999 0.0000 0.0000 0.0000 0.0000 0.0000 0.0000 0.0000 0.0000 0.0000 0.0000
96       96   (0)      1  : 0.0000 0.0000 0.0000 0.8812 0.0827 0.0000 0.0000 0.0000 0.0361 0.0000 0.0000
97       97   (0)      1  : 0.0000 0.0000 0.0000 0.8918 0.0000 0.0000 0.0000 0.0000 0.1081 0.0000 0.0000
98       98   (0)      1  : 0.0000 0.0000 0.0000 0.9999 0.0000 0.0000 0.0000 0.0000 0.0000 0.0000 0.0000
99       99   (0)      1  : 0.0000 0.0000 0.0000 0.6723 0.0815 0.0000 0.0000 0.0000 0.2462 0.0000 0.0000
100      100   (0)      1  : 0.0000 0.0000 0.0000 0.9999 0.0000 0.0000 0.0000 0.0000 0.0000 0.0000 0.0000
101      101   (0)      1  : 0.0000 0.0000 0.0000 0.7997 0.0368 0.0000 0.0000 0.0000 0.1634 0.0000 0.0000
102      102   (0)      1  : 0.0000 0.0000 0.0000 0.3333 0.1667 0.0000 0.0000 0.0000 0.5000 0.0000 0.0000
103      103   (0)      1  : 0.0000 0.0000 0.0000 0.9757 0.0000 0.0000 0.0000 0.0000 0.0242 0.0000 0.0000
104      104   (0)      1  : 0.0000 0.0000 0.0000 0.6715 0.0827 0.0000 0.0000 0.0000 0.2457 0.0000 0.0000
105      105   (0)      1  : 0.0000 0.0000 0.0000 0.3333 0.1667 0.0000 0.0000 0.0000 0.5000 0.0000 0.0000
106      106   (0)      1  : 0.0000 0.0000 0.0000 0.8963 0.0000 0.0000 0.0000 0.0000 0.1036 0.0000 0.0000
107      107   (0)      1  : 0.0000 0.0000 0.0000 0.3333 0.1667 0.0000 0.0000 0.0000 0.5000 0.0000 0.0000
108      108   (0)      1  : 0.0000 0.0000 0.0000 0.4269 0.1208 0.0000 0.0000 0.0000 0.4522 0.0000 0.0000
109      109   (0)      1  : 0.0000 0.0000 0.0000 0.8661 0.0271 0.0000 0.0000 0.0000 0.1066 0.0000 0.0000
110      110   (0)      1  : 0.0000 0.0000 0.0000 0.9999 0.0000 0.0000 0.0000 0.0000 0.0000 0.0000 0.0000
111      111   (0)      1  : 0.0000 0.0000 0.0000 0.9999 0.0000 0.0000 0.0000 0.0000 0.0000 0.0000 0.0000
112      112   (0)      1  : 0.0000 0.0000 0.0000 0.9613 0.0000 0.0000 0.0000 0.0000 0.0386 0.0000 0.0000
113      113   (0)      1  : 0.0000 0.0000 0.0000 0.3333 0.1667 0.0000 0.0000 0.0000 0.5000 0.0000 0.0000
114      114   (0)      1  : 0.0000 0.0000 0.0000 0.0000 0.0000 0.9999 0.0000 0.0000 0.0000 0.0000 0.0000
115      115   (0)      1  : 0.0000 0.0000 0.0000 0.0000 0.0000 0.9999 0.0000 0.0000 0.0000 0.0000 0.0000
116      116   (0)      1  : 0.0000 0.0000 0.0000 0.0000 0.0000 0.9999 0.0000 0.0000 0.0000 0.0000 0.0000
117      117   (0)      1  : 0.0000 0.0000 0.0000 0.0000 0.0000 0.9999 0.0000 0.0000 0.0000 0.0000 0.0000
118      118   (0)      1  : 0.0000 0.0000 0.0000 0.0000 0.0000 0.9999 0.0000 0.0000 0.0000 0.0000 0.0000
119      119   (0)      1  : 0.0000 0.0000 0.0000 0.0000 0.0000 0.9999 0.0000 0.0000 0.0000 0.0000 0.0000
120      120   (0)      1  : 0.0000 0.0000 0.0000 0.0000 0.0000 0.9999 0.0000 0.0000 0.0000 0.0000 0.0000
121      121   (0)      1  : 0.0000 0.0000 0.0000 0.0000 0.0000 0.9999 0.0000 0.0000 0.0000 0.0000 0.0000
